#
# There is insufficient memory for the Java Runtime Environment to continue.
# Native memory allocation (malloc) failed to allocate 1237616 bytes for Chunk::new
# Possible reasons:
#   The system is out of physical RAM or swap space
#   The process is running with CompressedOops enabled, and the Java Heap may be blocking the growth of the native heap
# Possible solutions:
#   Reduce memory load on the system
#   Increase physical memory or swap space
#   Check if swap backing store is full
#   Decrease Java heap size (-Xmx/-Xms)
#   Decrease number of Java threads
#   Decrease Java thread stack sizes (-Xss)
#   Set larger code cache with -XX:ReservedCodeCacheSize=
#   JVM is running with Unscaled Compressed Oops mode in which the Java heap is
#     placed in the first 4GB address space. The Java Heap base address is the
#     maximum limit for the native heap growth. Please use -XX:HeapBaseMinAddress
#     to set the Java Heap base and to place the Java Heap above 4GB virtual address.
# This output file may be truncated or incomplete.
#
#  Out of Memory Error (arena.cpp:191), pid=11452, tid=18876
#
# JRE version: OpenJDK Runtime Environment (17.0.9) (build 17.0.9+0--11185874)
# Java VM: OpenJDK 64-Bit Server VM (17.0.9+0--11185874, mixed mode, tiered, compressed oops, compressed class ptrs, g1 gc, windows-amd64)
# No core dump will be written. Minidumps are not enabled by default on client versions of Windows
#

---------------  S U M M A R Y ------------

Command Line: --add-opens=java.base/java.util=ALL-UNNAMED --add-opens=java.base/java.lang=ALL-UNNAMED --add-opens=java.base/java.lang.invoke=ALL-UNNAMED --add-opens=java.prefs/java.util.prefs=ALL-UNNAMED --add-opens=java.base/java.nio.charset=ALL-UNNAMED --add-opens=java.base/java.net=ALL-UNNAMED --add-opens=java.base/java.util.concurrent.atomic=ALL-UNNAMED -Xmx2048m -Dfile.encoding=UTF-8 -Duser.country=PT -Duser.language=pt -Duser.variant -javaagent:C:\Users\Jose Martins\.gradle\wrapper\dists\gradle-8.4-bin\1w5dpkrfk8irigvoxmyhowfim\gradle-8.4\lib\agents\gradle-instrumentation-agent-8.4.jar org.gradle.launcher.daemon.bootstrap.GradleDaemon 8.4

Host: Intel(R) Core(TM) i5-7600 CPU @ 3.50GHz, 4 cores, 7G,  Windows 10 , 64 bit Build 19041 (10.0.19041.3636)
Time: Wed May  1 18:51:01 2024 Hora de Verão de GMT elapsed time: 7.767990 seconds (0d 0h 0m 7s)

---------------  T H R E A D  ---------------

Current thread (0x000001e0a602d5c0):  JavaThread "C2 CompilerThread0" daemon [_thread_in_native, id=18876, stack(0x00000031f4800000,0x00000031f4900000)]


Current CompileTask:
C2:   7768 4463       4       groovy.lang.MetaClassImpl$1MOPIter::methodNameAction (325 bytes)

Stack: [0x00000031f4800000,0x00000031f4900000]
Native frames: (J=compiled Java code, j=interpreted, Vv=VM code, C=native code)
V  [jvm.dll+0x6886e9]
V  [jvm.dll+0x841e4a]
V  [jvm.dll+0x843a8e]
V  [jvm.dll+0x8440f3]
V  [jvm.dll+0x24c14f]
V  [jvm.dll+0xac44c]
V  [jvm.dll+0xaca9c]
V  [jvm.dll+0x36c1a2]
V  [jvm.dll+0x1be6a2]
V  [jvm.dll+0x21df09]
V  [jvm.dll+0x21d1d1]
V  [jvm.dll+0x1a674d]
V  [jvm.dll+0x22d088]
V  [jvm.dll+0x22b1c0]
V  [jvm.dll+0x7f62f7]
V  [jvm.dll+0x7f06aa]
V  [jvm.dll+0x687565]
C  [ucrtbase.dll+0x21bb2]
C  [KERNEL32.DLL+0x17344]
C  [ntdll.dll+0x526b1]


---------------  P R O C E S S  ---------------

Threads class SMR info:
_java_thread_list=0x000001e0a94847d0, length=39, elements={
0x000001e0885ce2f0, 0x000001e0a1bd6250, 0x000001e0a1ba0790, 0x000001e0a1bc0130,
0x000001e0a1bc2010, 0x000001e0a6024000, 0x000001e0a6024ce0, 0x000001e0a602d5c0,
0x000001e0a6037a10, 0x000001e0a603a330, 0x000001e0a618c7f0, 0x000001e0a62e8890,
0x000001e0a82afa10, 0x000001e0a7fd2180, 0x000001e0a738fb80, 0x000001e0a8b04010,
0x000001e0a8b044f0, 0x000001e0a7500920, 0x000001e0a74ff4e0, 0x000001e0a7501d60,
0x000001e0a74ff9f0, 0x000001e0a7500e30, 0x000001e0a74fff00, 0x000001e0a7502270,
0x000001e0a74feac0, 0x000001e0a9b90610, 0x000001e0a7501850, 0x000001e0a74fefd0,
0x000001e0a979daa0, 0x000001e0a979bc40, 0x000001e0a979d080, 0x000001e0a979ad10,
0x000001e0a979a800, 0x000001e0a979a2f0, 0x000001e0a979d590, 0x000001e0a979b220,
0x000001e0a979c660, 0x000001e0a979cb70, 0x000001e0a88bccd0
}

Java Threads: ( => current thread )
  0x000001e0885ce2f0 JavaThread "main" [_thread_blocked, id=13284, stack(0x00000031f3b00000,0x00000031f3c00000)]
  0x000001e0a1bd6250 JavaThread "Reference Handler" daemon [_thread_blocked, id=13648, stack(0x00000031f4200000,0x00000031f4300000)]
  0x000001e0a1ba0790 JavaThread "Finalizer" daemon [_thread_blocked, id=18368, stack(0x00000031f4300000,0x00000031f4400000)]
  0x000001e0a1bc0130 JavaThread "Signal Dispatcher" daemon [_thread_blocked, id=18304, stack(0x00000031f4400000,0x00000031f4500000)]
  0x000001e0a1bc2010 JavaThread "Attach Listener" daemon [_thread_blocked, id=3860, stack(0x00000031f4500000,0x00000031f4600000)]
  0x000001e0a6024000 JavaThread "Service Thread" daemon [_thread_blocked, id=1248, stack(0x00000031f4600000,0x00000031f4700000)]
  0x000001e0a6024ce0 JavaThread "Monitor Deflation Thread" daemon [_thread_blocked, id=9068, stack(0x00000031f4700000,0x00000031f4800000)]
=>0x000001e0a602d5c0 JavaThread "C2 CompilerThread0" daemon [_thread_in_native, id=18876, stack(0x00000031f4800000,0x00000031f4900000)]
  0x000001e0a6037a10 JavaThread "C1 CompilerThread0" daemon [_thread_in_vm, id=20292, stack(0x00000031f4900000,0x00000031f4a00000)]
  0x000001e0a603a330 JavaThread "Sweeper thread" daemon [_thread_blocked, id=18376, stack(0x00000031f4a00000,0x00000031f4b00000)]
  0x000001e0a618c7f0 JavaThread "Common-Cleaner" daemon [_thread_blocked, id=20792, stack(0x00000031f4b00000,0x00000031f4c00000)]
  0x000001e0a62e8890 JavaThread "Notification Thread" daemon [_thread_blocked, id=7568, stack(0x00000031f4c00000,0x00000031f4d00000)]
  0x000001e0a82afa10 JavaThread "Daemon health stats" [_thread_blocked, id=6408, stack(0x00000031f5200000,0x00000031f5300000)]
  0x000001e0a7fd2180 JavaThread "Incoming local TCP Connector on port 53827" [_thread_in_native, id=2464, stack(0x00000031f5300000,0x00000031f5400000)]
  0x000001e0a738fb80 JavaThread "Daemon periodic checks" [_thread_blocked, id=8048, stack(0x00000031f5400000,0x00000031f5500000)]
  0x000001e0a8b04010 JavaThread "Daemon" [_thread_blocked, id=13612, stack(0x00000031f5500000,0x00000031f5600000)]
  0x000001e0a8b044f0 JavaThread "Handler for socket connection from /127.0.0.1:53827 to /127.0.0.1:53828" [_thread_in_native, id=4316, stack(0x00000031f5600000,0x00000031f5700000)]
  0x000001e0a7500920 JavaThread "Cancel handler" [_thread_blocked, id=21076, stack(0x00000031f5700000,0x00000031f5800000)]
  0x000001e0a74ff4e0 JavaThread "Daemon worker" [_thread_in_vm, id=10968, stack(0x00000031f5800000,0x00000031f5900000)]
  0x000001e0a7501d60 JavaThread "Asynchronous log dispatcher for DefaultDaemonConnection: socket connection from /127.0.0.1:53827 to /127.0.0.1:53828" [_thread_blocked, id=4740, stack(0x00000031f5900000,0x00000031f5a00000)]
  0x000001e0a74ff9f0 JavaThread "Stdin handler" [_thread_blocked, id=20088, stack(0x00000031f5a00000,0x00000031f5b00000)]
  0x000001e0a7500e30 JavaThread "Daemon client event forwarder" [_thread_blocked, id=14728, stack(0x00000031f5b00000,0x00000031f5c00000)]
  0x000001e0a74fff00 JavaThread "Cache worker for journal cache (C:\Users\Jose Martins\.gradle\caches\journal-1)" [_thread_blocked, id=1400, stack(0x00000031f4e00000,0x00000031f4f00000)]
  0x000001e0a7502270 JavaThread "File lock request listener" [_thread_in_native, id=11700, stack(0x00000031f5c00000,0x00000031f5d00000)]
  0x000001e0a74feac0 JavaThread "Cache worker for file hash cache (C:\Users\Jose Martins\.gradle\caches\8.4\fileHashes)" [_thread_blocked, id=3500, stack(0x00000031f5e00000,0x00000031f5f00000)]
  0x000001e0a9b90610 JavaThread "C2 CompilerThread1" daemon [_thread_blocked, id=13160, stack(0x00000031f5d00000,0x00000031f5e00000)]
  0x000001e0a7501850 JavaThread "File watcher server" daemon [_thread_in_native, id=8000, stack(0x00000031f5f00000,0x00000031f6000000)]
  0x000001e0a74fefd0 JavaThread "File watcher consumer" daemon [_thread_blocked, id=21460, stack(0x00000031f6000000,0x00000031f6100000)]
  0x000001e0a979daa0 JavaThread "jar transforms" [_thread_blocked, id=14032, stack(0x00000031f6100000,0x00000031f6200000)]
  0x000001e0a979bc40 JavaThread "jar transforms Thread 2" [_thread_blocked, id=15000, stack(0x00000031f6200000,0x00000031f6300000)]
  0x000001e0a979d080 JavaThread "jar transforms Thread 3" [_thread_blocked, id=3816, stack(0x00000031f6300000,0x00000031f6400000)]
  0x000001e0a979ad10 JavaThread "jar transforms Thread 4" [_thread_blocked, id=5708, stack(0x00000031f6400000,0x00000031f6500000)]
  0x000001e0a979a800 JavaThread "Cache worker for checksums cache (C:\developer\projects\github\carris\projeto_2\.gradle\8.4\checksums)" [_thread_blocked, id=5288, stack(0x00000031f6500000,0x00000031f6600000)]
  0x000001e0a979a2f0 JavaThread "Cache worker for file hash cache (C:\developer\projects\github\carris\projeto_2\.gradle\8.4\fileHashes)" [_thread_blocked, id=15920, stack(0x00000031f6600000,0x00000031f6700000)]
  0x000001e0a979d590 JavaThread "Cache worker for cache directory md-supplier (C:\Users\Jose Martins\.gradle\caches\8.4\md-supplier)" [_thread_blocked, id=4932, stack(0x00000031f6700000,0x00000031f6800000)]
  0x000001e0a979b220 JavaThread "Cache worker for file content cache (C:\Users\Jose Martins\.gradle\caches\8.4\fileContent)" [_thread_blocked, id=20620, stack(0x00000031f6800000,0x00000031f6900000)]
  0x000001e0a979c660 JavaThread "Cache worker for cache directory md-rule (C:\Users\Jose Martins\.gradle\caches\8.4\md-rule)" [_thread_blocked, id=8640, stack(0x00000031f6900000,0x00000031f6a00000)]
  0x000001e0a979cb70 JavaThread "Cache worker for execution history cache (C:\Users\Jose Martins\.gradle\caches\8.4\executionHistory)" [_thread_blocked, id=1748, stack(0x00000031f6a00000,0x00000031f6b00000)]
  0x000001e0a88bccd0 JavaThread "Cache worker for kotlin-dsl (C:\Users\Jose Martins\.gradle\caches\8.4\kotlin-dsl)" [_thread_blocked, id=6972, stack(0x00000031f6b00000,0x00000031f6c00000)]

Other Threads:
  0x000001e0a1b9dc40 VMThread "VM Thread" [stack: 0x00000031f4100000,0x00000031f4200000] [id=17012]
  0x000001e0885cf1c0 WatcherThread [stack: 0x00000031f4d00000,0x00000031f4e00000] [id=10304]
  0x000001e0886288f0 GCTaskThread "GC Thread#0" [stack: 0x00000031f3c00000,0x00000031f3d00000] [id=2980]
  0x000001e0a6619050 GCTaskThread "GC Thread#1" [stack: 0x00000031f4f00000,0x00000031f5000000] [id=6644]
  0x000001e0a64b0da0 GCTaskThread "GC Thread#2" [stack: 0x00000031f5000000,0x00000031f5100000] [id=10036]
  0x000001e0a6ed0c20 GCTaskThread "GC Thread#3" [stack: 0x00000031f5100000,0x00000031f5200000] [id=5068]
  0x000001e088639750 ConcurrentGCThread "G1 Main Marker" [stack: 0x00000031f3d00000,0x00000031f3e00000] [id=17740]
  0x000001e08863a820 ConcurrentGCThread "G1 Conc#0" [stack: 0x00000031f3e00000,0x00000031f3f00000] [id=18336]
  0x000001e08868ec60 ConcurrentGCThread "G1 Refine#0" [stack: 0x00000031f3f00000,0x00000031f4000000] [id=18408]
  0x000001e0a1a06b20 ConcurrentGCThread "G1 Service" [stack: 0x00000031f4000000,0x00000031f4100000] [id=5832]

Threads with active compile tasks:
C2 CompilerThread0     7787 4463       4       groovy.lang.MetaClassImpl$1MOPIter::methodNameAction (325 bytes)
C1 CompilerThread0     7787 4575  s    3       java.lang.invoke.MethodTypeForm::setCachedLambdaForm (44 bytes)

VM state: not at safepoint (normal execution)

VM Mutex/Monitor currently owned by a thread: None

Heap address: 0x0000000080000000, size: 2048 MB, Compressed Oops mode: 32-bit

CDS archive(s) not mapped
Compressed class space mapped at: 0x0000000100000000-0x0000000140000000, reserved size: 1073741824
Narrow klass base: 0x0000000000000000, Narrow klass shift: 3, Narrow klass range: 0x140000000

GC Precious Log:
 CPUs: 4 total, 4 available
 Memory: 8123M
 Large Page Support: Disabled
 NUMA Support: Disabled
 Compressed Oops: Enabled (32-bit)
 Heap Region Size: 1M
 Heap Min Capacity: 8M
 Heap Initial Capacity: 128M
 Heap Max Capacity: 2G
 Pre-touch: Disabled
 Parallel Workers: 4
 Concurrent Workers: 1
 Concurrent Refinement Workers: 4
 Periodic GC: Disabled

Heap:
 garbage-first heap   total 98304K, used 69841K [0x0000000080000000, 0x0000000100000000)
  region size 1024K, 19 young (19456K), 4 survivors (4096K)
 Metaspace       used 51544K, committed 52096K, reserved 1114112K
  class space    used 6783K, committed 7040K, reserved 1048576K

Heap Regions: E=young(eden), S=young(survivor), O=old, HS=humongous(starts), HC=humongous(continues), CS=collection set, F=free, OA=open archive, CA=closed archive, TAMS=top-at-mark-start (previous, next)
|   0|0x0000000080000000, 0x0000000080100000, 0x0000000080100000|100%| O|  |TAMS 0x0000000080100000, 0x0000000080000000| Untracked 
|   1|0x0000000080100000, 0x0000000080200000, 0x0000000080200000|100%| O|  |TAMS 0x0000000080200000, 0x0000000080100000| Untracked 
|   2|0x0000000080200000, 0x0000000080300000, 0x0000000080300000|100%|HS|  |TAMS 0x0000000080300000, 0x0000000080200000| Complete 
|   3|0x0000000080300000, 0x0000000080400000, 0x0000000080400000|100%|HC|  |TAMS 0x0000000080400000, 0x0000000080300000| Complete 
|   4|0x0000000080400000, 0x0000000080500000, 0x0000000080500000|100%|HC|  |TAMS 0x0000000080500000, 0x0000000080400000| Complete 
|   5|0x0000000080500000, 0x0000000080600000, 0x0000000080600000|100%|HC|  |TAMS 0x0000000080600000, 0x0000000080500000| Complete 
|   6|0x0000000080600000, 0x0000000080700000, 0x0000000080700000|100%| O|  |TAMS 0x0000000080700000, 0x0000000080600000| Untracked 
|   7|0x0000000080700000, 0x0000000080800000, 0x0000000080800000|100%| O|  |TAMS 0x0000000080800000, 0x0000000080700000| Untracked 
|   8|0x0000000080800000, 0x0000000080900000, 0x0000000080900000|100%| O|  |TAMS 0x0000000080900000, 0x0000000080800000| Untracked 
|   9|0x0000000080900000, 0x0000000080a00000, 0x0000000080a00000|100%| O|  |TAMS 0x0000000080a00000, 0x0000000080900000| Untracked 
|  10|0x0000000080a00000, 0x0000000080b00000, 0x0000000080b00000|100%| O|  |TAMS 0x0000000080b00000, 0x0000000080a00000| Untracked 
|  11|0x0000000080b00000, 0x0000000080c00000, 0x0000000080c00000|100%| O|  |TAMS 0x0000000080c00000, 0x0000000080b00000| Untracked 
|  12|0x0000000080c00000, 0x0000000080d00000, 0x0000000080d00000|100%| O|  |TAMS 0x0000000080d00000, 0x0000000080c00000| Untracked 
|  13|0x0000000080d00000, 0x0000000080e00000, 0x0000000080e00000|100%| O|  |TAMS 0x0000000080e00000, 0x0000000080d00000| Untracked 
|  14|0x0000000080e00000, 0x0000000080f00000, 0x0000000080f00000|100%| O|  |TAMS 0x0000000080f00000, 0x0000000080e00000| Untracked 
|  15|0x0000000080f00000, 0x0000000081000000, 0x0000000081000000|100%| O|  |TAMS 0x0000000081000000, 0x0000000080f00000| Untracked 
|  16|0x0000000081000000, 0x0000000081100000, 0x0000000081100000|100%| O|  |TAMS 0x0000000081100000, 0x0000000081000000| Untracked 
|  17|0x0000000081100000, 0x0000000081200000, 0x0000000081200000|100%| O|  |TAMS 0x0000000081200000, 0x0000000081100000| Untracked 
|  18|0x0000000081200000, 0x0000000081300000, 0x0000000081300000|100%| O|  |TAMS 0x0000000081300000, 0x0000000081200000| Untracked 
|  19|0x0000000081300000, 0x0000000081400000, 0x0000000081400000|100%| O|  |TAMS 0x0000000081400000, 0x0000000081300000| Untracked 
|  20|0x0000000081400000, 0x0000000081500000, 0x0000000081500000|100%| O|  |TAMS 0x0000000081500000, 0x0000000081400000| Untracked 
|  21|0x0000000081500000, 0x0000000081600000, 0x0000000081600000|100%|HS|  |TAMS 0x0000000081600000, 0x0000000081500000| Complete 
|  22|0x0000000081600000, 0x0000000081700000, 0x0000000081700000|100%|HC|  |TAMS 0x0000000081700000, 0x0000000081600000| Complete 
|  23|0x0000000081700000, 0x0000000081800000, 0x0000000081800000|100%|HS|  |TAMS 0x0000000081800000, 0x0000000081700000| Complete 
|  24|0x0000000081800000, 0x0000000081900000, 0x0000000081900000|100%|HC|  |TAMS 0x0000000081900000, 0x0000000081800000| Complete 
|  25|0x0000000081900000, 0x0000000081a00000, 0x0000000081a00000|100%|HC|  |TAMS 0x0000000081a00000, 0x0000000081900000| Complete 
|  26|0x0000000081a00000, 0x0000000081b00000, 0x0000000081b00000|100%|HS|  |TAMS 0x0000000081b00000, 0x0000000081a00000| Complete 
|  27|0x0000000081b00000, 0x0000000081c00000, 0x0000000081c00000|100%|HC|  |TAMS 0x0000000081c00000, 0x0000000081b00000| Complete 
|  28|0x0000000081c00000, 0x0000000081d00000, 0x0000000081d00000|100%|HC|  |TAMS 0x0000000081d00000, 0x0000000081c00000| Complete 
|  29|0x0000000081d00000, 0x0000000081e00000, 0x0000000081e00000|100%|HS|  |TAMS 0x0000000081e00000, 0x0000000081d00000| Complete 
|  30|0x0000000081e00000, 0x0000000081f00000, 0x0000000081f00000|100%|HC|  |TAMS 0x0000000081f00000, 0x0000000081e00000| Complete 
|  31|0x0000000081f00000, 0x0000000082000000, 0x0000000082000000|100%|HC|  |TAMS 0x0000000082000000, 0x0000000081f00000| Complete 
|  32|0x0000000082000000, 0x0000000082100000, 0x0000000082100000|100%| O|  |TAMS 0x0000000082100000, 0x0000000082000000| Untracked 
|  33|0x0000000082100000, 0x0000000082200000, 0x0000000082200000|100%| O|  |TAMS 0x0000000082200000, 0x0000000082100000| Untracked 
|  34|0x0000000082200000, 0x0000000082300000, 0x0000000082300000|100%| O|  |TAMS 0x0000000082300000, 0x0000000082200000| Untracked 
|  35|0x0000000082300000, 0x0000000082400000, 0x0000000082400000|100%| O|  |TAMS 0x0000000082400000, 0x0000000082300000| Untracked 
|  36|0x0000000082400000, 0x0000000082500000, 0x0000000082500000|100%| O|  |TAMS 0x0000000082500000, 0x0000000082400000| Untracked 
|  37|0x0000000082500000, 0x0000000082600000, 0x0000000082600000|100%| O|  |TAMS 0x0000000082600000, 0x0000000082500000| Untracked 
|  38|0x0000000082600000, 0x0000000082700000, 0x0000000082700000|100%| O|  |TAMS 0x0000000082700000, 0x0000000082600000| Untracked 
|  39|0x0000000082700000, 0x0000000082800000, 0x0000000082800000|100%| O|  |TAMS 0x0000000082800000, 0x0000000082700000| Untracked 
|  40|0x0000000082800000, 0x0000000082900000, 0x0000000082900000|100%| O|  |TAMS 0x0000000082900000, 0x0000000082800000| Untracked 
|  41|0x0000000082900000, 0x0000000082a00000, 0x0000000082a00000|100%|HS|  |TAMS 0x0000000082a00000, 0x0000000082900000| Complete 
|  42|0x0000000082a00000, 0x0000000082b00000, 0x0000000082b00000|100%|HC|  |TAMS 0x0000000082b00000, 0x0000000082a00000| Complete 
|  43|0x0000000082b00000, 0x0000000082c00000, 0x0000000082c00000|100%|HC|  |TAMS 0x0000000082c00000, 0x0000000082b00000| Complete 
|  44|0x0000000082c00000, 0x0000000082d00000, 0x0000000082d00000|100%| O|  |TAMS 0x0000000082d00000, 0x0000000082c00000| Untracked 
|  45|0x0000000082d00000, 0x0000000082e00000, 0x0000000082e00000|100%| O|  |TAMS 0x0000000082e00000, 0x0000000082d00000| Untracked 
|  46|0x0000000082e00000, 0x0000000082f00000, 0x0000000082f00000|100%| O|  |TAMS 0x0000000082e99600, 0x0000000082e00000| Untracked 
|  47|0x0000000082f00000, 0x0000000083000000, 0x0000000083000000|100%| O|  |TAMS 0x0000000082f00000, 0x0000000082f00000| Untracked 
|  48|0x0000000083000000, 0x0000000083062c00, 0x0000000083100000| 38%| O|  |TAMS 0x0000000083000000, 0x0000000083000000| Untracked 
|  49|0x0000000083100000, 0x0000000083200000, 0x0000000083200000|100%|HS|  |TAMS 0x0000000083100000, 0x0000000083100000| Complete 
|  50|0x0000000083200000, 0x0000000083300000, 0x0000000083300000|100%|HS|  |TAMS 0x0000000083200000, 0x0000000083200000| Complete 
|  51|0x0000000083300000, 0x0000000083300000, 0x0000000083400000|  0%| F|  |TAMS 0x0000000083300000, 0x0000000083300000| Untracked 
|  52|0x0000000083400000, 0x0000000083400000, 0x0000000083500000|  0%| F|  |TAMS 0x0000000083400000, 0x0000000083400000| Untracked 
|  53|0x0000000083500000, 0x0000000083500000, 0x0000000083600000|  0%| F|  |TAMS 0x0000000083500000, 0x0000000083500000| Untracked 
|  54|0x0000000083600000, 0x0000000083600000, 0x0000000083700000|  0%| F|  |TAMS 0x0000000083600000, 0x0000000083600000| Untracked 
|  55|0x0000000083700000, 0x0000000083700000, 0x0000000083800000|  0%| F|  |TAMS 0x0000000083700000, 0x0000000083700000| Untracked 
|  56|0x0000000083800000, 0x0000000083800000, 0x0000000083900000|  0%| F|  |TAMS 0x0000000083800000, 0x0000000083800000| Untracked 
|  57|0x0000000083900000, 0x0000000083900000, 0x0000000083a00000|  0%| F|  |TAMS 0x0000000083900000, 0x0000000083900000| Untracked 
|  58|0x0000000083a00000, 0x0000000083a00000, 0x0000000083b00000|  0%| F|  |TAMS 0x0000000083a00000, 0x0000000083a00000| Untracked 
|  59|0x0000000083b00000, 0x0000000083b00000, 0x0000000083c00000|  0%| F|  |TAMS 0x0000000083b00000, 0x0000000083b00000| Untracked 
|  60|0x0000000083c00000, 0x0000000083c00000, 0x0000000083d00000|  0%| F|  |TAMS 0x0000000083c00000, 0x0000000083c00000| Untracked 
|  61|0x0000000083d00000, 0x0000000083d00000, 0x0000000083e00000|  0%| F|  |TAMS 0x0000000083d00000, 0x0000000083d00000| Untracked 
|  62|0x0000000083e00000, 0x0000000083e00000, 0x0000000083f00000|  0%| F|  |TAMS 0x0000000083e00000, 0x0000000083e00000| Untracked 
|  63|0x0000000083f00000, 0x0000000083f00000, 0x0000000084000000|  0%| F|  |TAMS 0x0000000083f00000, 0x0000000083f00000| Untracked 
|  64|0x0000000084000000, 0x0000000084000000, 0x0000000084100000|  0%| F|  |TAMS 0x0000000084000000, 0x0000000084000000| Untracked 
|  65|0x0000000084100000, 0x0000000084100000, 0x0000000084200000|  0%| F|  |TAMS 0x0000000084100000, 0x0000000084100000| Untracked 
|  66|0x0000000084200000, 0x0000000084200000, 0x0000000084300000|  0%| F|  |TAMS 0x0000000084200000, 0x0000000084200000| Untracked 
|  67|0x0000000084300000, 0x0000000084300000, 0x0000000084400000|  0%| F|  |TAMS 0x0000000084300000, 0x0000000084300000| Untracked 
|  68|0x0000000084400000, 0x0000000084400000, 0x0000000084500000|  0%| F|  |TAMS 0x0000000084400000, 0x0000000084400000| Untracked 
|  69|0x0000000084500000, 0x0000000084500000, 0x0000000084600000|  0%| F|  |TAMS 0x0000000084500000, 0x0000000084500000| Untracked 
|  70|0x0000000084600000, 0x0000000084600000, 0x0000000084700000|  0%| F|  |TAMS 0x0000000084600000, 0x0000000084600000| Untracked 
|  71|0x0000000084700000, 0x0000000084700000, 0x0000000084800000|  0%| F|  |TAMS 0x0000000084700000, 0x0000000084700000| Untracked 
|  72|0x0000000084800000, 0x0000000084800000, 0x0000000084900000|  0%| F|  |TAMS 0x0000000084800000, 0x0000000084800000| Untracked 
|  73|0x0000000084900000, 0x0000000084900000, 0x0000000084a00000|  0%| F|  |TAMS 0x0000000084900000, 0x0000000084900000| Untracked 
|  74|0x0000000084a00000, 0x0000000084a00000, 0x0000000084b00000|  0%| F|  |TAMS 0x0000000084a00000, 0x0000000084a00000| Untracked 
|  75|0x0000000084b00000, 0x0000000084b00000, 0x0000000084c00000|  0%| F|  |TAMS 0x0000000084b00000, 0x0000000084b00000| Untracked 
|  76|0x0000000084c00000, 0x0000000084c00000, 0x0000000084d00000|  0%| F|  |TAMS 0x0000000084c00000, 0x0000000084c00000| Untracked 
|  77|0x0000000084d00000, 0x0000000084ddce20, 0x0000000084e00000| 86%| E|  |TAMS 0x0000000084d00000, 0x0000000084d00000| Complete 
|  78|0x0000000084e00000, 0x0000000084f00000, 0x0000000084f00000|100%| E|CS|TAMS 0x0000000084e00000, 0x0000000084e00000| Complete 
|  79|0x0000000084f00000, 0x0000000085000000, 0x0000000085000000|100%| E|CS|TAMS 0x0000000084f00000, 0x0000000084f00000| Complete 
|  80|0x0000000085000000, 0x0000000085100000, 0x0000000085100000|100%| E|CS|TAMS 0x0000000085000000, 0x0000000085000000| Complete 
|  81|0x0000000085100000, 0x0000000085200000, 0x0000000085200000|100%| E|CS|TAMS 0x0000000085100000, 0x0000000085100000| Complete 
|  82|0x0000000085200000, 0x0000000085300000, 0x0000000085300000|100%| E|CS|TAMS 0x0000000085200000, 0x0000000085200000| Complete 
|  83|0x0000000085300000, 0x0000000085400000, 0x0000000085400000|100%| E|CS|TAMS 0x0000000085300000, 0x0000000085300000| Complete 
|  84|0x0000000085400000, 0x0000000085500000, 0x0000000085500000|100%| E|CS|TAMS 0x0000000085400000, 0x0000000085400000| Complete 
|  85|0x0000000085500000, 0x0000000085600000, 0x0000000085600000|100%| E|CS|TAMS 0x0000000085500000, 0x0000000085500000| Complete 
|  86|0x0000000085600000, 0x0000000085700000, 0x0000000085700000|100%| E|CS|TAMS 0x0000000085600000, 0x0000000085600000| Complete 
|  87|0x0000000085700000, 0x00000000857d1a10, 0x0000000085800000| 81%| S|CS|TAMS 0x0000000085700000, 0x0000000085700000| Complete 
|  88|0x0000000085800000, 0x0000000085900000, 0x0000000085900000|100%| S|CS|TAMS 0x0000000085800000, 0x0000000085800000| Complete 
|  89|0x0000000085900000, 0x0000000085a00000, 0x0000000085a00000|100%| S|CS|TAMS 0x0000000085900000, 0x0000000085900000| Complete 
|  90|0x0000000085a00000, 0x0000000085b00000, 0x0000000085b00000|100%| S|CS|TAMS 0x0000000085a00000, 0x0000000085a00000| Complete 
|  91|0x0000000085b00000, 0x0000000085c00000, 0x0000000085c00000|100%| E|CS|TAMS 0x0000000085b00000, 0x0000000085b00000| Complete 
|  92|0x0000000085c00000, 0x0000000085d00000, 0x0000000085d00000|100%| E|CS|TAMS 0x0000000085c00000, 0x0000000085c00000| Complete 
|  93|0x0000000085d00000, 0x0000000085e00000, 0x0000000085e00000|100%| E|CS|TAMS 0x0000000085d00000, 0x0000000085d00000| Complete 
|  94|0x0000000085e00000, 0x0000000085f00000, 0x0000000085f00000|100%| E|CS|TAMS 0x0000000085e00000, 0x0000000085e00000| Complete 
| 127|0x0000000087f00000, 0x0000000088000000, 0x0000000088000000|100%| E|CS|TAMS 0x0000000087f00000, 0x0000000087f00000| Complete 

Card table byte_map: [0x000001e09aeb0000,0x000001e09b2b0000] _byte_map_base: 0x000001e09aab0000

Marking Bits (Prev, Next): (CMBitMap*) 0x000001e088628e60, (CMBitMap*) 0x000001e088628e20
 Prev Bits: [0x000001e09d6b0000, 0x000001e09f6b0000)
 Next Bits: [0x000001e09b6b0000, 0x000001e09d6b0000)

Polling page: 0x000001e086480000

Metaspace:

Usage:
  Non-class:     43.72 MB used.
      Class:      6.63 MB used.
       Both:     50.34 MB used.

Virtual space:
  Non-class space:       64.00 MB reserved,      44.00 MB ( 69%) committed,  1 nodes.
      Class space:        1.00 GB reserved,       6.88 MB ( <1%) committed,  1 nodes.
             Both:        1.06 GB reserved,      50.88 MB (  5%) committed. 

Chunk freelists:
   Non-Class:  3.53 MB
       Class:  9.12 MB
        Both:  12.65 MB

MaxMetaspaceSize: unlimited
CompressedClassSpaceSize: 1.00 GB
Initial GC threshold: 21.00 MB
Current GC threshold: 82.62 MB
CDS: off
MetaspaceReclaimPolicy: balanced
 - commit_granule_bytes: 65536.
 - commit_granule_words: 8192.
 - virtual_space_node_default_size: 8388608.
 - enlarge_chunks_in_place: 1.
 - new_chunks_are_fully_committed: 0.
 - uncommit_free_chunks: 1.
 - use_allocation_guard: 0.
 - handle_deallocations: 1.


Internal statistics:

num_allocs_failed_limit: 3.
num_arena_births: 550.
num_arena_deaths: 0.
num_vsnodes_births: 2.
num_vsnodes_deaths: 0.
num_space_committed: 814.
num_space_uncommitted: 0.
num_chunks_returned_to_freelist: 3.
num_chunks_taken_from_freelist: 2193.
num_chunk_merges: 3.
num_chunk_splits: 1432.
num_chunks_enlarged: 968.
num_inconsistent_stats: 0.

CodeHeap 'non-profiled nmethods': size=120000Kb used=3025Kb max_used=3025Kb free=116974Kb
 bounds [0x000001e093580000, 0x000001e093880000, 0x000001e09aab0000]
CodeHeap 'profiled nmethods': size=120000Kb used=9677Kb max_used=9677Kb free=110322Kb
 bounds [0x000001e08bab0000, 0x000001e08c430000, 0x000001e092fe0000]
CodeHeap 'non-nmethods': size=5760Kb used=2307Kb max_used=2382Kb free=3452Kb
 bounds [0x000001e092fe0000, 0x000001e093250000, 0x000001e093580000]
 total_blobs=5396 nmethods=4574 adapters=733
 compilation: enabled
              stopped_count=0, restarted_count=0
 full_count=0

Compilation events (20 events):
Event: 7.674 Thread 0x000001e0a6037a10 4559       3       java.util.Arrays::fill (28 bytes)
Event: 7.674 Thread 0x000001e0a6037a10 nmethod 4559 0x000001e08c413710 code [0x000001e08c4138c0, 0x000001e08c413c48]
Event: 7.675 Thread 0x000001e0a6037a10 4560       3       jdk.internal.org.objectweb.asm.Frame::execute (2305 bytes)
Event: 7.678 Thread 0x000001e0a6037a10 nmethod 4560 0x000001e08c413d90 code [0x000001e08c414cc0, 0x000001e08c41b6f8]
Event: 7.678 Thread 0x000001e0a6037a10 4566       3       java.lang.invoke.LambdaForm$Name::internArguments (62 bytes)
Event: 7.678 Thread 0x000001e0a6037a10 nmethod 4566 0x000001e08c41d310 code [0x000001e08c41d500, 0x000001e08c41dbc8]
Event: 7.678 Thread 0x000001e0a6037a10 4561       3       java.lang.invoke.LambdaForm::<init> (115 bytes)
Event: 7.679 Thread 0x000001e0a6037a10 nmethod 4561 0x000001e08c41dd90 code [0x000001e08c41df80, 0x000001e08c41e608]
Event: 7.679 Thread 0x000001e0a6037a10 4562       3       java.lang.invoke.LambdaForm::fixResult (31 bytes)
Event: 7.679 Thread 0x000001e0a6037a10 nmethod 4562 0x000001e08c41e890 code [0x000001e08c41ea40, 0x000001e08c41ec38]
Event: 7.679 Thread 0x000001e0a6037a10 4565       3       java.lang.invoke.MethodType::methodType (14 bytes)
Event: 7.679 Thread 0x000001e0a6037a10 nmethod 4565 0x000001e08c41ed90 code [0x000001e08c41ef40, 0x000001e08c41f268]
Event: 7.690 Thread 0x000001e0a6037a10 4567       3       java.lang.invoke.MemberName::getFactory (4 bytes)
Event: 7.690 Thread 0x000001e0a6037a10 nmethod 4567 0x000001e08c41f390 code [0x000001e08c41f520, 0x000001e08c41f618]
Event: 7.690 Thread 0x000001e0a6037a10 4568       3       java.lang.invoke.InvokerBytecodeGenerator::isStaticallyNameable (148 bytes)
Event: 7.691 Thread 0x000001e0a6037a10 nmethod 4568 0x000001e08c41f690 code [0x000001e08c41f9c0, 0x000001e08c420c98]
Event: 7.692 Thread 0x000001e0a6037a10 4569       3       java.lang.invoke.DelegatingMethodHandle::rebind (8 bytes)
Event: 7.692 Thread 0x000001e0a6037a10 nmethod 4569 0x000001e08c421210 code [0x000001e08c4213c0, 0x000001e08c421638]
Event: 7.693 Thread 0x000001e0a6037a10 4570       3       java.lang.invoke.LambdaFormBuffer::indexOf (33 bytes)
Event: 7.693 Thread 0x000001e0a6037a10 nmethod 4570 0x000001e08c421710 code [0x000001e08c4218e0, 0x000001e08c421c98]

GC Heap History (20 events):
Event: 4.235 GC heap before
{Heap before GC invocations=7 (full 0):
 garbage-first heap   total 68608K, used 48382K [0x0000000080000000, 0x0000000100000000)
  region size 1024K, 28 young (28672K), 1 survivors (1024K)
 Metaspace       used 30430K, committed 30784K, reserved 1114112K
  class space    used 4061K, committed 4224K, reserved 1048576K
}
Event: 4.238 GC heap after
{Heap after GC invocations=8 (full 0):
 garbage-first heap   total 68608K, used 22186K [0x0000000080000000, 0x0000000100000000)
  region size 1024K, 2 young (2048K), 2 survivors (2048K)
 Metaspace       used 30430K, committed 30784K, reserved 1114112K
  class space    used 4061K, committed 4224K, reserved 1048576K
}
Event: 4.356 GC heap before
{Heap before GC invocations=8 (full 0):
 garbage-first heap   total 68608K, used 37546K [0x0000000080000000, 0x0000000100000000)
  region size 1024K, 11 young (11264K), 2 survivors (2048K)
 Metaspace       used 31271K, committed 31552K, reserved 1114112K
  class space    used 4217K, committed 4352K, reserved 1048576K
}
Event: 4.360 GC heap after
{Heap after GC invocations=9 (full 0):
 garbage-first heap   total 68608K, used 33548K [0x0000000080000000, 0x0000000100000000)
  region size 1024K, 4 young (4096K), 4 survivors (4096K)
 Metaspace       used 31271K, committed 31552K, reserved 1114112K
  class space    used 4217K, committed 4352K, reserved 1048576K
}
Event: 4.717 GC heap before
{Heap before GC invocations=9 (full 0):
 garbage-first heap   total 68608K, used 54028K [0x0000000080000000, 0x0000000100000000)
  region size 1024K, 22 young (22528K), 4 survivors (4096K)
 Metaspace       used 33395K, committed 33792K, reserved 1114112K
  class space    used 4556K, committed 4736K, reserved 1048576K
}
Event: 4.721 GC heap after
{Heap after GC invocations=10 (full 0):
 garbage-first heap   total 68608K, used 38851K [0x0000000080000000, 0x0000000100000000)
  region size 1024K, 3 young (3072K), 3 survivors (3072K)
 Metaspace       used 33395K, committed 33792K, reserved 1114112K
  class space    used 4556K, committed 4736K, reserved 1048576K
}
Event: 5.253 GC heap before
{Heap before GC invocations=10 (full 0):
 garbage-first heap   total 68608K, used 52163K [0x0000000080000000, 0x0000000100000000)
  region size 1024K, 17 young (17408K), 3 survivors (3072K)
 Metaspace       used 35208K, committed 35520K, reserved 1114112K
  class space    used 4843K, committed 4992K, reserved 1048576K
}
Event: 5.256 GC heap after
{Heap after GC invocations=11 (full 0):
 garbage-first heap   total 98304K, used 39346K [0x0000000080000000, 0x0000000100000000)
  region size 1024K, 1 young (1024K), 1 survivors (1024K)
 Metaspace       used 35208K, committed 35520K, reserved 1114112K
  class space    used 4843K, committed 4992K, reserved 1048576K
}
Event: 5.822 GC heap before
{Heap before GC invocations=12 (full 0):
 garbage-first heap   total 98304K, used 72114K [0x0000000080000000, 0x0000000100000000)
  region size 1024K, 33 young (33792K), 1 survivors (1024K)
 Metaspace       used 41896K, committed 42368K, reserved 1114112K
  class space    used 5663K, committed 5888K, reserved 1048576K
}
Event: 5.825 GC heap after
{Heap after GC invocations=13 (full 0):
 garbage-first heap   total 98304K, used 42051K [0x0000000080000000, 0x0000000100000000)
  region size 1024K, 4 young (4096K), 4 survivors (4096K)
 Metaspace       used 41896K, committed 42368K, reserved 1114112K
  class space    used 5663K, committed 5888K, reserved 1048576K
}
Event: 6.244 GC heap before
{Heap before GC invocations=13 (full 0):
 garbage-first heap   total 98304K, used 72771K [0x0000000080000000, 0x0000000100000000)
  region size 1024K, 35 young (35840K), 4 survivors (4096K)
 Metaspace       used 43988K, committed 44352K, reserved 1114112K
  class space    used 5882K, committed 6080K, reserved 1048576K
}
Event: 6.251 GC heap after
{Heap after GC invocations=14 (full 0):
 garbage-first heap   total 98304K, used 45526K [0x0000000080000000, 0x0000000100000000)
  region size 1024K, 4 young (4096K), 4 survivors (4096K)
 Metaspace       used 43988K, committed 44352K, reserved 1114112K
  class space    used 5882K, committed 6080K, reserved 1048576K
}
Event: 6.255 GC heap before
{Heap before GC invocations=14 (full 0):
 garbage-first heap   total 98304K, used 48598K [0x0000000080000000, 0x0000000100000000)
  region size 1024K, 5 young (5120K), 4 survivors (4096K)
 Metaspace       used 43988K, committed 44352K, reserved 1114112K
  class space    used 5882K, committed 6080K, reserved 1048576K
}
Event: 6.257 GC heap after
{Heap after GC invocations=15 (full 0):
 garbage-first heap   total 98304K, used 46919K [0x0000000080000000, 0x0000000100000000)
  region size 1024K, 1 young (1024K), 1 survivors (1024K)
 Metaspace       used 43988K, committed 44352K, reserved 1114112K
  class space    used 5882K, committed 6080K, reserved 1048576K
}
Event: 6.967 GC heap before
{Heap before GC invocations=16 (full 0):
 garbage-first heap   total 98304K, used 78663K [0x0000000080000000, 0x0000000100000000)
  region size 1024K, 30 young (30720K), 1 survivors (1024K)
 Metaspace       used 48306K, committed 48640K, reserved 1114112K
  class space    used 6431K, committed 6592K, reserved 1048576K
}
Event: 6.970 GC heap after
{Heap after GC invocations=17 (full 0):
 garbage-first heap   total 98304K, used 46537K [0x0000000080000000, 0x0000000100000000)
  region size 1024K, 2 young (2048K), 2 survivors (2048K)
 Metaspace       used 48306K, committed 48640K, reserved 1114112K
  class space    used 6431K, committed 6592K, reserved 1048576K
}
Event: 7.323 GC heap before
{Heap before GC invocations=17 (full 0):
 garbage-first heap   total 98304K, used 61897K [0x0000000080000000, 0x0000000100000000)
  region size 1024K, 18 young (18432K), 2 survivors (2048K)
 Metaspace       used 49207K, committed 49664K, reserved 1114112K
  class space    used 6565K, committed 6784K, reserved 1048576K
}
Event: 7.327 GC heap after
{Heap after GC invocations=18 (full 0):
 garbage-first heap   total 98304K, used 48946K [0x0000000080000000, 0x0000000100000000)
  region size 1024K, 5 young (5120K), 5 survivors (5120K)
 Metaspace       used 49207K, committed 49664K, reserved 1114112K
  class space    used 6565K, committed 6784K, reserved 1048576K
}
Event: 7.407 GC heap before
{Heap before GC invocations=19 (full 0):
 garbage-first heap   total 98304K, used 55090K [0x0000000080000000, 0x0000000100000000)
  region size 1024K, 10 young (10240K), 5 survivors (5120K)
 Metaspace       used 49524K, committed 49984K, reserved 1114112K
  class space    used 6590K, committed 6784K, reserved 1048576K
}
Event: 7.411 GC heap after
{Heap after GC invocations=20 (full 0):
 garbage-first heap   total 98304K, used 53457K [0x0000000080000000, 0x0000000100000000)
  region size 1024K, 4 young (4096K), 4 survivors (4096K)
 Metaspace       used 49524K, committed 49984K, reserved 1114112K
  class space    used 6590K, committed 6784K, reserved 1048576K
}

Dll operation events (3 events):
Event: 0.006 Loaded shared library C:\Program Files\Android\Android Studio\jbr\bin\java.dll
Event: 0.117 Loaded shared library C:\Program Files\Android\Android Studio\jbr\bin\zip.dll
Event: 0.459 Loaded shared library C:\Program Files\Android\Android Studio\jbr\bin\verify.dll

Deoptimization events (20 events):
Event: 7.275 Thread 0x000001e0a74ff4e0 Uncommon trap: trap_request=0xffffffcc fr.pc=0x000001e0937cd8ec relative=0x000000000000518c
Event: 7.275 Thread 0x000001e0a74ff4e0 Uncommon trap: reason=intrinsic_or_type_checked_inlining action=make_not_entrant pc=0x000001e0937cd8ec method=java.util.ArrayList$SubList.toArray([Ljava/lang/Object;)[Ljava/lang/Object; @ 58 c2
Event: 7.275 Thread 0x000001e0a74ff4e0 DEOPT PACKING pc=0x000001e0937cd8ec sp=0x00000031f58f8200
Event: 7.275 Thread 0x000001e0a74ff4e0 DEOPT UNPACKING pc=0x000001e0930369a3 sp=0x00000031f58f8168 mode 2
Event: 7.275 Thread 0x000001e0a74ff4e0 Uncommon trap: trap_request=0xffffff76 fr.pc=0x000001e093794b4c relative=0x00000000000001ac
Event: 7.275 Thread 0x000001e0a74ff4e0 Uncommon trap: reason=predicate action=maybe_recompile pc=0x000001e093794b4c method=sun.instrument.TransformerManager.transform(Ljava/lang/Module;Ljava/lang/ClassLoader;Ljava/lang/String;Ljava/lang/Class;Ljava/security/ProtectionDomain;[B)[B @ 21 c2
Event: 7.276 Thread 0x000001e0a74ff4e0 DEOPT PACKING pc=0x000001e093794b4c sp=0x00000031f58f6d00
Event: 7.276 Thread 0x000001e0a74ff4e0 DEOPT UNPACKING pc=0x000001e0930369a3 sp=0x00000031f58f6ca8 mode 2
Event: 7.477 Thread 0x000001e0a74ff4e0 Uncommon trap: trap_request=0xffffff76 fr.pc=0x000001e09383d0ec relative=0x00000000000001ac
Event: 7.477 Thread 0x000001e0a74ff4e0 Uncommon trap: reason=predicate action=maybe_recompile pc=0x000001e09383d0ec method=java.util.Arrays.binarySearch0([Ljava/lang/Object;IILjava/lang/Object;Ljava/util/Comparator;)I @ 25 c2
Event: 7.477 Thread 0x000001e0a74ff4e0 DEOPT PACKING pc=0x000001e09383d0ec sp=0x00000031f58f70b0
Event: 7.477 Thread 0x000001e0a74ff4e0 DEOPT UNPACKING pc=0x000001e0930369a3 sp=0x00000031f58f6fa8 mode 2
Event: 7.477 Thread 0x000001e0a74ff4e0 Uncommon trap: trap_request=0xffffff76 fr.pc=0x000001e09383c6f4 relative=0x00000000000001b4
Event: 7.477 Thread 0x000001e0a74ff4e0 Uncommon trap: reason=predicate action=maybe_recompile pc=0x000001e09383c6f4 method=java.util.Arrays.binarySearch0([Ljava/lang/Object;IILjava/lang/Object;Ljava/util/Comparator;)I @ 25 c2
Event: 7.477 Thread 0x000001e0a74ff4e0 DEOPT PACKING pc=0x000001e09383c6f4 sp=0x00000031f58f7010
Event: 7.477 Thread 0x000001e0a74ff4e0 DEOPT UNPACKING pc=0x000001e0930369a3 sp=0x00000031f58f6fa0 mode 2
Event: 7.674 Thread 0x000001e0a74ff4e0 Uncommon trap: trap_request=0xffffff45 fr.pc=0x000001e093696f00 relative=0x0000000000008320
Event: 7.674 Thread 0x000001e0a74ff4e0 Uncommon trap: reason=unstable_if action=reinterpret pc=0x000001e093696f00 method=jdk.internal.org.objectweb.asm.Frame.execute(IILjdk/internal/org/objectweb/asm/Symbol;Ljdk/internal/org/objectweb/asm/SymbolTable;)V @ 1 c2
Event: 7.674 Thread 0x000001e0a74ff4e0 DEOPT PACKING pc=0x000001e093696f00 sp=0x00000031f58f9320
Event: 7.674 Thread 0x000001e0a74ff4e0 DEOPT UNPACKING pc=0x000001e0930369a3 sp=0x00000031f58f9300 mode 2

Classes unloaded (0 events):
No events

Classes redefined (0 events):
No events

Internal exceptions (20 events):
Event: 7.571 Thread 0x000001e0a74ff4e0 Exception <a 'java/lang/ClassNotFoundException'{0x00000000854e6470}: org/jetbrains/plugins/gradle/tooling/tasks/DependenciesReport$ReportGeneratorCustomizer> (0x00000000854e6470) 
thrown [s\src\hotspot\share\classfile\systemDictionary.cpp, line 256]
Event: 7.573 Thread 0x000001e0a74ff4e0 Exception <a 'java/lang/ClassNotFoundException'{0x000000008531a970}: org/jetbrains/plugins/gradle/tooling/builder/DependencyGraphModelBuilderImplBeanInfo> (0x000000008531a970) 
thrown [s\src\hotspot\share\classfile\systemDictionary.cpp, line 256]
Event: 7.574 Thread 0x000001e0a74ff4e0 Exception <a 'java/lang/ClassNotFoundException'{0x0000000085325f40}: org/jetbrains/plugins/gradle/tooling/builder/DependencyGraphModelBuilderImplCustomizer> (0x0000000085325f40) 
thrown [s\src\hotspot\share\classfile\systemDictionary.cpp, line 256]
Event: 7.584 Thread 0x000001e0a74ff4e0 Exception <a 'java/lang/ClassNotFoundException'{0x00000000853d4cc0}: org/jetbrains/plugins/gradle/tooling/builder/ExternalTestsModelBuilderImplBeanInfo> (0x00000000853d4cc0) 
thrown [s\src\hotspot\share\classfile\systemDictionary.cpp, line 256]
Event: 7.585 Thread 0x000001e0a74ff4e0 Exception <a 'java/lang/ClassNotFoundException'{0x00000000853e0568}: org/jetbrains/plugins/gradle/tooling/builder/ExternalTestsModelBuilderImplCustomizer> (0x00000000853e0568) 
thrown [s\src\hotspot\share\classfile\systemDictionary.cpp, line 256]
Event: 7.607 Thread 0x000001e0a74ff4e0 Exception <a 'java/lang/ClassNotFoundException'{0x000000008515f8b8}: org/jetbrains/plugins/gradle/tooling/builder/ProjectExtensionsDataBuilderImplBeanInfo> (0x000000008515f8b8) 
thrown [s\src\hotspot\share\classfile\systemDictionary.cpp, line 256]
Event: 7.607 Thread 0x000001e0a74ff4e0 Exception <a 'java/lang/ClassNotFoundException'{0x000000008516b160}: org/jetbrains/plugins/gradle/tooling/builder/ProjectExtensionsDataBuilderImplCustomizer> (0x000000008516b160) 
thrown [s\src\hotspot\share\classfile\systemDictionary.cpp, line 256]
Event: 7.610 Thread 0x000001e0a74ff4e0 Exception <a 'java/lang/ClassNotFoundException'{0x000000008519c9a0}: org/jetbrains/plugins/gradle/tooling/builder/IntelliJSettingsBuilderBeanInfo> (0x000000008519c9a0) 
thrown [s\src\hotspot\share\classfile\systemDictionary.cpp, line 256]
Event: 7.610 Thread 0x000001e0a74ff4e0 Exception <a 'java/lang/ClassNotFoundException'{0x00000000851a7ef0}: org/jetbrains/plugins/gradle/tooling/builder/IntelliJSettingsBuilderCustomizer> (0x00000000851a7ef0) 
thrown [s\src\hotspot\share\classfile\systemDictionary.cpp, line 256]
Event: 7.612 Thread 0x000001e0a74ff4e0 Exception <a 'java/lang/ClassNotFoundException'{0x00000000851d9570}: org/jetbrains/plugins/gradle/tooling/builder/IntelliJProjectSettingsBuilderBeanInfo> (0x00000000851d9570) 
thrown [s\src\hotspot\share\classfile\systemDictionary.cpp, line 256]
Event: 7.615 Thread 0x000001e0a74ff4e0 Exception <a 'java/lang/ClassNotFoundException'{0x00000000851e4b40}: org/jetbrains/plugins/gradle/tooling/builder/IntelliJProjectSettingsBuilderCustomizer> (0x00000000851e4b40) 
thrown [s\src\hotspot\share\classfile\systemDictionary.cpp, line 256]
Event: 7.618 Thread 0x000001e0a74ff4e0 Exception <a 'java/lang/ClassNotFoundException'{0x000000008501b928}: org/jetbrains/plugins/gradle/tooling/builder/DependencyAccessorsModelBuilderBeanInfo> (0x000000008501b928) 
thrown [s\src\hotspot\share\classfile\systemDictionary.cpp, line 256]
Event: 7.618 Thread 0x000001e0a74ff4e0 Exception <a 'java/lang/ClassNotFoundException'{0x0000000085026ef8}: org/jetbrains/plugins/gradle/tooling/builder/DependencyAccessorsModelBuilderCustomizer> (0x0000000085026ef8) 
thrown [s\src\hotspot\share\classfile\systemDictionary.cpp, line 256]
Event: 7.660 Thread 0x000001e0a74ff4e0 Exception <a 'java/lang/NoSuchMethodError'{0x0000000084fc8780}: 'java.lang.Object java.lang.invoke.DirectMethodHandle$Holder.newInvokeSpecial(java.lang.Object, java.lang.Object, int, int)'> (0x0000000084fc8780) 
thrown [s\src\hotspot\share\interpreter\linkResolver.cpp, line 771]
Event: 7.671 Thread 0x000001e0a74ff4e0 Exception <a 'sun/nio/fs/WindowsException'{0x0000000084e35a50}> (0x0000000084e35a50) 
thrown [s\src\hotspot\share\prims\jni.cpp, line 517]
Event: 7.672 Thread 0x000001e0a74ff4e0 Exception <a 'sun/nio/fs/WindowsException'{0x0000000084e372f8}> (0x0000000084e372f8) 
thrown [s\src\hotspot\share\prims\jni.cpp, line 517]
Event: 7.672 Thread 0x000001e0a74ff4e0 Exception <a 'sun/nio/fs/WindowsException'{0x0000000084e38b70}> (0x0000000084e38b70) 
thrown [s\src\hotspot\share\prims\jni.cpp, line 517]
Event: 7.672 Thread 0x000001e0a74ff4e0 Exception <a 'sun/nio/fs/WindowsException'{0x0000000084e3a400}> (0x0000000084e3a400) 
thrown [s\src\hotspot\share\prims\jni.cpp, line 517]
Event: 7.674 Thread 0x000001e0a74ff4e0 Exception <a 'java/lang/NoSuchMethodError'{0x0000000084e4c388}: 'java.lang.Object java.lang.invoke.Invokers$Holder.invoker(java.lang.Object, java.lang.Object, java.lang.Object, java.lang.Object, java.lang.Object, java.lang.Object, java.lang.Object, java.lang.Object, java.lang.Object)'> (0x0000000084e4c388) 
thrown [s\src\hotspot\share\interpreter\linkResolver.cpp, line 771]
Event: 7.689 Thread 0x000001e0a74ff4e0 Exception <a 'java/lang/NoSuchMethodError'{0x0000000084d025c0}: 'java.lang.Object java.lang.invoke.Invokers$Holder.invoker(java.lang.Object, java.lang.Object, java.lang.Object, java.lang.Object)'> (0x0000000084d025c0) 
thrown [s\src\hotspot\share\interpreter\linkResolver.cpp, line 771]

VM Operations (20 events):
Event: 6.435 Executing VM operation: HandshakeAllThreads
Event: 6.435 Executing VM operation: HandshakeAllThreads done
Event: 6.660 Executing VM operation: HandshakeAllThreads
Event: 6.660 Executing VM operation: HandshakeAllThreads done
Event: 6.966 Executing VM operation: G1CollectForAllocation
Event: 6.970 Executing VM operation: G1CollectForAllocation done
Event: 7.243 Executing VM operation: HandshakeAllThreads
Event: 7.244 Executing VM operation: HandshakeAllThreads done
Event: 7.323 Executing VM operation: G1TryInitiateConcMark
Event: 7.327 Executing VM operation: G1TryInitiateConcMark done
Event: 7.361 Executing VM operation: G1PauseRemark
Event: 7.367 Executing VM operation: G1PauseRemark done
Event: 7.381 Executing VM operation: G1PauseCleanup
Event: 7.384 Executing VM operation: G1PauseCleanup done
Event: 7.407 Executing VM operation: G1TryInitiateConcMark
Event: 7.411 Executing VM operation: G1TryInitiateConcMark done
Event: 7.447 Executing VM operation: G1PauseRemark
Event: 7.467 Executing VM operation: G1PauseRemark done
Event: 7.482 Executing VM operation: G1PauseCleanup
Event: 7.484 Executing VM operation: G1PauseCleanup done

Events (20 events):
Event: 7.309 loading class java/lang/ClassLoaderBeanInfo
Event: 7.309 loading class java/lang/ClassLoaderBeanInfo done
Event: 7.309 loading class java/lang/ClassLoaderCustomizer
Event: 7.309 loading class java/lang/ClassLoaderCustomizer done
Event: 7.310 loading class java/lang/ClassLoaderCustomizer
Event: 7.310 loading class java/lang/ClassLoaderCustomizer done
Event: 7.310 loading class java/security/SecureClassLoaderCustomizer
Event: 7.310 loading class java/security/SecureClassLoaderCustomizer done
Event: 7.310 loading class java/security/SecureClassLoaderCustomizer
Event: 7.310 loading class java/security/SecureClassLoaderCustomizer done
Event: 7.311 loading class java/net/URLClassLoaderCustomizer
Event: 7.311 loading class java/net/URLClassLoaderCustomizer done
Event: 7.311 loading class java/net/URLClassLoaderCustomizer
Event: 7.311 loading class java/net/URLClassLoaderCustomizer done
Event: 7.617 loading class java/net/UnknownServiceException
Event: 7.617 loading class java/net/UnknownServiceException done
Event: 7.654 loading class java/util/BitSet$1BitSetSpliterator
Event: 7.654 loading class java/util/BitSet$1BitSetSpliterator done
Event: 7.667 loading class jdk/internal/reflect/UnsafeStaticIntegerFieldAccessorImpl
Event: 7.667 loading class jdk/internal/reflect/UnsafeStaticIntegerFieldAccessorImpl done


Dynamic libraries:
0x00007ff68ae20000 - 0x00007ff68ae2a000 	C:\Program Files\Android\Android Studio\jbr\bin\java.exe
0x00007ffb25c10000 - 0x00007ffb25e08000 	C:\WINDOWS\SYSTEM32\ntdll.dll
0x00007ffb24bd0000 - 0x00007ffb24c8d000 	C:\WINDOWS\System32\KERNEL32.DLL
0x00007ffb23330000 - 0x00007ffb23626000 	C:\WINDOWS\System32\KERNELBASE.dll
0x00007ffb23830000 - 0x00007ffb23930000 	C:\WINDOWS\System32\ucrtbase.dll
0x00007ffb09660000 - 0x00007ffb09677000 	C:\Program Files\Android\Android Studio\jbr\bin\jli.dll
0x00007ffb1e180000 - 0x00007ffb1e19b000 	C:\Program Files\Android\Android Studio\jbr\bin\VCRUNTIME140.dll
0x00007ffb25520000 - 0x00007ffb256bf000 	C:\WINDOWS\System32\USER32.dll
0x00007ffb23630000 - 0x00007ffb23652000 	C:\WINDOWS\System32\win32u.dll
0x00007ffb18c10000 - 0x00007ffb18eaa000 	C:\WINDOWS\WinSxS\amd64_microsoft.windows.common-controls_6595b64144ccf1df_6.0.19041.3636_none_60b6a03d71f818d5\COMCTL32.dll
0x00007ffb23f60000 - 0x00007ffb23f8b000 	C:\WINDOWS\System32\GDI32.dll
0x00007ffb24f60000 - 0x00007ffb24ffe000 	C:\WINDOWS\System32\msvcrt.dll
0x00007ffb23a90000 - 0x00007ffb23ba7000 	C:\WINDOWS\System32\gdi32full.dll
0x00007ffb23790000 - 0x00007ffb2382d000 	C:\WINDOWS\System32\msvcp_win.dll
0x00007ffb24db0000 - 0x00007ffb24de2000 	C:\WINDOWS\System32\IMM32.DLL
0x00007ffb0a7f0000 - 0x00007ffb0a7fc000 	C:\Program Files\Android\Android Studio\jbr\bin\vcruntime140_1.dll
0x00007ffb099a0000 - 0x00007ffb09a2d000 	C:\Program Files\Android\Android Studio\jbr\bin\msvcp140.dll
0x00007ffad48e0000 - 0x00007ffad5563000 	C:\Program Files\Android\Android Studio\jbr\bin\server\jvm.dll
0x00007ffb23c40000 - 0x00007ffb23cf0000 	C:\WINDOWS\System32\ADVAPI32.dll
0x00007ffb23f90000 - 0x00007ffb24030000 	C:\WINDOWS\System32\sechost.dll
0x00007ffb23dd0000 - 0x00007ffb23ef3000 	C:\WINDOWS\System32\RPCRT4.dll
0x00007ffb236b0000 - 0x00007ffb236d7000 	C:\WINDOWS\System32\bcrypt.dll
0x00007ffb22850000 - 0x00007ffb2289b000 	C:\WINDOWS\SYSTEM32\POWRPROF.dll
0x00007ffb015f0000 - 0x00007ffb015f9000 	C:\WINDOWS\SYSTEM32\WSOCK32.dll
0x00007ffb24e90000 - 0x00007ffb24efb000 	C:\WINDOWS\System32\WS2_32.dll
0x00007ffb1a550000 - 0x00007ffb1a577000 	C:\WINDOWS\SYSTEM32\WINMM.dll
0x00007ffb1e560000 - 0x00007ffb1e56a000 	C:\WINDOWS\SYSTEM32\VERSION.dll
0x00007ffb226c0000 - 0x00007ffb226d2000 	C:\WINDOWS\SYSTEM32\UMPDC.dll
0x00007ffb21150000 - 0x00007ffb21162000 	C:\WINDOWS\SYSTEM32\kernel.appcore.dll
0x00007ffb1e1b0000 - 0x00007ffb1e1ba000 	C:\Program Files\Android\Android Studio\jbr\bin\jimage.dll
0x00007ffb1a270000 - 0x00007ffb1a454000 	C:\WINDOWS\SYSTEM32\DBGHELP.DLL
0x00007ffb13f40000 - 0x00007ffb13f74000 	C:\WINDOWS\SYSTEM32\dbgcore.DLL
0x00007ffb23bb0000 - 0x00007ffb23c32000 	C:\WINDOWS\System32\bcryptPrimitives.dll
0x00007ffb1e1a0000 - 0x00007ffb1e1ae000 	C:\Program Files\Android\Android Studio\jbr\bin\instrument.dll
0x00007ffb11aa0000 - 0x00007ffb11ac5000 	C:\Program Files\Android\Android Studio\jbr\bin\java.dll
0x00007ffb0a7a0000 - 0x00007ffb0a7b8000 	C:\Program Files\Android\Android Studio\jbr\bin\zip.dll
0x00007ffb24030000 - 0x00007ffb2479b000 	C:\WINDOWS\System32\SHELL32.dll
0x00007ffb21350000 - 0x00007ffb21aee000 	C:\WINDOWS\SYSTEM32\windows.storage.dll
0x00007ffb24860000 - 0x00007ffb24bb3000 	C:\WINDOWS\System32\combase.dll
0x00007ffb22cf0000 - 0x00007ffb22d1e000 	C:\WINDOWS\SYSTEM32\Wldp.dll
0x00007ffb251b0000 - 0x00007ffb2527d000 	C:\WINDOWS\System32\OLEAUT32.dll
0x00007ffb25470000 - 0x00007ffb2551d000 	C:\WINDOWS\System32\SHCORE.dll
0x00007ffb23f00000 - 0x00007ffb23f55000 	C:\WINDOWS\System32\shlwapi.dll
0x00007ffb231f0000 - 0x00007ffb23213000 	C:\WINDOWS\SYSTEM32\profapi.dll
0x00007ffb09a50000 - 0x00007ffb09a69000 	C:\Program Files\Android\Android Studio\jbr\bin\net.dll
0x00007ffb1c860000 - 0x00007ffb1c96a000 	C:\WINDOWS\SYSTEM32\WINHTTP.dll
0x00007ffb22a50000 - 0x00007ffb22aba000 	C:\WINDOWS\system32\mswsock.dll
0x00007ffb097a0000 - 0x00007ffb097b6000 	C:\Program Files\Android\Android Studio\jbr\bin\nio.dll
0x00007ffb09cc0000 - 0x00007ffb09cd0000 	C:\Program Files\Android\Android Studio\jbr\bin\verify.dll
0x00007ffb1c7d0000 - 0x00007ffb1c7f7000 	C:\Users\Jose Martins\.gradle\native\c067742578af261105cb4f569cf0c3c89f3d7b1fecec35dd04571415982c5e48\windows-amd64\native-platform.dll
0x00007ffae8700000 - 0x00007ffae8844000 	C:\Users\Jose Martins\.gradle\native\38dada09dfb8b06ba9b0570ebf7e218e3eb74d4ef43ca46872605cf95ebc2f47\windows-amd64\native-platform-file-events.dll
0x00007ffb0a970000 - 0x00007ffb0a979000 	C:\Program Files\Android\Android Studio\jbr\bin\management.dll
0x00007ffb09d50000 - 0x00007ffb09d5b000 	C:\Program Files\Android\Android Studio\jbr\bin\management_ext.dll
0x00007ffb24bc0000 - 0x00007ffb24bc8000 	C:\WINDOWS\System32\PSAPI.DLL
0x00007ffb22c40000 - 0x00007ffb22c58000 	C:\WINDOWS\SYSTEM32\CRYPTSP.dll
0x00007ffb22300000 - 0x00007ffb22334000 	C:\WINDOWS\system32\rsaenh.dll
0x00007ffb231b0000 - 0x00007ffb231de000 	C:\WINDOWS\SYSTEM32\USERENV.dll
0x00007ffb22c60000 - 0x00007ffb22c6c000 	C:\WINDOWS\SYSTEM32\CRYPTBASE.dll
0x00007ffb226e0000 - 0x00007ffb2271b000 	C:\WINDOWS\SYSTEM32\IPHLPAPI.DLL
0x00007ffb24850000 - 0x00007ffb24858000 	C:\WINDOWS\System32\NSI.dll
0x00007ffb1cd60000 - 0x00007ffb1cd77000 	C:\WINDOWS\SYSTEM32\dhcpcsvc6.DLL
0x00007ffb1da30000 - 0x00007ffb1da4d000 	C:\WINDOWS\SYSTEM32\dhcpcsvc.DLL
0x00007ffb22720000 - 0x00007ffb227eb000 	C:\WINDOWS\SYSTEM32\DNSAPI.dll
0x00007ffb1ece0000 - 0x00007ffb1ece7000 	C:\WINDOWS\system32\wshunix.dll

dbghelp: loaded successfully - version: 4.0.5 - missing functions: none
symbol engine: initialized successfully - sym options: 0x614 - pdb path: .;C:\Program Files\Android\Android Studio\jbr\bin;C:\WINDOWS\SYSTEM32;C:\WINDOWS\WinSxS\amd64_microsoft.windows.common-controls_6595b64144ccf1df_6.0.19041.3636_none_60b6a03d71f818d5;C:\Program Files\Android\Android Studio\jbr\bin\server;C:\Users\Jose Martins\.gradle\native\c067742578af261105cb4f569cf0c3c89f3d7b1fecec35dd04571415982c5e48\windows-amd64;C:\Users\Jose Martins\.gradle\native\38dada09dfb8b06ba9b0570ebf7e218e3eb74d4ef43ca46872605cf95ebc2f47\windows-amd64

VM Arguments:
jvm_args: --add-opens=java.base/java.util=ALL-UNNAMED --add-opens=java.base/java.lang=ALL-UNNAMED --add-opens=java.base/java.lang.invoke=ALL-UNNAMED --add-opens=java.prefs/java.util.prefs=ALL-UNNAMED --add-opens=java.base/java.nio.charset=ALL-UNNAMED --add-opens=java.base/java.net=ALL-UNNAMED --add-opens=java.base/java.util.concurrent.atomic=ALL-UNNAMED -Xmx2048m -Dfile.encoding=UTF-8 -Duser.country=PT -Duser.language=pt -Duser.variant -javaagent:C:\Users\Jose Martins\.gradle\wrapper\dists\gradle-8.4-bin\1w5dpkrfk8irigvoxmyhowfim\gradle-8.4\lib\agents\gradle-instrumentation-agent-8.4.jar 
java_command: org.gradle.launcher.daemon.bootstrap.GradleDaemon 8.4
java_class_path (initial): C:\Users\Jose Martins\.gradle\wrapper\dists\gradle-8.4-bin\1w5dpkrfk8irigvoxmyhowfim\gradle-8.4\lib\gradle-launcher-8.4.jar
Launcher Type: SUN_STANDARD

[Global flags]
     intx CICompilerCount                          = 3                                         {product} {ergonomic}
     uint ConcGCThreads                            = 1                                         {product} {ergonomic}
     uint G1ConcRefinementThreads                  = 4                                         {product} {ergonomic}
   size_t G1HeapRegionSize                         = 1048576                                   {product} {ergonomic}
    uintx GCDrainStackTargetSize                   = 64                                        {product} {ergonomic}
   size_t InitialHeapSize                          = 134217728                                 {product} {ergonomic}
   size_t MarkStackSize                            = 4194304                                   {product} {ergonomic}
   size_t MaxHeapSize                              = 2147483648                                {product} {command line}
   size_t MaxNewSize                               = 1287651328                                {product} {ergonomic}
   size_t MinHeapDeltaBytes                        = 1048576                                   {product} {ergonomic}
   size_t MinHeapSize                              = 8388608                                   {product} {ergonomic}
    uintx NonNMethodCodeHeapSize                   = 5832780                                {pd product} {ergonomic}
    uintx NonProfiledCodeHeapSize                  = 122912730                              {pd product} {ergonomic}
    uintx ProfiledCodeHeapSize                     = 122912730                              {pd product} {ergonomic}
    uintx ReservedCodeCacheSize                    = 251658240                              {pd product} {ergonomic}
     bool SegmentedCodeCache                       = true                                      {product} {ergonomic}
   size_t SoftMaxHeapSize                          = 2147483648                             {manageable} {ergonomic}
     bool UseCompressedClassPointers               = true                           {product lp64_product} {ergonomic}
     bool UseCompressedOops                        = true                           {product lp64_product} {ergonomic}
     bool UseG1GC                                  = true                                      {product} {ergonomic}
     bool UseLargePagesIndividualAllocation        = false                                  {pd product} {ergonomic}

Logging:
Log output configuration:
 #0: stdout all=warning uptime,level,tags
 #1: stderr all=off uptime,level,tags

Environment Variables:
PATH=C:\Python312\Scripts\;C:\Python312\;C:\ProgramData\Oracle\Java\javapath;C:\WINDOWS\system32;C:\WINDOWS;C:\WINDOWS\System32\Wbem;C:\WINDOWS\System32\WindowsPowerShell\v1.0\;C:\WINDOWS\System32\OpenSSH\;C:\Program Files\NVIDIA Corporation\NVIDIA NvDLISR;C:\WINDOWS\system32;C:\WINDOWS;C:\WINDOWS\System32\Wbem;C:\WINDOWS\System32\WindowsPowerShell\v1.0\;C:\WINDOWS\System32\OpenSSH\;C:\Program Files (x86)\NVIDIA Corporation\PhysX\Common;C:\Program Files\nodejs\;C:\ProgramData\chocolatey\bin;C:\Program Files\Git\cmd;C:\Users\Jose Martins\AppData\Local\Microsoft\WindowsApps;C:\Users\Jose Martins\AppData\Roaming\npm
USERNAME=Jose Martins
OS=Windows_NT
PROCESSOR_IDENTIFIER=Intel64 Family 6 Model 158 Stepping 9, GenuineIntel
TMP=C:\Users\JOSEMA~1\AppData\Local\Temp
TEMP=C:\Users\JOSEMA~1\AppData\Local\Temp



Periodic native trim disabled

JNI global refs:
JNI global refs: 25, weak refs: 0

JNI global refs memory usage: 843, weak refs: 841

OOME stack traces (most recent first):
Classloader memory used:
Loader org.gradle.internal.classloader.VisitableURLClassLoader                         : 3086K
Loader bootstrap                                                                       : 2390K
Loader org.gradle.initialization.MixInLegacyTypesClassLoader                           : 700K
Loader org.gradle.internal.classloader.VisitableURLClassLoader$InstrumentingVisitableURLClassLoader: 81358B
Loader jdk.internal.loader.ClassLoaders$PlatformClassLoader                            : 68159B
Loader org.gradle.internal.classloader.VisitableURLClassLoader                         : 54541B
Loader jdk.internal.loader.ClassLoaders$AppClassLoader                                 : 28451B
Loader jdk.internal.reflect.DelegatingClassLoader                                      : 25758B
Loader org.gradle.groovy.scripts.internal.DefaultScriptCompilationHandler$ScriptClassLoader: 10733B
Loader org.codehaus.groovy.runtime.callsite.CallSiteClassLoader                        : 5773B

Classes loaded by more than one classloader:
Class org.gradle.api.GradleException                                                  : loaded 3 times (x 80B)
Class org.gradle.util.GradleVersion                                                   : loaded 2 times (x 81B)
Class org.jetbrains.plugins.gradle.model.MavenRepositoryModel                         : loaded 2 times (x 68B)
Class org.gradle.internal.classpath.ClassPath                                         : loaded 2 times (x 68B)
Class org.gradle.api.internal.classpath.DefaultModuleRegistry                         : loaded 2 times (x 84B)
Class org.gradle.internal.exceptions.NonGradleCauseExceptionsHolder                   : loaded 2 times (x 68B)
Class com.intellij.openapi.externalSystem.model.ExternalSystemException               : loaded 2 times (x 84B)
Class org.gradle.api.Action                                                           : loaded 2 times (x 68B)
Class org.jetbrains.plugins.gradle.model.ExternalProject                              : loaded 2 times (x 68B)
Class org.gradle.api.internal.DefaultClassPathProvider                                : loaded 2 times (x 74B)
Class org.gradle.internal.installation.GradleInstallation$1                           : loaded 2 times (x 73B)
Class org.gradle.internal.exceptions.DefaultMultiCauseException                       : loaded 2 times (x 89B)
Class ijInit3_15mdy33iv9sssv7mbgrb0v3zs                                               : loaded 2 times (x 177B)
Class org.gradle.internal.time.MonotonicClock                                         : loaded 2 times (x 75B)
Class org.gradle.internal.classloader.FilteringClassLoader                            : loaded 2 times (x 103B)
Class org.gradle.tooling.model.Model                                                  : loaded 2 times (x 68B)
Class org.gradle.internal.classpath.DefaultClassPath$ImmutableUniqueList$Builder      : loaded 2 times (x 73B)
Class org.gradle.internal.classloader.ClassLoaderVisitor                              : loaded 2 times (x 74B)
Class org.gradle.internal.time.DefaultCountdownTimer                                  : loaded 2 times (x 86B)
Class org.gradle.internal.service.DefaultServiceLocator                               : loaded 2 times (x 81B)
Class org.gradle.internal.service.UnknownServiceException                             : loaded 2 times (x 81B)
Class org.gradle.internal.classloader.DefaultClassLoaderFactory                       : loaded 2 times (x 80B)
Class org.gradle.internal.classloader.VisitableURLClassLoader$Spec                    : loaded 2 times (x 72B)
Class org.gradle.tooling.model.ProjectModel                                           : loaded 2 times (x 68B)
Class org.gradle.internal.installation.GradleInstallation                             : loaded 2 times (x 73B)
Class org.gradle.api.internal.classpath.ModuleRegistry                                : loaded 2 times (x 68B)
Class org.jetbrains.plugins.gradle.model.RepositoriesModel                            : loaded 2 times (x 68B)
Class kotlin.jvm.internal.markers.KMappedMarker                                       : loaded 2 times (x 68B)
Class org.gradle.api.internal.ClassPathProvider                                       : loaded 2 times (x 68B)
Class org.gradle.internal.classloader.ClasspathUtil$1                                 : loaded 2 times (x 74B)
Class org.gradle.internal.classloader.ClassLoaderFactory                              : loaded 2 times (x 68B)
Class org.gradle.api.internal.classpath.ManifestUtil                                  : loaded 2 times (x 69B)
Class org.gradle.api.specs.Spec                                                       : loaded 2 times (x 68B)
Class org.gradle.internal.IoActions                                                   : loaded 2 times (x 69B)
Class org.gradle.api.internal.classpath.EffectiveClassPath                            : loaded 2 times (x 88B)
Class org.gradle.internal.installation.CurrentGradleInstallation                      : loaded 2 times (x 71B)
Class org.gradle.internal.agents.InstrumentingClassLoader                             : loaded 2 times (x 68B)
Class org.gradle.internal.installation.CurrentGradleInstallationLocator               : loaded 2 times (x 69B)
Class org.gradle.api.internal.classpath.Module                                        : loaded 2 times (x 68B)
Class org.gradle.internal.service.CachingServiceLocator                               : loaded 2 times (x 80B)
Class org.gradle.internal.time.Timer                                                  : loaded 2 times (x 68B)
Class org.gradle.internal.classpath.DefaultClassPath                                  : loaded 2 times (x 88B)
Class org.gradle.internal.time.Time                                                   : loaded 2 times (x 69B)
Class org.gradle.internal.time.TimeSource$1                                           : loaded 2 times (x 75B)
Class org.gradle.internal.classloader.SystemClassLoaderSpec                           : loaded 2 times (x 69B)
Class sync_studio_tooling3_ahetkvuy7hxpeakiu1qzh91xm                                  : loaded 2 times (x 177B)
Class kotlin.Function                                                                 : loaded 2 times (x 68B)
Class org.gradle.api.UncheckedIOException                                             : loaded 2 times (x 80B)
Class org.gradle.internal.time.CountdownTimer                                         : loaded 2 times (x 68B)
Class org.gradle.internal.time.Clock                                                  : loaded 2 times (x 68B)
Class org.gradle.internal.classloader.ClasspathUtil                                   : loaded 2 times (x 69B)
Class org.gradle.api.internal.DefaultClassPathRegistry                                : loaded 2 times (x 74B)
Class org.gradle.api.internal.classpath.DefaultModuleRegistry$DefaultModule           : loaded 2 times (x 84B)
Class org.gradle.internal.time.TimeSource                                             : loaded 2 times (x 68B)
Class sync_studio_tooling3_ahetkvuy7hxpeakiu1qzh91xm$_run_closure1                    : loaded 2 times (x 137B)
Class org.gradle.api.internal.classpath.UnknownModuleException                        : loaded 2 times (x 80B)
Class org.gradle.internal.service.ServiceLookupException                              : loaded 2 times (x 80B)
Class org.gradle.cache.GlobalCache                                                    : loaded 2 times (x 68B)
Class [Lorg.gradle.api.internal.ClassPathProvider;                                    : loaded 2 times (x 67B)
Class org.gradle.internal.operations.MultipleBuildOperationFailures                   : loaded 2 times (x 89B)
Class org.gradle.util.internal.GUtil                                                  : loaded 2 times (x 69B)
Class org.gradle.internal.classloader.ClassLoaderSpec                                 : loaded 2 times (x 69B)
Class org.gradle.internal.classloader.VisitableURLClassLoader                         : loaded 2 times (x 115B)
Class org.gradle.internal.Cast                                                        : loaded 2 times (x 69B)
Class org.gradle.api.internal.ClassPathRegistry                                       : loaded 2 times (x 68B)
Class org.gradle.internal.classloader.VisitableURLClassLoader$InstrumentingVisitableURLClassLoader: loaded 2 times (x 121B)
Class org.gradle.internal.classloader.ClassLoaderHierarchy                            : loaded 2 times (x 68B)
Class org.gradle.internal.exceptions.MultiCauseException                              : loaded 2 times (x 68B)
Class org.gradle.internal.InternalTransformer                                         : loaded 2 times (x 68B)
Class org.gradle.internal.service.ServiceLocator                                      : loaded 2 times (x 68B)
Class org.gradle.internal.classpath.DefaultClassPath$ImmutableUniqueList              : loaded 2 times (x 159B)
Class org.gradle.internal.time.DefaultTimer                                           : loaded 2 times (x 78B)
Class org.gradle.internal.classpath.TransformedClassPath                              : loaded 2 times (x 94B)


---------------  S Y S T E M  ---------------

OS:
 Windows 10 , 64 bit Build 19041 (10.0.19041.3636)
OS uptime: 0 days 0:58 hours

CPU: total 4 (initial active 4) (4 cores per cpu, 1 threads per core) family 6 model 158 stepping 9 microcode 0xb4, cx8, cmov, fxsr, mmx, 3dnowpref, sse, sse2, sse3, ssse3, sse4.1, sse4.2, popcnt, lzcnt, tsc, tscinvbit, avx, avx2, aes, erms, clmul, bmi1, bmi2, rtm, adx, fma, vzeroupper, clflush, clflushopt
Processor Information for all 4 processors :
  Max Mhz: 3501, Current Mhz: 3501, Mhz Limit: 3501

Memory: 4k page, system-wide physical 8123M (820M free)
TotalPageFile size 10171M (AvailPageFile size 9M)
current process WorkingSet (physical memory assigned to process): 259M, peak: 264M
current process commit charge ("private bytes"): 286M, peak: 292M

vm_info: OpenJDK 64-Bit Server VM (17.0.9+0--11185874) for windows-amd64 JRE (17.0.9+0--11185874), built on Dec  6 2023 18:57:44 by "androidbuild" with MS VC++ 16.10 / 16.11 (VS2019)

END.
