#
# There is insufficient memory for the Java Runtime Environment to continue.
# Native memory allocation (malloc) failed to allocate 3193536 bytes for Chunk::new
# Possible reasons:
#   The system is out of physical RAM or swap space
#   The process is running with CompressedOops enabled, and the Java Heap may be blocking the growth of the native heap
# Possible solutions:
#   Reduce memory load on the system
#   Increase physical memory or swap space
#   Check if swap backing store is full
#   Decrease Java heap size (-Xmx/-Xms)
#   Decrease number of Java threads
#   Decrease Java thread stack sizes (-Xss)
#   Set larger code cache with -XX:ReservedCodeCacheSize=
#   JVM is running with Unscaled Compressed Oops mode in which the Java heap is
#     placed in the first 4GB address space. The Java Heap base address is the
#     maximum limit for the native heap growth. Please use -XX:HeapBaseMinAddress
#     to set the Java Heap base and to place the Java Heap above 4GB virtual address.
# This output file may be truncated or incomplete.
#
#  Out of Memory Error (arena.cpp:191), pid=5164, tid=10184
#
# JRE version: OpenJDK Runtime Environment (17.0.9) (build 17.0.9+0--11185874)
# Java VM: OpenJDK 64-Bit Server VM (17.0.9+0--11185874, mixed mode, tiered, compressed oops, compressed class ptrs, g1 gc, windows-amd64)
# No core dump will be written. Minidumps are not enabled by default on client versions of Windows
#

---------------  S U M M A R Y ------------

Command Line: --add-opens=java.base/java.util=ALL-UNNAMED --add-opens=java.base/java.lang=ALL-UNNAMED --add-opens=java.base/java.lang.invoke=ALL-UNNAMED --add-opens=java.prefs/java.util.prefs=ALL-UNNAMED --add-opens=java.base/java.nio.charset=ALL-UNNAMED --add-opens=java.base/java.net=ALL-UNNAMED --add-opens=java.base/java.util.concurrent.atomic=ALL-UNNAMED -Xmx2048m -Dfile.encoding=UTF-8 -Duser.country=PT -Duser.language=pt -Duser.variant -javaagent:C:\Users\Jose Martins\.gradle\wrapper\dists\gradle-8.4-bin\1w5dpkrfk8irigvoxmyhowfim\gradle-8.4\lib\agents\gradle-instrumentation-agent-8.4.jar org.gradle.launcher.daemon.bootstrap.GradleDaemon 8.4

Host: Intel(R) Core(TM) i5-7600 CPU @ 3.50GHz, 4 cores, 7G,  Windows 10 , 64 bit Build 19041 (10.0.19041.3636)
Time: Wed May  1 18:40:23 2024 Hora de Verão de GMT elapsed time: 9.913705 seconds (0d 0h 0m 9s)

---------------  T H R E A D  ---------------

Current thread (0x000002669869c730):  JavaThread "C2 CompilerThread0" daemon [_thread_in_native, id=10184, stack(0x000000f352e00000,0x000000f352f00000)]


Current CompileTask:
C2:   9913 4379       4       org.gradle.internal.service.DefaultServiceRegistry$OwnServices::getService (309 bytes)

Stack: [0x000000f352e00000,0x000000f352f00000]
Native frames: (J=compiled Java code, j=interpreted, Vv=VM code, C=native code)
V  [jvm.dll+0x6886e9]
V  [jvm.dll+0x841e4a]
V  [jvm.dll+0x843a8e]
V  [jvm.dll+0x8440f3]
V  [jvm.dll+0x24c14f]
V  [jvm.dll+0xac44c]
V  [jvm.dll+0xaca9c]
V  [jvm.dll+0x36c1f7]
V  [jvm.dll+0x1be6a2]
V  [jvm.dll+0x21df09]
V  [jvm.dll+0x21d1d1]
V  [jvm.dll+0x1a674d]
V  [jvm.dll+0x22d088]
V  [jvm.dll+0x22b1c0]
V  [jvm.dll+0x7f62f7]
V  [jvm.dll+0x7f06aa]
V  [jvm.dll+0x687565]
C  [ucrtbase.dll+0x21bb2]
C  [KERNEL32.DLL+0x17344]
C  [ntdll.dll+0x526b1]


---------------  P R O C E S S  ---------------

Threads class SMR info:
_java_thread_list=0x00000266a10e6d10, length=40, elements={
0x00000266fedef910, 0x00000266fffb0490, 0x00000266fffb1c40, 0x00000266fffdb260,
0x00000266fffdcea0, 0x00000266fffdd770, 0x00000266fffde7e0, 0x000002669869c730,
0x000002669869d040, 0x00000266986a1d90, 0x00000266987fbc70, 0x000002669893cad0,
0x000002669e5e2030, 0x000002669eca2590, 0x000002669e1a7130, 0x000002669e1ce9f0,
0x000002669e1cf2a0, 0x000002669f3c93e0, 0x000002669f3c7580, 0x000002669f3c7070,
0x000002669f3c98f0, 0x000002669f3c8ed0, 0x000002669f3c89c0, 0x000002669f3c7a90,
0x000002669fc888d0, 0x000002669fc89800, 0x000002669fc8b150, 0x000002669fc8c080,
0x000002669fc8c590, 0x000002669fc8d4c0, 0x000002669fc883c0, 0x000002669fc879a0,
0x000002669fc86560, 0x000002669fc892f0, 0x000002669fc8b660, 0x000002669fc8a730,
0x000002669fc8bb70, 0x000002669fc8d9d0, 0x000002669fc86a70, 0x00000266a1104040
}

Java Threads: ( => current thread )
  0x00000266fedef910 JavaThread "main" [_thread_blocked, id=3764, stack(0x000000f352100000,0x000000f352200000)]
  0x00000266fffb0490 JavaThread "Reference Handler" daemon [_thread_blocked, id=18748, stack(0x000000f352800000,0x000000f352900000)]
  0x00000266fffb1c40 JavaThread "Finalizer" daemon [_thread_blocked, id=4884, stack(0x000000f352900000,0x000000f352a00000)]
  0x00000266fffdb260 JavaThread "Signal Dispatcher" daemon [_thread_blocked, id=20812, stack(0x000000f352a00000,0x000000f352b00000)]
  0x00000266fffdcea0 JavaThread "Attach Listener" daemon [_thread_blocked, id=1984, stack(0x000000f352b00000,0x000000f352c00000)]
  0x00000266fffdd770 JavaThread "Service Thread" daemon [_thread_blocked, id=21412, stack(0x000000f352c00000,0x000000f352d00000)]
  0x00000266fffde7e0 JavaThread "Monitor Deflation Thread" daemon [_thread_blocked, id=14724, stack(0x000000f352d00000,0x000000f352e00000)]
=>0x000002669869c730 JavaThread "C2 CompilerThread0" daemon [_thread_in_native, id=10184, stack(0x000000f352e00000,0x000000f352f00000)]
  0x000002669869d040 JavaThread "C1 CompilerThread0" daemon [_thread_blocked, id=3008, stack(0x000000f352f00000,0x000000f353000000)]
  0x00000266986a1d90 JavaThread "Sweeper thread" daemon [_thread_blocked, id=6476, stack(0x000000f353000000,0x000000f353100000)]
  0x00000266987fbc70 JavaThread "Common-Cleaner" daemon [_thread_blocked, id=13492, stack(0x000000f353100000,0x000000f353200000)]
  0x000002669893cad0 JavaThread "Notification Thread" daemon [_thread_blocked, id=5080, stack(0x000000f353200000,0x000000f353300000)]
  0x000002669e5e2030 JavaThread "Daemon health stats" [_thread_blocked, id=8576, stack(0x000000f353800000,0x000000f353900000)]
  0x000002669eca2590 JavaThread "Incoming local TCP Connector on port 53069" [_thread_in_native, id=6156, stack(0x000000f353900000,0x000000f353a00000)]
  0x000002669e1a7130 JavaThread "Daemon periodic checks" [_thread_blocked, id=19248, stack(0x000000f353a00000,0x000000f353b00000)]
  0x000002669e1ce9f0 JavaThread "Daemon" [_thread_blocked, id=20256, stack(0x000000f353b00000,0x000000f353c00000)]
  0x000002669e1cf2a0 JavaThread "Handler for socket connection from /127.0.0.1:53069 to /127.0.0.1:53070" [_thread_in_native, id=16712, stack(0x000000f353c00000,0x000000f353d00000)]
  0x000002669f3c93e0 JavaThread "Cancel handler" [_thread_blocked, id=11724, stack(0x000000f353400000,0x000000f353500000)]
  0x000002669f3c7580 JavaThread "Daemon worker" [_thread_in_vm, id=19432, stack(0x000000f353d00000,0x000000f353e00000)]
  0x000002669f3c7070 JavaThread "Asynchronous log dispatcher for DefaultDaemonConnection: socket connection from /127.0.0.1:53069 to /127.0.0.1:53070" [_thread_blocked, id=7420, stack(0x000000f353e00000,0x000000f353f00000)]
  0x000002669f3c98f0 JavaThread "Stdin handler" [_thread_blocked, id=18436, stack(0x000000f353f00000,0x000000f354000000)]
  0x000002669f3c8ed0 JavaThread "Daemon client event forwarder" [_thread_blocked, id=18876, stack(0x000000f354000000,0x000000f354100000)]
  0x000002669f3c89c0 JavaThread "Cache worker for journal cache (C:\Users\Jose Martins\.gradle\caches\journal-1)" [_thread_blocked, id=19172, stack(0x000000f354100000,0x000000f354200000)]
  0x000002669f3c7a90 JavaThread "File lock request listener" [_thread_in_native, id=8912, stack(0x000000f354200000,0x000000f354300000)]
  0x000002669fc888d0 JavaThread "Cache worker for file hash cache (C:\Users\Jose Martins\.gradle\caches\8.4\fileHashes)" [_thread_blocked, id=1608, stack(0x000000f354300000,0x000000f354400000)]
  0x000002669fc89800 JavaThread "File watcher server" daemon [_thread_in_native, id=19948, stack(0x000000f354500000,0x000000f354600000)]
  0x000002669fc8b150 JavaThread "File watcher consumer" daemon [_thread_blocked, id=2468, stack(0x000000f354600000,0x000000f354700000)]
  0x000002669fc8c080 JavaThread "Cache worker for checksums cache (C:\developer\projects\github\carris\projeto_2\.gradle\8.4\checksums)" [_thread_blocked, id=7640, stack(0x000000f354700000,0x000000f354800000)]
  0x000002669fc8c590 JavaThread "Cache worker for file hash cache (C:\developer\projects\github\carris\projeto_2\.gradle\8.4\fileHashes)" [_thread_blocked, id=7504, stack(0x000000f354800000,0x000000f354900000)]
  0x000002669fc8d4c0 JavaThread "Cache worker for cache directory md-supplier (C:\Users\Jose Martins\.gradle\caches\8.4\md-supplier)" [_thread_blocked, id=6768, stack(0x000000f354900000,0x000000f354a00000)]
  0x000002669fc883c0 JavaThread "Cache worker for file content cache (C:\Users\Jose Martins\.gradle\caches\8.4\fileContent)" [_thread_blocked, id=5804, stack(0x000000f354a00000,0x000000f354b00000)]
  0x000002669fc879a0 JavaThread "Cache worker for cache directory md-rule (C:\Users\Jose Martins\.gradle\caches\8.4\md-rule)" [_thread_blocked, id=2008, stack(0x000000f354b00000,0x000000f354c00000)]
  0x000002669fc86560 JavaThread "Cache worker for execution history cache (C:\Users\Jose Martins\.gradle\caches\8.4\executionHistory)" [_thread_blocked, id=3184, stack(0x000000f354c00000,0x000000f354d00000)]
  0x000002669fc892f0 JavaThread "jar transforms" [_thread_blocked, id=9140, stack(0x000000f354e00000,0x000000f354f00000)]
  0x000002669fc8b660 JavaThread "jar transforms Thread 2" [_thread_blocked, id=20460, stack(0x000000f354f00000,0x000000f355000000)]
  0x000002669fc8a730 JavaThread "jar transforms Thread 3" [_thread_blocked, id=19544, stack(0x000000f355000000,0x000000f355100000)]
  0x000002669fc8bb70 JavaThread "jar transforms Thread 4" [_thread_blocked, id=17336, stack(0x000000f355100000,0x000000f355200000)]
  0x000002669fc8d9d0 JavaThread "Cache worker for kotlin-dsl (C:\Users\Jose Martins\.gradle\caches\8.4\kotlin-dsl)" [_thread_blocked, id=18848, stack(0x000000f355200000,0x000000f355300000)]
  0x000002669fc86a70 JavaThread "Cache worker for dependencies-accessors (C:\developer\projects\github\carris\projeto_2\.gradle\8.4\dependencies-accessors)" [_thread_blocked, id=17476, stack(0x000000f354400000,0x000000f354500000)]
  0x00000266a1104040 JavaThread "C2 CompilerThread1" daemon [_thread_blocked, id=5332, stack(0x000000f355300000,0x000000f355400000)]

Other Threads:
  0x00000266fffaca40 VMThread "VM Thread" [stack: 0x000000f352700000,0x000000f352800000] [id=12240]
  0x00000266fedf07e0 WatcherThread [stack: 0x000000f353300000,0x000000f353400000] [id=16328]
  0x00000266fee49f10 GCTaskThread "GC Thread#0" [stack: 0x000000f352200000,0x000000f352300000] [id=3200]
  0x000002669d1e7200 GCTaskThread "GC Thread#1" [stack: 0x000000f353500000,0x000000f353600000] [id=6932]
  0x000002669d1e74c0 GCTaskThread "GC Thread#2" [stack: 0x000000f353600000,0x000000f353700000] [id=19976]
  0x000002669da465d0 GCTaskThread "GC Thread#3" [stack: 0x000000f353700000,0x000000f353800000] [id=19096]
  0x00000266fee5ad70 ConcurrentGCThread "G1 Main Marker" [stack: 0x000000f352300000,0x000000f352400000] [id=13124]
  0x00000266fee5b6a0 ConcurrentGCThread "G1 Conc#0" [stack: 0x000000f352400000,0x000000f352500000] [id=1620]
  0x00000266feead520 ConcurrentGCThread "G1 Refine#0" [stack: 0x000000f352500000,0x000000f352600000] [id=20336]
  0x00000266a0c76da0 ConcurrentGCThread "G1 Refine#1" [stack: 0x000000f354d00000,0x000000f354e00000] [id=18220]
  0x00000266feeade60 ConcurrentGCThread "G1 Service" [stack: 0x000000f352600000,0x000000f352700000] [id=18976]

Threads with active compile tasks:
C2 CompilerThread0     9934 4379       4       org.gradle.internal.service.DefaultServiceRegistry$OwnServices::getService (309 bytes)

VM state: not at safepoint (normal execution)

VM Mutex/Monitor currently owned by a thread: None

Heap address: 0x0000000080000000, size: 2048 MB, Compressed Oops mode: 32-bit

CDS archive(s) not mapped
Compressed class space mapped at: 0x0000000100000000-0x0000000140000000, reserved size: 1073741824
Narrow klass base: 0x0000000000000000, Narrow klass shift: 3, Narrow klass range: 0x140000000

GC Precious Log:
 CPUs: 4 total, 4 available
 Memory: 8123M
 Large Page Support: Disabled
 NUMA Support: Disabled
 Compressed Oops: Enabled (32-bit)
 Heap Region Size: 1M
 Heap Min Capacity: 8M
 Heap Initial Capacity: 128M
 Heap Max Capacity: 2G
 Pre-touch: Disabled
 Parallel Workers: 4
 Concurrent Workers: 1
 Concurrent Refinement Workers: 4
 Periodic GC: Disabled

Heap:
 garbage-first heap   total 82944K, used 45761K [0x0000000080000000, 0x0000000100000000)
  region size 1024K, 16 young (16384K), 4 survivors (4096K)
 Metaspace       used 50047K, committed 50560K, reserved 1114112K
  class space    used 6635K, committed 6848K, reserved 1048576K

Heap Regions: E=young(eden), S=young(survivor), O=old, HS=humongous(starts), HC=humongous(continues), CS=collection set, F=free, OA=open archive, CA=closed archive, TAMS=top-at-mark-start (previous, next)
|   0|0x0000000080000000, 0x0000000080100000, 0x0000000080100000|100%| O|  |TAMS 0x0000000080100000, 0x0000000080000000| Untracked 
|   1|0x0000000080100000, 0x0000000080200000, 0x0000000080200000|100%| O|  |TAMS 0x0000000080200000, 0x0000000080100000| Untracked 
|   2|0x0000000080200000, 0x0000000080300000, 0x0000000080300000|100%|HS|  |TAMS 0x0000000080300000, 0x0000000080200000| Complete 
|   3|0x0000000080300000, 0x0000000080400000, 0x0000000080400000|100%|HC|  |TAMS 0x0000000080400000, 0x0000000080300000| Complete 
|   4|0x0000000080400000, 0x0000000080500000, 0x0000000080500000|100%|HC|  |TAMS 0x0000000080500000, 0x0000000080400000| Complete 
|   5|0x0000000080500000, 0x0000000080600000, 0x0000000080600000|100%|HC|  |TAMS 0x0000000080600000, 0x0000000080500000| Complete 
|   6|0x0000000080600000, 0x0000000080700000, 0x0000000080700000|100%| O|  |TAMS 0x0000000080700000, 0x0000000080600000| Untracked 
|   7|0x0000000080700000, 0x0000000080800000, 0x0000000080800000|100%| O|  |TAMS 0x0000000080800000, 0x0000000080700000| Untracked 
|   8|0x0000000080800000, 0x0000000080900000, 0x0000000080900000|100%| O|  |TAMS 0x0000000080900000, 0x0000000080800000| Untracked 
|   9|0x0000000080900000, 0x0000000080a00000, 0x0000000080a00000|100%| O|  |TAMS 0x0000000080a00000, 0x0000000080900000| Untracked 
|  10|0x0000000080a00000, 0x0000000080adb200, 0x0000000080b00000| 85%| O|  |TAMS 0x0000000080adb200, 0x0000000080a00000| Untracked 
|  11|0x0000000080b00000, 0x0000000080c00000, 0x0000000080c00000|100%| O|  |TAMS 0x0000000080c00000, 0x0000000080b00000| Untracked 
|  12|0x0000000080c00000, 0x0000000080d00000, 0x0000000080d00000|100%| O|  |TAMS 0x0000000080d00000, 0x0000000080c00000| Untracked 
|  13|0x0000000080d00000, 0x0000000080e00000, 0x0000000080e00000|100%| O|  |TAMS 0x0000000080e00000, 0x0000000080d00000| Untracked 
|  14|0x0000000080e00000, 0x0000000080f00000, 0x0000000080f00000|100%| O|  |TAMS 0x0000000080f00000, 0x0000000080e00000| Untracked 
|  15|0x0000000080f00000, 0x0000000081000000, 0x0000000081000000|100%| O|  |TAMS 0x0000000081000000, 0x0000000080f00000| Untracked 
|  16|0x0000000081000000, 0x0000000081100000, 0x0000000081100000|100%| O|  |TAMS 0x0000000081100000, 0x0000000081000000| Untracked 
|  17|0x0000000081100000, 0x0000000081200000, 0x0000000081200000|100%| O|  |TAMS 0x0000000081200000, 0x0000000081100000| Untracked 
|  18|0x0000000081200000, 0x0000000081300000, 0x0000000081300000|100%| O|  |TAMS 0x0000000081300000, 0x0000000081200000| Untracked 
|  19|0x0000000081300000, 0x0000000081400000, 0x0000000081400000|100%| O|  |TAMS 0x0000000081400000, 0x0000000081300000| Untracked 
|  20|0x0000000081400000, 0x0000000081500000, 0x0000000081500000|100%| O|  |TAMS 0x0000000081421c00, 0x0000000081400000| Untracked 
|  21|0x0000000081500000, 0x0000000081600000, 0x0000000081600000|100%| O|  |TAMS 0x0000000081500000, 0x0000000081500000| Untracked 
|  22|0x0000000081600000, 0x0000000081700000, 0x0000000081700000|100%| O|  |TAMS 0x0000000081600000, 0x0000000081600000| Untracked 
|  23|0x0000000081700000, 0x0000000081800000, 0x0000000081800000|100%| O|  |TAMS 0x0000000081700000, 0x0000000081700000| Untracked 
|  24|0x0000000081800000, 0x0000000081900000, 0x0000000081900000|100%| O|  |TAMS 0x0000000081800000, 0x0000000081800000| Untracked 
|  25|0x0000000081900000, 0x0000000081a00000, 0x0000000081a00000|100%| O|  |TAMS 0x0000000081900000, 0x0000000081900000| Untracked 
|  26|0x0000000081a00000, 0x0000000081b00000, 0x0000000081b00000|100%| O|  |TAMS 0x0000000081a00000, 0x0000000081a00000| Untracked 
|  27|0x0000000081b00000, 0x0000000081b00000, 0x0000000081c00000|  0%| F|  |TAMS 0x0000000081b00000, 0x0000000081b00000| Untracked 
|  28|0x0000000081c00000, 0x0000000081c00000, 0x0000000081d00000|  0%| F|  |TAMS 0x0000000081c00000, 0x0000000081c00000| Untracked 
|  29|0x0000000081d00000, 0x0000000081d00000, 0x0000000081e00000|  0%| F|  |TAMS 0x0000000081d00000, 0x0000000081d00000| Untracked 
|  30|0x0000000081e00000, 0x0000000081f00000, 0x0000000081f00000|100%| O|  |TAMS 0x0000000081e00000, 0x0000000081e00000| Untracked 
|  31|0x0000000081f00000, 0x0000000082000000, 0x0000000082000000|100%| O|  |TAMS 0x0000000081f00000, 0x0000000081f00000| Untracked 
|  32|0x0000000082000000, 0x0000000082100000, 0x0000000082100000|100%| O|  |TAMS 0x0000000082000000, 0x0000000082000000| Untracked 
|  33|0x0000000082100000, 0x0000000082100000, 0x0000000082200000|  0%| F|  |TAMS 0x0000000082100000, 0x0000000082100000| Untracked 
|  34|0x0000000082200000, 0x0000000082200000, 0x0000000082300000|  0%| F|  |TAMS 0x0000000082200000, 0x0000000082200000| Untracked 
|  35|0x0000000082300000, 0x0000000082300000, 0x0000000082400000|  0%| F|  |TAMS 0x0000000082300000, 0x0000000082300000| Untracked 
|  36|0x0000000082400000, 0x0000000082400000, 0x0000000082500000|  0%| F|  |TAMS 0x0000000082400000, 0x0000000082400000| Untracked 
|  37|0x0000000082500000, 0x0000000082500000, 0x0000000082600000|  0%| F|  |TAMS 0x0000000082500000, 0x0000000082500000| Untracked 
|  38|0x0000000082600000, 0x0000000082600000, 0x0000000082700000|  0%| F|  |TAMS 0x0000000082600000, 0x0000000082600000| Untracked 
|  39|0x0000000082700000, 0x0000000082700000, 0x0000000082800000|  0%| F|  |TAMS 0x0000000082700000, 0x0000000082700000| Untracked 
|  40|0x0000000082800000, 0x0000000082800000, 0x0000000082900000|  0%| F|  |TAMS 0x0000000082800000, 0x0000000082800000| Untracked 
|  41|0x0000000082900000, 0x0000000082900000, 0x0000000082a00000|  0%| F|  |TAMS 0x0000000082900000, 0x0000000082900000| Untracked 
|  42|0x0000000082a00000, 0x0000000082a00000, 0x0000000082b00000|  0%| F|  |TAMS 0x0000000082a00000, 0x0000000082a00000| Untracked 
|  43|0x0000000082b00000, 0x0000000082b00000, 0x0000000082c00000|  0%| F|  |TAMS 0x0000000082b00000, 0x0000000082b00000| Untracked 
|  44|0x0000000082c00000, 0x0000000082c00000, 0x0000000082d00000|  0%| F|  |TAMS 0x0000000082c00000, 0x0000000082c00000| Untracked 
|  45|0x0000000082d00000, 0x0000000082d00000, 0x0000000082e00000|  0%| F|  |TAMS 0x0000000082d00000, 0x0000000082d00000| Untracked 
|  46|0x0000000082e00000, 0x0000000082e00000, 0x0000000082f00000|  0%| F|  |TAMS 0x0000000082e00000, 0x0000000082e00000| Untracked 
|  47|0x0000000082f00000, 0x0000000082fd5380, 0x0000000083000000| 83%| S|CS|TAMS 0x0000000082f00000, 0x0000000082f00000| Complete 
|  48|0x0000000083000000, 0x0000000083100000, 0x0000000083100000|100%| S|CS|TAMS 0x0000000083000000, 0x0000000083000000| Complete 
|  49|0x0000000083100000, 0x0000000083200000, 0x0000000083200000|100%| S|CS|TAMS 0x0000000083100000, 0x0000000083100000| Complete 
|  50|0x0000000083200000, 0x0000000083300000, 0x0000000083300000|100%| S|CS|TAMS 0x0000000083200000, 0x0000000083200000| Complete 
|  51|0x0000000083300000, 0x0000000083300000, 0x0000000083400000|  0%| F|  |TAMS 0x0000000083300000, 0x0000000083300000| Untracked 
|  52|0x0000000083400000, 0x0000000083400000, 0x0000000083500000|  0%| F|  |TAMS 0x0000000083400000, 0x0000000083400000| Untracked 
|  53|0x0000000083500000, 0x0000000083500000, 0x0000000083600000|  0%| F|  |TAMS 0x0000000083500000, 0x0000000083500000| Untracked 
|  54|0x0000000083600000, 0x0000000083600000, 0x0000000083700000|  0%| F|  |TAMS 0x0000000083600000, 0x0000000083600000| Untracked 
|  55|0x0000000083700000, 0x0000000083700000, 0x0000000083800000|  0%| F|  |TAMS 0x0000000083700000, 0x0000000083700000| Untracked 
|  56|0x0000000083800000, 0x0000000083800000, 0x0000000083900000|  0%| F|  |TAMS 0x0000000083800000, 0x0000000083800000| Untracked 
|  57|0x0000000083900000, 0x0000000083900000, 0x0000000083a00000|  0%| F|  |TAMS 0x0000000083900000, 0x0000000083900000| Untracked 
|  58|0x0000000083a00000, 0x0000000083a00000, 0x0000000083b00000|  0%| F|  |TAMS 0x0000000083a00000, 0x0000000083a00000| Untracked 
|  59|0x0000000083b00000, 0x0000000083b00000, 0x0000000083c00000|  0%| F|  |TAMS 0x0000000083b00000, 0x0000000083b00000| Untracked 
|  60|0x0000000083c00000, 0x0000000083c00000, 0x0000000083d00000|  0%| F|  |TAMS 0x0000000083c00000, 0x0000000083c00000| Untracked 
|  61|0x0000000083d00000, 0x0000000083d00000, 0x0000000083e00000|  0%| F|  |TAMS 0x0000000083d00000, 0x0000000083d00000| Untracked 
|  62|0x0000000083e00000, 0x0000000083e00000, 0x0000000083f00000|  0%| F|  |TAMS 0x0000000083e00000, 0x0000000083e00000| Untracked 
|  63|0x0000000083f00000, 0x0000000083f00000, 0x0000000084000000|  0%| F|  |TAMS 0x0000000083f00000, 0x0000000083f00000| Untracked 
|  64|0x0000000084000000, 0x0000000084000000, 0x0000000084100000|  0%| F|  |TAMS 0x0000000084000000, 0x0000000084000000| Untracked 
|  65|0x0000000084100000, 0x0000000084100000, 0x0000000084200000|  0%| F|  |TAMS 0x0000000084100000, 0x0000000084100000| Untracked 
|  66|0x0000000084200000, 0x0000000084200000, 0x0000000084300000|  0%| F|  |TAMS 0x0000000084200000, 0x0000000084200000| Untracked 
|  67|0x0000000084300000, 0x0000000084300000, 0x0000000084400000|  0%| F|  |TAMS 0x0000000084300000, 0x0000000084300000| Untracked 
|  68|0x0000000084400000, 0x0000000084400000, 0x0000000084500000|  0%| F|  |TAMS 0x0000000084400000, 0x0000000084400000| Untracked 
|  69|0x0000000084500000, 0x0000000084600000, 0x0000000084600000|100%| E|  |TAMS 0x0000000084500000, 0x0000000084500000| Complete 
|  70|0x0000000084600000, 0x0000000084700000, 0x0000000084700000|100%| E|CS|TAMS 0x0000000084600000, 0x0000000084600000| Complete 
|  71|0x0000000084700000, 0x0000000084800000, 0x0000000084800000|100%| E|CS|TAMS 0x0000000084700000, 0x0000000084700000| Complete 
|  73|0x0000000084900000, 0x0000000084a00000, 0x0000000084a00000|100%| E|CS|TAMS 0x0000000084900000, 0x0000000084900000| Complete 
|  74|0x0000000084a00000, 0x0000000084b00000, 0x0000000084b00000|100%| E|CS|TAMS 0x0000000084a00000, 0x0000000084a00000| Complete 
|  75|0x0000000084b00000, 0x0000000084c00000, 0x0000000084c00000|100%| E|CS|TAMS 0x0000000084b00000, 0x0000000084b00000| Complete 
|  76|0x0000000084c00000, 0x0000000084d00000, 0x0000000084d00000|100%| E|CS|TAMS 0x0000000084c00000, 0x0000000084c00000| Complete 
|  77|0x0000000084d00000, 0x0000000084e00000, 0x0000000084e00000|100%| E|CS|TAMS 0x0000000084d00000, 0x0000000084d00000| Complete 
|  78|0x0000000084e00000, 0x0000000084f00000, 0x0000000084f00000|100%| E|CS|TAMS 0x0000000084e00000, 0x0000000084e00000| Complete 
|  79|0x0000000084f00000, 0x0000000085000000, 0x0000000085000000|100%| E|CS|TAMS 0x0000000084f00000, 0x0000000084f00000| Complete 
|  80|0x0000000085000000, 0x0000000085100000, 0x0000000085100000|100%| E|CS|TAMS 0x0000000085000000, 0x0000000085000000| Complete 
| 127|0x0000000087f00000, 0x0000000088000000, 0x0000000088000000|100%| E|CS|TAMS 0x0000000087f00000, 0x0000000087f00000| Complete 

Card table byte_map: [0x00000266ff2b0000,0x00000266ff6b0000] _byte_map_base: 0x00000266feeb0000

Marking Bits (Prev, Next): (CMBitMap*) 0x00000266fee4a440, (CMBitMap*) 0x00000266fee4a480
 Prev Bits: [0x0000026692420000, 0x0000026694420000)
 Next Bits: [0x0000026694420000, 0x0000026696420000)

Polling page: 0x00000266fcc80000

Metaspace:

Usage:
  Non-class:     42.40 MB used.
      Class:      6.48 MB used.
       Both:     48.88 MB used.

Virtual space:
  Non-class space:       64.00 MB reserved,      42.69 MB ( 67%) committed,  1 nodes.
      Class space:        1.00 GB reserved,       6.69 MB ( <1%) committed,  1 nodes.
             Both:        1.06 GB reserved,      49.38 MB (  5%) committed. 

Chunk freelists:
   Non-Class:  5.27 MB
       Class:  9.14 MB
        Both:  14.41 MB

MaxMetaspaceSize: unlimited
CompressedClassSpaceSize: 1.00 GB
Initial GC threshold: 21.00 MB
Current GC threshold: 59.06 MB
CDS: off
MetaspaceReclaimPolicy: balanced
 - commit_granule_bytes: 65536.
 - commit_granule_words: 8192.
 - virtual_space_node_default_size: 8388608.
 - enlarge_chunks_in_place: 1.
 - new_chunks_are_fully_committed: 0.
 - uncommit_free_chunks: 1.
 - use_allocation_guard: 0.
 - handle_deallocations: 1.


Internal statistics:

num_allocs_failed_limit: 6.
num_arena_births: 490.
num_arena_deaths: 0.
num_vsnodes_births: 2.
num_vsnodes_deaths: 0.
num_space_committed: 790.
num_space_uncommitted: 0.
num_chunks_returned_to_freelist: 6.
num_chunks_taken_from_freelist: 2020.
num_chunk_merges: 6.
num_chunk_splits: 1354.
num_chunks_enlarged: 960.
num_inconsistent_stats: 0.

CodeHeap 'non-profiled nmethods': size=120000Kb used=2799Kb max_used=2799Kb free=117201Kb
 bounds [0x000002668aef0000, 0x000002668b1b0000, 0x0000026692420000]
CodeHeap 'profiled nmethods': size=120000Kb used=9132Kb max_used=9132Kb free=110867Kb
 bounds [0x0000026683420000, 0x0000026683d10000, 0x000002668a950000]
CodeHeap 'non-nmethods': size=5760Kb used=2298Kb max_used=2361Kb free=3461Kb
 bounds [0x000002668a950000, 0x000002668abc0000, 0x000002668aef0000]
 total_blobs=5218 nmethods=4408 adapters=722
 compilation: enabled
              stopped_count=0, restarted_count=0
 full_count=0

Compilation events (20 events):
Event: 9.707 Thread 0x00000266a1104040 4403       4       java.util.ArrayList::isEmpty (13 bytes)
Event: 9.708 Thread 0x00000266a1104040 nmethod 4403 0x000002668b1a9710 code [0x000002668b1a9880, 0x000002668b1a9918]
Event: 9.708 Thread 0x000002669869d040 4404       3       java.util.regex.Pattern$BmpCharPropertyGreedy::match (89 bytes)
Event: 9.709 Thread 0x000002669869d040 nmethod 4404 0x0000026683d08f10 code [0x0000026683d09100, 0x0000026683d09748]
Event: 9.728 Thread 0x000002669869d040 4405       3       java.net.URI$Parser::scan (41 bytes)
Event: 9.729 Thread 0x000002669869d040 nmethod 4405 0x0000026683d09990 code [0x0000026683d09be0, 0x0000026683d0a558]
Event: 9.729 Thread 0x000002669869d040 4406       3       com.google.common.collect.Iterators$9::hasNext (13 bytes)
Event: 9.729 Thread 0x000002669869d040 nmethod 4406 0x0000026683d0a990 code [0x0000026683d0ab20, 0x0000026683d0ac98]
Event: 9.755 Thread 0x00000266a1104040 4407       4       sun.instrument.InstrumentationImpl::transform (73 bytes)
Event: 9.763 Thread 0x00000266a1104040 nmethod 4407 0x000002668b1a9a10 code [0x000002668b1a9be0, 0x000002668b1aa158]
Event: 9.792 Thread 0x00000266a1104040 4408       4       sun.net.util.IPAddressUtil::checkHostString (53 bytes)
Event: 9.793 Thread 0x00000266a1104040 nmethod 4408 0x000002668b1aa690 code [0x000002668b1aa800, 0x000002668b1aa898]
Event: 9.793 Thread 0x00000266a1104040 4409       4       sun.net.util.IPAddressUtil::scan (92 bytes)
Event: 9.793 Thread 0x00000266a1104040 nmethod 4409 0x000002668b1aaa10 code [0x000002668b1aab80, 0x000002668b1aac38]
Event: 9.810 Thread 0x000002669869d040 4411       3       java.net.URI::match (56 bytes)
Event: 9.811 Thread 0x000002669869d040 nmethod 4411 0x0000026683d0ad10 code [0x0000026683d0aec0, 0x0000026683d0b1b8]
Event: 9.820 Thread 0x00000266a1104040 4412       4       jdk.internal.loader.URLClassPath$JarLoader$2::getInputStream (15 bytes)
Event: 9.822 Thread 0x00000266a1104040 nmethod 4412 0x000002668b1ab190 code [0x000002668b1ab320, 0x000002668b1ab6d8]
Event: 9.835 Thread 0x00000266a1104040 4413       4       jdk.internal.loader.URLClassPath$JarLoader$2::getContentLength (9 bytes)
Event: 9.836 Thread 0x00000266a1104040 nmethod 4413 0x000002668b1ab910 code [0x000002668b1aba80, 0x000002668b1abb18]

GC Heap History (20 events):
Event: 1.529 GC heap before
{Heap before GC invocations=2 (full 0):
 garbage-first heap   total 131072K, used 34466K [0x0000000080000000, 0x0000000100000000)
  region size 1024K, 27 young (27648K), 3 survivors (3072K)
 Metaspace       used 11537K, committed 11712K, reserved 1114112K
  class space    used 1200K, committed 1280K, reserved 1048576K
}
Event: 1.534 GC heap after
{Heap after GC invocations=3 (full 0):
 garbage-first heap   total 131072K, used 13396K [0x0000000080000000, 0x0000000100000000)
  region size 1024K, 3 young (3072K), 3 survivors (3072K)
 Metaspace       used 11537K, committed 11712K, reserved 1114112K
  class space    used 1200K, committed 1280K, reserved 1048576K
}
Event: 3.849 GC heap before
{Heap before GC invocations=3 (full 0):
 garbage-first heap   total 131072K, used 58452K [0x0000000080000000, 0x0000000100000000)
  region size 1024K, 47 young (48128K), 3 survivors (3072K)
 Metaspace       used 21339K, committed 21504K, reserved 1114112K
  class space    used 2523K, committed 2624K, reserved 1048576K
}
Event: 3.858 GC heap after
{Heap after GC invocations=4 (full 0):
 garbage-first heap   total 131072K, used 19187K [0x0000000080000000, 0x0000000100000000)
  region size 1024K, 8 young (8192K), 8 survivors (8192K)
 Metaspace       used 21339K, committed 21504K, reserved 1114112K
  class space    used 2523K, committed 2624K, reserved 1048576K
}
Event: 4.983 GC heap before
{Heap before GC invocations=5 (full 0):
 garbage-first heap   total 68608K, used 51955K [0x0000000080000000, 0x0000000100000000)
  region size 1024K, 40 young (40960K), 8 survivors (8192K)
 Metaspace       used 26421K, committed 26688K, reserved 1114112K
  class space    used 3388K, committed 3520K, reserved 1048576K
}
Event: 4.991 GC heap after
{Heap after GC invocations=6 (full 0):
 garbage-first heap   total 68608K, used 20894K [0x0000000080000000, 0x0000000100000000)
  region size 1024K, 2 young (2048K), 2 survivors (2048K)
 Metaspace       used 26421K, committed 26688K, reserved 1114112K
  class space    used 3388K, committed 3520K, reserved 1048576K
}
Event: 5.942 GC heap before
{Heap before GC invocations=6 (full 0):
 garbage-first heap   total 68608K, used 48542K [0x0000000080000000, 0x0000000100000000)
  region size 1024K, 29 young (29696K), 2 survivors (2048K)
 Metaspace       used 30219K, committed 30528K, reserved 1114112K
  class space    used 4022K, committed 4160K, reserved 1048576K
}
Event: 5.946 GC heap after
{Heap after GC invocations=7 (full 0):
 garbage-first heap   total 68608K, used 22285K [0x0000000080000000, 0x0000000100000000)
  region size 1024K, 4 young (4096K), 4 survivors (4096K)
 Metaspace       used 30219K, committed 30528K, reserved 1114112K
  class space    used 4022K, committed 4160K, reserved 1048576K
}
Event: 6.515 GC heap before
{Heap before GC invocations=7 (full 0):
 garbage-first heap   total 68608K, used 49933K [0x0000000080000000, 0x0000000100000000)
  region size 1024K, 31 young (31744K), 4 survivors (4096K)
 Metaspace       used 33672K, committed 33920K, reserved 1114112K
  class space    used 4562K, committed 4672K, reserved 1048576K
}
Event: 6.522 GC heap after
{Heap after GC invocations=8 (full 0):
 garbage-first heap   total 68608K, used 23400K [0x0000000080000000, 0x0000000100000000)
  region size 1024K, 3 young (3072K), 3 survivors (3072K)
 Metaspace       used 33672K, committed 33920K, reserved 1114112K
  class space    used 4562K, committed 4672K, reserved 1048576K
}
Event: 6.959 GC heap before
{Heap before GC invocations=8 (full 0):
 garbage-first heap   total 68608K, used 35688K [0x0000000080000000, 0x0000000100000000)
  region size 1024K, 16 young (16384K), 3 survivors (3072K)
 Metaspace       used 35811K, committed 36096K, reserved 1114112K
  class space    used 4882K, committed 5056K, reserved 1048576K
}
Event: 6.963 GC heap after
{Heap after GC invocations=9 (full 0):
 garbage-first heap   total 68608K, used 23929K [0x0000000080000000, 0x0000000100000000)
  region size 1024K, 2 young (2048K), 2 survivors (2048K)
 Metaspace       used 35811K, committed 36096K, reserved 1114112K
  class space    used 4882K, committed 5056K, reserved 1048576K
}
Event: 7.540 GC heap before
{Heap before GC invocations=10 (full 0):
 garbage-first heap   total 68608K, used 51577K [0x0000000080000000, 0x0000000100000000)
  region size 1024K, 30 young (30720K), 2 survivors (2048K)
 Metaspace       used 41963K, committed 42368K, reserved 1114112K
  class space    used 5584K, committed 5760K, reserved 1048576K
}
Event: 7.547 GC heap after
{Heap after GC invocations=11 (full 0):
 garbage-first heap   total 68608K, used 28601K [0x0000000080000000, 0x0000000100000000)
  region size 1024K, 4 young (4096K), 4 survivors (4096K)
 Metaspace       used 41963K, committed 42368K, reserved 1114112K
  class space    used 5584K, committed 5760K, reserved 1048576K
}
Event: 8.036 GC heap before
{Heap before GC invocations=11 (full 0):
 garbage-first heap   total 68608K, used 57273K [0x0000000080000000, 0x0000000100000000)
  region size 1024K, 27 young (27648K), 4 survivors (4096K)
 Metaspace       used 43339K, committed 43712K, reserved 1114112K
  class space    used 5657K, committed 5824K, reserved 1048576K
}
Event: 8.042 GC heap after
{Heap after GC invocations=12 (full 0):
 garbage-first heap   total 68608K, used 30587K [0x0000000080000000, 0x0000000100000000)
  region size 1024K, 3 young (3072K), 3 survivors (3072K)
 Metaspace       used 43339K, committed 43712K, reserved 1114112K
  class space    used 5657K, committed 5824K, reserved 1048576K
}
Event: 8.572 GC heap before
{Heap before GC invocations=12 (full 0):
 garbage-first heap   total 68608K, used 53115K [0x0000000080000000, 0x0000000100000000)
  region size 1024K, 25 young (25600K), 3 survivors (3072K)
 Metaspace       used 45257K, committed 45696K, reserved 1114112K
  class space    used 5951K, committed 6144K, reserved 1048576K
}
Event: 8.577 GC heap after
{Heap after GC invocations=13 (full 0):
 garbage-first heap   total 82944K, used 32847K [0x0000000080000000, 0x0000000100000000)
  region size 1024K, 3 young (3072K), 3 survivors (3072K)
 Metaspace       used 45257K, committed 45696K, reserved 1114112K
  class space    used 5951K, committed 6144K, reserved 1048576K
}
Event: 9.450 GC heap before
{Heap before GC invocations=13 (full 0):
 garbage-first heap   total 82944K, used 64591K [0x0000000080000000, 0x0000000100000000)
  region size 1024K, 33 young (33792K), 3 survivors (3072K)
 Metaspace       used 48624K, committed 49152K, reserved 1114112K
  class space    used 6418K, committed 6656K, reserved 1048576K
}
Event: 9.456 GC heap after
{Heap after GC invocations=14 (full 0):
 garbage-first heap   total 82944K, used 34497K [0x0000000080000000, 0x0000000100000000)
  region size 1024K, 4 young (4096K), 4 survivors (4096K)
 Metaspace       used 48624K, committed 49152K, reserved 1114112K
  class space    used 6418K, committed 6656K, reserved 1048576K
}

Dll operation events (3 events):
Event: 0.010 Loaded shared library C:\Program Files\Android\Android Studio\jbr\bin\java.dll
Event: 0.182 Loaded shared library C:\Program Files\Android\Android Studio\jbr\bin\zip.dll
Event: 0.511 Loaded shared library C:\Program Files\Android\Android Studio\jbr\bin\verify.dll

Deoptimization events (20 events):
Event: 9.595 Thread 0x000002669f3c7580 Uncommon trap: trap_request=0xffffffde fr.pc=0x000002668b06bdec relative=0x00000000000002cc
Event: 9.595 Thread 0x000002669f3c7580 Uncommon trap: reason=class_check action=maybe_recompile pc=0x000002668b06bdec method=java.util.Collections$SetFromMap.remove(Ljava/lang/Object;)Z @ 5 c2
Event: 9.595 Thread 0x000002669f3c7580 DEOPT PACKING pc=0x000002668b06bdec sp=0x000000f353dfadb0
Event: 9.595 Thread 0x000002669f3c7580 DEOPT UNPACKING pc=0x000002668a9a69a3 sp=0x000000f353dfad98 mode 2
Event: 9.688 Thread 0x000002669f3c7580 Uncommon trap: trap_request=0xffffffde fr.pc=0x000002668b10d66c relative=0x000000000000320c
Event: 9.688 Thread 0x000002669f3c7580 Uncommon trap: reason=class_check action=maybe_recompile pc=0x000002668b10d66c method=java.util.regex.Pattern$CharProperty.study(Ljava/util/regex/Pattern$TreeInfo;)Z @ 25 c2
Event: 9.688 Thread 0x000002669f3c7580 DEOPT PACKING pc=0x000002668b10d66c sp=0x000000f353df9a60
Event: 9.688 Thread 0x000002669f3c7580 DEOPT UNPACKING pc=0x000002668a9a69a3 sp=0x000000f353df9958 mode 2
Event: 9.726 Thread 0x000002669f3c7580 Uncommon trap: trap_request=0xffffff45 fr.pc=0x000002668af54774 relative=0x00000000000001d4
Event: 9.726 Thread 0x000002669f3c7580 Uncommon trap: reason=unstable_if action=reinterpret pc=0x000002668af54774 method=java.net.URI$Parser.scan(IILjava/lang/String;)I @ 26 c2
Event: 9.726 Thread 0x000002669f3c7580 DEOPT PACKING pc=0x000002668af54774 sp=0x000000f353df9f30
Event: 9.726 Thread 0x000002669f3c7580 DEOPT UNPACKING pc=0x000002668a9a69a3 sp=0x000000f353df9ec0 mode 2
Event: 9.726 Thread 0x000002669f3c7580 Uncommon trap: trap_request=0xffffff45 fr.pc=0x000002668af4fd50 relative=0x0000000000000150
Event: 9.726 Thread 0x000002669f3c7580 Uncommon trap: reason=unstable_if action=reinterpret pc=0x000002668af4fd50 method=java.net.URI.match(CJJ)Z @ 45 c2
Event: 9.726 Thread 0x000002669f3c7580 DEOPT PACKING pc=0x000002668af4fd50 sp=0x000000f353df9c90
Event: 9.726 Thread 0x000002669f3c7580 DEOPT UNPACKING pc=0x000002668a9a69a3 sp=0x000000f353df9bc8 mode 2
Event: 9.728 Thread 0x000002669f3c7580 Uncommon trap: trap_request=0xffffff45 fr.pc=0x000002668af18334 relative=0x00000000000000b4
Event: 9.728 Thread 0x000002669f3c7580 Uncommon trap: reason=unstable_if action=reinterpret pc=0x000002668af18334 method=java.net.URI.match(CJJ)Z @ 45 c2
Event: 9.728 Thread 0x000002669f3c7580 DEOPT PACKING pc=0x000002668af18334 sp=0x000000f353df9c20
Event: 9.728 Thread 0x000002669f3c7580 DEOPT UNPACKING pc=0x000002668a9a69a3 sp=0x000000f353df9bd0 mode 2

Classes unloaded (0 events):
No events

Classes redefined (0 events):
No events

Internal exceptions (20 events):
Event: 8.406 Thread 0x000002669f3c7580 Exception <a 'java/lang/NoSuchMethodError'{0x0000000083524df0}: 'java.lang.Object java.lang.invoke.DelegatingMethodHandle$Holder.reinvoke_L(java.lang.Object, java.lang.Object, java.lang.Object, java.lang.Object, java.lang.Object, java.lang.Object, java.lang.Object, java.lang.Object, java.lang.Object, java.lang.Object, java.lang.Object, java.lang.Object, java.lang.Object, java.lang.Object, java.lang.Object, java.lang.Object, java.lang.Object, java.lang.Object, java.lang.Object, java.lang.Object, java.lang.O
Event: 8.406 Thread 0x000002669f3c7580 Exception <a 'java/lang/NoSuchMethodError'{0x00000000835309a8}: 'java.lang.Object java.lang.invoke.Invokers$Holder.invoker(java.lang.Object, java.lang.Object, java.lang.Object, java.lang.Object, java.lang.Object, java.lang.Object, java.lang.Object, java.lang.Object, java.lang.Object, java.lang.Object, java.lang.Object, java.lang.Object, java.lang.Object, java.lang.Object, java.lang.Object, java.lang.Object, java.lang.Object, java.lang.Object, java.lang.Object, java.lang.Object, java.lang.Object, java.lang.
Event: 8.407 Thread 0x000002669f3c7580 Exception <a 'java/lang/NoSuchMethodError'{0x00000000835375b0}: 'java.lang.Object java.lang.invoke.DelegatingMethodHandle$Holder.delegate(java.lang.Object, java.lang.Object, java.lang.Object, java.lang.Object, java.lang.Object, java.lang.Object, java.lang.Object, java.lang.Object, java.lang.Object, java.lang.Object, java.lang.Object, java.lang.Object, java.lang.Object, java.lang.Object, java.lang.Object, java.lang.Object, java.lang.Object, java.lang.Object, java.lang.Object, java.lang.Object, java.lang.Obj
Event: 8.441 Thread 0x000002669f3c7580 Exception <a 'java/lang/NoSuchMethodError'{0x00000000835c3de8}: 'java.lang.Object java.lang.invoke.DirectMethodHandle$Holder.invokeStatic(java.lang.Object, java.lang.Object, java.lang.Object, java.lang.Object, java.lang.Object, java.lang.Object, java.lang.Object, java.lang.Object, java.lang.Object, java.lang.Object, java.lang.Object, java.lang.Object, java.lang.Object, java.lang.Object, java.lang.Object, java.lang.Object, java.lang.Object)'> (0x00000000835c3de8) 
thrown [s\src\hotspot\share\interpreter\lin
Event: 8.444 Thread 0x000002669f3c7580 Exception <a 'java/lang/NoSuchMethodError'{0x00000000835ed278}: 'java.lang.Object java.lang.invoke.DirectMethodHandle$Holder.invokeStatic(java.lang.Object, java.lang.Object, java.lang.Object, java.lang.Object, java.lang.Object, java.lang.Object, java.lang.Object, java.lang.Object, java.lang.Object, java.lang.Object, java.lang.Object, java.lang.Object, java.lang.Object, java.lang.Object, java.lang.Object, java.lang.Object, java.lang.Object, java.lang.Object)'> (0x00000000835ed278) 
thrown [s\src\hotspot\sha
Event: 8.452 Thread 0x000002669f3c7580 Exception <a 'java/lang/NoSuchMethodError'{0x0000000083417ad8}: 'java.lang.Object java.lang.invoke.DirectMethodHandle$Holder.invokeStatic(java.lang.Object, java.lang.Object, java.lang.Object, java.lang.Object, java.lang.Object, java.lang.Object, java.lang.Object, java.lang.Object, java.lang.Object, java.lang.Object, java.lang.Object, java.lang.Object, java.lang.Object, java.lang.Object, java.lang.Object, java.lang.Object, java.lang.Object, java.lang.Object, java.lang.Object)'> (0x0000000083417ad8) 
thrown 
Event: 8.457 Thread 0x000002669f3c7580 Exception <a 'java/lang/NoSuchMethodError'{0x0000000083442ae0}: 'java.lang.Object java.lang.invoke.DirectMethodHandle$Holder.invokeStatic(java.lang.Object, java.lang.Object, java.lang.Object, java.lang.Object, java.lang.Object, java.lang.Object, java.lang.Object, java.lang.Object, java.lang.Object, java.lang.Object, java.lang.Object, java.lang.Object, java.lang.Object, java.lang.Object, java.lang.Object, java.lang.Object, java.lang.Object, java.lang.Object, java.lang.Object, java.lang.Object)'> (0x00000000
Event: 8.459 Thread 0x000002669f3c7580 Exception <a 'java/lang/NoSuchMethodError'{0x000000008346ee58}: 'java.lang.Object java.lang.invoke.DirectMethodHandle$Holder.invokeStatic(java.lang.Object, java.lang.Object, java.lang.Object, java.lang.Object, java.lang.Object, java.lang.Object, java.lang.Object, java.lang.Object, java.lang.Object, java.lang.Object, java.lang.Object, java.lang.Object, java.lang.Object, java.lang.Object, java.lang.Object, java.lang.Object, java.lang.Object, java.lang.Object, java.lang.Object, java.lang.Object, java.lang.Obj
Event: 8.460 Thread 0x000002669f3c7580 Exception <a 'java/lang/NoSuchMethodError'{0x000000008349c0c0}: 'java.lang.Object java.lang.invoke.DirectMethodHandle$Holder.invokeStatic(java.lang.Object, java.lang.Object, java.lang.Object, java.lang.Object, java.lang.Object, java.lang.Object, java.lang.Object, java.lang.Object, java.lang.Object, java.lang.Object, java.lang.Object, java.lang.Object, java.lang.Object, java.lang.Object, java.lang.Object, java.lang.Object, java.lang.Object, java.lang.Object, java.lang.Object, java.lang.Object, java.lang.Obj
Event: 8.461 Thread 0x000002669f3c7580 Exception <a 'java/lang/NoSuchMethodError'{0x00000000834cafe0}: 'java.lang.Object java.lang.invoke.DirectMethodHandle$Holder.invokeStatic(java.lang.Object, java.lang.Object, java.lang.Object, java.lang.Object, java.lang.Object, java.lang.Object, java.lang.Object, java.lang.Object, java.lang.Object, java.lang.Object, java.lang.Object, java.lang.Object, java.lang.Object, java.lang.Object, java.lang.Object, java.lang.Object, java.lang.Object, java.lang.Object, java.lang.Object, java.lang.Object, java.lang.Obj
Event: 8.465 Thread 0x000002669f3c7580 Exception <a 'java/lang/NoSuchMethodError'{0x00000000834fa880}: 'java.lang.Object java.lang.invoke.DirectMethodHandle$Holder.invokeStatic(java.lang.Object, java.lang.Object, java.lang.Object, java.lang.Object, java.lang.Object, java.lang.Object, java.lang.Object, java.lang.Object, java.lang.Object, java.lang.Object, java.lang.Object, java.lang.Object, java.lang.Object, java.lang.Object, java.lang.Object, java.lang.Object, java.lang.Object, java.lang.Object, java.lang.Object, java.lang.Object, java.lang.Obj
Event: 8.468 Thread 0x000002669f3c7580 Exception <a 'java/lang/NoSuchMethodError'{0x000000008332c3a0}: 'java.lang.Object java.lang.invoke.DirectMethodHandle$Holder.invokeStatic(java.lang.Object, java.lang.Object, java.lang.Object, java.lang.Object, java.lang.Object, java.lang.Object, java.lang.Object, java.lang.Object, java.lang.Object, java.lang.Object, java.lang.Object, java.lang.Object, java.lang.Object, java.lang.Object, java.lang.Object, java.lang.Object, java.lang.Object, java.lang.Object, java.lang.Object, java.lang.Object, java.lang.Obj
Event: 8.717 Thread 0x000002669f3c7580 Exception <a 'java/lang/IncompatibleClassChangeError'{0x00000000849cc970}: Found class java.lang.Object, but interface was expected> (0x00000000849cc970) 
thrown [s\src\hotspot\share\interpreter\linkResolver.cpp, line 838]
Event: 8.856 Thread 0x000002669f3c7580 Exception <a 'java/lang/IncompatibleClassChangeError'{0x00000000845a3618}: Found class java.lang.Object, but interface was expected> (0x00000000845a3618) 
thrown [s\src\hotspot\share\interpreter\linkResolver.cpp, line 838]
Event: 8.868 Thread 0x000002669f3c7580 Exception <a 'java/lang/NoSuchMethodError'{0x0000000084414870}: 'void java.lang.invoke.DirectMethodHandle$Holder.invokeStatic(java.lang.Object, java.lang.Object, java.lang.Object, java.lang.Object, java.lang.Object, java.lang.Object)'> (0x0000000084414870) 
thrown [s\src\hotspot\share\interpreter\linkResolver.cpp, line 771]
Event: 8.909 Thread 0x000002669f3c7580 Exception <a 'java/lang/NoSuchMethodError'{0x000000008434f800}: 'int java.lang.invoke.DirectMethodHandle$Holder.invokeStaticInit(java.lang.Object, java.lang.Object, java.lang.Object, java.lang.Object, java.lang.Object)'> (0x000000008434f800) 
thrown [s\src\hotspot\share\interpreter\linkResolver.cpp, line 771]
Event: 9.110 Thread 0x000002669f3c7580 Implicit null exception at 0x000002668b0a10ec to 0x000002668b0a11a0
Event: 9.383 Thread 0x000002669f3c7580 Exception <a 'java/lang/NoSuchMethodError'{0x00000000836cbd78}: 'void java.lang.invoke.DirectMethodHandle$Holder.invokeInterface(java.lang.Object, java.lang.Object)'> (0x00000000836cbd78) 
thrown [s\src\hotspot\share\interpreter\linkResolver.cpp, line 771]
Event: 9.384 Thread 0x000002669f3c7580 Exception <a 'java/lang/IncompatibleClassChangeError'{0x00000000836d6fe8}: Found class java.lang.Object, but interface was expected> (0x00000000836d6fe8) 
thrown [s\src\hotspot\share\interpreter\linkResolver.cpp, line 838]
Event: 9.432 Thread 0x000002669f3c7580 Exception <a 'java/lang/NoSuchMethodError'{0x0000000083314e38}: 'java.lang.Object java.lang.invoke.DirectMethodHandle$Holder.newInvokeSpecial(java.lang.Object, int, java.lang.Object)'> (0x0000000083314e38) 
thrown [s\src\hotspot\share\interpreter\linkResolver.cpp, line 771]

VM Operations (20 events):
Event: 7.441 Executing VM operation: HandshakeAllThreads
Event: 7.441 Executing VM operation: HandshakeAllThreads done
Event: 7.449 Executing VM operation: HandshakeAllThreads
Event: 7.449 Executing VM operation: HandshakeAllThreads done
Event: 7.456 Executing VM operation: HandshakeAllThreads
Event: 7.456 Executing VM operation: HandshakeAllThreads done
Event: 7.540 Executing VM operation: G1CollectForAllocation
Event: 7.548 Executing VM operation: G1CollectForAllocation done
Event: 7.586 Executing VM operation: HandshakeAllThreads
Event: 7.586 Executing VM operation: HandshakeAllThreads done
Event: 8.036 Executing VM operation: G1CollectForAllocation
Event: 8.042 Executing VM operation: G1CollectForAllocation done
Event: 8.572 Executing VM operation: G1CollectForAllocation
Event: 8.577 Executing VM operation: G1CollectForAllocation done
Event: 8.720 Executing VM operation: HandshakeAllThreads
Event: 8.720 Executing VM operation: HandshakeAllThreads done
Event: 9.052 Executing VM operation: HandshakeAllThreads
Event: 9.053 Executing VM operation: HandshakeAllThreads done
Event: 9.450 Executing VM operation: G1CollectForAllocation
Event: 9.456 Executing VM operation: G1CollectForAllocation done

Events (20 events):
Event: 9.732 loading class java/io/DeleteOnExitHook$1
Event: 9.732 loading class java/io/DeleteOnExitHook$1 done
Event: 9.820 loading class javax/net/ssl/HostnameVerifier
Event: 9.820 loading class javax/net/ssl/HostnameVerifier done
Event: 9.823 loading class javax/net/ssl/TrustManager
Event: 9.824 loading class javax/net/ssl/TrustManager done
Event: 9.824 loading class javax/net/ssl/X509TrustManager
Event: 9.824 loading class javax/net/ssl/X509TrustManager done
Event: 9.826 loading class javax/net/ssl/SSLException
Event: 9.826 loading class javax/net/ssl/SSLException done
Event: 9.826 loading class javax/net/ssl/SSLPeerUnverifiedException
Event: 9.827 loading class javax/net/ssl/SSLPeerUnverifiedException done
Event: 9.827 loading class javax/naming/NamingException
Event: 9.827 loading class javax/naming/NamingException done
Event: 9.827 loading class javax/naming/InvalidNameException
Event: 9.827 loading class javax/naming/InvalidNameException done
Event: 9.827 loading class java/security/cert/CertificateParsingException
Event: 9.827 loading class java/security/cert/CertificateException
Event: 9.827 loading class java/security/cert/CertificateException done
Event: 9.827 loading class java/security/cert/CertificateParsingException done


Dynamic libraries:
0x00007ff68ae20000 - 0x00007ff68ae2a000 	C:\Program Files\Android\Android Studio\jbr\bin\java.exe
0x00007ffb25c10000 - 0x00007ffb25e08000 	C:\WINDOWS\SYSTEM32\ntdll.dll
0x00007ffb24bd0000 - 0x00007ffb24c8d000 	C:\WINDOWS\System32\KERNEL32.DLL
0x00007ffb23330000 - 0x00007ffb23626000 	C:\WINDOWS\System32\KERNELBASE.dll
0x00007ffb23830000 - 0x00007ffb23930000 	C:\WINDOWS\System32\ucrtbase.dll
0x00007ffb1e180000 - 0x00007ffb1e19b000 	C:\Program Files\Android\Android Studio\jbr\bin\VCRUNTIME140.dll
0x00007ffb09660000 - 0x00007ffb09677000 	C:\Program Files\Android\Android Studio\jbr\bin\jli.dll
0x00007ffb25520000 - 0x00007ffb256bf000 	C:\WINDOWS\System32\USER32.dll
0x00007ffb23630000 - 0x00007ffb23652000 	C:\WINDOWS\System32\win32u.dll
0x00007ffb18c10000 - 0x00007ffb18eaa000 	C:\WINDOWS\WinSxS\amd64_microsoft.windows.common-controls_6595b64144ccf1df_6.0.19041.3636_none_60b6a03d71f818d5\COMCTL32.dll
0x00007ffb23f60000 - 0x00007ffb23f8b000 	C:\WINDOWS\System32\GDI32.dll
0x00007ffb24f60000 - 0x00007ffb24ffe000 	C:\WINDOWS\System32\msvcrt.dll
0x00007ffb23a90000 - 0x00007ffb23ba7000 	C:\WINDOWS\System32\gdi32full.dll
0x00007ffb23790000 - 0x00007ffb2382d000 	C:\WINDOWS\System32\msvcp_win.dll
0x00007ffb24db0000 - 0x00007ffb24de2000 	C:\WINDOWS\System32\IMM32.DLL
0x00007ffb0a7f0000 - 0x00007ffb0a7fc000 	C:\Program Files\Android\Android Studio\jbr\bin\vcruntime140_1.dll
0x00007ffb099a0000 - 0x00007ffb09a2d000 	C:\Program Files\Android\Android Studio\jbr\bin\msvcp140.dll
0x00007ffad48e0000 - 0x00007ffad5563000 	C:\Program Files\Android\Android Studio\jbr\bin\server\jvm.dll
0x00007ffb23c40000 - 0x00007ffb23cf0000 	C:\WINDOWS\System32\ADVAPI32.dll
0x00007ffb23f90000 - 0x00007ffb24030000 	C:\WINDOWS\System32\sechost.dll
0x00007ffb23dd0000 - 0x00007ffb23ef3000 	C:\WINDOWS\System32\RPCRT4.dll
0x00007ffb236b0000 - 0x00007ffb236d7000 	C:\WINDOWS\System32\bcrypt.dll
0x00007ffb22850000 - 0x00007ffb2289b000 	C:\WINDOWS\SYSTEM32\POWRPROF.dll
0x00007ffb015f0000 - 0x00007ffb015f9000 	C:\WINDOWS\SYSTEM32\WSOCK32.dll
0x00007ffb24e90000 - 0x00007ffb24efb000 	C:\WINDOWS\System32\WS2_32.dll
0x00007ffb1a550000 - 0x00007ffb1a577000 	C:\WINDOWS\SYSTEM32\WINMM.dll
0x00007ffb1e560000 - 0x00007ffb1e56a000 	C:\WINDOWS\SYSTEM32\VERSION.dll
0x00007ffb226c0000 - 0x00007ffb226d2000 	C:\WINDOWS\SYSTEM32\UMPDC.dll
0x00007ffb21150000 - 0x00007ffb21162000 	C:\WINDOWS\SYSTEM32\kernel.appcore.dll
0x00007ffb1e1b0000 - 0x00007ffb1e1ba000 	C:\Program Files\Android\Android Studio\jbr\bin\jimage.dll
0x00007ffb1a270000 - 0x00007ffb1a454000 	C:\WINDOWS\SYSTEM32\DBGHELP.DLL
0x00007ffb13f40000 - 0x00007ffb13f74000 	C:\WINDOWS\SYSTEM32\dbgcore.DLL
0x00007ffb23bb0000 - 0x00007ffb23c32000 	C:\WINDOWS\System32\bcryptPrimitives.dll
0x00007ffb1e1a0000 - 0x00007ffb1e1ae000 	C:\Program Files\Android\Android Studio\jbr\bin\instrument.dll
0x00007ffb11aa0000 - 0x00007ffb11ac5000 	C:\Program Files\Android\Android Studio\jbr\bin\java.dll
0x00007ffb0a7a0000 - 0x00007ffb0a7b8000 	C:\Program Files\Android\Android Studio\jbr\bin\zip.dll
0x00007ffb24030000 - 0x00007ffb2479b000 	C:\WINDOWS\System32\SHELL32.dll
0x00007ffb21350000 - 0x00007ffb21aee000 	C:\WINDOWS\SYSTEM32\windows.storage.dll
0x00007ffb24860000 - 0x00007ffb24bb3000 	C:\WINDOWS\System32\combase.dll
0x00007ffb22cf0000 - 0x00007ffb22d1e000 	C:\WINDOWS\SYSTEM32\Wldp.dll
0x00007ffb251b0000 - 0x00007ffb2527d000 	C:\WINDOWS\System32\OLEAUT32.dll
0x00007ffb25470000 - 0x00007ffb2551d000 	C:\WINDOWS\System32\SHCORE.dll
0x00007ffb23f00000 - 0x00007ffb23f55000 	C:\WINDOWS\System32\shlwapi.dll
0x00007ffb231f0000 - 0x00007ffb23213000 	C:\WINDOWS\SYSTEM32\profapi.dll
0x00007ffb09a50000 - 0x00007ffb09a69000 	C:\Program Files\Android\Android Studio\jbr\bin\net.dll
0x00007ffb1c860000 - 0x00007ffb1c96a000 	C:\WINDOWS\SYSTEM32\WINHTTP.dll
0x00007ffb22a50000 - 0x00007ffb22aba000 	C:\WINDOWS\system32\mswsock.dll
0x00007ffb097a0000 - 0x00007ffb097b6000 	C:\Program Files\Android\Android Studio\jbr\bin\nio.dll
0x00007ffb09cc0000 - 0x00007ffb09cd0000 	C:\Program Files\Android\Android Studio\jbr\bin\verify.dll
0x00007ffb1c7d0000 - 0x00007ffb1c7f7000 	C:\Users\Jose Martins\.gradle\native\c067742578af261105cb4f569cf0c3c89f3d7b1fecec35dd04571415982c5e48\windows-amd64\native-platform.dll
0x00007ffae8700000 - 0x00007ffae8844000 	C:\Users\Jose Martins\.gradle\native\38dada09dfb8b06ba9b0570ebf7e218e3eb74d4ef43ca46872605cf95ebc2f47\windows-amd64\native-platform-file-events.dll
0x00007ffb0a970000 - 0x00007ffb0a979000 	C:\Program Files\Android\Android Studio\jbr\bin\management.dll
0x00007ffb09d50000 - 0x00007ffb09d5b000 	C:\Program Files\Android\Android Studio\jbr\bin\management_ext.dll
0x00007ffb24bc0000 - 0x00007ffb24bc8000 	C:\WINDOWS\System32\PSAPI.DLL
0x00007ffb22c40000 - 0x00007ffb22c58000 	C:\WINDOWS\SYSTEM32\CRYPTSP.dll
0x00007ffb22300000 - 0x00007ffb22334000 	C:\WINDOWS\system32\rsaenh.dll
0x00007ffb231b0000 - 0x00007ffb231de000 	C:\WINDOWS\SYSTEM32\USERENV.dll
0x00007ffb22c60000 - 0x00007ffb22c6c000 	C:\WINDOWS\SYSTEM32\CRYPTBASE.dll
0x00007ffb226e0000 - 0x00007ffb2271b000 	C:\WINDOWS\SYSTEM32\IPHLPAPI.DLL
0x00007ffb24850000 - 0x00007ffb24858000 	C:\WINDOWS\System32\NSI.dll
0x00007ffb1cd60000 - 0x00007ffb1cd77000 	C:\WINDOWS\SYSTEM32\dhcpcsvc6.DLL
0x00007ffb1da30000 - 0x00007ffb1da4d000 	C:\WINDOWS\SYSTEM32\dhcpcsvc.DLL
0x00007ffb22720000 - 0x00007ffb227eb000 	C:\WINDOWS\SYSTEM32\DNSAPI.dll
0x00007ffb1ece0000 - 0x00007ffb1ece7000 	C:\WINDOWS\system32\wshunix.dll

dbghelp: loaded successfully - version: 4.0.5 - missing functions: none
symbol engine: initialized successfully - sym options: 0x614 - pdb path: .;C:\Program Files\Android\Android Studio\jbr\bin;C:\WINDOWS\SYSTEM32;C:\WINDOWS\WinSxS\amd64_microsoft.windows.common-controls_6595b64144ccf1df_6.0.19041.3636_none_60b6a03d71f818d5;C:\Program Files\Android\Android Studio\jbr\bin\server;C:\Users\Jose Martins\.gradle\native\c067742578af261105cb4f569cf0c3c89f3d7b1fecec35dd04571415982c5e48\windows-amd64;C:\Users\Jose Martins\.gradle\native\38dada09dfb8b06ba9b0570ebf7e218e3eb74d4ef43ca46872605cf95ebc2f47\windows-amd64

VM Arguments:
jvm_args: --add-opens=java.base/java.util=ALL-UNNAMED --add-opens=java.base/java.lang=ALL-UNNAMED --add-opens=java.base/java.lang.invoke=ALL-UNNAMED --add-opens=java.prefs/java.util.prefs=ALL-UNNAMED --add-opens=java.base/java.nio.charset=ALL-UNNAMED --add-opens=java.base/java.net=ALL-UNNAMED --add-opens=java.base/java.util.concurrent.atomic=ALL-UNNAMED -Xmx2048m -Dfile.encoding=UTF-8 -Duser.country=PT -Duser.language=pt -Duser.variant -javaagent:C:\Users\Jose Martins\.gradle\wrapper\dists\gradle-8.4-bin\1w5dpkrfk8irigvoxmyhowfim\gradle-8.4\lib\agents\gradle-instrumentation-agent-8.4.jar 
java_command: org.gradle.launcher.daemon.bootstrap.GradleDaemon 8.4
java_class_path (initial): C:\Users\Jose Martins\.gradle\wrapper\dists\gradle-8.4-bin\1w5dpkrfk8irigvoxmyhowfim\gradle-8.4\lib\gradle-launcher-8.4.jar
Launcher Type: SUN_STANDARD

[Global flags]
     intx CICompilerCount                          = 3                                         {product} {ergonomic}
     uint ConcGCThreads                            = 1                                         {product} {ergonomic}
     uint G1ConcRefinementThreads                  = 4                                         {product} {ergonomic}
   size_t G1HeapRegionSize                         = 1048576                                   {product} {ergonomic}
    uintx GCDrainStackTargetSize                   = 64                                        {product} {ergonomic}
   size_t InitialHeapSize                          = 134217728                                 {product} {ergonomic}
   size_t MarkStackSize                            = 4194304                                   {product} {ergonomic}
   size_t MaxHeapSize                              = 2147483648                                {product} {command line}
   size_t MaxNewSize                               = 1287651328                                {product} {ergonomic}
   size_t MinHeapDeltaBytes                        = 1048576                                   {product} {ergonomic}
   size_t MinHeapSize                              = 8388608                                   {product} {ergonomic}
    uintx NonNMethodCodeHeapSize                   = 5832780                                {pd product} {ergonomic}
    uintx NonProfiledCodeHeapSize                  = 122912730                              {pd product} {ergonomic}
    uintx ProfiledCodeHeapSize                     = 122912730                              {pd product} {ergonomic}
    uintx ReservedCodeCacheSize                    = 251658240                              {pd product} {ergonomic}
     bool SegmentedCodeCache                       = true                                      {product} {ergonomic}
   size_t SoftMaxHeapSize                          = 2147483648                             {manageable} {ergonomic}
     bool UseCompressedClassPointers               = true                           {product lp64_product} {ergonomic}
     bool UseCompressedOops                        = true                           {product lp64_product} {ergonomic}
     bool UseG1GC                                  = true                                      {product} {ergonomic}
     bool UseLargePagesIndividualAllocation        = false                                  {pd product} {ergonomic}

Logging:
Log output configuration:
 #0: stdout all=warning uptime,level,tags
 #1: stderr all=off uptime,level,tags

Environment Variables:
PATH=C:\Python312\Scripts\;C:\Python312\;C:\ProgramData\Oracle\Java\javapath;C:\WINDOWS\system32;C:\WINDOWS;C:\WINDOWS\System32\Wbem;C:\WINDOWS\System32\WindowsPowerShell\v1.0\;C:\WINDOWS\System32\OpenSSH\;C:\Program Files\NVIDIA Corporation\NVIDIA NvDLISR;C:\WINDOWS\system32;C:\WINDOWS;C:\WINDOWS\System32\Wbem;C:\WINDOWS\System32\WindowsPowerShell\v1.0\;C:\WINDOWS\System32\OpenSSH\;C:\Program Files (x86)\NVIDIA Corporation\PhysX\Common;C:\Program Files\nodejs\;C:\ProgramData\chocolatey\bin;C:\Program Files\Git\cmd;C:\Users\Jose Martins\AppData\Local\Microsoft\WindowsApps;C:\Users\Jose Martins\AppData\Roaming\npm
USERNAME=Jose Martins
OS=Windows_NT
PROCESSOR_IDENTIFIER=Intel64 Family 6 Model 158 Stepping 9, GenuineIntel
TMP=C:\Users\JOSEMA~1\AppData\Local\Temp
TEMP=C:\Users\JOSEMA~1\AppData\Local\Temp



Periodic native trim disabled

JNI global refs:
JNI global refs: 25, weak refs: 0

JNI global refs memory usage: 843, weak refs: 841

OOME stack traces (most recent first):
Classloader memory used:
Loader org.gradle.internal.classloader.VisitableURLClassLoader                         : 3122K
Loader bootstrap                                                                       : 2363K
Loader org.gradle.initialization.MixInLegacyTypesClassLoader                           : 659K
Loader jdk.internal.loader.ClassLoaders$PlatformClassLoader                            : 68686B
Loader jdk.internal.loader.ClassLoaders$AppClassLoader                                 : 28453B
Loader org.gradle.groovy.scripts.internal.DefaultScriptCompilationHandler$ScriptClassLoader: 9169B
Loader jdk.internal.reflect.DelegatingClassLoader                                      : 5574B
Loader org.gradle.internal.classloader.VisitableURLClassLoader$InstrumentingVisitableURLClassLoader: 3609B
Loader org.codehaus.groovy.runtime.callsite.CallSiteClassLoader                        : 1270B

Classes loaded by more than one classloader:
Class org.gradle.internal.installation.GradleInstallation                             : loaded 2 times (x 73B)
Class org.gradle.internal.classpath.ClassPath                                         : loaded 2 times (x 68B)
Class org.gradle.api.internal.classpath.DefaultModuleRegistry                         : loaded 2 times (x 84B)
Class Settings_gradle$1$1                                                             : loaded 2 times (x 72B)
Class org.gradle.api.Action                                                           : loaded 2 times (x 68B)
Class org.gradle.api.internal.DefaultClassPathProvider                                : loaded 2 times (x 74B)
Class org.gradle.internal.installation.GradleInstallation$1                           : loaded 2 times (x 73B)
Class org.gradle.internal.classloader.FilteringClassLoader                            : loaded 2 times (x 103B)
Class org.gradle.internal.classpath.DefaultClassPath$ImmutableUniqueList$Builder      : loaded 2 times (x 73B)
Class org.gradle.internal.classloader.ClassLoaderVisitor                              : loaded 2 times (x 74B)
Class org.gradle.internal.service.DefaultServiceLocator                               : loaded 2 times (x 81B)
Class org.gradle.internal.service.UnknownServiceException                             : loaded 2 times (x 81B)
Class org.gradle.internal.classloader.DefaultClassLoaderFactory                       : loaded 2 times (x 80B)
Class org.gradle.internal.classloader.VisitableURLClassLoader$Spec                    : loaded 2 times (x 72B)
Class org.gradle.api.GradleException                                                  : loaded 2 times (x 80B)
Class org.gradle.api.internal.classpath.ModuleRegistry                                : loaded 2 times (x 68B)
Class org.gradle.api.internal.ClassPathProvider                                       : loaded 2 times (x 68B)
Class org.gradle.internal.classloader.ClasspathUtil$1                                 : loaded 2 times (x 74B)
Class org.gradle.internal.classloader.ClassLoaderFactory                              : loaded 2 times (x 68B)
Class org.gradle.api.internal.classpath.ManifestUtil                                  : loaded 2 times (x 69B)
Class org.gradle.api.specs.Spec                                                       : loaded 2 times (x 68B)
Class org.gradle.internal.IoActions                                                   : loaded 2 times (x 69B)
Class org.gradle.api.internal.classpath.EffectiveClassPath                            : loaded 2 times (x 88B)
Class org.gradle.internal.installation.CurrentGradleInstallation                      : loaded 2 times (x 71B)
Class org.gradle.internal.agents.InstrumentingClassLoader                             : loaded 2 times (x 68B)
Class org.gradle.internal.installation.CurrentGradleInstallationLocator               : loaded 2 times (x 69B)
Class org.gradle.api.internal.classpath.Module                                        : loaded 2 times (x 68B)
Class org.gradle.internal.service.CachingServiceLocator                               : loaded 2 times (x 80B)
Class org.gradle.internal.classpath.DefaultClassPath                                  : loaded 2 times (x 88B)
Class org.gradle.internal.classloader.SystemClassLoaderSpec                           : loaded 2 times (x 69B)
Class org.gradle.api.UncheckedIOException                                             : loaded 2 times (x 80B)
Class Program                                                                         : loaded 2 times (x 70B)
Class org.gradle.internal.classloader.ClasspathUtil                                   : loaded 2 times (x 69B)
Class org.gradle.api.internal.DefaultClassPathRegistry                                : loaded 2 times (x 74B)
Class org.gradle.api.internal.classpath.DefaultModuleRegistry$DefaultModule           : loaded 2 times (x 84B)
Class org.gradle.api.internal.classpath.UnknownModuleException                        : loaded 2 times (x 80B)
Class org.gradle.internal.service.ServiceLookupException                              : loaded 2 times (x 80B)
Class org.gradle.cache.GlobalCache                                                    : loaded 2 times (x 68B)
Class [Lorg.gradle.api.internal.ClassPathProvider;                                    : loaded 2 times (x 67B)
Class org.gradle.util.internal.GUtil                                                  : loaded 2 times (x 69B)
Class org.gradle.internal.classloader.ClassLoaderSpec                                 : loaded 2 times (x 69B)
Class org.gradle.internal.classloader.VisitableURLClassLoader                         : loaded 2 times (x 115B)
Class org.gradle.internal.Cast                                                        : loaded 2 times (x 69B)
Class org.gradle.api.internal.ClassPathRegistry                                       : loaded 2 times (x 68B)
Class org.gradle.internal.classloader.VisitableURLClassLoader$InstrumentingVisitableURLClassLoader: loaded 2 times (x 121B)
Class org.gradle.internal.classloader.ClassLoaderHierarchy                            : loaded 2 times (x 68B)
Class org.gradle.internal.InternalTransformer                                         : loaded 2 times (x 68B)
Class org.gradle.internal.service.ServiceLocator                                      : loaded 2 times (x 68B)
Class Settings_gradle$1                                                               : loaded 2 times (x 72B)
Class org.gradle.internal.classpath.DefaultClassPath$ImmutableUniqueList              : loaded 2 times (x 159B)
Class org.gradle.internal.classpath.TransformedClassPath                              : loaded 2 times (x 94B)
Class Settings_gradle                                                                 : loaded 2 times (x 126B)


---------------  S Y S T E M  ---------------

OS:
 Windows 10 , 64 bit Build 19041 (10.0.19041.3636)
OS uptime: 0 days 0:47 hours

CPU: total 4 (initial active 4) (4 cores per cpu, 1 threads per core) family 6 model 158 stepping 9 microcode 0xb4, cx8, cmov, fxsr, mmx, 3dnowpref, sse, sse2, sse3, ssse3, sse4.1, sse4.2, popcnt, lzcnt, tsc, tscinvbit, avx, avx2, aes, erms, clmul, bmi1, bmi2, rtm, adx, fma, vzeroupper, clflush, clflushopt
Processor Information for all 4 processors :
  Max Mhz: 3501, Current Mhz: 3501, Mhz Limit: 3501

Memory: 4k page, system-wide physical 8123M (608M free)
TotalPageFile size 10171M (AvailPageFile size 8M)
current process WorkingSet (physical memory assigned to process): 243M, peak: 247M
current process commit charge ("private bytes"): 272M, peak: 276M

vm_info: OpenJDK 64-Bit Server VM (17.0.9+0--11185874) for windows-amd64 JRE (17.0.9+0--11185874), built on Dec  6 2023 18:57:44 by "androidbuild" with MS VC++ 16.10 / 16.11 (VS2019)

END.
