#
# There is insufficient memory for the Java Runtime Environment to continue.
# Native memory allocation (malloc) failed to allocate 622576 bytes for Chunk::new
# Possible reasons:
#   The system is out of physical RAM or swap space
#   The process is running with CompressedOops enabled, and the Java Heap may be blocking the growth of the native heap
# Possible solutions:
#   Reduce memory load on the system
#   Increase physical memory or swap space
#   Check if swap backing store is full
#   Decrease Java heap size (-Xmx/-Xms)
#   Decrease number of Java threads
#   Decrease Java thread stack sizes (-Xss)
#   Set larger code cache with -XX:ReservedCodeCacheSize=
#   JVM is running with Unscaled Compressed Oops mode in which the Java heap is
#     placed in the first 4GB address space. The Java Heap base address is the
#     maximum limit for the native heap growth. Please use -XX:HeapBaseMinAddress
#     to set the Java Heap base and to place the Java Heap above 4GB virtual address.
# This output file may be truncated or incomplete.
#
#  Out of Memory Error (arena.cpp:191), pid=4532, tid=22348
#
# JRE version: OpenJDK Runtime Environment (17.0.10) (build 17.0.10+0--11572160)
# Java VM: OpenJDK 64-Bit Server VM (17.0.10+0--11572160, mixed mode, tiered, compressed oops, compressed class ptrs, g1 gc, windows-amd64)
# No core dump will be written. Minidumps are not enabled by default on client versions of Windows
#

---------------  S U M M A R Y ------------

Command Line: --add-opens=java.base/java.util=ALL-UNNAMED --add-opens=java.base/java.lang=ALL-UNNAMED --add-opens=java.base/java.lang.invoke=ALL-UNNAMED --add-opens=java.prefs/java.util.prefs=ALL-UNNAMED --add-opens=java.base/java.nio.charset=ALL-UNNAMED --add-opens=java.base/java.net=ALL-UNNAMED --add-opens=java.base/java.util.concurrent.atomic=ALL-UNNAMED -Xmx2048m -Dfile.encoding=UTF-8 -Duser.country=PT -Duser.language=pt -Duser.variant -javaagent:C:\Users\Jose Martins\.gradle\wrapper\dists\gradle-8.4-bin\1w5dpkrfk8irigvoxmyhowfim\gradle-8.4\lib\agents\gradle-instrumentation-agent-8.4.jar org.gradle.launcher.daemon.bootstrap.GradleDaemon 8.4

Host: Intel(R) Core(TM) i5-7600 CPU @ 3.50GHz, 4 cores, 7G,  Windows 10 , 64 bit Build 19041 (10.0.19041.3636)
Time: Wed May  1 19:44:47 2024 Hora de Verão de GMT elapsed time: 69.706927 seconds (0d 0h 1m 9s)

---------------  T H R E A D  ---------------

Current thread (0x0000023edd3a5ce0):  JavaThread "C2 CompilerThread0" daemon [_thread_in_native, id=22348, stack(0x000000af53800000,0x000000af53900000)]


Current CompileTask:
C2:  69706 16999       4       groovy.lang.MetaMethod::getMopName (105 bytes)

Stack: [0x000000af53800000,0x000000af53900000]
Native frames: (J=compiled Java code, j=interpreted, Vv=VM code, C=native code)
V  [jvm.dll+0x688e89]
V  [jvm.dll+0x84247a]
V  [jvm.dll+0x8440be]
V  [jvm.dll+0x844723]
V  [jvm.dll+0x24be0f]
V  [jvm.dll+0xac524]
V  [jvm.dll+0xacb6c]
V  [jvm.dll+0x36bd12]
V  [jvm.dll+0x33615a]
V  [jvm.dll+0x3355fa]
V  [jvm.dll+0x21daa1]
V  [jvm.dll+0x21cec1]
V  [jvm.dll+0x1a60ad]
V  [jvm.dll+0x22cd78]
V  [jvm.dll+0x22aeb0]
V  [jvm.dll+0x7f6917]
V  [jvm.dll+0x7f0d1a]
V  [jvm.dll+0x687d05]
C  [ucrtbase.dll+0x21bb2]
C  [KERNEL32.DLL+0x17344]
C  [ntdll.dll+0x526b1]


---------------  P R O C E S S  ---------------

Threads class SMR info:
_java_thread_list=0x0000023ef0eeee60, length=40, elements={
0x0000023ec3dad5c0, 0x0000023edd4f7270, 0x0000023edd4f80f0, 0x0000023edd3a0c50,
0x0000023edd3a1610, 0x0000023edd3a25e0, 0x0000023edd3a4fd0, 0x0000023edd3a5ce0,
0x0000023edd3a7900, 0x0000023edd5277e0, 0x0000023edd31f630, 0x0000023edd7654e0,
0x0000023ee3bdf200, 0x0000023ee2ec4960, 0x0000023ee3a7b030, 0x0000023ee4a575b0,
0x0000023ee391f6a0, 0x0000023ee4d3ef70, 0x0000023ee4d3bcd0, 0x0000023ee4d3db30,
0x0000023ee4d3b2b0, 0x0000023ee4d3ea60, 0x0000023ee4d39960, 0x0000023ee4d3e550,
0x0000023ee4d3a380, 0x0000023ee4d3f480, 0x0000023ee4d408c0, 0x0000023ee4d3b7c0,
0x0000023ee4d412e0, 0x0000023ee6318ec0, 0x0000023ee74900b0, 0x0000023ee74905c0,
0x0000023ee748d830, 0x0000023ee7490ad0, 0x0000023ee7494790, 0x0000023ee7490fe0,
0x0000023ee748e250, 0x0000023ee7493860, 0x0000023ee7493d70, 0x0000023ee4ae8130
}

Java Threads: ( => current thread )
  0x0000023ec3dad5c0 JavaThread "main" [_thread_blocked, id=22132, stack(0x000000af52b00000,0x000000af52c00000)]
  0x0000023edd4f7270 JavaThread "Reference Handler" daemon [_thread_blocked, id=5876, stack(0x000000af53200000,0x000000af53300000)]
  0x0000023edd4f80f0 JavaThread "Finalizer" daemon [_thread_blocked, id=3520, stack(0x000000af53300000,0x000000af53400000)]
  0x0000023edd3a0c50 JavaThread "Signal Dispatcher" daemon [_thread_blocked, id=21940, stack(0x000000af53400000,0x000000af53500000)]
  0x0000023edd3a1610 JavaThread "Attach Listener" daemon [_thread_blocked, id=10512, stack(0x000000af53500000,0x000000af53600000)]
  0x0000023edd3a25e0 JavaThread "Service Thread" daemon [_thread_blocked, id=22268, stack(0x000000af53600000,0x000000af53700000)]
  0x0000023edd3a4fd0 JavaThread "Monitor Deflation Thread" daemon [_thread_blocked, id=9704, stack(0x000000af53700000,0x000000af53800000)]
=>0x0000023edd3a5ce0 JavaThread "C2 CompilerThread0" daemon [_thread_in_native, id=22348, stack(0x000000af53800000,0x000000af53900000)]
  0x0000023edd3a7900 JavaThread "C1 CompilerThread0" daemon [_thread_blocked, id=12392, stack(0x000000af53900000,0x000000af53a00000)]
  0x0000023edd5277e0 JavaThread "Sweeper thread" daemon [_thread_blocked, id=5596, stack(0x000000af53a00000,0x000000af53b00000)]
  0x0000023edd31f630 JavaThread "Common-Cleaner" daemon [_thread_blocked, id=1536, stack(0x000000af53b00000,0x000000af53c00000)]
  0x0000023edd7654e0 JavaThread "Notification Thread" daemon [_thread_blocked, id=20748, stack(0x000000af53c00000,0x000000af53d00000)]
  0x0000023ee3bdf200 JavaThread "Daemon health stats" [_thread_blocked, id=22152, stack(0x000000af54200000,0x000000af54300000)]
  0x0000023ee2ec4960 JavaThread "Incoming local TCP Connector on port 51516" [_thread_in_native, id=21360, stack(0x000000af54300000,0x000000af54400000)]
  0x0000023ee3a7b030 JavaThread "Daemon periodic checks" [_thread_blocked, id=13648, stack(0x000000af54400000,0x000000af54500000)]
  0x0000023ee4a575b0 JavaThread "Daemon" [_thread_blocked, id=9280, stack(0x000000af54500000,0x000000af54600000)]
  0x0000023ee391f6a0 JavaThread "Daemon worker" [_thread_in_vm, id=13416, stack(0x000000af54800000,0x000000af54900000)]
  0x0000023ee4d3ef70 JavaThread "Cache worker for journal cache (C:\Users\Jose Martins\.gradle\caches\journal-1)" [_thread_blocked, id=9480, stack(0x000000af54c00000,0x000000af54d00000)]
  0x0000023ee4d3bcd0 JavaThread "File lock request listener" [_thread_in_native, id=2140, stack(0x000000af54d00000,0x000000af54e00000)]
  0x0000023ee4d3db30 JavaThread "Cache worker for file hash cache (C:\Users\Jose Martins\.gradle\caches\8.4\fileHashes)" [_thread_blocked, id=2996, stack(0x000000af54e00000,0x000000af54f00000)]
  0x0000023ee4d3b2b0 JavaThread "File watcher server" daemon [_thread_in_native, id=20772, stack(0x000000af54f00000,0x000000af55000000)]
  0x0000023ee4d3ea60 JavaThread "File watcher consumer" daemon [_thread_blocked, id=22388, stack(0x000000af55000000,0x000000af55100000)]
  0x0000023ee4d39960 JavaThread "Cache worker for file content cache (C:\Users\Jose Martins\.gradle\caches\8.4\fileContent)" [_thread_blocked, id=21012, stack(0x000000af55400000,0x000000af55500000)]
  0x0000023ee4d3e550 JavaThread "Cache worker for execution history cache (C:\Users\Jose Martins\.gradle\caches\8.4\executionHistory)" [_thread_blocked, id=20308, stack(0x000000af55600000,0x000000af55700000)]
  0x0000023ee4d3a380 JavaThread "jar transforms" [_thread_blocked, id=22376, stack(0x000000af55800000,0x000000af55900000)]
  0x0000023ee4d3f480 JavaThread "jar transforms Thread 2" [_thread_blocked, id=14600, stack(0x000000af55900000,0x000000af55a00000)]
  0x0000023ee4d408c0 JavaThread "Cache worker for kotlin-dsl (C:\Users\Jose Martins\.gradle\caches\8.4\kotlin-dsl)" [_thread_blocked, id=13604, stack(0x000000af55a00000,0x000000af55b00000)]
  0x0000023ee4d3b7c0 JavaThread "jar transforms Thread 3" [_thread_blocked, id=18332, stack(0x000000af55b00000,0x000000af55c00000)]
  0x0000023ee4d412e0 JavaThread "jar transforms Thread 4" [_thread_blocked, id=22064, stack(0x000000af55c00000,0x000000af55d00000)]
  0x0000023ee6318ec0 JavaThread "Memory manager" [_thread_blocked, id=9792, stack(0x000000af56300000,0x000000af56400000)]
  0x0000023ee74900b0 JavaThread "Handler for socket connection from /127.0.0.1:51516 to /127.0.0.1:51592" [_thread_in_native, id=16492, stack(0x000000af52800000,0x000000af52900000)]
  0x0000023ee74905c0 JavaThread "Cancel handler" [_thread_blocked, id=21596, stack(0x000000af52900000,0x000000af52a00000)]
  0x0000023ee748d830 JavaThread "Asynchronous log dispatcher for DefaultDaemonConnection: socket connection from /127.0.0.1:51516 to /127.0.0.1:51592" [_thread_blocked, id=22248, stack(0x000000af52a00000,0x000000af52b00000)]
  0x0000023ee7490ad0 JavaThread "Stdin handler" [_thread_blocked, id=18588, stack(0x000000af54700000,0x000000af54800000)]
  0x0000023ee7494790 JavaThread "Daemon client event forwarder" [_thread_blocked, id=2100, stack(0x000000af54900000,0x000000af54a00000)]
  0x0000023ee7490fe0 JavaThread "Cache worker for checksums cache (C:\developer\projects\github\carris\projeto_2\.gradle\8.4\checksums)" [_thread_blocked, id=6132, stack(0x000000af54a00000,0x000000af54b00000)]
  0x0000023ee748e250 JavaThread "Cache worker for file hash cache (C:\developer\projects\github\carris\projeto_2\.gradle\8.4\fileHashes)" [_thread_blocked, id=8896, stack(0x000000af54b00000,0x000000af54c00000)]
  0x0000023ee7493860 JavaThread "Cache worker for cache directory md-supplier (C:\Users\Jose Martins\.gradle\caches\8.4\md-supplier)" [_thread_blocked, id=10324, stack(0x000000af55100000,0x000000af55200000)]
  0x0000023ee7493d70 JavaThread "Cache worker for cache directory md-rule (C:\Users\Jose Martins\.gradle\caches\8.4\md-rule)" [_thread_blocked, id=13972, stack(0x000000af55200000,0x000000af55300000)]
  0x0000023ee4ae8130 JavaThread "C2 CompilerThread1" daemon [_thread_in_native, id=20228, stack(0x000000af55300000,0x000000af55400000)]

Other Threads:
  0x0000023edd38ef80 VMThread "VM Thread" [stack: 0x000000af53100000,0x000000af53200000] [id=22192]
  0x0000023ec3dae580 WatcherThread [stack: 0x000000af53d00000,0x000000af53e00000] [id=20904]
  0x0000023ec3e05c90 GCTaskThread "GC Thread#0" [stack: 0x000000af52c00000,0x000000af52d00000] [id=13680]
  0x0000023ee20f6290 GCTaskThread "GC Thread#1" [stack: 0x000000af53f00000,0x000000af54000000] [id=14512]
  0x0000023ee23b0960 GCTaskThread "GC Thread#2" [stack: 0x000000af54000000,0x000000af54100000] [id=13348]
  0x0000023edd7f1650 GCTaskThread "GC Thread#3" [stack: 0x000000af54100000,0x000000af54200000] [id=13940]
  0x0000023ec3e16be0 ConcurrentGCThread "G1 Main Marker" [stack: 0x000000af52d00000,0x000000af52e00000] [id=17824]
  0x0000023ec3e17da0 ConcurrentGCThread "G1 Conc#0" [stack: 0x000000af52e00000,0x000000af52f00000] [id=20276]
  0x0000023ec3e5eaf0 ConcurrentGCThread "G1 Refine#0" [stack: 0x000000af52f00000,0x000000af53000000] [id=15628]
  0x0000023ee4d8e370 ConcurrentGCThread "G1 Refine#1" [stack: 0x000000af55700000,0x000000af55800000] [id=4652]
  0x0000023ee5d8d0e0 ConcurrentGCThread "G1 Refine#2" [stack: 0x000000af56200000,0x000000af56300000] [id=14960]
  0x0000023edd1e8640 ConcurrentGCThread "G1 Service" [stack: 0x000000af53000000,0x000000af53100000] [id=6140]

Threads with active compile tasks:
C2 CompilerThread0    69726 16999       4       groovy.lang.MetaMethod::getMopName (105 bytes)
C2 CompilerThread1    69726 17033       4       java.util.jar.JarFile::getEntry (35 bytes)

VM state: not at safepoint (normal execution)

VM Mutex/Monitor currently owned by a thread: None

Heap address: 0x0000000080000000, size: 2048 MB, Compressed Oops mode: 32-bit

CDS archive(s) not mapped
Compressed class space mapped at: 0x0000000100000000-0x0000000140000000, reserved size: 1073741824
Narrow klass base: 0x0000000000000000, Narrow klass shift: 3, Narrow klass range: 0x140000000

GC Precious Log:
 CPUs: 4 total, 4 available
 Memory: 8123M
 Large Page Support: Disabled
 NUMA Support: Disabled
 Compressed Oops: Enabled (32-bit)
 Heap Region Size: 1M
 Heap Min Capacity: 8M
 Heap Initial Capacity: 128M
 Heap Max Capacity: 2G
 Pre-touch: Disabled
 Parallel Workers: 4
 Concurrent Workers: 1
 Concurrent Refinement Workers: 4
 Periodic GC: Disabled

Heap:
 garbage-first heap   total 335872K, used 282112K [0x0000000080000000, 0x0000000100000000)
  region size 1024K, 109 young (111616K), 4 survivors (4096K)
 Metaspace       used 159165K, committed 160064K, reserved 1245184K
  class space    used 20836K, committed 21248K, reserved 1048576K

Heap Regions: E=young(eden), S=young(survivor), O=old, HS=humongous(starts), HC=humongous(continues), CS=collection set, F=free, OA=open archive, CA=closed archive, TAMS=top-at-mark-start (previous, next)
|   0|0x0000000080000000, 0x0000000080100000, 0x0000000080100000|100%| O|  |TAMS 0x0000000080100000, 0x0000000080000000| Untracked 
|   1|0x0000000080100000, 0x0000000080200000, 0x0000000080200000|100%| O|  |TAMS 0x0000000080200000, 0x0000000080100000| Untracked 
|   2|0x0000000080200000, 0x0000000080300000, 0x0000000080300000|100%|HS|  |TAMS 0x0000000080300000, 0x0000000080200000| Complete 
|   3|0x0000000080300000, 0x0000000080400000, 0x0000000080400000|100%|HC|  |TAMS 0x0000000080400000, 0x0000000080300000| Complete 
|   4|0x0000000080400000, 0x0000000080500000, 0x0000000080500000|100%|HC|  |TAMS 0x0000000080500000, 0x0000000080400000| Complete 
|   5|0x0000000080500000, 0x0000000080600000, 0x0000000080600000|100%|HC|  |TAMS 0x0000000080600000, 0x0000000080500000| Complete 
|   6|0x0000000080600000, 0x0000000080700000, 0x0000000080700000|100%| O|  |TAMS 0x0000000080700000, 0x0000000080600000| Untracked 
|   7|0x0000000080700000, 0x0000000080800000, 0x0000000080800000|100%| O|  |TAMS 0x0000000080800000, 0x0000000080700000| Untracked 
|   8|0x0000000080800000, 0x0000000080900000, 0x0000000080900000|100%| O|  |TAMS 0x0000000080900000, 0x0000000080800000| Untracked 
|   9|0x0000000080900000, 0x0000000080a00000, 0x0000000080a00000|100%| O|  |TAMS 0x0000000080a00000, 0x0000000080900000| Untracked 
|  10|0x0000000080a00000, 0x0000000080b00000, 0x0000000080b00000|100%| O|  |TAMS 0x0000000080b00000, 0x0000000080a00000| Untracked 
|  11|0x0000000080b00000, 0x0000000080c00000, 0x0000000080c00000|100%| O|  |TAMS 0x0000000080c00000, 0x0000000080b00000| Untracked 
|  12|0x0000000080c00000, 0x0000000080d00000, 0x0000000080d00000|100%| O|  |TAMS 0x0000000080d00000, 0x0000000080c00000| Untracked 
|  13|0x0000000080d00000, 0x0000000080e00000, 0x0000000080e00000|100%| O|  |TAMS 0x0000000080e00000, 0x0000000080d00000| Untracked 
|  14|0x0000000080e00000, 0x0000000080f00000, 0x0000000080f00000|100%| O|  |TAMS 0x0000000080f00000, 0x0000000080e00000| Untracked 
|  15|0x0000000080f00000, 0x0000000081000000, 0x0000000081000000|100%| O|  |TAMS 0x0000000081000000, 0x0000000080f00000| Untracked 
|  16|0x0000000081000000, 0x0000000081100000, 0x0000000081100000|100%| O|  |TAMS 0x0000000081100000, 0x0000000081000000| Untracked 
|  17|0x0000000081100000, 0x0000000081200000, 0x0000000081200000|100%| O|  |TAMS 0x0000000081200000, 0x0000000081100000| Untracked 
|  18|0x0000000081200000, 0x0000000081300000, 0x0000000081300000|100%| O|  |TAMS 0x0000000081300000, 0x0000000081200000| Untracked 
|  19|0x0000000081300000, 0x0000000081400000, 0x0000000081400000|100%| O|  |TAMS 0x0000000081400000, 0x0000000081300000| Untracked 
|  20|0x0000000081400000, 0x0000000081500000, 0x0000000081500000|100%| O|  |TAMS 0x0000000081500000, 0x0000000081400000| Untracked 
|  21|0x0000000081500000, 0x0000000081600000, 0x0000000081600000|100%| O|  |TAMS 0x0000000081600000, 0x0000000081500000| Untracked 
|  22|0x0000000081600000, 0x0000000081700000, 0x0000000081700000|100%| O|  |TAMS 0x0000000081700000, 0x0000000081600000| Untracked 
|  23|0x0000000081700000, 0x0000000081800000, 0x0000000081800000|100%| O|  |TAMS 0x0000000081800000, 0x0000000081700000| Untracked 
|  24|0x0000000081800000, 0x0000000081900000, 0x0000000081900000|100%| O|  |TAMS 0x0000000081900000, 0x0000000081800000| Untracked 
|  25|0x0000000081900000, 0x0000000081a00000, 0x0000000081a00000|100%| O|  |TAMS 0x0000000081a00000, 0x0000000081900000| Untracked 
|  26|0x0000000081a00000, 0x0000000081b00000, 0x0000000081b00000|100%| O|  |TAMS 0x0000000081b00000, 0x0000000081a00000| Untracked 
|  27|0x0000000081b00000, 0x0000000081c00000, 0x0000000081c00000|100%| O|  |TAMS 0x0000000081c00000, 0x0000000081b00000| Untracked 
|  28|0x0000000081c00000, 0x0000000081d00000, 0x0000000081d00000|100%| O|  |TAMS 0x0000000081d00000, 0x0000000081c00000| Untracked 
|  29|0x0000000081d00000, 0x0000000081e00000, 0x0000000081e00000|100%| O|  |TAMS 0x0000000081e00000, 0x0000000081d00000| Untracked 
|  30|0x0000000081e00000, 0x0000000081f00000, 0x0000000081f00000|100%| O|  |TAMS 0x0000000081f00000, 0x0000000081e00000| Untracked 
|  31|0x0000000081f00000, 0x0000000082000000, 0x0000000082000000|100%| O|  |TAMS 0x0000000082000000, 0x0000000081f00000| Untracked 
|  32|0x0000000082000000, 0x0000000082100000, 0x0000000082100000|100%| O|  |TAMS 0x0000000082100000, 0x0000000082000000| Untracked 
|  33|0x0000000082100000, 0x0000000082200000, 0x0000000082200000|100%| O|  |TAMS 0x0000000082200000, 0x0000000082100000| Untracked 
|  34|0x0000000082200000, 0x0000000082300000, 0x0000000082300000|100%| O|  |TAMS 0x0000000082300000, 0x0000000082200000| Untracked 
|  35|0x0000000082300000, 0x0000000082400000, 0x0000000082400000|100%| O|  |TAMS 0x0000000082400000, 0x0000000082300000| Untracked 
|  36|0x0000000082400000, 0x0000000082500000, 0x0000000082500000|100%| O|  |TAMS 0x0000000082500000, 0x0000000082400000| Untracked 
|  37|0x0000000082500000, 0x0000000082600000, 0x0000000082600000|100%| O|  |TAMS 0x0000000082600000, 0x0000000082500000| Untracked 
|  38|0x0000000082600000, 0x0000000082700000, 0x0000000082700000|100%| O|  |TAMS 0x0000000082700000, 0x0000000082600000| Untracked 
|  39|0x0000000082700000, 0x0000000082800000, 0x0000000082800000|100%| O|  |TAMS 0x0000000082800000, 0x0000000082700000| Untracked 
|  40|0x0000000082800000, 0x0000000082900000, 0x0000000082900000|100%| O|  |TAMS 0x0000000082900000, 0x0000000082800000| Untracked 
|  41|0x0000000082900000, 0x0000000082a00000, 0x0000000082a00000|100%| O|  |TAMS 0x0000000082a00000, 0x0000000082900000| Untracked 
|  42|0x0000000082a00000, 0x0000000082b00000, 0x0000000082b00000|100%| O|  |TAMS 0x0000000082b00000, 0x0000000082a00000| Untracked 
|  43|0x0000000082b00000, 0x0000000082c00000, 0x0000000082c00000|100%| O|  |TAMS 0x0000000082c00000, 0x0000000082b00000| Untracked 
|  44|0x0000000082c00000, 0x0000000082d00000, 0x0000000082d00000|100%| O|  |TAMS 0x0000000082d00000, 0x0000000082c00000| Untracked 
|  45|0x0000000082d00000, 0x0000000082e00000, 0x0000000082e00000|100%| O|  |TAMS 0x0000000082e00000, 0x0000000082d00000| Untracked 
|  46|0x0000000082e00000, 0x0000000082f00000, 0x0000000082f00000|100%| O|  |TAMS 0x0000000082f00000, 0x0000000082e00000| Untracked 
|  47|0x0000000082f00000, 0x0000000083000000, 0x0000000083000000|100%| O|  |TAMS 0x0000000083000000, 0x0000000082f00000| Untracked 
|  48|0x0000000083000000, 0x0000000083100000, 0x0000000083100000|100%| O|  |TAMS 0x0000000083100000, 0x0000000083000000| Untracked 
|  49|0x0000000083100000, 0x0000000083200000, 0x0000000083200000|100%| O|  |TAMS 0x0000000083200000, 0x0000000083100000| Untracked 
|  50|0x0000000083200000, 0x0000000083300000, 0x0000000083300000|100%| O|  |TAMS 0x0000000083300000, 0x0000000083200000| Untracked 
|  51|0x0000000083300000, 0x0000000083400000, 0x0000000083400000|100%| O|  |TAMS 0x0000000083400000, 0x0000000083300000| Untracked 
|  52|0x0000000083400000, 0x0000000083500000, 0x0000000083500000|100%| O|  |TAMS 0x0000000083500000, 0x0000000083400000| Untracked 
|  53|0x0000000083500000, 0x0000000083600000, 0x0000000083600000|100%| O|  |TAMS 0x0000000083600000, 0x0000000083500000| Untracked 
|  54|0x0000000083600000, 0x0000000083700000, 0x0000000083700000|100%| O|  |TAMS 0x0000000083700000, 0x0000000083600000| Untracked 
|  55|0x0000000083700000, 0x0000000083800000, 0x0000000083800000|100%| O|  |TAMS 0x0000000083800000, 0x0000000083700000| Untracked 
|  56|0x0000000083800000, 0x0000000083900000, 0x0000000083900000|100%| O|  |TAMS 0x0000000083900000, 0x0000000083800000| Untracked 
|  57|0x0000000083900000, 0x0000000083a00000, 0x0000000083a00000|100%| O|  |TAMS 0x0000000083a00000, 0x0000000083900000| Untracked 
|  58|0x0000000083a00000, 0x0000000083b00000, 0x0000000083b00000|100%| O|  |TAMS 0x0000000083b00000, 0x0000000083a00000| Untracked 
|  59|0x0000000083b00000, 0x0000000083c00000, 0x0000000083c00000|100%| O|  |TAMS 0x0000000083c00000, 0x0000000083b00000| Untracked 
|  60|0x0000000083c00000, 0x0000000083d00000, 0x0000000083d00000|100%| O|  |TAMS 0x0000000083d00000, 0x0000000083c00000| Untracked 
|  61|0x0000000083d00000, 0x0000000083e00000, 0x0000000083e00000|100%| O|  |TAMS 0x0000000083e00000, 0x0000000083d00000| Untracked 
|  62|0x0000000083e00000, 0x0000000083f00000, 0x0000000083f00000|100%| O|  |TAMS 0x0000000083f00000, 0x0000000083e00000| Untracked 
|  63|0x0000000083f00000, 0x0000000084000000, 0x0000000084000000|100%| O|  |TAMS 0x0000000084000000, 0x0000000083f00000| Untracked 
|  64|0x0000000084000000, 0x0000000084100000, 0x0000000084100000|100%| O|  |TAMS 0x0000000084100000, 0x0000000084000000| Untracked 
|  65|0x0000000084100000, 0x0000000084200000, 0x0000000084200000|100%| O|  |TAMS 0x0000000084200000, 0x0000000084100000| Untracked 
|  66|0x0000000084200000, 0x0000000084300000, 0x0000000084300000|100%| O|  |TAMS 0x0000000084300000, 0x0000000084200000| Untracked 
|  67|0x0000000084300000, 0x0000000084400000, 0x0000000084400000|100%| O|  |TAMS 0x0000000084400000, 0x0000000084300000| Untracked 
|  68|0x0000000084400000, 0x0000000084500000, 0x0000000084500000|100%| O|  |TAMS 0x0000000084500000, 0x0000000084400000| Untracked 
|  69|0x0000000084500000, 0x0000000084600000, 0x0000000084600000|100%| O|  |TAMS 0x0000000084600000, 0x0000000084500000| Untracked 
|  70|0x0000000084600000, 0x0000000084700000, 0x0000000084700000|100%| O|  |TAMS 0x0000000084700000, 0x0000000084600000| Untracked 
|  71|0x0000000084700000, 0x0000000084800000, 0x0000000084800000|100%| O|  |TAMS 0x0000000084800000, 0x0000000084700000| Untracked 
|  72|0x0000000084800000, 0x0000000084900000, 0x0000000084900000|100%| O|  |TAMS 0x0000000084900000, 0x0000000084800000| Untracked 
|  73|0x0000000084900000, 0x0000000084a00000, 0x0000000084a00000|100%|HS|  |TAMS 0x0000000084a00000, 0x0000000084900000| Complete 
|  74|0x0000000084a00000, 0x0000000084b00000, 0x0000000084b00000|100%|HC|  |TAMS 0x0000000084b00000, 0x0000000084a00000| Complete 
|  75|0x0000000084b00000, 0x0000000084c00000, 0x0000000084c00000|100%|HC|  |TAMS 0x0000000084c00000, 0x0000000084b00000| Complete 
|  76|0x0000000084c00000, 0x0000000084d00000, 0x0000000084d00000|100%|HC|  |TAMS 0x0000000084d00000, 0x0000000084c00000| Complete 
|  77|0x0000000084d00000, 0x0000000084e00000, 0x0000000084e00000|100%|HC|  |TAMS 0x0000000084e00000, 0x0000000084d00000| Complete 
|  78|0x0000000084e00000, 0x0000000084f00000, 0x0000000084f00000|100%|HC|  |TAMS 0x0000000084f00000, 0x0000000084e00000| Complete 
|  79|0x0000000084f00000, 0x0000000085000000, 0x0000000085000000|100%|HS|  |TAMS 0x0000000085000000, 0x0000000084f00000| Complete 
|  80|0x0000000085000000, 0x0000000085100000, 0x0000000085100000|100%|HS|  |TAMS 0x0000000085100000, 0x0000000085000000| Complete 
|  81|0x0000000085100000, 0x0000000085200000, 0x0000000085200000|100%|HS|  |TAMS 0x0000000085200000, 0x0000000085100000| Complete 
|  82|0x0000000085200000, 0x0000000085300000, 0x0000000085300000|100%|HS|  |TAMS 0x0000000085300000, 0x0000000085200000| Complete 
|  83|0x0000000085300000, 0x0000000085400000, 0x0000000085400000|100%|HC|  |TAMS 0x0000000085400000, 0x0000000085300000| Complete 
|  84|0x0000000085400000, 0x0000000085500000, 0x0000000085500000|100%|HS|  |TAMS 0x0000000085500000, 0x0000000085400000| Complete 
|  85|0x0000000085500000, 0x0000000085600000, 0x0000000085600000|100%|HS|  |TAMS 0x0000000085600000, 0x0000000085500000| Complete 
|  86|0x0000000085600000, 0x0000000085700000, 0x0000000085700000|100%|HC|  |TAMS 0x0000000085700000, 0x0000000085600000| Complete 
|  87|0x0000000085700000, 0x0000000085800000, 0x0000000085800000|100%|HC|  |TAMS 0x0000000085800000, 0x0000000085700000| Complete 
|  88|0x0000000085800000, 0x0000000085900000, 0x0000000085900000|100%|HC|  |TAMS 0x0000000085900000, 0x0000000085800000| Complete 
|  89|0x0000000085900000, 0x0000000085a00000, 0x0000000085a00000|100%| O|  |TAMS 0x0000000085a00000, 0x0000000085900000| Complete 
|  90|0x0000000085a00000, 0x0000000085a00000, 0x0000000085b00000|  0%| F|  |TAMS 0x0000000085a00000, 0x0000000085a00000| Untracked 
|  91|0x0000000085b00000, 0x0000000085c00000, 0x0000000085c00000|100%| O|  |TAMS 0x0000000085c00000, 0x0000000085b00000| Untracked 
|  92|0x0000000085c00000, 0x0000000085d00000, 0x0000000085d00000|100%| O|  |TAMS 0x0000000085d00000, 0x0000000085c00000| Untracked 
|  93|0x0000000085d00000, 0x0000000085e00000, 0x0000000085e00000|100%| O|  |TAMS 0x0000000085e00000, 0x0000000085d00000| Untracked 
|  94|0x0000000085e00000, 0x0000000085f00000, 0x0000000085f00000|100%| O|  |TAMS 0x0000000085f00000, 0x0000000085e00000| Untracked 
|  95|0x0000000085f00000, 0x0000000086000000, 0x0000000086000000|100%| O|  |TAMS 0x0000000086000000, 0x0000000085f00000| Untracked 
|  96|0x0000000086000000, 0x0000000086100000, 0x0000000086100000|100%| O|  |TAMS 0x0000000086100000, 0x0000000086000000| Untracked 
|  97|0x0000000086100000, 0x0000000086200000, 0x0000000086200000|100%| O|  |TAMS 0x0000000086200000, 0x0000000086100000| Untracked 
|  98|0x0000000086200000, 0x0000000086300000, 0x0000000086300000|100%| O|  |TAMS 0x0000000086300000, 0x0000000086200000| Untracked 
|  99|0x0000000086300000, 0x0000000086400000, 0x0000000086400000|100%| O|  |TAMS 0x0000000086400000, 0x0000000086300000| Untracked 
| 100|0x0000000086400000, 0x0000000086500000, 0x0000000086500000|100%| O|  |TAMS 0x0000000086500000, 0x0000000086400000| Untracked 
| 101|0x0000000086500000, 0x0000000086600000, 0x0000000086600000|100%| O|  |TAMS 0x0000000086600000, 0x0000000086500000| Complete 
| 102|0x0000000086600000, 0x0000000086700000, 0x0000000086700000|100%| O|  |TAMS 0x0000000086700000, 0x0000000086600000| Untracked 
| 103|0x0000000086700000, 0x0000000086800000, 0x0000000086800000|100%| O|  |TAMS 0x0000000086800000, 0x0000000086700000| Untracked 
| 104|0x0000000086800000, 0x0000000086900000, 0x0000000086900000|100%| O|  |TAMS 0x0000000086900000, 0x0000000086800000| Untracked 
| 105|0x0000000086900000, 0x0000000086a00000, 0x0000000086a00000|100%|HS|  |TAMS 0x0000000086a00000, 0x0000000086900000| Complete 
| 106|0x0000000086a00000, 0x0000000086b00000, 0x0000000086b00000|100%|HC|  |TAMS 0x0000000086b00000, 0x0000000086a00000| Complete 
| 107|0x0000000086b00000, 0x0000000086c00000, 0x0000000086c00000|100%|HS|  |TAMS 0x0000000086c00000, 0x0000000086b00000| Complete 
| 108|0x0000000086c00000, 0x0000000086d00000, 0x0000000086d00000|100%|HS|  |TAMS 0x0000000086d00000, 0x0000000086c00000| Complete 
| 109|0x0000000086d00000, 0x0000000086e00000, 0x0000000086e00000|100%|HS|  |TAMS 0x0000000086e00000, 0x0000000086d00000| Complete 
| 110|0x0000000086e00000, 0x0000000086f00000, 0x0000000086f00000|100%|HC|  |TAMS 0x0000000086f00000, 0x0000000086e00000| Complete 
| 111|0x0000000086f00000, 0x0000000087000000, 0x0000000087000000|100%|HC|  |TAMS 0x0000000087000000, 0x0000000086f00000| Complete 
| 112|0x0000000087000000, 0x0000000087100000, 0x0000000087100000|100%|HC|  |TAMS 0x0000000087100000, 0x0000000087000000| Complete 
| 113|0x0000000087100000, 0x0000000087200000, 0x0000000087200000|100%| O|  |TAMS 0x0000000087200000, 0x0000000087100000| Untracked 
| 114|0x0000000087200000, 0x0000000087300000, 0x0000000087300000|100%| O|  |TAMS 0x0000000087300000, 0x0000000087200000| Untracked 
| 115|0x0000000087300000, 0x0000000087400000, 0x0000000087400000|100%| O|  |TAMS 0x0000000087400000, 0x0000000087300000| Untracked 
| 116|0x0000000087400000, 0x0000000087500000, 0x0000000087500000|100%| O|  |TAMS 0x0000000087500000, 0x0000000087400000| Untracked 
| 117|0x0000000087500000, 0x0000000087600000, 0x0000000087600000|100%| O|  |TAMS 0x0000000087600000, 0x0000000087500000| Untracked 
| 118|0x0000000087600000, 0x0000000087700000, 0x0000000087700000|100%| O|  |TAMS 0x0000000087700000, 0x0000000087600000| Untracked 
| 119|0x0000000087700000, 0x0000000087800000, 0x0000000087800000|100%| O|  |TAMS 0x0000000087800000, 0x0000000087700000| Untracked 
| 120|0x0000000087800000, 0x0000000087900000, 0x0000000087900000|100%| O|  |TAMS 0x0000000087900000, 0x0000000087800000| Untracked 
| 121|0x0000000087900000, 0x0000000087a00000, 0x0000000087a00000|100%| O|  |TAMS 0x0000000087a00000, 0x0000000087900000| Untracked 
| 122|0x0000000087a00000, 0x0000000087b00000, 0x0000000087b00000|100%| O|  |TAMS 0x0000000087b00000, 0x0000000087a00000| Untracked 
| 123|0x0000000087b00000, 0x0000000087c00000, 0x0000000087c00000|100%| O|  |TAMS 0x0000000087c00000, 0x0000000087b00000| Untracked 
| 124|0x0000000087c00000, 0x0000000087d00000, 0x0000000087d00000|100%| O|  |TAMS 0x0000000087d00000, 0x0000000087c00000| Untracked 
| 125|0x0000000087d00000, 0x0000000087e00000, 0x0000000087e00000|100%| O|  |TAMS 0x0000000087e00000, 0x0000000087d00000| Untracked 
| 126|0x0000000087e00000, 0x0000000087f00000, 0x0000000087f00000|100%| O|  |TAMS 0x0000000087f00000, 0x0000000087e00000| Complete 
| 127|0x0000000087f00000, 0x0000000088000000, 0x0000000088000000|100%| O|  |TAMS 0x0000000088000000, 0x0000000087f00000| Untracked 
| 128|0x0000000088000000, 0x0000000088100000, 0x0000000088100000|100%| O|  |TAMS 0x0000000088100000, 0x0000000088000000| Untracked 
| 129|0x0000000088100000, 0x0000000088200000, 0x0000000088200000|100%| O|  |TAMS 0x0000000088200000, 0x0000000088100000| Untracked 
| 130|0x0000000088200000, 0x0000000088300000, 0x0000000088300000|100%| O|  |TAMS 0x0000000088300000, 0x0000000088200000| Untracked 
| 131|0x0000000088300000, 0x0000000088400000, 0x0000000088400000|100%| O|  |TAMS 0x0000000088400000, 0x0000000088300000| Untracked 
| 132|0x0000000088400000, 0x0000000088500000, 0x0000000088500000|100%| O|  |TAMS 0x0000000088500000, 0x0000000088400000| Untracked 
| 133|0x0000000088500000, 0x0000000088600000, 0x0000000088600000|100%| O|  |TAMS 0x0000000088600000, 0x0000000088500000| Untracked 
| 134|0x0000000088600000, 0x0000000088700000, 0x0000000088700000|100%| O|  |TAMS 0x0000000088700000, 0x0000000088600000| Untracked 
| 135|0x0000000088700000, 0x0000000088800000, 0x0000000088800000|100%| O|  |TAMS 0x0000000088800000, 0x0000000088700000| Untracked 
| 136|0x0000000088800000, 0x0000000088900000, 0x0000000088900000|100%| O|  |TAMS 0x0000000088900000, 0x0000000088800000| Untracked 
| 137|0x0000000088900000, 0x0000000088a00000, 0x0000000088a00000|100%| O|  |TAMS 0x0000000088a00000, 0x0000000088900000| Untracked 
| 138|0x0000000088a00000, 0x0000000088b00000, 0x0000000088b00000|100%| O|  |TAMS 0x0000000088b00000, 0x0000000088a00000| Untracked 
| 139|0x0000000088b00000, 0x0000000088c00000, 0x0000000088c00000|100%| O|  |TAMS 0x0000000088c00000, 0x0000000088b00000| Untracked 
| 140|0x0000000088c00000, 0x0000000088d00000, 0x0000000088d00000|100%| O|  |TAMS 0x0000000088d00000, 0x0000000088c00000| Untracked 
| 141|0x0000000088d00000, 0x0000000088e00000, 0x0000000088e00000|100%| O|  |TAMS 0x0000000088e00000, 0x0000000088d00000| Untracked 
| 142|0x0000000088e00000, 0x0000000088f00000, 0x0000000088f00000|100%| O|  |TAMS 0x0000000088f00000, 0x0000000088e00000| Untracked 
| 143|0x0000000088f00000, 0x0000000089000000, 0x0000000089000000|100%| O|  |TAMS 0x0000000089000000, 0x0000000088f00000| Untracked 
| 144|0x0000000089000000, 0x0000000089100000, 0x0000000089100000|100%| O|  |TAMS 0x00000000890f7400, 0x0000000089000000| Complete 
| 145|0x0000000089100000, 0x0000000089100000, 0x0000000089200000|  0%| F|  |TAMS 0x0000000089100000, 0x0000000089100000| Untracked 
| 146|0x0000000089200000, 0x0000000089300000, 0x0000000089300000|100%| O|  |TAMS 0x0000000089200000, 0x0000000089200000| Untracked 
| 147|0x0000000089300000, 0x0000000089400000, 0x0000000089400000|100%| O|  |TAMS 0x0000000089300000, 0x0000000089300000| Untracked 
| 148|0x0000000089400000, 0x0000000089500000, 0x0000000089500000|100%| O|  |TAMS 0x0000000089400000, 0x0000000089400000| Untracked 
| 149|0x0000000089500000, 0x0000000089600000, 0x0000000089600000|100%| O|  |TAMS 0x0000000089500000, 0x0000000089500000| Untracked 
| 150|0x0000000089600000, 0x0000000089700000, 0x0000000089700000|100%| O|  |TAMS 0x0000000089600000, 0x0000000089600000| Untracked 
| 151|0x0000000089700000, 0x0000000089800000, 0x0000000089800000|100%| O|  |TAMS 0x0000000089700000, 0x0000000089700000| Untracked 
| 152|0x0000000089800000, 0x0000000089900000, 0x0000000089900000|100%| O|  |TAMS 0x0000000089800000, 0x0000000089800000| Untracked 
| 153|0x0000000089900000, 0x0000000089a00000, 0x0000000089a00000|100%| O|  |TAMS 0x0000000089900000, 0x0000000089900000| Untracked 
| 154|0x0000000089a00000, 0x0000000089b00000, 0x0000000089b00000|100%| O|  |TAMS 0x0000000089a00000, 0x0000000089a00000| Untracked 
| 155|0x0000000089b00000, 0x0000000089c00000, 0x0000000089c00000|100%| O|  |TAMS 0x0000000089b00000, 0x0000000089b00000| Untracked 
| 156|0x0000000089c00000, 0x0000000089d00000, 0x0000000089d00000|100%| O|  |TAMS 0x0000000089c00000, 0x0000000089c00000| Untracked 
| 157|0x0000000089d00000, 0x0000000089e00000, 0x0000000089e00000|100%| O|  |TAMS 0x0000000089d00000, 0x0000000089d00000| Untracked 
| 158|0x0000000089e00000, 0x0000000089f00000, 0x0000000089f00000|100%| O|  |TAMS 0x0000000089e00000, 0x0000000089e00000| Untracked 
| 159|0x0000000089f00000, 0x0000000089f80000, 0x000000008a000000| 50%| O|  |TAMS 0x0000000089f00000, 0x0000000089f00000| Untracked 
| 160|0x000000008a000000, 0x000000008a100000, 0x000000008a100000|100%|HS|  |TAMS 0x000000008a000000, 0x000000008a000000| Complete 
| 161|0x000000008a100000, 0x000000008a200000, 0x000000008a200000|100%|HC|  |TAMS 0x000000008a100000, 0x000000008a100000| Complete 
| 162|0x000000008a200000, 0x000000008a300000, 0x000000008a300000|100%|HS|  |TAMS 0x000000008a200000, 0x000000008a200000| Complete 
| 163|0x000000008a300000, 0x000000008a400000, 0x000000008a400000|100%|HC|  |TAMS 0x000000008a300000, 0x000000008a300000| Complete 
| 164|0x000000008a400000, 0x000000008a500000, 0x000000008a500000|100%|HC|  |TAMS 0x000000008a400000, 0x000000008a400000| Complete 
| 165|0x000000008a500000, 0x000000008a600000, 0x000000008a600000|100%|HS|  |TAMS 0x000000008a500000, 0x000000008a500000| Complete 
| 166|0x000000008a600000, 0x000000008a700000, 0x000000008a700000|100%|HC|  |TAMS 0x000000008a600000, 0x000000008a600000| Complete 
| 167|0x000000008a700000, 0x000000008a800000, 0x000000008a800000|100%|HC|  |TAMS 0x000000008a700000, 0x000000008a700000| Complete 
| 168|0x000000008a800000, 0x000000008a900000, 0x000000008a900000|100%|HS|  |TAMS 0x000000008a800000, 0x000000008a800000| Complete 
| 169|0x000000008a900000, 0x000000008aa00000, 0x000000008aa00000|100%|HC|  |TAMS 0x000000008a900000, 0x000000008a900000| Complete 
| 170|0x000000008aa00000, 0x000000008ab00000, 0x000000008ab00000|100%|HC|  |TAMS 0x000000008aa00000, 0x000000008aa00000| Complete 
| 171|0x000000008ab00000, 0x000000008ab00000, 0x000000008ac00000|  0%| F|  |TAMS 0x000000008ab00000, 0x000000008ab00000| Untracked 
| 172|0x000000008ac00000, 0x000000008ac00000, 0x000000008ad00000|  0%| F|  |TAMS 0x000000008ac00000, 0x000000008ac00000| Untracked 
| 173|0x000000008ad00000, 0x000000008ad00000, 0x000000008ae00000|  0%| F|  |TAMS 0x000000008ad00000, 0x000000008ad00000| Untracked 
| 174|0x000000008ae00000, 0x000000008ae00000, 0x000000008af00000|  0%| F|  |TAMS 0x000000008ae00000, 0x000000008ae00000| Untracked 
| 175|0x000000008af00000, 0x000000008af00000, 0x000000008b000000|  0%| F|  |TAMS 0x000000008af00000, 0x000000008af00000| Untracked 
| 176|0x000000008b000000, 0x000000008b000000, 0x000000008b100000|  0%| F|  |TAMS 0x000000008b000000, 0x000000008b000000| Untracked 
| 177|0x000000008b100000, 0x000000008b100000, 0x000000008b200000|  0%| F|  |TAMS 0x000000008b100000, 0x000000008b100000| Untracked 
| 178|0x000000008b200000, 0x000000008b200000, 0x000000008b300000|  0%| F|  |TAMS 0x000000008b200000, 0x000000008b200000| Untracked 
| 179|0x000000008b300000, 0x000000008b300000, 0x000000008b400000|  0%| F|  |TAMS 0x000000008b300000, 0x000000008b300000| Untracked 
| 180|0x000000008b400000, 0x000000008b400000, 0x000000008b500000|  0%| F|  |TAMS 0x000000008b400000, 0x000000008b400000| Untracked 
| 181|0x000000008b500000, 0x000000008b500000, 0x000000008b600000|  0%| F|  |TAMS 0x000000008b500000, 0x000000008b500000| Untracked 
| 182|0x000000008b600000, 0x000000008b600000, 0x000000008b700000|  0%| F|  |TAMS 0x000000008b600000, 0x000000008b600000| Untracked 
| 183|0x000000008b700000, 0x000000008b700000, 0x000000008b800000|  0%| F|  |TAMS 0x000000008b700000, 0x000000008b700000| Untracked 
| 184|0x000000008b800000, 0x000000008b800000, 0x000000008b900000|  0%| F|  |TAMS 0x000000008b800000, 0x000000008b800000| Untracked 
| 185|0x000000008b900000, 0x000000008b900000, 0x000000008ba00000|  0%| F|  |TAMS 0x000000008b900000, 0x000000008b900000| Untracked 
| 186|0x000000008ba00000, 0x000000008ba00000, 0x000000008bb00000|  0%| F|  |TAMS 0x000000008ba00000, 0x000000008ba00000| Untracked 
| 187|0x000000008bb00000, 0x000000008bb00000, 0x000000008bc00000|  0%| F|  |TAMS 0x000000008bb00000, 0x000000008bb00000| Untracked 
| 188|0x000000008bc00000, 0x000000008bc00000, 0x000000008bd00000|  0%| F|  |TAMS 0x000000008bc00000, 0x000000008bc00000| Untracked 
| 189|0x000000008bd00000, 0x000000008bd00000, 0x000000008be00000|  0%| F|  |TAMS 0x000000008bd00000, 0x000000008bd00000| Untracked 
| 190|0x000000008be00000, 0x000000008be00000, 0x000000008bf00000|  0%| F|  |TAMS 0x000000008be00000, 0x000000008be00000| Untracked 
| 191|0x000000008bf00000, 0x000000008bf00000, 0x000000008c000000|  0%| F|  |TAMS 0x000000008bf00000, 0x000000008bf00000| Untracked 
| 192|0x000000008c000000, 0x000000008c000000, 0x000000008c100000|  0%| F|  |TAMS 0x000000008c000000, 0x000000008c000000| Untracked 
| 193|0x000000008c100000, 0x000000008c100000, 0x000000008c200000|  0%| F|  |TAMS 0x000000008c100000, 0x000000008c100000| Untracked 
| 194|0x000000008c200000, 0x000000008c200000, 0x000000008c300000|  0%| F|  |TAMS 0x000000008c200000, 0x000000008c200000| Untracked 
| 195|0x000000008c300000, 0x000000008c300000, 0x000000008c400000|  0%| F|  |TAMS 0x000000008c300000, 0x000000008c300000| Untracked 
| 196|0x000000008c400000, 0x000000008c400000, 0x000000008c500000|  0%| F|  |TAMS 0x000000008c400000, 0x000000008c400000| Untracked 
| 197|0x000000008c500000, 0x000000008c500000, 0x000000008c600000|  0%| F|  |TAMS 0x000000008c500000, 0x000000008c500000| Untracked 
| 198|0x000000008c600000, 0x000000008c600000, 0x000000008c700000|  0%| F|  |TAMS 0x000000008c600000, 0x000000008c600000| Untracked 
| 199|0x000000008c700000, 0x000000008c700000, 0x000000008c800000|  0%| F|  |TAMS 0x000000008c700000, 0x000000008c700000| Untracked 
| 200|0x000000008c800000, 0x000000008c800000, 0x000000008c900000|  0%| F|  |TAMS 0x000000008c800000, 0x000000008c800000| Untracked 
| 201|0x000000008c900000, 0x000000008c900000, 0x000000008ca00000|  0%| F|  |TAMS 0x000000008c900000, 0x000000008c900000| Untracked 
| 202|0x000000008ca00000, 0x000000008ca00000, 0x000000008cb00000|  0%| F|  |TAMS 0x000000008ca00000, 0x000000008ca00000| Untracked 
| 203|0x000000008cb00000, 0x000000008cb00000, 0x000000008cc00000|  0%| F|  |TAMS 0x000000008cb00000, 0x000000008cb00000| Untracked 
| 204|0x000000008cc00000, 0x000000008cc00000, 0x000000008cd00000|  0%| F|  |TAMS 0x000000008cc00000, 0x000000008cc00000| Untracked 
| 205|0x000000008cd00000, 0x000000008cd00000, 0x000000008ce00000|  0%| F|  |TAMS 0x000000008cd00000, 0x000000008cd00000| Untracked 
| 206|0x000000008ce00000, 0x000000008ce00000, 0x000000008cf00000|  0%| F|  |TAMS 0x000000008ce00000, 0x000000008ce00000| Untracked 
| 207|0x000000008cf00000, 0x000000008cf00000, 0x000000008d000000|  0%| F|  |TAMS 0x000000008cf00000, 0x000000008cf00000| Untracked 
| 208|0x000000008d000000, 0x000000008d000000, 0x000000008d100000|  0%| F|  |TAMS 0x000000008d000000, 0x000000008d000000| Untracked 
| 209|0x000000008d100000, 0x000000008d100000, 0x000000008d200000|  0%| F|  |TAMS 0x000000008d100000, 0x000000008d100000| Untracked 
| 210|0x000000008d200000, 0x000000008d200000, 0x000000008d300000|  0%| F|  |TAMS 0x000000008d200000, 0x000000008d200000| Untracked 
| 211|0x000000008d300000, 0x000000008d300000, 0x000000008d400000|  0%| F|  |TAMS 0x000000008d300000, 0x000000008d300000| Untracked 
| 212|0x000000008d400000, 0x000000008d400000, 0x000000008d500000|  0%| F|  |TAMS 0x000000008d400000, 0x000000008d400000| Untracked 
| 213|0x000000008d500000, 0x000000008d500000, 0x000000008d600000|  0%| F|  |TAMS 0x000000008d500000, 0x000000008d500000| Untracked 
| 214|0x000000008d600000, 0x000000008d600000, 0x000000008d700000|  0%| F|  |TAMS 0x000000008d600000, 0x000000008d600000| Untracked 
| 215|0x000000008d700000, 0x000000008d700000, 0x000000008d800000|  0%| F|  |TAMS 0x000000008d700000, 0x000000008d700000| Untracked 
| 216|0x000000008d800000, 0x000000008d800000, 0x000000008d900000|  0%| F|  |TAMS 0x000000008d800000, 0x000000008d800000| Untracked 
| 217|0x000000008d900000, 0x000000008d900000, 0x000000008da00000|  0%| F|  |TAMS 0x000000008d900000, 0x000000008d900000| Untracked 
| 218|0x000000008da00000, 0x000000008da80800, 0x000000008db00000| 50%| E|  |TAMS 0x000000008da00000, 0x000000008da00000| Complete 
| 219|0x000000008db00000, 0x000000008dc00000, 0x000000008dc00000|100%| E|CS|TAMS 0x000000008db00000, 0x000000008db00000| Complete 
| 220|0x000000008dc00000, 0x000000008dd00000, 0x000000008dd00000|100%| E|CS|TAMS 0x000000008dc00000, 0x000000008dc00000| Complete 
| 221|0x000000008dd00000, 0x000000008de00000, 0x000000008de00000|100%| E|CS|TAMS 0x000000008dd00000, 0x000000008dd00000| Complete 
| 222|0x000000008de00000, 0x000000008df00000, 0x000000008df00000|100%| E|CS|TAMS 0x000000008de00000, 0x000000008de00000| Complete 
| 223|0x000000008df00000, 0x000000008e000000, 0x000000008e000000|100%| S|CS|TAMS 0x000000008df00000, 0x000000008df00000| Complete 
| 224|0x000000008e000000, 0x000000008e100000, 0x000000008e100000|100%| S|CS|TAMS 0x000000008e000000, 0x000000008e000000| Complete 
| 225|0x000000008e100000, 0x000000008e200000, 0x000000008e200000|100%| S|CS|TAMS 0x000000008e100000, 0x000000008e100000| Complete 
| 226|0x000000008e200000, 0x000000008e300000, 0x000000008e300000|100%| S|CS|TAMS 0x000000008e200000, 0x000000008e200000| Complete 
| 227|0x000000008e300000, 0x000000008e400000, 0x000000008e400000|100%| E|CS|TAMS 0x000000008e300000, 0x000000008e300000| Complete 
| 228|0x000000008e400000, 0x000000008e500000, 0x000000008e500000|100%| E|CS|TAMS 0x000000008e400000, 0x000000008e400000| Complete 
| 229|0x000000008e500000, 0x000000008e600000, 0x000000008e600000|100%| E|CS|TAMS 0x000000008e500000, 0x000000008e500000| Complete 
| 230|0x000000008e600000, 0x000000008e700000, 0x000000008e700000|100%| E|CS|TAMS 0x000000008e600000, 0x000000008e600000| Complete 
| 231|0x000000008e700000, 0x000000008e800000, 0x000000008e800000|100%| E|CS|TAMS 0x000000008e700000, 0x000000008e700000| Complete 
| 232|0x000000008e800000, 0x000000008e900000, 0x000000008e900000|100%| E|CS|TAMS 0x000000008e800000, 0x000000008e800000| Complete 
| 233|0x000000008e900000, 0x000000008ea00000, 0x000000008ea00000|100%| E|CS|TAMS 0x000000008e900000, 0x000000008e900000| Complete 
| 234|0x000000008ea00000, 0x000000008eb00000, 0x000000008eb00000|100%| E|CS|TAMS 0x000000008ea00000, 0x000000008ea00000| Complete 
| 235|0x000000008eb00000, 0x000000008ec00000, 0x000000008ec00000|100%| E|CS|TAMS 0x000000008eb00000, 0x000000008eb00000| Complete 
| 236|0x000000008ec00000, 0x000000008ed00000, 0x000000008ed00000|100%| E|  |TAMS 0x000000008ec00000, 0x000000008ec00000| Complete 
| 237|0x000000008ed00000, 0x000000008ee00000, 0x000000008ee00000|100%| E|CS|TAMS 0x000000008ed00000, 0x000000008ed00000| Complete 
| 238|0x000000008ee00000, 0x000000008ef00000, 0x000000008ef00000|100%| E|CS|TAMS 0x000000008ee00000, 0x000000008ee00000| Complete 
| 239|0x000000008ef00000, 0x000000008f000000, 0x000000008f000000|100%| E|CS|TAMS 0x000000008ef00000, 0x000000008ef00000| Complete 
| 240|0x000000008f000000, 0x000000008f100000, 0x000000008f100000|100%| E|CS|TAMS 0x000000008f000000, 0x000000008f000000| Complete 
| 241|0x000000008f100000, 0x000000008f200000, 0x000000008f200000|100%| E|CS|TAMS 0x000000008f100000, 0x000000008f100000| Complete 
| 242|0x000000008f200000, 0x000000008f300000, 0x000000008f300000|100%| E|CS|TAMS 0x000000008f200000, 0x000000008f200000| Complete 
| 243|0x000000008f300000, 0x000000008f400000, 0x000000008f400000|100%| E|CS|TAMS 0x000000008f300000, 0x000000008f300000| Complete 
| 244|0x000000008f400000, 0x000000008f500000, 0x000000008f500000|100%| E|CS|TAMS 0x000000008f400000, 0x000000008f400000| Complete 
| 245|0x000000008f500000, 0x000000008f600000, 0x000000008f600000|100%| E|CS|TAMS 0x000000008f500000, 0x000000008f500000| Complete 
| 246|0x000000008f600000, 0x000000008f700000, 0x000000008f700000|100%| E|CS|TAMS 0x000000008f600000, 0x000000008f600000| Complete 
| 247|0x000000008f700000, 0x000000008f800000, 0x000000008f800000|100%| E|CS|TAMS 0x000000008f700000, 0x000000008f700000| Complete 
| 248|0x000000008f800000, 0x000000008f900000, 0x000000008f900000|100%| E|CS|TAMS 0x000000008f800000, 0x000000008f800000| Complete 
| 249|0x000000008f900000, 0x000000008fa00000, 0x000000008fa00000|100%| E|CS|TAMS 0x000000008f900000, 0x000000008f900000| Complete 
| 250|0x000000008fa00000, 0x000000008fb00000, 0x000000008fb00000|100%| E|CS|TAMS 0x000000008fa00000, 0x000000008fa00000| Complete 
| 251|0x000000008fb00000, 0x000000008fc00000, 0x000000008fc00000|100%| E|CS|TAMS 0x000000008fb00000, 0x000000008fb00000| Complete 
| 252|0x000000008fc00000, 0x000000008fd00000, 0x000000008fd00000|100%| E|CS|TAMS 0x000000008fc00000, 0x000000008fc00000| Complete 
| 253|0x000000008fd00000, 0x000000008fe00000, 0x000000008fe00000|100%| E|CS|TAMS 0x000000008fd00000, 0x000000008fd00000| Complete 
| 254|0x000000008fe00000, 0x000000008ff00000, 0x000000008ff00000|100%| E|CS|TAMS 0x000000008fe00000, 0x000000008fe00000| Complete 
| 255|0x000000008ff00000, 0x0000000090000000, 0x0000000090000000|100%| E|CS|TAMS 0x000000008ff00000, 0x000000008ff00000| Complete 
| 256|0x0000000090000000, 0x0000000090100000, 0x0000000090100000|100%| E|CS|TAMS 0x0000000090000000, 0x0000000090000000| Complete 
| 257|0x0000000090100000, 0x0000000090200000, 0x0000000090200000|100%| E|CS|TAMS 0x0000000090100000, 0x0000000090100000| Complete 
| 258|0x0000000090200000, 0x0000000090300000, 0x0000000090300000|100%| E|CS|TAMS 0x0000000090200000, 0x0000000090200000| Complete 
| 259|0x0000000090300000, 0x0000000090400000, 0x0000000090400000|100%| E|CS|TAMS 0x0000000090300000, 0x0000000090300000| Complete 
| 260|0x0000000090400000, 0x0000000090500000, 0x0000000090500000|100%| E|CS|TAMS 0x0000000090400000, 0x0000000090400000| Complete 
| 261|0x0000000090500000, 0x0000000090600000, 0x0000000090600000|100%| E|CS|TAMS 0x0000000090500000, 0x0000000090500000| Complete 
| 262|0x0000000090600000, 0x0000000090700000, 0x0000000090700000|100%| E|CS|TAMS 0x0000000090600000, 0x0000000090600000| Complete 
| 263|0x0000000090700000, 0x0000000090800000, 0x0000000090800000|100%| E|CS|TAMS 0x0000000090700000, 0x0000000090700000| Complete 
| 264|0x0000000090800000, 0x0000000090900000, 0x0000000090900000|100%| E|CS|TAMS 0x0000000090800000, 0x0000000090800000| Complete 
| 265|0x0000000090900000, 0x0000000090a00000, 0x0000000090a00000|100%| E|CS|TAMS 0x0000000090900000, 0x0000000090900000| Complete 
| 266|0x0000000090a00000, 0x0000000090b00000, 0x0000000090b00000|100%| E|CS|TAMS 0x0000000090a00000, 0x0000000090a00000| Complete 
| 267|0x0000000090b00000, 0x0000000090c00000, 0x0000000090c00000|100%| E|CS|TAMS 0x0000000090b00000, 0x0000000090b00000| Complete 
| 268|0x0000000090c00000, 0x0000000090d00000, 0x0000000090d00000|100%| E|CS|TAMS 0x0000000090c00000, 0x0000000090c00000| Complete 
| 269|0x0000000090d00000, 0x0000000090e00000, 0x0000000090e00000|100%| E|CS|TAMS 0x0000000090d00000, 0x0000000090d00000| Complete 
| 270|0x0000000090e00000, 0x0000000090f00000, 0x0000000090f00000|100%| E|CS|TAMS 0x0000000090e00000, 0x0000000090e00000| Complete 
| 271|0x0000000090f00000, 0x0000000091000000, 0x0000000091000000|100%| E|CS|TAMS 0x0000000090f00000, 0x0000000090f00000| Complete 
| 272|0x0000000091000000, 0x0000000091100000, 0x0000000091100000|100%| E|CS|TAMS 0x0000000091000000, 0x0000000091000000| Complete 
| 273|0x0000000091100000, 0x0000000091200000, 0x0000000091200000|100%| E|CS|TAMS 0x0000000091100000, 0x0000000091100000| Complete 
| 274|0x0000000091200000, 0x0000000091300000, 0x0000000091300000|100%| E|CS|TAMS 0x0000000091200000, 0x0000000091200000| Complete 
| 275|0x0000000091300000, 0x0000000091400000, 0x0000000091400000|100%| E|CS|TAMS 0x0000000091300000, 0x0000000091300000| Complete 
| 276|0x0000000091400000, 0x0000000091500000, 0x0000000091500000|100%| E|CS|TAMS 0x0000000091400000, 0x0000000091400000| Complete 
| 277|0x0000000091500000, 0x0000000091600000, 0x0000000091600000|100%| E|CS|TAMS 0x0000000091500000, 0x0000000091500000| Complete 
| 278|0x0000000091600000, 0x0000000091700000, 0x0000000091700000|100%| E|CS|TAMS 0x0000000091600000, 0x0000000091600000| Complete 
| 279|0x0000000091700000, 0x0000000091800000, 0x0000000091800000|100%| E|CS|TAMS 0x0000000091700000, 0x0000000091700000| Complete 
| 280|0x0000000091800000, 0x0000000091900000, 0x0000000091900000|100%| E|CS|TAMS 0x0000000091800000, 0x0000000091800000| Complete 
| 281|0x0000000091900000, 0x0000000091a00000, 0x0000000091a00000|100%| E|CS|TAMS 0x0000000091900000, 0x0000000091900000| Complete 
| 282|0x0000000091a00000, 0x0000000091b00000, 0x0000000091b00000|100%| E|CS|TAMS 0x0000000091a00000, 0x0000000091a00000| Complete 
| 283|0x0000000091b00000, 0x0000000091c00000, 0x0000000091c00000|100%| E|CS|TAMS 0x0000000091b00000, 0x0000000091b00000| Complete 
| 284|0x0000000091c00000, 0x0000000091d00000, 0x0000000091d00000|100%| E|CS|TAMS 0x0000000091c00000, 0x0000000091c00000| Complete 
| 285|0x0000000091d00000, 0x0000000091e00000, 0x0000000091e00000|100%| E|CS|TAMS 0x0000000091d00000, 0x0000000091d00000| Complete 
| 286|0x0000000091e00000, 0x0000000091f00000, 0x0000000091f00000|100%| E|CS|TAMS 0x0000000091e00000, 0x0000000091e00000| Complete 
| 287|0x0000000091f00000, 0x0000000092000000, 0x0000000092000000|100%| E|CS|TAMS 0x0000000091f00000, 0x0000000091f00000| Complete 
| 288|0x0000000092000000, 0x0000000092100000, 0x0000000092100000|100%| E|CS|TAMS 0x0000000092000000, 0x0000000092000000| Complete 
| 289|0x0000000092100000, 0x0000000092200000, 0x0000000092200000|100%| E|CS|TAMS 0x0000000092100000, 0x0000000092100000| Complete 
| 290|0x0000000092200000, 0x0000000092300000, 0x0000000092300000|100%| E|CS|TAMS 0x0000000092200000, 0x0000000092200000| Complete 
| 291|0x0000000092300000, 0x0000000092400000, 0x0000000092400000|100%| E|CS|TAMS 0x0000000092300000, 0x0000000092300000| Complete 
| 292|0x0000000092400000, 0x0000000092500000, 0x0000000092500000|100%| E|CS|TAMS 0x0000000092400000, 0x0000000092400000| Complete 
| 293|0x0000000092500000, 0x0000000092600000, 0x0000000092600000|100%| E|CS|TAMS 0x0000000092500000, 0x0000000092500000| Complete 
| 294|0x0000000092600000, 0x0000000092700000, 0x0000000092700000|100%| E|CS|TAMS 0x0000000092600000, 0x0000000092600000| Complete 
| 295|0x0000000092700000, 0x0000000092800000, 0x0000000092800000|100%| E|CS|TAMS 0x0000000092700000, 0x0000000092700000| Complete 
| 296|0x0000000092800000, 0x0000000092900000, 0x0000000092900000|100%| E|CS|TAMS 0x0000000092800000, 0x0000000092800000| Complete 
| 297|0x0000000092900000, 0x0000000092a00000, 0x0000000092a00000|100%| E|CS|TAMS 0x0000000092900000, 0x0000000092900000| Complete 
| 298|0x0000000092a00000, 0x0000000092b00000, 0x0000000092b00000|100%| E|CS|TAMS 0x0000000092a00000, 0x0000000092a00000| Complete 
| 299|0x0000000092b00000, 0x0000000092c00000, 0x0000000092c00000|100%| E|CS|TAMS 0x0000000092b00000, 0x0000000092b00000| Complete 
| 300|0x0000000092c00000, 0x0000000092d00000, 0x0000000092d00000|100%| E|CS|TAMS 0x0000000092c00000, 0x0000000092c00000| Complete 
| 301|0x0000000092d00000, 0x0000000092e00000, 0x0000000092e00000|100%| E|CS|TAMS 0x0000000092d00000, 0x0000000092d00000| Complete 
| 302|0x0000000092e00000, 0x0000000092f00000, 0x0000000092f00000|100%| E|CS|TAMS 0x0000000092e00000, 0x0000000092e00000| Complete 
| 303|0x0000000092f00000, 0x0000000093000000, 0x0000000093000000|100%| E|CS|TAMS 0x0000000092f00000, 0x0000000092f00000| Complete 
| 304|0x0000000093000000, 0x0000000093100000, 0x0000000093100000|100%| E|CS|TAMS 0x0000000093000000, 0x0000000093000000| Complete 
| 305|0x0000000093100000, 0x0000000093200000, 0x0000000093200000|100%| E|CS|TAMS 0x0000000093100000, 0x0000000093100000| Complete 
| 306|0x0000000093200000, 0x0000000093300000, 0x0000000093300000|100%| E|CS|TAMS 0x0000000093200000, 0x0000000093200000| Complete 
| 307|0x0000000093300000, 0x0000000093400000, 0x0000000093400000|100%| E|CS|TAMS 0x0000000093300000, 0x0000000093300000| Complete 
| 308|0x0000000093400000, 0x0000000093500000, 0x0000000093500000|100%| E|CS|TAMS 0x0000000093400000, 0x0000000093400000| Complete 
| 309|0x0000000093500000, 0x0000000093600000, 0x0000000093600000|100%| E|CS|TAMS 0x0000000093500000, 0x0000000093500000| Complete 
| 310|0x0000000093600000, 0x0000000093700000, 0x0000000093700000|100%| E|CS|TAMS 0x0000000093600000, 0x0000000093600000| Complete 
| 311|0x0000000093700000, 0x0000000093800000, 0x0000000093800000|100%| E|CS|TAMS 0x0000000093700000, 0x0000000093700000| Complete 
| 312|0x0000000093800000, 0x0000000093900000, 0x0000000093900000|100%| E|CS|TAMS 0x0000000093800000, 0x0000000093800000| Complete 
| 313|0x0000000093900000, 0x0000000093a00000, 0x0000000093a00000|100%| E|CS|TAMS 0x0000000093900000, 0x0000000093900000| Complete 
| 314|0x0000000093a00000, 0x0000000093b00000, 0x0000000093b00000|100%| E|CS|TAMS 0x0000000093a00000, 0x0000000093a00000| Complete 
| 315|0x0000000093b00000, 0x0000000093c00000, 0x0000000093c00000|100%| E|CS|TAMS 0x0000000093b00000, 0x0000000093b00000| Complete 
| 316|0x0000000093c00000, 0x0000000093d00000, 0x0000000093d00000|100%| E|CS|TAMS 0x0000000093c00000, 0x0000000093c00000| Complete 
| 317|0x0000000093d00000, 0x0000000093e00000, 0x0000000093e00000|100%| E|CS|TAMS 0x0000000093d00000, 0x0000000093d00000| Complete 
| 318|0x0000000093e00000, 0x0000000093f00000, 0x0000000093f00000|100%| E|CS|TAMS 0x0000000093e00000, 0x0000000093e00000| Complete 
| 319|0x0000000093f00000, 0x0000000094000000, 0x0000000094000000|100%| E|CS|TAMS 0x0000000093f00000, 0x0000000093f00000| Complete 
| 320|0x0000000094000000, 0x0000000094100000, 0x0000000094100000|100%| E|CS|TAMS 0x0000000094000000, 0x0000000094000000| Complete 
| 321|0x0000000094100000, 0x0000000094200000, 0x0000000094200000|100%| E|CS|TAMS 0x0000000094100000, 0x0000000094100000| Complete 
| 322|0x0000000094200000, 0x0000000094300000, 0x0000000094300000|100%| E|CS|TAMS 0x0000000094200000, 0x0000000094200000| Complete 
| 323|0x0000000094300000, 0x0000000094400000, 0x0000000094400000|100%| E|CS|TAMS 0x0000000094300000, 0x0000000094300000| Complete 
| 324|0x0000000094400000, 0x0000000094500000, 0x0000000094500000|100%| E|CS|TAMS 0x0000000094400000, 0x0000000094400000| Complete 
| 325|0x0000000094500000, 0x0000000094600000, 0x0000000094600000|100%| E|CS|TAMS 0x0000000094500000, 0x0000000094500000| Complete 
| 326|0x0000000094600000, 0x0000000094700000, 0x0000000094700000|100%| E|CS|TAMS 0x0000000094600000, 0x0000000094600000| Complete 
| 327|0x0000000094700000, 0x0000000094800000, 0x0000000094800000|100%| E|CS|TAMS 0x0000000094700000, 0x0000000094700000| Complete 

Card table byte_map: [0x0000023ed6680000,0x0000023ed6a80000] _byte_map_base: 0x0000023ed6280000

Marking Bits (Prev, Next): (CMBitMap*) 0x0000023ec3e062b0, (CMBitMap*) 0x0000023ec3e062f0
 Prev Bits: [0x0000023ed6e80000, 0x0000023ed8e80000)
 Next Bits: [0x0000023ed8e80000, 0x0000023edae80000)

Polling page: 0x0000023ec1cc0000

Metaspace:

Usage:
  Non-class:    135.09 MB used.
      Class:     20.35 MB used.
       Both:    155.44 MB used.

Virtual space:
  Non-class space:      192.00 MB reserved,     135.56 MB ( 71%) committed,  3 nodes.
      Class space:        1.00 GB reserved,      20.75 MB (  2%) committed,  1 nodes.
             Both:        1.19 GB reserved,     156.31 MB ( 13%) committed. 

Chunk freelists:
   Non-Class:  8.04 MB
       Class:  11.14 MB
        Both:  19.18 MB

MaxMetaspaceSize: unlimited
CompressedClassSpaceSize: 1.00 GB
Initial GC threshold: 21.00 MB
Current GC threshold: 250.94 MB
CDS: off
MetaspaceReclaimPolicy: balanced
 - commit_granule_bytes: 65536.
 - commit_granule_words: 8192.
 - virtual_space_node_default_size: 8388608.
 - enlarge_chunks_in_place: 1.
 - new_chunks_are_fully_committed: 0.
 - uncommit_free_chunks: 1.
 - use_allocation_guard: 0.
 - handle_deallocations: 1.


Internal statistics:

num_allocs_failed_limit: 24.
num_arena_births: 1236.
num_arena_deaths: 2.
num_vsnodes_births: 4.
num_vsnodes_deaths: 0.
num_space_committed: 2499.
num_space_uncommitted: 0.
num_chunks_returned_to_freelist: 27.
num_chunks_taken_from_freelist: 6962.
num_chunk_merges: 21.
num_chunk_splits: 5169.
num_chunks_enlarged: 4003.
num_inconsistent_stats: 0.

CodeHeap 'non-profiled nmethods': size=120000Kb used=8091Kb max_used=8091Kb free=111908Kb
 bounds [0x0000023eced50000, 0x0000023ecf540000, 0x0000023ed6280000]
CodeHeap 'profiled nmethods': size=120000Kb used=31347Kb max_used=31347Kb free=88653Kb
 bounds [0x0000023ec7280000, 0x0000023ec9120000, 0x0000023ece7b0000]
CodeHeap 'non-nmethods': size=5760Kb used=2579Kb max_used=2664Kb free=3181Kb
 bounds [0x0000023ece7b0000, 0x0000023ecea50000, 0x0000023eced50000]
 total_blobs=16050 nmethods=14905 adapters=1052
 compilation: enabled
              stopped_count=0, restarted_count=0
 full_count=0

Compilation events (20 events):
Event: 69.697 Thread 0x0000023edd3a7900 17014       3       org.objectweb.asm.MethodVisitor::visitMaxs (17 bytes)
Event: 69.697 Thread 0x0000023edd3a7900 nmethod 17014 0x0000023ec910e390 code [0x0000023ec910e540, 0x0000023ec910e748]
Event: 69.697 Thread 0x0000023edd3a7900 17015       3       org.objectweb.asm.MethodVisitor::visitEnd (15 bytes)
Event: 69.697 Thread 0x0000023edd3a7900 nmethod 17015 0x0000023ec910e810 code [0x0000023ec910e9c0, 0x0000023ec910ebc8]
Event: 69.698 Thread 0x0000023edd3a7900 17016       3       sun.util.calendar.ZoneInfo::clone (15 bytes)
Event: 69.698 Thread 0x0000023edd3a7900 nmethod 17016 0x0000023ec910ec90 code [0x0000023ec910ee60, 0x0000023ec910f1f8]
Event: 69.698 Thread 0x0000023edd3a7900 17017   !   3       java.util.TimeZone::clone (15 bytes)
Event: 69.698 Thread 0x0000023edd3a7900 nmethod 17017 0x0000023ec910f390 code [0x0000023ec910f540, 0x0000023ec910f758]
Event: 69.699 Thread 0x0000023ee4ae8130 nmethod 17004 0x0000023ecf532590 code [0x0000023ecf532740, 0x0000023ecf532b38]
Event: 69.699 Thread 0x0000023ee4ae8130 17008       4       org.objectweb.asm.MethodVisitor::visitInsn (16 bytes)
Event: 69.699 Thread 0x0000023edd3a7900 17018       3       org.gradle.internal.classpath.InstrumentingBackwardsCompatibilityVisitor::fixDescriptorForBackwardCompatibility (52 bytes)
Event: 69.699 Thread 0x0000023edd3a7900 nmethod 17018 0x0000023ec910f890 code [0x0000023ec910faa0, 0x0000023ec91103f8]
Event: 69.700 Thread 0x0000023edd3a7900 17019       3       java.util.TimeZone::getDefaultRef (32 bytes)
Event: 69.700 Thread 0x0000023edd3a7900 nmethod 17019 0x0000023ec9110690 code [0x0000023ec9110840, 0x0000023ec91109a8]
Event: 69.702 Thread 0x0000023edd3a7900 17020       1       java.nio.channels.FileLock::position (5 bytes)
Event: 69.702 Thread 0x0000023edd3a7900 nmethod 17020 0x0000023ecf532e90 code [0x0000023ecf533020, 0x0000023ecf5330f8]
Event: 69.702 Thread 0x0000023edd3a7900 17021       1       java.nio.channels.FileLock::size (5 bytes)
Event: 69.702 Thread 0x0000023edd3a7900 nmethod 17021 0x0000023ecf533190 code [0x0000023ecf533320, 0x0000023ecf5333f8]
Event: 69.702 Thread 0x0000023edd3a7900 17022       3       org.gradle.cache.internal.filelock.DefaultLockStateSerializer$SequenceNumberLockState::beforeUpdate (17 bytes)
Event: 69.702 Thread 0x0000023edd3a7900 nmethod 17022 0x0000023ec9110a90 code [0x0000023ec9110c40, 0x0000023ec9110e78]

GC Heap History (20 events):
Event: 9.680 GC heap before
{Heap before GC invocations=37 (full 0):
 garbage-first heap   total 158720K, used 127193K [0x0000000080000000, 0x0000000100000000)
  region size 1024K, 36 young (36864K), 3 survivors (3072K)
 Metaspace       used 87019K, committed 87552K, reserved 1179648K
  class space    used 12036K, committed 12288K, reserved 1048576K
}
Event: 9.684 GC heap after
{Heap after GC invocations=38 (full 0):
 garbage-first heap   total 158720K, used 98470K [0x0000000080000000, 0x0000000100000000)
  region size 1024K, 5 young (5120K), 5 survivors (5120K)
 Metaspace       used 87019K, committed 87552K, reserved 1179648K
  class space    used 12036K, committed 12288K, reserved 1048576K
}
Event: 9.702 GC heap before
{Heap before GC invocations=38 (full 0):
 garbage-first heap   total 158720K, used 100518K [0x0000000080000000, 0x0000000100000000)
  region size 1024K, 7 young (7168K), 5 survivors (5120K)
 Metaspace       used 87153K, committed 87680K, reserved 1179648K
  class space    used 12047K, committed 12288K, reserved 1048576K
}
Event: 9.705 GC heap after
{Heap after GC invocations=39 (full 0):
 garbage-first heap   total 158720K, used 99388K [0x0000000080000000, 0x0000000100000000)
  region size 1024K, 1 young (1024K), 1 survivors (1024K)
 Metaspace       used 87153K, committed 87680K, reserved 1179648K
  class space    used 12047K, committed 12288K, reserved 1048576K
}
Event: 9.948 GC heap before
{Heap before GC invocations=39 (full 0):
 garbage-first heap   total 158720K, used 126012K [0x0000000080000000, 0x0000000100000000)
  region size 1024K, 27 young (27648K), 1 survivors (1024K)
 Metaspace       used 90301K, committed 90816K, reserved 1179648K
  class space    used 12316K, committed 12544K, reserved 1048576K
}
Event: 9.951 GC heap after
{Heap after GC invocations=40 (full 0):
 garbage-first heap   total 335872K, used 100544K [0x0000000080000000, 0x0000000100000000)
  region size 1024K, 2 young (2048K), 2 survivors (2048K)
 Metaspace       used 90301K, committed 90816K, reserved 1179648K
  class space    used 12316K, committed 12544K, reserved 1048576K
}
Event: 11.389 GC heap before
{Heap before GC invocations=41 (full 0):
 garbage-first heap   total 335872K, used 233664K [0x0000000080000000, 0x0000000100000000)
  region size 1024K, 131 young (134144K), 2 survivors (2048K)
 Metaspace       used 102176K, committed 102656K, reserved 1179648K
  class space    used 13725K, committed 13952K, reserved 1048576K
}
Event: 11.399 GC heap after
{Heap after GC invocations=42 (full 0):
 garbage-first heap   total 335872K, used 106927K [0x0000000080000000, 0x0000000100000000)
  region size 1024K, 9 young (9216K), 9 survivors (9216K)
 Metaspace       used 102176K, committed 102656K, reserved 1179648K
  class space    used 13725K, committed 13952K, reserved 1048576K
}
Event: 11.432 GC heap before
{Heap before GC invocations=42 (full 0):
 garbage-first heap   total 335872K, used 114095K [0x0000000080000000, 0x0000000100000000)
  region size 1024K, 16 young (16384K), 9 survivors (9216K)
 Metaspace       used 102234K, committed 102720K, reserved 1179648K
  class space    used 13728K, committed 13952K, reserved 1048576K
}
Event: 11.438 GC heap after
{Heap after GC invocations=43 (full 0):
 garbage-first heap   total 335872K, used 107916K [0x0000000080000000, 0x0000000100000000)
  region size 1024K, 2 young (2048K), 2 survivors (2048K)
 Metaspace       used 102234K, committed 102720K, reserved 1179648K
  class space    used 13728K, committed 13952K, reserved 1048576K
}
Event: 13.259 GC heap before
{Heap before GC invocations=43 (full 0):
 garbage-first heap   total 335872K, used 266636K [0x0000000080000000, 0x0000000100000000)
  region size 1024K, 156 young (159744K), 2 survivors (2048K)
 Metaspace       used 121911K, committed 122432K, reserved 1179648K
  class space    used 15897K, committed 16128K, reserved 1048576K
}
Event: 13.267 GC heap after
{Heap after GC invocations=44 (full 0):
 garbage-first heap   total 335872K, used 115541K [0x0000000080000000, 0x0000000100000000)
  region size 1024K, 8 young (8192K), 8 survivors (8192K)
 Metaspace       used 121911K, committed 122432K, reserved 1179648K
  class space    used 15897K, committed 16128K, reserved 1048576K
}
Event: 14.998 GC heap before
{Heap before GC invocations=44 (full 0):
 garbage-first heap   total 335872K, used 278357K [0x0000000080000000, 0x0000000100000000)
  region size 1024K, 158 young (161792K), 8 survivors (8192K)
 Metaspace       used 134114K, committed 134848K, reserved 1179648K
  class space    used 17499K, committed 17856K, reserved 1048576K
}
Event: 15.009 GC heap after
{Heap after GC invocations=45 (full 0):
 garbage-first heap   total 335872K, used 130063K [0x0000000080000000, 0x0000000100000000)
  region size 1024K, 20 young (20480K), 20 survivors (20480K)
 Metaspace       used 134114K, committed 134848K, reserved 1179648K
  class space    used 17499K, committed 17856K, reserved 1048576K
}
Event: 16.512 GC heap before
{Heap before GC invocations=45 (full 0):
 garbage-first heap   total 335872K, used 276495K [0x0000000080000000, 0x0000000100000000)
  region size 1024K, 159 young (162816K), 20 survivors (20480K)
 Metaspace       used 140967K, committed 141568K, reserved 1179648K
  class space    used 18415K, committed 18688K, reserved 1048576K
}
Event: 16.535 GC heap after
{Heap after GC invocations=46 (full 0):
 garbage-first heap   total 335872K, used 150043K [0x0000000080000000, 0x0000000100000000)
  region size 1024K, 16 young (16384K), 16 survivors (16384K)
 Metaspace       used 140967K, committed 141568K, reserved 1179648K
  class space    used 18415K, committed 18688K, reserved 1048576K
}
Event: 18.239 GC heap before
{Heap before GC invocations=46 (full 0):
 garbage-first heap   total 335872K, used 270875K [0x0000000080000000, 0x0000000100000000)
  region size 1024K, 134 young (137216K), 16 survivors (16384K)
 Metaspace       used 144467K, committed 145152K, reserved 1179648K
  class space    used 18625K, committed 18944K, reserved 1048576K
}
Event: 18.257 GC heap after
{Heap after GC invocations=47 (full 0):
 garbage-first heap   total 335872K, used 162781K [0x0000000080000000, 0x0000000100000000)
  region size 1024K, 14 young (14336K), 14 survivors (14336K)
 Metaspace       used 144467K, committed 145152K, reserved 1179648K
  class space    used 18625K, committed 18944K, reserved 1048576K
}
Event: 19.658 GC heap before
{Heap before GC invocations=47 (full 0):
 garbage-first heap   total 335872K, used 266205K [0x0000000080000000, 0x0000000100000000)
  region size 1024K, 115 young (117760K), 14 survivors (14336K)
 Metaspace       used 152574K, committed 153280K, reserved 1245184K
  class space    used 19764K, committed 20032K, reserved 1048576K
}
Event: 19.671 GC heap after
{Heap after GC invocations=48 (full 0):
 garbage-first heap   total 335872K, used 166400K [0x0000000080000000, 0x0000000100000000)
  region size 1024K, 4 young (4096K), 4 survivors (4096K)
 Metaspace       used 152574K, committed 153280K, reserved 1245184K
  class space    used 19764K, committed 20032K, reserved 1048576K
}

Dll operation events (3 events):
Event: 0.006 Loaded shared library C:\Program Files\Android\Android Studio\jbr\bin\java.dll
Event: 0.112 Loaded shared library C:\Program Files\Android\Android Studio\jbr\bin\zip.dll
Event: 0.363 Loaded shared library C:\Program Files\Android\Android Studio\jbr\bin\verify.dll

Deoptimization events (20 events):
Event: 69.333 Thread 0x0000023ee391f6a0 Uncommon trap: trap_request=0xffffffc6 fr.pc=0x0000023ecefb780c relative=0x00000000000002ac
Event: 69.333 Thread 0x0000023ee391f6a0 Uncommon trap: reason=bimorphic_or_optimized_type_check action=maybe_recompile pc=0x0000023ecefb780c method=java.util.stream.AbstractPipeline.copyIntoWithCancel(Ljava/util/stream/Sink;Ljava/util/Spliterator;)Z @ 24 c2
Event: 69.333 Thread 0x0000023ee391f6a0 DEOPT PACKING pc=0x0000023ecefb780c sp=0x000000af548fe2f0
Event: 69.333 Thread 0x0000023ee391f6a0 DEOPT UNPACKING pc=0x0000023ece8069a3 sp=0x000000af548fe280 mode 2
Event: 69.333 Thread 0x0000023ee391f6a0 Uncommon trap: trap_request=0xffffffde fr.pc=0x0000023ecf1218e0 relative=0x00000000000000c0
Event: 69.333 Thread 0x0000023ee391f6a0 Uncommon trap: reason=class_check action=maybe_recompile pc=0x0000023ecf1218e0 method=java.util.Collections$UnmodifiableList.get(I)Ljava/lang/Object; @ 5 c2
Event: 69.333 Thread 0x0000023ee391f6a0 DEOPT PACKING pc=0x0000023ecf1218e0 sp=0x000000af548feca0
Event: 69.333 Thread 0x0000023ee391f6a0 DEOPT UNPACKING pc=0x0000023ece8069a3 sp=0x000000af548fec38 mode 2
Event: 69.348 Thread 0x0000023ee391f6a0 Uncommon trap: trap_request=0xffffff45 fr.pc=0x0000023ecf506610 relative=0x0000000000000d70
Event: 69.348 Thread 0x0000023ee391f6a0 Uncommon trap: reason=unstable_if action=reinterpret pc=0x0000023ecf506610 method=org.gradle.internal.file.FileHierarchySet$Node.isChildOfOrThis(Ljava/lang/String;I)Z @ 7 c2
Event: 69.348 Thread 0x0000023ee391f6a0 DEOPT PACKING pc=0x0000023ecf506610 sp=0x000000af548fbc70
Event: 69.348 Thread 0x0000023ee391f6a0 DEOPT UNPACKING pc=0x0000023ece8069a3 sp=0x000000af548fbb98 mode 2
Event: 69.348 Thread 0x0000023ee391f6a0 Uncommon trap: trap_request=0xffffffc6 fr.pc=0x0000023ecf05d06c relative=0x000000000000080c
Event: 69.348 Thread 0x0000023ee391f6a0 Uncommon trap: reason=bimorphic_or_optimized_type_check action=maybe_recompile pc=0x0000023ecf05d06c method=java.util.stream.MatchOps$MatchOp.evaluateSequential(Ljava/util/stream/PipelineHelper;Ljava/util/Spliterator;)Ljava/lang/Boolean; @ 14 c2
Event: 69.348 Thread 0x0000023ee391f6a0 DEOPT PACKING pc=0x0000023ecf05d06c sp=0x000000af548fb740
Event: 69.348 Thread 0x0000023ee391f6a0 DEOPT UNPACKING pc=0x0000023ece8069a3 sp=0x000000af548fb678 mode 2
Event: 69.571 Thread 0x0000023ee391f6a0 Uncommon trap: trap_request=0xffffff45 fr.pc=0x0000023ecf261284 relative=0x0000000000000c64
Event: 69.571 Thread 0x0000023ee391f6a0 Uncommon trap: reason=unstable_if action=reinterpret pc=0x0000023ecf261284 method=java.util.jar.JarFile.getVersionedEntry(Ljava/lang/String;Ljava/util/jar/JarEntry;)Ljava/util/jar/JarEntry; @ 31 c2
Event: 69.571 Thread 0x0000023ee391f6a0 DEOPT PACKING pc=0x0000023ecf261284 sp=0x000000af548f9950
Event: 69.571 Thread 0x0000023ee391f6a0 DEOPT UNPACKING pc=0x0000023ece8069a3 sp=0x000000af548f98c8 mode 2

Classes unloaded (3 events):
Event: 7.258 Thread 0x0000023edd38ef80 Unloading class 0x000000010065c968 '_BuildScript_$_run_closure1$_closure2'
Event: 7.258 Thread 0x0000023edd38ef80 Unloading class 0x000000010065c558 '_BuildScript_$_run_closure1'
Event: 7.258 Thread 0x0000023edd38ef80 Unloading class 0x000000010065c000 '_BuildScript_'

Classes redefined (0 events):
No events

Internal exceptions (20 events):
Event: 69.632 Thread 0x0000023ee391f6a0 Exception <a 'java/lang/NoSuchMethodError'{0x000000008e6ff3f8}: static Lorg/jetbrains/plugins/gradle/model/IntelliJSettings;.<clinit>()V> (0x000000008e6ff3f8) 
thrown [s\src\hotspot\share\prims\jni.cpp, line 1108]
Event: 69.632 Thread 0x0000023ee391f6a0 Exception <a 'java/lang/NoSuchMethodError'{0x000000008e5089b8}: static Lorg/jetbrains/plugins/gradle/model/DependencyAccessorsModel;.<clinit>()V> (0x000000008e5089b8) 
thrown [s\src\hotspot\share\prims\jni.cpp, line 1108]
Event: 69.633 Thread 0x0000023ee391f6a0 Exception <a 'java/lang/NoSuchMethodError'{0x000000008e5248a0}: static Lcom/intellij/gradle/toolingExtension/impl/model/sourceSetModel/GradleSourceSetModelProvider;.<clinit>()V> (0x000000008e5248a0) 
thrown [s\src\hotspot\share\prims\jni.cpp, line 1108]
Event: 69.634 Thread 0x0000023ee391f6a0 Exception <a 'java/lang/NoSuchMethodError'{0x000000008e535568}: static Lcom/intellij/gradle/toolingExtension/impl/model/taskModel/GradleTaskModelProvider;.<clinit>()V> (0x000000008e535568) 
thrown [s\src\hotspot\share\prims\jni.cpp, line 1108]
Event: 69.637 Thread 0x0000023ee391f6a0 Exception <a 'java/lang/NoSuchMethodError'{0x000000008e564ed8}: static Lorg/jetbrains/plugins/gradle/model/ExternalProjectDependency;.<clinit>()V> (0x000000008e564ed8) 
thrown [s\src\hotspot\share\prims\jni.cpp, line 1108]
Event: 69.637 Thread 0x0000023ee391f6a0 Exception <a 'java/lang/NoSuchMethodError'{0x000000008e56e8b8}: static Lorg/jetbrains/plugins/gradle/model/ExternalLibraryDependency;.<clinit>()V> (0x000000008e56e8b8) 
thrown [s\src\hotspot\share\prims\jni.cpp, line 1108]
Event: 69.638 Thread 0x0000023ee391f6a0 Exception <a 'java/lang/NoSuchMethodError'{0x000000008e577d40}: static Lorg/jetbrains/plugins/gradle/model/FileCollectionDependency;.<clinit>()V> (0x000000008e577d40) 
thrown [s\src\hotspot\share\prims\jni.cpp, line 1108]
Event: 69.638 Thread 0x0000023ee391f6a0 Exception <a 'java/lang/NoSuchMethodError'{0x000000008e5810b8}: static Lorg/jetbrains/plugins/gradle/model/UnresolvedExternalDependency;.<clinit>()V> (0x000000008e5810b8) 
thrown [s\src\hotspot\share\prims\jni.cpp, line 1108]
Event: 69.643 Thread 0x0000023ee391f6a0 Exception <a 'java/lang/NoSuchMethodError'{0x000000008e415038}: static Lorg/gradle/tooling/internal/consumer/versioning/VersionDetails;.<clinit>()V> (0x000000008e415038) 
thrown [s\src\hotspot\share\prims\jni.cpp, line 1108]
Event: 69.643 Thread 0x0000023ee391f6a0 Exception <a 'java/lang/NoSuchMethodError'{0x000000008e4179e0}: static Lorg/gradle/tooling/internal/consumer/versioning/VersionDetails$R26VersionDetails;.<clinit>()V> (0x000000008e4179e0) 
thrown [s\src\hotspot\share\prims\jni.cpp, line 1108]
Event: 69.643 Thread 0x0000023ee391f6a0 Exception <a 'java/lang/NoSuchMethodError'{0x000000008e418f58}: static Lorg/gradle/tooling/internal/consumer/versioning/VersionDetails$R28VersionDetails;.<clinit>()V> (0x000000008e418f58) 
thrown [s\src\hotspot\share\prims\jni.cpp, line 1108]
Event: 69.643 Thread 0x0000023ee391f6a0 Exception <a 'java/lang/NoSuchMethodError'{0x000000008e41a460}: static Lorg/gradle/tooling/internal/consumer/versioning/VersionDetails$R35VersionDetails;.<clinit>()V> (0x000000008e41a460) 
thrown [s\src\hotspot\share\prims\jni.cpp, line 1108]
Event: 69.643 Thread 0x0000023ee391f6a0 Exception <a 'java/lang/NoSuchMethodError'{0x000000008e41bb30}: static Lorg/gradle/tooling/internal/consumer/versioning/VersionDetails$R44VersionDetails;.<clinit>()V> (0x000000008e41bb30) 
thrown [s\src\hotspot\share\prims\jni.cpp, line 1108]
Event: 69.643 Thread 0x0000023ee391f6a0 Exception <a 'java/lang/NoSuchMethodError'{0x000000008e41d138}: static Lorg/gradle/tooling/internal/consumer/versioning/VersionDetails$R48VersionDetails;.<clinit>()V> (0x000000008e41d138) 
thrown [s\src\hotspot\share\prims\jni.cpp, line 1108]
Event: 69.643 Thread 0x0000023ee391f6a0 Exception <a 'java/lang/NoSuchMethodError'{0x000000008e41e5e0}: static Lorg/gradle/tooling/internal/consumer/versioning/VersionDetails$R51VersionDetails;.<clinit>()V> (0x000000008e41e5e0) 
thrown [s\src\hotspot\share\prims\jni.cpp, line 1108]
Event: 69.682 Thread 0x0000023ee391f6a0 Exception <a 'java/lang/ClassNotFoundException'{0x000000008ded96d8}: ijMapper1_1oe82nlw9opvetmjttcdffxdBeanInfo> (0x000000008ded96d8) 
thrown [s\src\hotspot\share\classfile\systemDictionary.cpp, line 256]
Event: 69.682 Thread 0x0000023ee391f6a0 Exception <a 'java/lang/ClassNotFoundException'{0x000000008dee04b8}: ijMapper1_1oe82nlw9opvetmjttcdffxdCustomizer> (0x000000008dee04b8) 
thrown [s\src\hotspot\share\classfile\systemDictionary.cpp, line 256]
Event: 69.693 Thread 0x0000023ee4d3b7c0 Exception <a 'sun/nio/fs/WindowsException'{0x000000008ec77c10}> (0x000000008ec77c10) 
thrown [s\src\hotspot\share\prims\jni.cpp, line 517]
Event: 69.701 Thread 0x0000023ee4d3b7c0 Exception <a 'sun/nio/fs/WindowsException'{0x000000008ddd0e98}> (0x000000008ddd0e98) 
thrown [s\src\hotspot\share\prims\jni.cpp, line 517]
Event: 69.701 Thread 0x0000023ee4d3b7c0 Exception <a 'sun/nio/fs/WindowsException'{0x000000008ddd1028}> (0x000000008ddd1028) 
thrown [s\src\hotspot\share\prims\jni.cpp, line 517]

VM Operations (20 events):
Event: 29.760 Executing VM operation: Cleanup
Event: 29.760 Executing VM operation: Cleanup done
Event: 31.782 Executing VM operation: Cleanup
Event: 31.782 Executing VM operation: Cleanup done
Event: 34.806 Executing VM operation: Cleanup
Event: 34.808 Executing VM operation: Cleanup done
Event: 41.860 Executing VM operation: Cleanup
Event: 41.860 Executing VM operation: Cleanup done
Event: 49.928 Executing VM operation: Cleanup
Event: 49.928 Executing VM operation: Cleanup done
Event: 58.007 Executing VM operation: Cleanup
Event: 58.007 Executing VM operation: Cleanup done
Event: 60.104 Executing VM operation: HandshakeAllThreads
Event: 60.104 Executing VM operation: HandshakeAllThreads done
Event: 65.152 Executing VM operation: Cleanup
Event: 65.152 Executing VM operation: Cleanup done
Event: 69.187 Executing VM operation: Cleanup
Event: 69.246 Executing VM operation: Cleanup done
Event: 69.381 Executing VM operation: HandshakeAllThreads
Event: 69.381 Executing VM operation: HandshakeAllThreads done

Events (20 events):
Event: 69.332 Thread 0x0000023ee748d830 Thread added: 0x0000023ee748d830
Event: 69.333 loading class jdk/internal/math/FormattedFloatingDecimal$Form
Event: 69.333 loading class jdk/internal/math/FormattedFloatingDecimal$Form done
Event: 69.333 loading class jdk/internal/math/FormattedFloatingDecimal
Event: 69.333 loading class jdk/internal/math/FormattedFloatingDecimal done
Event: 69.333 loading class jdk/internal/math/FormattedFloatingDecimal$1
Event: 69.333 loading class jdk/internal/math/FormattedFloatingDecimal$1 done
Event: 69.333 loading class jdk/internal/math/FormattedFloatingDecimal$2
Event: 69.333 loading class jdk/internal/math/FormattedFloatingDecimal$2 done
Event: 69.334 Thread 0x0000023ee7490ad0 Thread added: 0x0000023ee7490ad0
Event: 69.334 Thread 0x0000023ee7494790 Thread added: 0x0000023ee7494790
Event: 69.658 loading class java/util/concurrent/Executors$FinalizableDelegatedExecutorService
Event: 69.658 loading class java/util/concurrent/Executors$DelegatedExecutorService
Event: 69.658 loading class java/util/concurrent/Executors$DelegatedExecutorService done
Event: 69.658 loading class java/util/concurrent/Executors$FinalizableDelegatedExecutorService done
Event: 69.666 Thread 0x0000023ee7490fe0 Thread added: 0x0000023ee7490fe0
Event: 69.668 Thread 0x0000023ee748e250 Thread added: 0x0000023ee748e250
Event: 69.669 Thread 0x0000023ee7493860 Thread added: 0x0000023ee7493860
Event: 69.671 Thread 0x0000023ee7493d70 Thread added: 0x0000023ee7493d70
Event: 69.695 Thread 0x0000023ee4ae8130 Thread added: 0x0000023ee4ae8130


Dynamic libraries:
0x00007ff7e8530000 - 0x00007ff7e853a000 	C:\Program Files\Android\Android Studio\jbr\bin\java.exe
0x00007ffafd290000 - 0x00007ffafd488000 	C:\WINDOWS\SYSTEM32\ntdll.dll
0x00007ffafbbc0000 - 0x00007ffafbc7d000 	C:\WINDOWS\System32\KERNEL32.DLL
0x00007ffafaaa0000 - 0x00007ffafad96000 	C:\WINDOWS\System32\KERNELBASE.dll
0x00007ffaf8040000 - 0x00007ffaf80d0000 	C:\WINDOWS\SYSTEM32\apphelp.dll
0x00007ffafaf70000 - 0x00007ffafb070000 	C:\WINDOWS\System32\ucrtbase.dll
0x00007ffad32d0000 - 0x00007ffad32e7000 	C:\Program Files\Android\Android Studio\jbr\bin\jli.dll
0x00007ffae1510000 - 0x00007ffae152b000 	C:\Program Files\Android\Android Studio\jbr\bin\VCRUNTIME140.dll
0x00007ffafbd30000 - 0x00007ffafbecf000 	C:\WINDOWS\System32\USER32.dll
0x00007ffaf0790000 - 0x00007ffaf0a2a000 	C:\WINDOWS\WinSxS\amd64_microsoft.windows.common-controls_6595b64144ccf1df_6.0.19041.3636_none_60b6a03d71f818d5\COMCTL32.dll
0x00007ffafada0000 - 0x00007ffafadc2000 	C:\WINDOWS\System32\win32u.dll
0x00007ffafbb20000 - 0x00007ffafbbbe000 	C:\WINDOWS\System32\msvcrt.dll
0x00007ffafc7e0000 - 0x00007ffafc80b000 	C:\WINDOWS\System32\GDI32.dll
0x00007ffafb1a0000 - 0x00007ffafb2b7000 	C:\WINDOWS\System32\gdi32full.dll
0x00007ffafae20000 - 0x00007ffafaebd000 	C:\WINDOWS\System32\msvcp_win.dll
0x00007ffafb370000 - 0x00007ffafb3a2000 	C:\WINDOWS\System32\IMM32.DLL
0x00007ffaecdd0000 - 0x00007ffaecddc000 	C:\Program Files\Android\Android Studio\jbr\bin\vcruntime140_1.dll
0x00007ffac70e0000 - 0x00007ffac716d000 	C:\Program Files\Android\Android Studio\jbr\bin\msvcp140.dll
0x00007ffa78190000 - 0x00007ffa78e13000 	C:\Program Files\Android\Android Studio\jbr\bin\server\jvm.dll
0x00007ffafc730000 - 0x00007ffafc7e0000 	C:\WINDOWS\System32\ADVAPI32.dll
0x00007ffafc400000 - 0x00007ffafc4a0000 	C:\WINDOWS\System32\sechost.dll
0x00007ffafc5f0000 - 0x00007ffafc713000 	C:\WINDOWS\System32\RPCRT4.dll
0x00007ffafb170000 - 0x00007ffafb197000 	C:\WINDOWS\System32\bcrypt.dll
0x00007ffaf9ed0000 - 0x00007ffaf9f1b000 	C:\WINDOWS\SYSTEM32\POWRPROF.dll
0x00007ffadee60000 - 0x00007ffadee69000 	C:\WINDOWS\SYSTEM32\WSOCK32.dll
0x00007ffaf5b60000 - 0x00007ffaf5b6a000 	C:\WINDOWS\SYSTEM32\VERSION.dll
0x00007ffafc390000 - 0x00007ffafc3fb000 	C:\WINDOWS\System32\WS2_32.dll
0x00007ffae9cf0000 - 0x00007ffae9d17000 	C:\WINDOWS\SYSTEM32\WINMM.dll
0x00007ffaf9d40000 - 0x00007ffaf9d52000 	C:\WINDOWS\SYSTEM32\UMPDC.dll
0x00007ffaf87d0000 - 0x00007ffaf87e2000 	C:\WINDOWS\SYSTEM32\kernel.appcore.dll
0x00007ffae1300000 - 0x00007ffae130a000 	C:\Program Files\Android\Android Studio\jbr\bin\jimage.dll
0x00007ffae93b0000 - 0x00007ffae9594000 	C:\WINDOWS\SYSTEM32\DBGHELP.DLL
0x00007ffaeabe0000 - 0x00007ffaeac14000 	C:\WINDOWS\SYSTEM32\dbgcore.DLL
0x00007ffafb070000 - 0x00007ffafb0f2000 	C:\WINDOWS\System32\bcryptPrimitives.dll
0x00007ffad3560000 - 0x00007ffad356e000 	C:\Program Files\Android\Android Studio\jbr\bin\instrument.dll
0x00007ffae12d0000 - 0x00007ffae12f5000 	C:\Program Files\Android\Android Studio\jbr\bin\java.dll
0x00007ffad7520000 - 0x00007ffad7538000 	C:\Program Files\Android\Android Studio\jbr\bin\zip.dll
0x00007ffafb3b0000 - 0x00007ffafbb1b000 	C:\WINDOWS\System32\SHELL32.dll
0x00007ffaf89d0000 - 0x00007ffaf916e000 	C:\WINDOWS\SYSTEM32\windows.storage.dll
0x00007ffafbf30000 - 0x00007ffafc283000 	C:\WINDOWS\System32\combase.dll
0x00007ffafa370000 - 0x00007ffafa39e000 	C:\WINDOWS\SYSTEM32\Wldp.dll
0x00007ffafc290000 - 0x00007ffafc35d000 	C:\WINDOWS\System32\OLEAUT32.dll
0x00007ffafbc80000 - 0x00007ffafbd2d000 	C:\WINDOWS\System32\SHCORE.dll
0x00007ffafbed0000 - 0x00007ffafbf25000 	C:\WINDOWS\System32\shlwapi.dll
0x00007ffafa870000 - 0x00007ffafa893000 	C:\WINDOWS\SYSTEM32\profapi.dll
0x00007ffad6650000 - 0x00007ffad6669000 	C:\Program Files\Android\Android Studio\jbr\bin\net.dll
0x00007ffaf34a0000 - 0x00007ffaf35aa000 	C:\WINDOWS\SYSTEM32\WINHTTP.dll
0x00007ffafa0d0000 - 0x00007ffafa13a000 	C:\WINDOWS\system32\mswsock.dll
0x00007ffad6630000 - 0x00007ffad6646000 	C:\Program Files\Android\Android Studio\jbr\bin\nio.dll
0x00007ffadd950000 - 0x00007ffadd960000 	C:\Program Files\Android\Android Studio\jbr\bin\verify.dll
0x00007ffac1980000 - 0x00007ffac19a7000 	C:\Users\Jose Martins\.gradle\native\c067742578af261105cb4f569cf0c3c89f3d7b1fecec35dd04571415982c5e48\windows-amd64\native-platform.dll
0x00007ffaabb50000 - 0x00007ffaabc94000 	C:\Users\Jose Martins\.gradle\native\38dada09dfb8b06ba9b0570ebf7e218e3eb74d4ef43ca46872605cf95ebc2f47\windows-amd64\native-platform-file-events.dll
0x00007ffad7570000 - 0x00007ffad7579000 	C:\Program Files\Android\Android Studio\jbr\bin\management.dll
0x00007ffad36c0000 - 0x00007ffad36cb000 	C:\Program Files\Android\Android Studio\jbr\bin\management_ext.dll
0x00007ffafc720000 - 0x00007ffafc728000 	C:\WINDOWS\System32\PSAPI.DLL
0x00007ffafa2c0000 - 0x00007ffafa2d8000 	C:\WINDOWS\SYSTEM32\CRYPTSP.dll
0x00007ffaf9980000 - 0x00007ffaf99b4000 	C:\WINDOWS\system32\rsaenh.dll
0x00007ffafa7f0000 - 0x00007ffafa81e000 	C:\WINDOWS\SYSTEM32\USERENV.dll
0x00007ffafa2e0000 - 0x00007ffafa2ec000 	C:\WINDOWS\SYSTEM32\CRYPTBASE.dll
0x00007ffaf9d60000 - 0x00007ffaf9d9b000 	C:\WINDOWS\SYSTEM32\IPHLPAPI.DLL
0x00007ffafc380000 - 0x00007ffafc388000 	C:\WINDOWS\System32\NSI.dll
0x00007ffaf4290000 - 0x00007ffaf42a7000 	C:\WINDOWS\SYSTEM32\dhcpcsvc6.DLL
0x00007ffaf45e0000 - 0x00007ffaf45fd000 	C:\WINDOWS\SYSTEM32\dhcpcsvc.DLL
0x00007ffaf9da0000 - 0x00007ffaf9e6b000 	C:\WINDOWS\SYSTEM32\DNSAPI.dll
0x00007ffad7e20000 - 0x00007ffad7e29000 	C:\Program Files\Android\Android Studio\jbr\bin\extnet.dll
0x00007ffad8fa0000 - 0x00007ffad8fa7000 	C:\WINDOWS\system32\wshunix.dll

dbghelp: loaded successfully - version: 4.0.5 - missing functions: none
symbol engine: initialized successfully - sym options: 0x614 - pdb path: .;C:\Program Files\Android\Android Studio\jbr\bin;C:\WINDOWS\SYSTEM32;C:\WINDOWS\WinSxS\amd64_microsoft.windows.common-controls_6595b64144ccf1df_6.0.19041.3636_none_60b6a03d71f818d5;C:\Program Files\Android\Android Studio\jbr\bin\server;C:\Users\Jose Martins\.gradle\native\c067742578af261105cb4f569cf0c3c89f3d7b1fecec35dd04571415982c5e48\windows-amd64;C:\Users\Jose Martins\.gradle\native\38dada09dfb8b06ba9b0570ebf7e218e3eb74d4ef43ca46872605cf95ebc2f47\windows-amd64

VM Arguments:
jvm_args: --add-opens=java.base/java.util=ALL-UNNAMED --add-opens=java.base/java.lang=ALL-UNNAMED --add-opens=java.base/java.lang.invoke=ALL-UNNAMED --add-opens=java.prefs/java.util.prefs=ALL-UNNAMED --add-opens=java.base/java.nio.charset=ALL-UNNAMED --add-opens=java.base/java.net=ALL-UNNAMED --add-opens=java.base/java.util.concurrent.atomic=ALL-UNNAMED -Xmx2048m -Dfile.encoding=UTF-8 -Duser.country=PT -Duser.language=pt -Duser.variant -javaagent:C:\Users\Jose Martins\.gradle\wrapper\dists\gradle-8.4-bin\1w5dpkrfk8irigvoxmyhowfim\gradle-8.4\lib\agents\gradle-instrumentation-agent-8.4.jar 
java_command: org.gradle.launcher.daemon.bootstrap.GradleDaemon 8.4
java_class_path (initial): C:\Users\Jose Martins\.gradle\wrapper\dists\gradle-8.4-bin\1w5dpkrfk8irigvoxmyhowfim\gradle-8.4\lib\gradle-launcher-8.4.jar
Launcher Type: SUN_STANDARD

[Global flags]
     intx CICompilerCount                          = 3                                         {product} {ergonomic}
     uint ConcGCThreads                            = 1                                         {product} {ergonomic}
     uint G1ConcRefinementThreads                  = 4                                         {product} {ergonomic}
   size_t G1HeapRegionSize                         = 1048576                                   {product} {ergonomic}
    uintx GCDrainStackTargetSize                   = 64                                        {product} {ergonomic}
   size_t InitialHeapSize                          = 134217728                                 {product} {ergonomic}
   size_t MarkStackSize                            = 4194304                                   {product} {ergonomic}
   size_t MaxHeapSize                              = 2147483648                                {product} {command line}
   size_t MaxNewSize                               = 1287651328                                {product} {ergonomic}
   size_t MinHeapDeltaBytes                        = 1048576                                   {product} {ergonomic}
   size_t MinHeapSize                              = 8388608                                   {product} {ergonomic}
    uintx NonNMethodCodeHeapSize                   = 5832780                                {pd product} {ergonomic}
    uintx NonProfiledCodeHeapSize                  = 122912730                              {pd product} {ergonomic}
    uintx ProfiledCodeHeapSize                     = 122912730                              {pd product} {ergonomic}
    uintx ReservedCodeCacheSize                    = 251658240                              {pd product} {ergonomic}
     bool SegmentedCodeCache                       = true                                      {product} {ergonomic}
   size_t SoftMaxHeapSize                          = 2147483648                             {manageable} {ergonomic}
     bool UseCompressedClassPointers               = true                           {product lp64_product} {ergonomic}
     bool UseCompressedOops                        = true                           {product lp64_product} {ergonomic}
     bool UseG1GC                                  = true                                      {product} {ergonomic}
     bool UseLargePagesIndividualAllocation        = false                                  {pd product} {ergonomic}

Logging:
Log output configuration:
 #0: stdout all=warning uptime,level,tags
 #1: stderr all=off uptime,level,tags

Environment Variables:
PATH=C:\Python312\Scripts\;C:\Python312\;C:\ProgramData\Oracle\Java\javapath;C:\WINDOWS\system32;C:\WINDOWS;C:\WINDOWS\System32\Wbem;C:\WINDOWS\System32\WindowsPowerShell\v1.0\;C:\WINDOWS\System32\OpenSSH\;C:\Program Files\NVIDIA Corporation\NVIDIA NvDLISR;C:\WINDOWS\system32;C:\WINDOWS;C:\WINDOWS\System32\Wbem;C:\WINDOWS\System32\WindowsPowerShell\v1.0\;C:\WINDOWS\System32\OpenSSH\;C:\Program Files (x86)\NVIDIA Corporation\PhysX\Common;C:\Program Files\nodejs\;C:\ProgramData\chocolatey\bin;C:\Program Files\Git\cmd;C:\Users\Jose Martins\AppData\Local\Microsoft\WindowsApps;C:\Users\Jose Martins\AppData\Roaming\npm
USERNAME=Jose Martins
OS=Windows_NT
PROCESSOR_IDENTIFIER=Intel64 Family 6 Model 158 Stepping 9, GenuineIntel
TMP=C:\Users\JOSEMA~1\AppData\Local\Temp
TEMP=C:\Users\JOSEMA~1\AppData\Local\Temp



Periodic native trim disabled

JNI global refs:
JNI global refs: 27, weak refs: 2

JNI global refs memory usage: 843, weak refs: 841

OOME stack traces (most recent first):
Classloader memory used:
Loader org.gradle.internal.classloader.VisitableURLClassLoader                         : 12792K
Loader bootstrap                                                                       : 2991K
Loader org.gradle.internal.classloader.VisitableURLClassLoader$InstrumentingVisitableURLClassLoader: 2584K
Loader org.gradle.initialization.MixInLegacyTypesClassLoader                           : 1231K
Loader jdk.internal.reflect.DelegatingClassLoader                                      : 86048B
Loader org.gradle.internal.classloader.VisitableURLClassLoader                         : 69829B
Loader jdk.internal.loader.ClassLoaders$PlatformClassLoader                            : 67869B
Loader jdk.internal.jrtfs.JrtFileSystemProvider$JrtFsLoader                            : 42362B
Loader jdk.internal.loader.ClassLoaders$AppClassLoader                                 : 28460B
Loader org.gradle.groovy.scripts.internal.DefaultScriptCompilationHandler$ScriptClassLoader: 7641B
Loader org.codehaus.groovy.runtime.callsite.CallSiteClassLoader                        : 2166B
Loader sun.reflect.misc.MethodUtil                                                     : 373B


[error occurred during error reporting (Classloader stats), id 0xe0000001, Out of Memory Error (s\src\hotspot\share\memory\arena.cpp:79)]


---------------  S Y S T E M  ---------------

OS:
 Windows 10 , 64 bit Build 19041 (10.0.19041.3636)
OS uptime: 0 days 0:16 hours

CPU: total 4 (initial active 4) (4 cores per cpu, 1 threads per core) family 6 model 158 stepping 9 microcode 0xb4, cx8, cmov, fxsr, mmx, 3dnowpref, sse, sse2, sse3, ssse3, sse4.1, sse4.2, popcnt, lzcnt, tsc, tscinvbit, avx, avx2, aes, erms, clmul, bmi1, bmi2, rtm, adx, fma, vzeroupper, clflush, clflushopt
Processor Information for all 4 processors :
  Max Mhz: 3501, Current Mhz: 3501, Mhz Limit: 3501

Memory: 4k page, system-wide physical 8123M (427M free)
TotalPageFile size 10171M (AvailPageFile size 1M)
current process WorkingSet (physical memory assigned to process): 671M, peak: 691M
current process commit charge ("private bytes"): 694M, peak: 717M

vm_info: OpenJDK 64-Bit Server VM (17.0.10+0--11572160) for windows-amd64 JRE (17.0.10+0--11572160), built on Mar 13 2024 23:56:38 by "androidbuild" with MS VC++ 16.10 / 16.11 (VS2019)

END.
