#
# There is insufficient memory for the Java Runtime Environment to continue.
# Native memory allocation (mmap) failed to map 98566144 bytes for G1 virtual space
# Possible reasons:
#   The system is out of physical RAM or swap space
#   The process is running with CompressedOops enabled, and the Java Heap may be blocking the growth of the native heap
# Possible solutions:
#   Reduce memory load on the system
#   Increase physical memory or swap space
#   Check if swap backing store is full
#   Decrease Java heap size (-Xmx/-Xms)
#   Decrease number of Java threads
#   Decrease Java thread stack sizes (-Xss)
#   Set larger code cache with -XX:ReservedCodeCacheSize=
#   JVM is running with Unscaled Compressed Oops mode in which the Java heap is
#     placed in the first 4GB address space. The Java Heap base address is the
#     maximum limit for the native heap growth. Please use -XX:HeapBaseMinAddress
#     to set the Java Heap base and to place the Java Heap above 4GB virtual address.
# This output file may be truncated or incomplete.
#
#  Out of Memory Error (os_windows.cpp:3825), pid=16300, tid=18464
#
# JRE version: OpenJDK Runtime Environment (17.0.9) (build 17.0.9+0--11185874)
# Java VM: OpenJDK 64-Bit Server VM (17.0.9+0--11185874, mixed mode, tiered, compressed oops, compressed class ptrs, g1 gc, windows-amd64)
# No core dump will be written. Minidumps are not enabled by default on client versions of Windows
#

---------------  S U M M A R Y ------------

Command Line: --add-opens=java.base/java.util=ALL-UNNAMED --add-opens=java.base/java.lang=ALL-UNNAMED --add-opens=java.base/java.lang.invoke=ALL-UNNAMED --add-opens=java.prefs/java.util.prefs=ALL-UNNAMED --add-opens=java.base/java.nio.charset=ALL-UNNAMED --add-opens=java.base/java.net=ALL-UNNAMED --add-opens=java.base/java.util.concurrent.atomic=ALL-UNNAMED -Xmx2048m -Dfile.encoding=UTF-8 -Duser.country=PT -Duser.language=pt -Duser.variant -javaagent:C:\Users\Jose Martins\.gradle\wrapper\dists\gradle-8.4-bin\1w5dpkrfk8irigvoxmyhowfim\gradle-8.4\lib\agents\gradle-instrumentation-agent-8.4.jar org.gradle.launcher.daemon.bootstrap.GradleDaemon 8.4

Host: Intel(R) Core(TM) i5-7600 CPU @ 3.50GHz, 4 cores, 7G,  Windows 10 , 64 bit Build 19041 (10.0.19041.3636)
Time: Wed May  1 18:36:01 2024 Hora de Verão de GMT elapsed time: 6.332752 seconds (0d 0h 0m 6s)

---------------  T H R E A D  ---------------

Current thread (0x000001e6fc12e7c0):  VMThread "VM Thread" [stack: 0x0000005f19c00000,0x0000005f19d00000] [id=18464]

Stack: [0x0000005f19c00000,0x0000005f19d00000]
Native frames: (J=compiled Java code, j=interpreted, Vv=VM code, C=native code)
V  [jvm.dll+0x6886e9]
V  [jvm.dll+0x841e4a]
V  [jvm.dll+0x843a8e]
V  [jvm.dll+0x8440f3]
V  [jvm.dll+0x24c14f]
V  [jvm.dll+0x685499]
V  [jvm.dll+0x679c2a]
V  [jvm.dll+0x30cf9b]
V  [jvm.dll+0x314446]
V  [jvm.dll+0x36425e]
V  [jvm.dll+0x36448f]
V  [jvm.dll+0x2e2d68]
V  [jvm.dll+0x2e0f44]
V  [jvm.dll+0x2e054c]
V  [jvm.dll+0x3253fb]
V  [jvm.dll+0x8487eb]
V  [jvm.dll+0x849531]
V  [jvm.dll+0x849a4d]
V  [jvm.dll+0x849e24]
V  [jvm.dll+0x849ef0]
V  [jvm.dll+0x7f06aa]
V  [jvm.dll+0x687565]
C  [ucrtbase.dll+0x21bb2]
C  [KERNEL32.DLL+0x17344]
C  [ntdll.dll+0x526b1]

VM_Operation (0x0000005f1b3f45d0): G1CollectForAllocation, mode: safepoint, requested by thread 0x000001e6fdbff720


---------------  P R O C E S S  ---------------

Threads class SMR info:
_java_thread_list=0x000001e6854cc680, length=44, elements={
0x000001e6e2b44410, 0x000001e6fc131a70, 0x000001e6fc132940, 0x000001e6fc15c6f0,
0x000001e6fc15e1d0, 0x000001e6fc15eaa0, 0x000001e6fc3cc400, 0x000001e6fc3cd0b0,
0x000001e6fc3ce080, 0x000001e6fc3d09a0, 0x000001e6fc52da50, 0x000001e6fc671f00,
0x000001e6fc692600, 0x000001e6fdf1a430, 0x000001e6fd56e9e0, 0x000001e6fdb82330,
0x000001e6fd78f070, 0x000001e6fda95730, 0x000001e6fdbfddd0, 0x000001e6fdbff720,
0x000001e6fdc01070, 0x000001e6fdbffc30, 0x000001e6fdbfe2e0, 0x000001e6fdc00140,
0x000001e6fdbfed00, 0x000001e6fdc00650, 0x000001e6fdc00b60, 0x000001e6fdbff210,
0x000001e6fea428e0, 0x000001e6fea423d0, 0x000001e6fea46ab0, 0x000001e6fea44230,
0x000001e6fea40f90, 0x000001e6fea46090, 0x000001e6fea45b80, 0x000001e6fea46fc0,
0x000001e6fea40570, 0x000001e6fea40060, 0x000001e6fea43d20, 0x000001e6fea42df0,
0x000001e6fea419b0, 0x000001e6fea44740, 0x000001e6fea41ec0, 0x000001e6fea45160
}

Java Threads: ( => current thread )
  0x000001e6e2b44410 JavaThread "main" [_thread_blocked, id=1932, stack(0x0000005f19600000,0x0000005f19700000)]
  0x000001e6fc131a70 JavaThread "Reference Handler" daemon [_thread_blocked, id=19744, stack(0x0000005f19d00000,0x0000005f19e00000)]
  0x000001e6fc132940 JavaThread "Finalizer" daemon [_thread_blocked, id=20140, stack(0x0000005f19e00000,0x0000005f19f00000)]
  0x000001e6fc15c6f0 JavaThread "Signal Dispatcher" daemon [_thread_blocked, id=8108, stack(0x0000005f19f00000,0x0000005f1a000000)]
  0x000001e6fc15e1d0 JavaThread "Attach Listener" daemon [_thread_blocked, id=9144, stack(0x0000005f1a000000,0x0000005f1a100000)]
  0x000001e6fc15eaa0 JavaThread "Service Thread" daemon [_thread_blocked, id=19428, stack(0x0000005f1a100000,0x0000005f1a200000)]
  0x000001e6fc3cc400 JavaThread "Monitor Deflation Thread" daemon [_thread_blocked, id=16260, stack(0x0000005f1a200000,0x0000005f1a300000)]
  0x000001e6fc3cd0b0 JavaThread "C2 CompilerThread0" daemon [_thread_blocked, id=20952, stack(0x0000005f1a300000,0x0000005f1a400000)]
  0x000001e6fc3ce080 JavaThread "C1 CompilerThread0" daemon [_thread_blocked, id=1192, stack(0x0000005f1a400000,0x0000005f1a500000)]
  0x000001e6fc3d09a0 JavaThread "Sweeper thread" daemon [_thread_blocked, id=17672, stack(0x0000005f1a500000,0x0000005f1a600000)]
  0x000001e6fc52da50 JavaThread "Common-Cleaner" daemon [_thread_blocked, id=17300, stack(0x0000005f1a600000,0x0000005f1a700000)]
  0x000001e6fc671f00 JavaThread "Notification Thread" daemon [_thread_blocked, id=16520, stack(0x0000005f1a700000,0x0000005f1a800000)]
  0x000001e6fc692600 JavaThread "C2 CompilerThread1" daemon [_thread_blocked, id=18988, stack(0x0000005f1a900000,0x0000005f1aa00000)]
  0x000001e6fdf1a430 JavaThread "Daemon health stats" [_thread_blocked, id=2164, stack(0x0000005f1ad00000,0x0000005f1ae00000)]
  0x000001e6fd56e9e0 JavaThread "Incoming local TCP Connector on port 52730" [_thread_in_native, id=8332, stack(0x0000005f1ae00000,0x0000005f1af00000)]
  0x000001e6fdb82330 JavaThread "Daemon periodic checks" [_thread_blocked, id=808, stack(0x0000005f1af00000,0x0000005f1b000000)]
  0x000001e6fd78f070 JavaThread "Daemon" [_thread_blocked, id=7248, stack(0x0000005f1b000000,0x0000005f1b100000)]
  0x000001e6fda95730 JavaThread "Handler for socket connection from /127.0.0.1:52730 to /127.0.0.1:52731" [_thread_in_native, id=20264, stack(0x0000005f1b100000,0x0000005f1b200000)]
  0x000001e6fdbfddd0 JavaThread "Cancel handler" [_thread_blocked, id=18468, stack(0x0000005f1b200000,0x0000005f1b300000)]
  0x000001e6fdbff720 JavaThread "Daemon worker" [_thread_blocked, id=10408, stack(0x0000005f1b300000,0x0000005f1b400000)]
  0x000001e6fdc01070 JavaThread "Asynchronous log dispatcher for DefaultDaemonConnection: socket connection from /127.0.0.1:52730 to /127.0.0.1:52731" [_thread_blocked, id=7748, stack(0x0000005f1b400000,0x0000005f1b500000)]
  0x000001e6fdbffc30 JavaThread "Stdin handler" [_thread_blocked, id=16092, stack(0x0000005f1b500000,0x0000005f1b600000)]
  0x000001e6fdbfe2e0 JavaThread "Daemon client event forwarder" [_thread_blocked, id=19420, stack(0x0000005f1b600000,0x0000005f1b700000)]
  0x000001e6fdc00140 JavaThread "Cache worker for journal cache (C:\Users\Jose Martins\.gradle\caches\journal-1)" [_thread_blocked, id=18940, stack(0x0000005f1b700000,0x0000005f1b800000)]
  0x000001e6fdbfed00 JavaThread "File lock request listener" [_thread_in_native, id=1820, stack(0x0000005f1b800000,0x0000005f1b900000)]
  0x000001e6fdc00650 JavaThread "Cache worker for file hash cache (C:\Users\Jose Martins\.gradle\caches\8.4\fileHashes)" [_thread_blocked, id=4196, stack(0x0000005f1b900000,0x0000005f1ba00000)]
  0x000001e6fdc00b60 JavaThread "File watcher server" daemon [_thread_blocked, id=13576, stack(0x0000005f1ba00000,0x0000005f1bb00000)]
  0x000001e6fdbff210 JavaThread "File watcher consumer" daemon [_thread_blocked, id=16580, stack(0x0000005f1bb00000,0x0000005f1bc00000)]
  0x000001e6fea428e0 JavaThread "Cache worker for checksums cache (C:\developer\projects\github\carris\projeto_2\.gradle\8.4\checksums)" [_thread_blocked, id=21040, stack(0x0000005f1bc00000,0x0000005f1bd00000)]
  0x000001e6fea423d0 JavaThread "Cache worker for file hash cache (C:\developer\projects\github\carris\projeto_2\.gradle\8.4\fileHashes)" [_thread_blocked, id=16164, stack(0x0000005f1bd00000,0x0000005f1be00000)]
  0x000001e6fea46ab0 JavaThread "Cache worker for cache directory md-supplier (C:\Users\Jose Martins\.gradle\caches\8.4\md-supplier)" [_thread_blocked, id=18820, stack(0x0000005f1be00000,0x0000005f1bf00000)]
  0x000001e6fea44230 JavaThread "Cache worker for file content cache (C:\Users\Jose Martins\.gradle\caches\8.4\fileContent)" [_thread_blocked, id=2912, stack(0x0000005f1bf00000,0x0000005f1c000000)]
  0x000001e6fea40f90 JavaThread "Cache worker for cache directory md-rule (C:\Users\Jose Martins\.gradle\caches\8.4\md-rule)" [_thread_blocked, id=17796, stack(0x0000005f1c000000,0x0000005f1c100000)]
  0x000001e6fea46090 JavaThread "Cache worker for execution history cache (C:\Users\Jose Martins\.gradle\caches\8.4\executionHistory)" [_thread_blocked, id=20964, stack(0x0000005f1c100000,0x0000005f1c200000)]
  0x000001e6fea45b80 JavaThread "jar transforms" [_thread_blocked, id=9832, stack(0x0000005f1c200000,0x0000005f1c300000)]
  0x000001e6fea46fc0 JavaThread "jar transforms Thread 2" [_thread_blocked, id=11148, stack(0x0000005f1c300000,0x0000005f1c400000)]
  0x000001e6fea40570 JavaThread "jar transforms Thread 3" [_thread_blocked, id=17684, stack(0x0000005f1c400000,0x0000005f1c500000)]
  0x000001e6fea40060 JavaThread "jar transforms Thread 4" [_thread_blocked, id=2200, stack(0x0000005f1c500000,0x0000005f1c600000)]
  0x000001e6fea43d20 JavaThread "Cache worker for kotlin-dsl (C:\Users\Jose Martins\.gradle\caches\8.4\kotlin-dsl)" [_thread_blocked, id=556, stack(0x0000005f1c600000,0x0000005f1c700000)]
  0x000001e6fea42df0 JavaThread "Cache worker for dependencies-accessors (C:\developer\projects\github\carris\projeto_2\.gradle\8.4\dependencies-accessors)" [_thread_blocked, id=12272, stack(0x0000005f1c700000,0x0000005f1c800000)]
  0x000001e6fea419b0 JavaThread "Cache worker for Build Output Cleanup Cache (C:\developer\projects\github\carris\projeto_2\.gradle\buildOutputCleanup)" [_thread_blocked, id=16152, stack(0x0000005f1c800000,0x0000005f1c900000)]
  0x000001e6fea44740 JavaThread "Unconstrained build operations" [_thread_blocked, id=8740, stack(0x0000005f1c900000,0x0000005f1ca00000)]
  0x000001e6fea41ec0 JavaThread "Unconstrained build operations Thread 2" [_thread_blocked, id=21312, stack(0x0000005f1ca00000,0x0000005f1cb00000)]
  0x000001e6fea45160 JavaThread "Unconstrained build operations Thread 3" [_thread_blocked, id=11964, stack(0x0000005f1cb00000,0x0000005f1cc00000)]

Other Threads:
=>0x000001e6fc12e7c0 VMThread "VM Thread" [stack: 0x0000005f19c00000,0x0000005f19d00000] [id=18464]
  0x000001e6fc672c10 WatcherThread [stack: 0x0000005f1a800000,0x0000005f1a900000] [id=17776]
  0x000001e6e0aae880 GCTaskThread "GC Thread#0" [stack: 0x0000005f19700000,0x0000005f19800000] [id=16108]
  0x000001e6fcc19950 GCTaskThread "GC Thread#1" [stack: 0x0000005f1aa00000,0x0000005f1ab00000] [id=1272]
  0x000001e6fc85fbf0 GCTaskThread "GC Thread#2" [stack: 0x0000005f1ab00000,0x0000005f1ac00000] [id=6368]
  0x000001e6fd14e1b0 GCTaskThread "GC Thread#3" [stack: 0x0000005f1ac00000,0x0000005f1ad00000] [id=612]
  0x000001e6e2ba93d0 ConcurrentGCThread "G1 Main Marker" [stack: 0x0000005f19800000,0x0000005f19900000] [id=2560]
  0x000001e6e2ba9c00 ConcurrentGCThread "G1 Conc#0" [stack: 0x0000005f19900000,0x0000005f19a00000] [id=16696]
  0x000001e6e2bfe300 ConcurrentGCThread "G1 Refine#0" [stack: 0x0000005f19a00000,0x0000005f19b00000] [id=6708]
  0x000001e6e2bfec40 ConcurrentGCThread "G1 Service" [stack: 0x0000005f19b00000,0x0000005f19c00000] [id=18332]

Threads with active compile tasks:
C2 CompilerThread0     6351 6618 %     4       java.io.WinNTFileSystem::normalize @ 58 (224 bytes)

VM state: at safepoint (normal execution)

VM Mutex/Monitor currently owned by a thread:  ([mutex/lock_event])
[0x000001e6e2b40a80] Threads_lock - owner thread: 0x000001e6fc12e7c0
[0x000001e6e2b40840] Heap_lock - owner thread: 0x000001e6fdbff720

Heap address: 0x0000000080000000, size: 2048 MB, Compressed Oops mode: 32-bit

CDS archive(s) not mapped
Compressed class space mapped at: 0x0000000100000000-0x0000000140000000, reserved size: 1073741824
Narrow klass base: 0x0000000000000000, Narrow klass shift: 3, Narrow klass range: 0x140000000

GC Precious Log:
 CPUs: 4 total, 4 available
 Memory: 8123M
 Large Page Support: Disabled
 NUMA Support: Disabled
 Compressed Oops: Enabled (32-bit)
 Heap Region Size: 1M
 Heap Min Capacity: 8M
 Heap Initial Capacity: 128M
 Heap Max Capacity: 2G
 Pre-touch: Disabled
 Parallel Workers: 4
 Concurrent Workers: 1
 Concurrent Refinement Workers: 4
 Periodic GC: Disabled

Heap:
 garbage-first heap   total 131072K, used 62077K [0x0000000080000000, 0x0000000100000000)
  region size 1024K, 1 young (1024K), 1 survivors (1024K)
 Metaspace       used 60262K, committed 60864K, reserved 1114112K
  class space    used 8139K, committed 8448K, reserved 1048576K

Heap Regions: E=young(eden), S=young(survivor), O=old, HS=humongous(starts), HC=humongous(continues), CS=collection set, F=free, OA=open archive, CA=closed archive, TAMS=top-at-mark-start (previous, next)
|   0|0x0000000080000000, 0x0000000080100000, 0x0000000080100000|100%| O|  |TAMS 0x0000000080100000, 0x0000000080100000| Untracked 
|   1|0x0000000080100000, 0x0000000080200000, 0x0000000080200000|100%| O|  |TAMS 0x0000000080200000, 0x0000000080200000| Untracked 
|   2|0x0000000080200000, 0x0000000080300000, 0x0000000080300000|100%|HS|  |TAMS 0x0000000080300000, 0x0000000080300000| Complete 
|   3|0x0000000080300000, 0x0000000080400000, 0x0000000080400000|100%|HC|  |TAMS 0x0000000080400000, 0x0000000080400000| Complete 
|   4|0x0000000080400000, 0x0000000080500000, 0x0000000080500000|100%|HC|  |TAMS 0x0000000080500000, 0x0000000080500000| Complete 
|   5|0x0000000080500000, 0x0000000080600000, 0x0000000080600000|100%|HC|  |TAMS 0x0000000080600000, 0x0000000080600000| Complete 
|   6|0x0000000080600000, 0x0000000080700000, 0x0000000080700000|100%| O|  |TAMS 0x0000000080700000, 0x0000000080700000| Untracked 
|   7|0x0000000080700000, 0x0000000080800000, 0x0000000080800000|100%| O|  |TAMS 0x0000000080800000, 0x0000000080800000| Untracked 
|   8|0x0000000080800000, 0x0000000080900000, 0x0000000080900000|100%| O|  |TAMS 0x0000000080900000, 0x0000000080900000| Untracked 
|   9|0x0000000080900000, 0x0000000080a00000, 0x0000000080a00000|100%| O|  |TAMS 0x0000000080a00000, 0x0000000080a00000| Untracked 
|  10|0x0000000080a00000, 0x0000000080b00000, 0x0000000080b00000|100%|HS|  |TAMS 0x0000000080a00000, 0x0000000080b00000| Complete 
|  11|0x0000000080b00000, 0x0000000080c00000, 0x0000000080c00000|100%| O|  |TAMS 0x0000000080c00000, 0x0000000080c00000| Untracked 
|  12|0x0000000080c00000, 0x0000000080d00000, 0x0000000080d00000|100%| O|  |TAMS 0x0000000080d00000, 0x0000000080d00000| Untracked 
|  13|0x0000000080d00000, 0x0000000080e00000, 0x0000000080e00000|100%| O|  |TAMS 0x0000000080e00000, 0x0000000080e00000| Untracked 
|  14|0x0000000080e00000, 0x0000000080f00000, 0x0000000080f00000|100%| O|  |TAMS 0x0000000080f00000, 0x0000000080f00000| Untracked 
|  15|0x0000000080f00000, 0x0000000081000000, 0x0000000081000000|100%| O|  |TAMS 0x0000000081000000, 0x0000000081000000| Untracked 
|  16|0x0000000081000000, 0x0000000081100000, 0x0000000081100000|100%| O|  |TAMS 0x0000000081100000, 0x0000000081100000| Untracked 
|  17|0x0000000081100000, 0x0000000081200000, 0x0000000081200000|100%| O|  |TAMS 0x0000000081200000, 0x0000000081200000| Untracked 
|  18|0x0000000081200000, 0x0000000081300000, 0x0000000081300000|100%| O|  |TAMS 0x0000000081300000, 0x0000000081300000| Untracked 
|  19|0x0000000081300000, 0x0000000081400000, 0x0000000081400000|100%| O|  |TAMS 0x0000000081400000, 0x0000000081400000| Untracked 
|  20|0x0000000081400000, 0x0000000081500000, 0x0000000081500000|100%| O|  |TAMS 0x0000000081500000, 0x0000000081500000| Untracked 
|  21|0x0000000081500000, 0x0000000081600000, 0x0000000081600000|100%| O|  |TAMS 0x0000000081600000, 0x0000000081600000| Untracked 
|  22|0x0000000081600000, 0x0000000081700000, 0x0000000081700000|100%| O|  |TAMS 0x0000000081700000, 0x0000000081700000| Untracked 
|  23|0x0000000081700000, 0x0000000081800000, 0x0000000081800000|100%| O|  |TAMS 0x0000000081800000, 0x0000000081800000| Untracked 
|  24|0x0000000081800000, 0x0000000081900000, 0x0000000081900000|100%| O|  |TAMS 0x0000000081900000, 0x0000000081900000| Untracked 
|  25|0x0000000081900000, 0x0000000081a00000, 0x0000000081a00000|100%| O|  |TAMS 0x0000000081a00000, 0x0000000081a00000| Untracked 
|  26|0x0000000081a00000, 0x0000000081b00000, 0x0000000081b00000|100%| O|  |TAMS 0x0000000081b00000, 0x0000000081b00000| Untracked 
|  27|0x0000000081b00000, 0x0000000081c00000, 0x0000000081c00000|100%| O|  |TAMS 0x0000000081c00000, 0x0000000081c00000| Untracked 
|  28|0x0000000081c00000, 0x0000000081d00000, 0x0000000081d00000|100%| O|  |TAMS 0x0000000081d00000, 0x0000000081d00000| Untracked 
|  29|0x0000000081d00000, 0x0000000081e00000, 0x0000000081e00000|100%| O|  |TAMS 0x0000000081e00000, 0x0000000081e00000| Untracked 
|  30|0x0000000081e00000, 0x0000000081f00000, 0x0000000081f00000|100%| O|  |TAMS 0x0000000081ea7a00, 0x0000000081f00000| Untracked 
|  31|0x0000000081f00000, 0x0000000082000000, 0x0000000082000000|100%|HS|  |TAMS 0x0000000082000000, 0x0000000082000000| Complete 
|  32|0x0000000082000000, 0x0000000082100000, 0x0000000082100000|100%|HS|  |TAMS 0x0000000082100000, 0x0000000082100000| Complete 
|  33|0x0000000082100000, 0x0000000082200000, 0x0000000082200000|100%| O|  |TAMS 0x0000000082100000, 0x0000000082200000| Untracked 
|  34|0x0000000082200000, 0x0000000082300000, 0x0000000082300000|100%| O|  |TAMS 0x0000000082300000, 0x0000000082300000| Untracked 
|  35|0x0000000082300000, 0x0000000082400000, 0x0000000082400000|100%| O|  |TAMS 0x0000000082400000, 0x0000000082400000| Untracked 
|  36|0x0000000082400000, 0x0000000082500000, 0x0000000082500000|100%|HS|  |TAMS 0x0000000082500000, 0x0000000082500000| Complete 
|  37|0x0000000082500000, 0x0000000082600000, 0x0000000082600000|100%|HC|  |TAMS 0x0000000082600000, 0x0000000082600000| Complete 
|  38|0x0000000082600000, 0x0000000082700000, 0x0000000082700000|100%| O|  |TAMS 0x0000000082600000, 0x0000000082700000| Untracked 
|  39|0x0000000082700000, 0x0000000082800000, 0x0000000082800000|100%| O|  |TAMS 0x0000000082700000, 0x0000000082800000| Untracked 
|  40|0x0000000082800000, 0x0000000082900000, 0x0000000082900000|100%| O|  |TAMS 0x0000000082800000, 0x0000000082900000| Untracked 
|  41|0x0000000082900000, 0x0000000082a00000, 0x0000000082a00000|100%| O|  |TAMS 0x0000000082900000, 0x0000000082a00000| Untracked 
|  42|0x0000000082a00000, 0x0000000082b00000, 0x0000000082b00000|100%|HS|  |TAMS 0x0000000082a00000, 0x0000000082b00000| Complete 
|  43|0x0000000082b00000, 0x0000000082c00000, 0x0000000082c00000|100%|HC|  |TAMS 0x0000000082b00000, 0x0000000082c00000| Complete 
|  44|0x0000000082c00000, 0x0000000082d00000, 0x0000000082d00000|100%|HS|  |TAMS 0x0000000082c00000, 0x0000000082d00000| Complete 
|  45|0x0000000082d00000, 0x0000000082e00000, 0x0000000082e00000|100%|HS|  |TAMS 0x0000000082d00000, 0x0000000082e00000| Complete 
|  46|0x0000000082e00000, 0x0000000082f00000, 0x0000000082f00000|100%|HC|  |TAMS 0x0000000082e00000, 0x0000000082f00000| Complete 
|  47|0x0000000082f00000, 0x0000000083000000, 0x0000000083000000|100%|HC|  |TAMS 0x0000000082f00000, 0x0000000083000000| Complete 
|  48|0x0000000083000000, 0x0000000083100000, 0x0000000083100000|100%|HC|  |TAMS 0x0000000083000000, 0x0000000083100000| Complete 
|  49|0x0000000083100000, 0x0000000083200000, 0x0000000083200000|100%| O|  |TAMS 0x0000000083100000, 0x0000000083200000| Untracked 
|  50|0x0000000083200000, 0x0000000083300000, 0x0000000083300000|100%|HS|  |TAMS 0x0000000083200000, 0x0000000083300000| Complete 
|  51|0x0000000083300000, 0x0000000083400000, 0x0000000083400000|100%| O|  |TAMS 0x0000000083300000, 0x0000000083400000| Untracked 
|  52|0x0000000083400000, 0x0000000083500000, 0x0000000083500000|100%| O|  |TAMS 0x0000000083400000, 0x0000000083500000| Untracked 
|  53|0x0000000083500000, 0x0000000083600000, 0x0000000083600000|100%| O|  |TAMS 0x0000000083500000, 0x0000000083600000| Untracked 
|  54|0x0000000083600000, 0x0000000083700000, 0x0000000083700000|100%| O|  |TAMS 0x0000000083600000, 0x0000000083700000| Untracked 
|  55|0x0000000083700000, 0x0000000083800000, 0x0000000083800000|100%| O|  |TAMS 0x0000000083700000, 0x0000000083800000| Untracked 
|  56|0x0000000083800000, 0x0000000083900000, 0x0000000083900000|100%| O|  |TAMS 0x0000000083800000, 0x0000000083900000| Untracked 
|  57|0x0000000083900000, 0x0000000083a00000, 0x0000000083a00000|100%| O|  |TAMS 0x0000000083900000, 0x0000000083a00000| Untracked 
|  58|0x0000000083a00000, 0x0000000083b00000, 0x0000000083b00000|100%| O|  |TAMS 0x0000000083a00000, 0x0000000083b00000| Untracked 
|  59|0x0000000083b00000, 0x0000000083bb9400, 0x0000000083c00000| 72%| O|  |TAMS 0x0000000083b00000, 0x0000000083bb9400| Untracked 
|  60|0x0000000083c00000, 0x0000000083c00000, 0x0000000083d00000|  0%| F|  |TAMS 0x0000000083c00000, 0x0000000083c00000| Untracked 
|  61|0x0000000083d00000, 0x0000000083d00000, 0x0000000083e00000|  0%| F|  |TAMS 0x0000000083d00000, 0x0000000083d00000| Untracked 
|  62|0x0000000083e00000, 0x0000000083e00000, 0x0000000083f00000|  0%| F|  |TAMS 0x0000000083e00000, 0x0000000083e00000| Untracked 
|  63|0x0000000083f00000, 0x0000000083f00000, 0x0000000084000000|  0%| F|  |TAMS 0x0000000083f00000, 0x0000000083f00000| Untracked 
|  64|0x0000000084000000, 0x0000000084000000, 0x0000000084100000|  0%| F|  |TAMS 0x0000000084000000, 0x0000000084000000| Untracked 
|  65|0x0000000084100000, 0x0000000084100000, 0x0000000084200000|  0%| F|  |TAMS 0x0000000084100000, 0x0000000084100000| Untracked 
|  66|0x0000000084200000, 0x0000000084200000, 0x0000000084300000|  0%| F|  |TAMS 0x0000000084200000, 0x0000000084200000| Untracked 
|  67|0x0000000084300000, 0x0000000084300000, 0x0000000084400000|  0%| F|  |TAMS 0x0000000084300000, 0x0000000084300000| Untracked 
|  68|0x0000000084400000, 0x0000000084400000, 0x0000000084500000|  0%| F|  |TAMS 0x0000000084400000, 0x0000000084400000| Untracked 
|  69|0x0000000084500000, 0x0000000084500000, 0x0000000084600000|  0%| F|  |TAMS 0x0000000084500000, 0x0000000084500000| Untracked 
|  70|0x0000000084600000, 0x0000000084600000, 0x0000000084700000|  0%| F|  |TAMS 0x0000000084600000, 0x0000000084600000| Untracked 
|  71|0x0000000084700000, 0x0000000084700000, 0x0000000084800000|  0%| F|  |TAMS 0x0000000084700000, 0x0000000084700000| Untracked 
|  72|0x0000000084800000, 0x00000000848e6188, 0x0000000084900000| 89%| S|CS|TAMS 0x0000000084800000, 0x0000000084800000| Complete 
|  73|0x0000000084900000, 0x0000000084900000, 0x0000000084a00000|  0%| F|  |TAMS 0x0000000084900000, 0x0000000084900000| Untracked 
|  74|0x0000000084a00000, 0x0000000084a00000, 0x0000000084b00000|  0%| F|  |TAMS 0x0000000084a00000, 0x0000000084a00000| Untracked 
|  75|0x0000000084b00000, 0x0000000084b00000, 0x0000000084c00000|  0%| F|  |TAMS 0x0000000084b00000, 0x0000000084b00000| Untracked 
|  76|0x0000000084c00000, 0x0000000084c00000, 0x0000000084d00000|  0%| F|  |TAMS 0x0000000084c00000, 0x0000000084c00000| Untracked 
|  77|0x0000000084d00000, 0x0000000084d00000, 0x0000000084e00000|  0%| F|  |TAMS 0x0000000084d00000, 0x0000000084d00000| Untracked 
|  78|0x0000000084e00000, 0x0000000084e00000, 0x0000000084f00000|  0%| F|  |TAMS 0x0000000084e00000, 0x0000000084e00000| Untracked 
|  79|0x0000000084f00000, 0x0000000084f00000, 0x0000000085000000|  0%| F|  |TAMS 0x0000000084f00000, 0x0000000084f00000| Untracked 
|  80|0x0000000085000000, 0x0000000085000000, 0x0000000085100000|  0%| F|  |TAMS 0x0000000085000000, 0x0000000085000000| Untracked 
|  81|0x0000000085100000, 0x0000000085100000, 0x0000000085200000|  0%| F|  |TAMS 0x0000000085100000, 0x0000000085100000| Untracked 
|  82|0x0000000085200000, 0x0000000085200000, 0x0000000085300000|  0%| F|  |TAMS 0x0000000085200000, 0x0000000085200000| Untracked 
|  83|0x0000000085300000, 0x0000000085300000, 0x0000000085400000|  0%| F|  |TAMS 0x0000000085300000, 0x0000000085300000| Untracked 
|  84|0x0000000085400000, 0x0000000085400000, 0x0000000085500000|  0%| F|  |TAMS 0x0000000085400000, 0x0000000085400000| Untracked 
|  85|0x0000000085500000, 0x0000000085500000, 0x0000000085600000|  0%| F|  |TAMS 0x0000000085500000, 0x0000000085500000| Untracked 
|  86|0x0000000085600000, 0x0000000085600000, 0x0000000085700000|  0%| F|  |TAMS 0x0000000085600000, 0x0000000085600000| Untracked 
|  87|0x0000000085700000, 0x0000000085700000, 0x0000000085800000|  0%| F|  |TAMS 0x0000000085700000, 0x0000000085700000| Untracked 
|  88|0x0000000085800000, 0x0000000085800000, 0x0000000085900000|  0%| F|  |TAMS 0x0000000085800000, 0x0000000085800000| Untracked 
|  89|0x0000000085900000, 0x0000000085900000, 0x0000000085a00000|  0%| F|  |TAMS 0x0000000085900000, 0x0000000085900000| Untracked 
|  90|0x0000000085a00000, 0x0000000085a00000, 0x0000000085b00000|  0%| F|  |TAMS 0x0000000085a00000, 0x0000000085a00000| Untracked 
|  91|0x0000000085b00000, 0x0000000085b00000, 0x0000000085c00000|  0%| F|  |TAMS 0x0000000085b00000, 0x0000000085b00000| Untracked 
|  92|0x0000000085c00000, 0x0000000085c00000, 0x0000000085d00000|  0%| F|  |TAMS 0x0000000085c00000, 0x0000000085c00000| Untracked 
|  93|0x0000000085d00000, 0x0000000085d00000, 0x0000000085e00000|  0%| F|  |TAMS 0x0000000085d00000, 0x0000000085d00000| Untracked 
|  94|0x0000000085e00000, 0x0000000085e00000, 0x0000000085f00000|  0%| F|  |TAMS 0x0000000085e00000, 0x0000000085e00000| Untracked 
|  95|0x0000000085f00000, 0x0000000085f00000, 0x0000000086000000|  0%| F|  |TAMS 0x0000000085f00000, 0x0000000085f00000| Untracked 
|  96|0x0000000086000000, 0x0000000086000000, 0x0000000086100000|  0%| F|  |TAMS 0x0000000086000000, 0x0000000086000000| Untracked 
|  97|0x0000000086100000, 0x0000000086100000, 0x0000000086200000|  0%| F|  |TAMS 0x0000000086100000, 0x0000000086100000| Untracked 
|  98|0x0000000086200000, 0x0000000086200000, 0x0000000086300000|  0%| F|  |TAMS 0x0000000086200000, 0x0000000086200000| Untracked 
|  99|0x0000000086300000, 0x0000000086300000, 0x0000000086400000|  0%| F|  |TAMS 0x0000000086300000, 0x0000000086300000| Untracked 
| 100|0x0000000086400000, 0x0000000086400000, 0x0000000086500000|  0%| F|  |TAMS 0x0000000086400000, 0x0000000086400000| Untracked 
| 101|0x0000000086500000, 0x0000000086500000, 0x0000000086600000|  0%| F|  |TAMS 0x0000000086500000, 0x0000000086500000| Untracked 
| 102|0x0000000086600000, 0x0000000086600000, 0x0000000086700000|  0%| F|  |TAMS 0x0000000086600000, 0x0000000086600000| Untracked 
| 103|0x0000000086700000, 0x0000000086700000, 0x0000000086800000|  0%| F|  |TAMS 0x0000000086700000, 0x0000000086700000| Untracked 
| 104|0x0000000086800000, 0x0000000086800000, 0x0000000086900000|  0%| F|  |TAMS 0x0000000086800000, 0x0000000086800000| Untracked 
| 105|0x0000000086900000, 0x0000000086900000, 0x0000000086a00000|  0%| F|  |TAMS 0x0000000086900000, 0x0000000086900000| Untracked 
| 106|0x0000000086a00000, 0x0000000086a00000, 0x0000000086b00000|  0%| F|  |TAMS 0x0000000086a00000, 0x0000000086a00000| Untracked 
| 107|0x0000000086b00000, 0x0000000086b00000, 0x0000000086c00000|  0%| F|  |TAMS 0x0000000086b00000, 0x0000000086b00000| Untracked 
| 108|0x0000000086c00000, 0x0000000086c00000, 0x0000000086d00000|  0%| F|  |TAMS 0x0000000086c00000, 0x0000000086c00000| Untracked 
| 109|0x0000000086d00000, 0x0000000086d00000, 0x0000000086e00000|  0%| F|  |TAMS 0x0000000086d00000, 0x0000000086d00000| Untracked 
| 110|0x0000000086e00000, 0x0000000086e00000, 0x0000000086f00000|  0%| F|  |TAMS 0x0000000086e00000, 0x0000000086e00000| Untracked 
| 111|0x0000000086f00000, 0x0000000086f00000, 0x0000000087000000|  0%| F|  |TAMS 0x0000000086f00000, 0x0000000086f00000| Untracked 
| 112|0x0000000087000000, 0x0000000087000000, 0x0000000087100000|  0%| F|  |TAMS 0x0000000087000000, 0x0000000087000000| Untracked 
| 113|0x0000000087100000, 0x0000000087100000, 0x0000000087200000|  0%| F|  |TAMS 0x0000000087100000, 0x0000000087100000| Untracked 
| 114|0x0000000087200000, 0x0000000087200000, 0x0000000087300000|  0%| F|  |TAMS 0x0000000087200000, 0x0000000087200000| Untracked 
| 115|0x0000000087300000, 0x0000000087300000, 0x0000000087400000|  0%| F|  |TAMS 0x0000000087300000, 0x0000000087300000| Untracked 
| 116|0x0000000087400000, 0x0000000087400000, 0x0000000087500000|  0%| F|  |TAMS 0x0000000087400000, 0x0000000087400000| Untracked 
| 117|0x0000000087500000, 0x0000000087500000, 0x0000000087600000|  0%| F|  |TAMS 0x0000000087500000, 0x0000000087500000| Untracked 
| 118|0x0000000087600000, 0x0000000087600000, 0x0000000087700000|  0%| F|  |TAMS 0x0000000087600000, 0x0000000087600000| Untracked 
| 119|0x0000000087700000, 0x0000000087700000, 0x0000000087800000|  0%| F|  |TAMS 0x0000000087700000, 0x0000000087700000| Untracked 
| 120|0x0000000087800000, 0x0000000087800000, 0x0000000087900000|  0%| F|  |TAMS 0x0000000087800000, 0x0000000087800000| Untracked 
| 121|0x0000000087900000, 0x0000000087900000, 0x0000000087a00000|  0%| F|  |TAMS 0x0000000087900000, 0x0000000087900000| Untracked 
| 122|0x0000000087a00000, 0x0000000087a00000, 0x0000000087b00000|  0%| F|  |TAMS 0x0000000087a00000, 0x0000000087a00000| Untracked 
| 123|0x0000000087b00000, 0x0000000087b00000, 0x0000000087c00000|  0%| F|  |TAMS 0x0000000087b00000, 0x0000000087b00000| Untracked 
| 124|0x0000000087c00000, 0x0000000087c00000, 0x0000000087d00000|  0%| F|  |TAMS 0x0000000087c00000, 0x0000000087c00000| Untracked 
| 125|0x0000000087d00000, 0x0000000087d00000, 0x0000000087e00000|  0%| F|  |TAMS 0x0000000087d00000, 0x0000000087d00000| Untracked 
| 126|0x0000000087e00000, 0x0000000087e00000, 0x0000000087f00000|  0%| F|  |TAMS 0x0000000087e00000, 0x0000000087e00000| Untracked 
| 127|0x0000000087f00000, 0x0000000087f00000, 0x0000000088000000|  0%| F|  |TAMS 0x0000000087f00000, 0x0000000087f00000| Untracked 

Card table byte_map: [0x000001e6f5420000,0x000001e6f5820000] _byte_map_base: 0x000001e6f5020000

Marking Bits (Prev, Next): (CMBitMap*) 0x000001e6e2b98ae0, (CMBitMap*) 0x000001e6e2b98aa0
 Prev Bits: [0x000001e6f7c20000, 0x000001e6f9c20000)
 Next Bits: [0x000001e6f5c20000, 0x000001e6f7c20000)

Polling page: 0x000001e6e0b00000

Metaspace:

Usage:
  Non-class:     50.90 MB used.
      Class:      7.95 MB used.
       Both:     58.85 MB used.

Virtual space:
  Non-class space:       64.00 MB reserved,      51.19 MB ( 80%) committed,  1 nodes.
      Class space:        1.00 GB reserved,       8.25 MB ( <1%) committed,  1 nodes.
             Both:        1.06 GB reserved,      59.44 MB (  5%) committed. 

Chunk freelists:
   Non-Class:  12.59 MB
       Class:  7.69 MB
        Both:  20.28 MB

MaxMetaspaceSize: unlimited
CompressedClassSpaceSize: 1.00 GB
Initial GC threshold: 21.00 MB
Current GC threshold: 95.75 MB
CDS: off
MetaspaceReclaimPolicy: balanced
 - commit_granule_bytes: 65536.
 - commit_granule_words: 8192.
 - virtual_space_node_default_size: 8388608.
 - enlarge_chunks_in_place: 1.
 - new_chunks_are_fully_committed: 0.
 - uncommit_free_chunks: 1.
 - use_allocation_guard: 0.
 - handle_deallocations: 1.


Internal statistics:

num_allocs_failed_limit: 8.
num_arena_births: 700.
num_arena_deaths: 0.
num_vsnodes_births: 2.
num_vsnodes_deaths: 0.
num_space_committed: 951.
num_space_uncommitted: 0.
num_chunks_returned_to_freelist: 8.
num_chunks_taken_from_freelist: 2735.
num_chunk_merges: 8.
num_chunk_splits: 1809.
num_chunks_enlarged: 1233.
num_inconsistent_stats: 0.

CodeHeap 'non-profiled nmethods': size=120000Kb used=2942Kb max_used=3519Kb free=117057Kb
 bounds [0x000001e6edaf0000, 0x000001e6ede60000, 0x000001e6f5020000]
CodeHeap 'profiled nmethods': size=120000Kb used=10541Kb max_used=11444Kb free=109458Kb
 bounds [0x000001e6e6020000, 0x000001e6e6b50000, 0x000001e6ed550000]
CodeHeap 'non-nmethods': size=5760Kb used=2323Kb max_used=2444Kb free=3436Kb
 bounds [0x000001e6ed550000, 0x000001e6ed7d0000, 0x000001e6edaf0000]
 total_blobs=6672 nmethods=5831 adapters=753
 compilation: enabled
              stopped_count=0, restarted_count=0
 full_count=0

Compilation events (20 events):
Event: 6.312 Thread 0x000001e6fc3ce080 nmethod 6610 0x000001e6e649b490 code [0x000001e6e649b640, 0x000001e6e649b918]
Event: 6.312 Thread 0x000001e6fc3ce080 6611       3       java.lang.invoke.LambdaForm::expressionCount (11 bytes)
Event: 6.312 Thread 0x000001e6fc3ce080 nmethod 6611 0x000001e6e66bf710 code [0x000001e6e66bf8a0, 0x000001e6e66bf9b8]
Event: 6.312 Thread 0x000001e6fc3ce080 6612       3       java.lang.invoke.InvokerBytecodeGenerator::lookupPregenerated (294 bytes)
Event: 6.313 Thread 0x000001e6fc3ce080 nmethod 6612 0x000001e6e61f4b10 code [0x000001e6e61f4ea0, 0x000001e6e61f6468]
Event: 6.313 Thread 0x000001e6fc3ce080 6613       3       java.lang.invoke.LambdaFormBuffer::indexOf (25 bytes)
Event: 6.313 Thread 0x000001e6fc3ce080 nmethod 6613 0x000001e6e6708490 code [0x000001e6e6708640, 0x000001e6e6708858]
Event: 6.319 Thread 0x000001e6fc3ce080 6614       3       java.io.FilterInputStream::read (11 bytes)
Event: 6.319 Thread 0x000001e6fc3ce080 nmethod 6614 0x000001e6e61f4690 code [0x000001e6e61f4840, 0x000001e6e61f4a08]
Event: 6.321 Thread 0x000001e6fc3ce080 6615       3       java.security.AccessController::doPrivileged (17 bytes)
Event: 6.321 Thread 0x000001e6fc3ce080 nmethod 6615 0x000001e6e62fa910 code [0x000001e6e62fab00, 0x000001e6e62faeb8]
Event: 6.322 Thread 0x000001e6fc3ce080 6616       3       java.lang.ClassLoader::getResource (41 bytes)
Event: 6.322 Thread 0x000001e6fc3cd0b0 6617       4       java.nio.Buffer::limit (65 bytes)
Event: 6.322 Thread 0x000001e6fc3ce080 nmethod 6616 0x000001e6e62f9f90 code [0x000001e6e62fa180, 0x000001e6e62fa778]
Event: 6.323 Thread 0x000001e6fc3cd0b0 nmethod 6617 0x000001e6edb80890 code [0x000001e6edb80a00, 0x000001e6edb80af8]
Event: 6.323 Thread 0x000001e6fc3cd0b0 6618 %     4       java.io.WinNTFileSystem::normalize @ 58 (224 bytes)
Event: 6.323 Thread 0x000001e6fc3ce080 6619       3       org.gradle.internal.instantiation.generator.AbstractClassGenerator$GeneratedClassImpl$GeneratedConstructorImpl::newInstance (15 bytes)
Event: 6.323 Thread 0x000001e6fc3ce080 nmethod 6619 0x000001e6e61f4210 code [0x000001e6e61f43c0, 0x000001e6e61f4588]
Event: 6.324 Thread 0x000001e6fc3ce080 6620       3       com.google.common.cache.CacheBuilder$1::recordMisses (1 bytes)
Event: 6.324 Thread 0x000001e6fc3ce080 nmethod 6620 0x000001e6e66cf290 code [0x000001e6e66cf420, 0x000001e6e66cf538]

GC Heap History (20 events):
Event: 2.927 GC heap after
{Heap after GC invocations=9 (full 0):
 garbage-first heap   total 109568K, used 23721K [0x0000000080000000, 0x0000000100000000)
  region size 1024K, 4 young (4096K), 4 survivors (4096K)
 Metaspace       used 35880K, committed 36160K, reserved 1114112K
  class space    used 4922K, committed 5056K, reserved 1048576K
}
Event: 3.423 GC heap before
{Heap before GC invocations=10 (full 0):
 garbage-first heap   total 86016K, used 69801K [0x0000000080000000, 0x0000000100000000)
  region size 1024K, 50 young (51200K), 4 survivors (4096K)
 Metaspace       used 42322K, committed 42624K, reserved 1114112K
  class space    used 5633K, committed 5760K, reserved 1048576K
}
Event: 3.429 GC heap after
{Heap after GC invocations=11 (full 0):
 garbage-first heap   total 86016K, used 28315K [0x0000000080000000, 0x0000000100000000)
  region size 1024K, 7 young (7168K), 7 survivors (7168K)
 Metaspace       used 42322K, committed 42624K, reserved 1114112K
  class space    used 5633K, committed 5760K, reserved 1048576K
}
Event: 3.441 GC heap before
{Heap before GC invocations=11 (full 0):
 garbage-first heap   total 86016K, used 29339K [0x0000000080000000, 0x0000000100000000)
  region size 1024K, 8 young (8192K), 7 survivors (7168K)
 Metaspace       used 42469K, committed 42816K, reserved 1114112K
  class space    used 5649K, committed 5824K, reserved 1048576K
}
Event: 3.447 GC heap after
{Heap after GC invocations=12 (full 0):
 garbage-first heap   total 86016K, used 29144K [0x0000000080000000, 0x0000000100000000)
  region size 1024K, 1 young (1024K), 1 survivors (1024K)
 Metaspace       used 42469K, committed 42816K, reserved 1114112K
  class space    used 5649K, committed 5824K, reserved 1048576K
}
Event: 3.838 GC heap before
{Heap before GC invocations=12 (full 0):
 garbage-first heap   total 86016K, used 72152K [0x0000000080000000, 0x0000000100000000)
  region size 1024K, 37 young (37888K), 1 survivors (1024K)
 Metaspace       used 46268K, committed 46656K, reserved 1114112K
  class space    used 6004K, committed 6144K, reserved 1048576K
}
Event: 3.842 GC heap after
{Heap after GC invocations=13 (full 0):
 garbage-first heap   total 86016K, used 31672K [0x0000000080000000, 0x0000000100000000)
  region size 1024K, 4 young (4096K), 4 survivors (4096K)
 Metaspace       used 46268K, committed 46656K, reserved 1114112K
  class space    used 6004K, committed 6144K, reserved 1048576K
}
Event: 4.478 GC heap before
{Heap before GC invocations=13 (full 0):
 garbage-first heap   total 86016K, used 65464K [0x0000000080000000, 0x0000000100000000)
  region size 1024K, 37 young (37888K), 4 survivors (4096K)
 Metaspace       used 50246K, committed 50688K, reserved 1114112K
  class space    used 6667K, committed 6912K, reserved 1048576K
}
Event: 4.484 GC heap after
{Heap after GC invocations=14 (full 0):
 garbage-first heap   total 86016K, used 32993K [0x0000000080000000, 0x0000000100000000)
  region size 1024K, 2 young (2048K), 2 survivors (2048K)
 Metaspace       used 50246K, committed 50688K, reserved 1114112K
  class space    used 6667K, committed 6912K, reserved 1048576K
}
Event: 5.036 GC heap before
{Heap before GC invocations=14 (full 0):
 garbage-first heap   total 86016K, used 66785K [0x0000000080000000, 0x0000000100000000)
  region size 1024K, 35 young (35840K), 2 survivors (2048K)
 Metaspace       used 54658K, committed 55104K, reserved 1114112K
  class space    used 7401K, committed 7616K, reserved 1048576K
}
Event: 5.039 GC heap after
{Heap after GC invocations=15 (full 0):
 garbage-first heap   total 86016K, used 35073K [0x0000000080000000, 0x0000000100000000)
  region size 1024K, 4 young (4096K), 4 survivors (4096K)
 Metaspace       used 54658K, committed 55104K, reserved 1114112K
  class space    used 7401K, committed 7616K, reserved 1048576K
}
Event: 5.725 GC heap before
{Heap before GC invocations=15 (full 0):
 garbage-first heap   total 86016K, used 67841K [0x0000000080000000, 0x0000000100000000)
  region size 1024K, 36 young (36864K), 4 survivors (4096K)
 Metaspace       used 57672K, committed 58176K, reserved 1114112K
  class space    used 7818K, committed 8064K, reserved 1048576K
}
Event: 5.732 GC heap after
{Heap after GC invocations=16 (full 0):
 garbage-first heap   total 86016K, used 38558K [0x0000000080000000, 0x0000000100000000)
  region size 1024K, 5 young (5120K), 5 survivors (5120K)
 Metaspace       used 57672K, committed 58176K, reserved 1114112K
  class space    used 7818K, committed 8064K, reserved 1048576K
}
Event: 6.016 GC heap before
{Heap before GC invocations=16 (full 0):
 garbage-first heap   total 86016K, used 64158K [0x0000000080000000, 0x0000000100000000)
  region size 1024K, 28 young (28672K), 5 survivors (5120K)
 Metaspace       used 58273K, committed 58816K, reserved 1114112K
  class space    used 7874K, committed 8128K, reserved 1048576K
}
Event: 6.028 GC heap after
{Heap after GC invocations=17 (full 0):
 garbage-first heap   total 86016K, used 46716K [0x0000000080000000, 0x0000000100000000)
  region size 1024K, 4 young (4096K), 4 survivors (4096K)
 Metaspace       used 58273K, committed 58816K, reserved 1114112K
  class space    used 7874K, committed 8128K, reserved 1048576K
}
Event: 6.233 GC heap before
{Heap before GC invocations=18 (full 0):
 garbage-first heap   total 89088K, used 76412K [0x0000000080000000, 0x0000000100000000)
  region size 1024K, 25 young (25600K), 4 survivors (4096K)
 Metaspace       used 59284K, committed 59904K, reserved 1114112K
  class space    used 8019K, committed 8320K, reserved 1048576K
}
Event: 6.238 GC heap after
{Heap after GC invocations=19 (full 0):
 garbage-first heap   total 89088K, used 60832K [0x0000000080000000, 0x0000000100000000)
  region size 1024K, 4 young (4096K), 4 survivors (4096K)
 Metaspace       used 59284K, committed 59904K, reserved 1114112K
  class space    used 8019K, committed 8320K, reserved 1048576K
}
Event: 6.242 GC heap before
{Heap before GC invocations=19 (full 0):
 garbage-first heap   total 89088K, used 61856K [0x0000000080000000, 0x0000000100000000)
  region size 1024K, 5 young (5120K), 4 survivors (4096K)
 Metaspace       used 59346K, committed 59904K, reserved 1114112K
  class space    used 8026K, committed 8320K, reserved 1048576K
}
Event: 6.247 GC heap after
{Heap after GC invocations=20 (full 0):
 garbage-first heap   total 89088K, used 60520K [0x0000000080000000, 0x0000000100000000)
  region size 1024K, 1 young (1024K), 1 survivors (1024K)
 Metaspace       used 59346K, committed 59904K, reserved 1114112K
  class space    used 8026K, committed 8320K, reserved 1048576K
}
Event: 6.329 GC heap before
{Heap before GC invocations=20 (full 0):
 garbage-first heap   total 89088K, used 73832K [0x0000000080000000, 0x0000000100000000)
  region size 1024K, 14 young (14336K), 1 survivors (1024K)
 Metaspace       used 60262K, committed 60864K, reserved 1114112K
  class space    used 8139K, committed 8448K, reserved 1048576K
}

Dll operation events (3 events):
Event: 0.005 Loaded shared library C:\Program Files\Android\Android Studio\jbr\bin\java.dll
Event: 0.116 Loaded shared library C:\Program Files\Android\Android Studio\jbr\bin\zip.dll
Event: 0.377 Loaded shared library C:\Program Files\Android\Android Studio\jbr\bin\verify.dll

Deoptimization events (20 events):
Event: 6.207 Thread 0x000001e6fdbff720 DEOPT PACKING pc=0x000001e6edcea30c sp=0x0000005f1b3f6a10
Event: 6.207 Thread 0x000001e6fdbff720 DEOPT UNPACKING pc=0x000001e6ed5a69a3 sp=0x0000005f1b3f6928 mode 2
Event: 6.207 Thread 0x000001e6fdbff720 DEOPT PACKING pc=0x000001e6e6659cce sp=0x0000005f1b3f6ac0
Event: 6.207 Thread 0x000001e6fdbff720 DEOPT UNPACKING pc=0x000001e6ed5a7143 sp=0x0000005f1b3f5f88 mode 0
Event: 6.207 Thread 0x000001e6fdbff720 Uncommon trap: trap_request=0xffffffc6 fr.pc=0x000001e6edc4f560 relative=0x0000000000000d60
Event: 6.207 Thread 0x000001e6fdbff720 Uncommon trap: reason=bimorphic_or_optimized_type_check action=maybe_recompile pc=0x000001e6edc4f560 method=java.util.Properties$LineReader.readLine()I @ 479 c2
Event: 6.207 Thread 0x000001e6fdbff720 DEOPT PACKING pc=0x000001e6edc4f560 sp=0x0000005f1b3f6ae0
Event: 6.207 Thread 0x000001e6fdbff720 DEOPT UNPACKING pc=0x000001e6ed5a69a3 sp=0x0000005f1b3f6a78 mode 2
Event: 6.207 Thread 0x000001e6fdbff720 Uncommon trap: trap_request=0xffffffde fr.pc=0x000001e6edcea30c relative=0x0000000000000a0c
Event: 6.207 Thread 0x000001e6fdbff720 Uncommon trap: reason=class_check action=maybe_recompile pc=0x000001e6edcea30c method=java.io.BufferedInputStream.read1([BII)I @ 39 c2
Event: 6.207 Thread 0x000001e6fdbff720 DEOPT PACKING pc=0x000001e6edcea30c sp=0x0000005f1b3f69d0
Event: 6.207 Thread 0x000001e6fdbff720 DEOPT UNPACKING pc=0x000001e6ed5a69a3 sp=0x0000005f1b3f68e8 mode 2
Event: 6.207 Thread 0x000001e6fdbff720 Uncommon trap: trap_request=0xffffffde fr.pc=0x000001e6edcea30c relative=0x0000000000000a0c
Event: 6.207 Thread 0x000001e6fdbff720 Uncommon trap: reason=class_check action=maybe_recompile pc=0x000001e6edcea30c method=java.io.BufferedInputStream.read1([BII)I @ 39 c2
Event: 6.207 Thread 0x000001e6fdbff720 DEOPT PACKING pc=0x000001e6edcea30c sp=0x0000005f1b3f6a10
Event: 6.207 Thread 0x000001e6fdbff720 DEOPT UNPACKING pc=0x000001e6ed5a69a3 sp=0x0000005f1b3f6928 mode 2
Event: 6.250 Thread 0x000001e6fdbff720 Uncommon trap: trap_request=0xffffffde fr.pc=0x000001e6eddebef0 relative=0x0000000000006750
Event: 6.250 Thread 0x000001e6fdbff720 Uncommon trap: reason=class_check action=maybe_recompile pc=0x000001e6eddebef0 method=java.util.jar.JarFile.getManifestFromReference()Ljava/util/jar/Manifest; @ 152 c2
Event: 6.250 Thread 0x000001e6fdbff720 DEOPT PACKING pc=0x000001e6eddebef0 sp=0x0000005f1b3f6390
Event: 6.250 Thread 0x000001e6fdbff720 DEOPT UNPACKING pc=0x000001e6ed5a69a3 sp=0x0000005f1b3f6050 mode 2

Classes unloaded (0 events):
No events

Classes redefined (0 events):
No events

Internal exceptions (20 events):
Event: 5.196 Thread 0x000001e6fdbff720 Exception <a 'java/lang/NoSuchMethodError'{0x000000008484b128}: 'void java.lang.invoke.DirectMethodHandle$Holder.invokeSpecial(java.lang.Object, java.lang.Object, java.lang.Object, int)'> (0x000000008484b128) 
thrown [s\src\hotspot\share\interpreter\linkResolver.cpp, line 771]
Event: 5.402 Thread 0x000001e6fdbff720 Exception <a 'java/lang/NoSuchMethodError'{0x0000000084474c80}: 'int java.lang.invoke.DirectMethodHandle$Holder.invokeSpecialIFC(java.lang.Object, java.lang.Object, java.lang.Object)'> (0x0000000084474c80) 
thrown [s\src\hotspot\share\interpreter\linkResolver.cpp, line 771]
Event: 5.451 Thread 0x000001e6fdbff720 Exception <a 'java/lang/NoSuchMethodError'{0x00000000840187b0}: 'java.lang.Object java.lang.invoke.DirectMethodHandle$Holder.newInvokeSpecial(java.lang.Object, java.lang.Object, java.lang.Object, java.lang.Object, java.lang.Object, int)'> (0x00000000840187b0) 
thrown [s\src\hotspot\share\interpreter\linkResolver.cpp, line 771]
Event: 5.452 Thread 0x000001e6fdbff720 Exception <a 'java/lang/NoSuchMethodError'{0x000000008401dc08}: 'java.lang.Object java.lang.invoke.DirectMethodHandle$Holder.invokeSpecial(java.lang.Object, java.lang.Object, java.lang.Object, java.lang.Object, java.lang.Object, java.lang.Object, int)'> (0x000000008401dc08) 
thrown [s\src\hotspot\share\interpreter\linkResolver.cpp, line 771]
Event: 5.455 Thread 0x000001e6fdbff720 Exception <a 'java/lang/NoSuchMethodError'{0x00000000840534f8}: 'java.lang.Object java.lang.invoke.DirectMethodHandle$Holder.invokeSpecial(java.lang.Object, java.lang.Object, java.lang.Object, java.lang.Object, java.lang.Object, long)'> (0x00000000840534f8) 
thrown [s\src\hotspot\share\interpreter\linkResolver.cpp, line 771]
Event: 5.456 Thread 0x000001e6fdbff720 Exception <a 'java/lang/NoSuchMethodError'{0x00000000840755f0}: 'void java.lang.invoke.DirectMethodHandle$Holder.invokeStatic(java.lang.Object, java.lang.Object, java.lang.Object, int, java.lang.Object)'> (0x00000000840755f0) 
thrown [s\src\hotspot\share\interpreter\linkResolver.cpp, line 771]
Event: 5.901 Thread 0x000001e6fdbff720 Exception <a 'java/lang/NoSuchMethodError'{0x00000000844cf790}: 'long java.lang.invoke.DirectMethodHandle$Holder.invokeVirtual(java.lang.Object, java.lang.Object)'> (0x00000000844cf790) 
thrown [s\src\hotspot\share\interpreter\linkResolver.cpp, line 771]
Event: 5.904 Thread 0x000001e6fdbfe2e0 Exception <a 'java/lang/NoSuchMethodError'{0x0000000084309000}: static Lorg/gradle/internal/build/event/types/DefaultOperationFinishedProgressEvent;.<clinit>()V> (0x0000000084309000) 
thrown [s\src\hotspot\share\prims\jni.cpp, line 1108]
Event: 5.905 Thread 0x000001e6fdbfe2e0 Exception <a 'java/lang/NoSuchMethodError'{0x0000000084333258}: static Lorg/gradle/internal/build/event/types/DefaultProjectConfigurationSuccessResult;.<clinit>()V> (0x0000000084333258) 
thrown [s\src\hotspot\share\prims\jni.cpp, line 1108]
Event: 5.906 Thread 0x000001e6fdbfe2e0 Exception <a 'java/lang/NoSuchMethodError'{0x00000000843379c8}: static Lorg/gradle/internal/build/event/types/AbstractProjectConfigurationResult;.<clinit>()V> (0x00000000843379c8) 
thrown [s\src\hotspot\share\prims\jni.cpp, line 1108]
Event: 5.906 Thread 0x000001e6fdbfe2e0 Exception <a 'java/lang/NoSuchMethodError'{0x0000000084338e60}: static Lorg/gradle/internal/build/event/types/AbstractOperationResult;.<clinit>()V> (0x0000000084338e60) 
thrown [s\src\hotspot\share\prims\jni.cpp, line 1108]
Event: 5.906 Thread 0x000001e6fdbfe2e0 Exception <a 'java/lang/NoSuchMethodError'{0x000000008433a338}: static Lorg/gradle/internal/build/event/types/AbstractResult;.<clinit>()V> (0x000000008433a338) 
thrown [s\src\hotspot\share\prims\jni.cpp, line 1108]
Event: 5.907 Thread 0x000001e6fdbfe2e0 Exception <a 'java/lang/NoSuchMethodError'{0x0000000084352718}: static Lorg/gradle/internal/build/event/types/DefaultPluginApplicationResult;.<clinit>()V> (0x0000000084352718) 
thrown [s\src\hotspot\share\prims\jni.cpp, line 1108]
Event: 5.907 Thread 0x000001e6fdbfe2e0 Exception <a 'java/lang/NoSuchMethodError'{0x00000000843debf0}: static Lorg/gradle/internal/build/event/types/DefaultBinaryPluginIdentifier;.<clinit>()V> (0x00000000843debf0) 
thrown [s\src\hotspot\share\prims\jni.cpp, line 1108]
Event: 5.918 Thread 0x000001e6fdbfe2e0 Exception <a 'java/lang/NoSuchMethodError'{0x000000008428bf28}: static Lorg/gradle/internal/build/event/types/DefaultScriptPluginIdentifier;.<clinit>()V> (0x000000008428bf28) 
thrown [s\src\hotspot\share\prims\jni.cpp, line 1108]
Event: 5.962 Thread 0x000001e6fdbff720 Implicit null exception at 0x000001e6ede37992 to 0x000001e6ede380b0
Event: 5.962 Thread 0x000001e6fdbff720 Implicit null exception at 0x000001e6ede38994 to 0x000001e6ede39040
Event: 6.133 Thread 0x000001e6fdbff720 Exception <a 'java/lang/ClassNotFoundException'{0x0000000084ed1808}: sun/misc/SharedSecrets> (0x0000000084ed1808) 
thrown [s\src\hotspot\share\classfile\systemDictionary.cpp, line 256]
Event: 6.133 Thread 0x000001e6fdbff720 Exception <a 'java/lang/ClassNotFoundException'{0x0000000084ed2de0}: org/gradle/api/internal/plugins/DefaultObjectConfigurationActionBeanInfo> (0x0000000084ed2de0) 
thrown [s\src\hotspot\share\classfile\systemDictionary.cpp, line 256]
Event: 6.134 Thread 0x000001e6fdbff720 Exception <a 'java/lang/ClassNotFoundException'{0x0000000084ee95c8}: org/gradle/api/internal/plugins/DefaultObjectConfigurationActionCustomizer> (0x0000000084ee95c8) 
thrown [s\src\hotspot\share\classfile\systemDictionary.cpp, line 256]

VM Operations (20 events):
Event: 5.775 Executing VM operation: HandshakeAllThreads done
Event: 5.782 Executing VM operation: ICBufferFull
Event: 5.783 Executing VM operation: ICBufferFull done
Event: 5.794 Executing VM operation: HandshakeAllThreads
Event: 5.794 Executing VM operation: HandshakeAllThreads done
Event: 5.803 Executing VM operation: HandshakeAllThreads
Event: 5.804 Executing VM operation: HandshakeAllThreads done
Event: 5.898 Executing VM operation: ICBufferFull
Event: 5.898 Executing VM operation: ICBufferFull done
Event: 6.016 Executing VM operation: G1TryInitiateConcMark
Event: 6.028 Executing VM operation: G1TryInitiateConcMark done
Event: 6.074 Executing VM operation: G1PauseRemark
Event: 6.077 Executing VM operation: G1PauseRemark done
Event: 6.096 Executing VM operation: G1PauseCleanup
Event: 6.096 Executing VM operation: G1PauseCleanup done
Event: 6.233 Executing VM operation: G1CollectForAllocation
Event: 6.238 Executing VM operation: G1CollectForAllocation done
Event: 6.242 Executing VM operation: G1CollectForAllocation
Event: 6.247 Executing VM operation: G1CollectForAllocation done
Event: 6.329 Executing VM operation: G1CollectForAllocation

Events (20 events):
Event: 5.809 Thread 0x000001e6fc3d09a0 flushing nmethod 0x000001e6e6a32590
Event: 5.809 Thread 0x000001e6fc3d09a0 flushing nmethod 0x000001e6e6a3be90
Event: 5.809 Thread 0x000001e6fc3d09a0 flushing nmethod 0x000001e6e6a48f10
Event: 5.809 Thread 0x000001e6fc3d09a0 flushing nmethod 0x000001e6e6a49790
Event: 5.809 Thread 0x000001e6fc3d09a0 flushing nmethod 0x000001e6e6a50190
Event: 5.809 Thread 0x000001e6fc3d09a0 flushing nmethod 0x000001e6e6a51790
Event: 5.809 Thread 0x000001e6fc3d09a0 flushing nmethod 0x000001e6e6a56910
Event: 5.809 Thread 0x000001e6fc3d09a0 flushing nmethod 0x000001e6e6a58a90
Event: 5.809 Thread 0x000001e6fc3d09a0 flushing nmethod 0x000001e6e6a5d210
Event: 5.809 Thread 0x000001e6fc3d09a0 flushing nmethod 0x000001e6e6a78890
Event: 5.809 Thread 0x000001e6fc3d09a0 flushing nmethod 0x000001e6e6a9be10
Event: 5.809 Thread 0x000001e6fc3d09a0 flushing nmethod 0x000001e6e6a9eb90
Event: 5.903 loading class java/util/stream/SortedOps$RefSortingSink
Event: 5.903 loading class java/util/stream/SortedOps$RefSortingSink done
Event: 5.911 loading class java/time/Ser
Event: 5.911 loading class java/time/Ser done
Event: 6.133 loading class sun/misc/SharedSecrets
Event: 6.133 loading class sun/misc/SharedSecrets done
Event: 6.308 loading class java/util/regex/Pattern$1
Event: 6.308 loading class java/util/regex/Pattern$1 done


Dynamic libraries:
0x00007ff68ae20000 - 0x00007ff68ae2a000 	C:\Program Files\Android\Android Studio\jbr\bin\java.exe
0x00007ffb25c10000 - 0x00007ffb25e08000 	C:\WINDOWS\SYSTEM32\ntdll.dll
0x00007ffb24bd0000 - 0x00007ffb24c8d000 	C:\WINDOWS\System32\KERNEL32.DLL
0x00007ffb23330000 - 0x00007ffb23626000 	C:\WINDOWS\System32\KERNELBASE.dll
0x00007ffb23830000 - 0x00007ffb23930000 	C:\WINDOWS\System32\ucrtbase.dll
0x00007ffb09660000 - 0x00007ffb09677000 	C:\Program Files\Android\Android Studio\jbr\bin\jli.dll
0x00007ffb1e180000 - 0x00007ffb1e19b000 	C:\Program Files\Android\Android Studio\jbr\bin\VCRUNTIME140.dll
0x00007ffb25520000 - 0x00007ffb256bf000 	C:\WINDOWS\System32\USER32.dll
0x00007ffb18c10000 - 0x00007ffb18eaa000 	C:\WINDOWS\WinSxS\amd64_microsoft.windows.common-controls_6595b64144ccf1df_6.0.19041.3636_none_60b6a03d71f818d5\COMCTL32.dll
0x00007ffb23630000 - 0x00007ffb23652000 	C:\WINDOWS\System32\win32u.dll
0x00007ffb24f60000 - 0x00007ffb24ffe000 	C:\WINDOWS\System32\msvcrt.dll
0x00007ffb23f60000 - 0x00007ffb23f8b000 	C:\WINDOWS\System32\GDI32.dll
0x00007ffb23a90000 - 0x00007ffb23ba7000 	C:\WINDOWS\System32\gdi32full.dll
0x00007ffb23790000 - 0x00007ffb2382d000 	C:\WINDOWS\System32\msvcp_win.dll
0x00007ffb24db0000 - 0x00007ffb24de2000 	C:\WINDOWS\System32\IMM32.DLL
0x00007ffb0a7f0000 - 0x00007ffb0a7fc000 	C:\Program Files\Android\Android Studio\jbr\bin\vcruntime140_1.dll
0x00007ffb099a0000 - 0x00007ffb09a2d000 	C:\Program Files\Android\Android Studio\jbr\bin\msvcp140.dll
0x00007ffad48e0000 - 0x00007ffad5563000 	C:\Program Files\Android\Android Studio\jbr\bin\server\jvm.dll
0x00007ffb23c40000 - 0x00007ffb23cf0000 	C:\WINDOWS\System32\ADVAPI32.dll
0x00007ffb23f90000 - 0x00007ffb24030000 	C:\WINDOWS\System32\sechost.dll
0x00007ffb23dd0000 - 0x00007ffb23ef3000 	C:\WINDOWS\System32\RPCRT4.dll
0x00007ffb236b0000 - 0x00007ffb236d7000 	C:\WINDOWS\System32\bcrypt.dll
0x00007ffb22850000 - 0x00007ffb2289b000 	C:\WINDOWS\SYSTEM32\POWRPROF.dll
0x00007ffb015f0000 - 0x00007ffb015f9000 	C:\WINDOWS\SYSTEM32\WSOCK32.dll
0x00007ffb24e90000 - 0x00007ffb24efb000 	C:\WINDOWS\System32\WS2_32.dll
0x00007ffb1a550000 - 0x00007ffb1a577000 	C:\WINDOWS\SYSTEM32\WINMM.dll
0x00007ffb1e560000 - 0x00007ffb1e56a000 	C:\WINDOWS\SYSTEM32\VERSION.dll
0x00007ffb226c0000 - 0x00007ffb226d2000 	C:\WINDOWS\SYSTEM32\UMPDC.dll
0x00007ffb21150000 - 0x00007ffb21162000 	C:\WINDOWS\SYSTEM32\kernel.appcore.dll
0x00007ffb1e1b0000 - 0x00007ffb1e1ba000 	C:\Program Files\Android\Android Studio\jbr\bin\jimage.dll
0x00007ffb1a270000 - 0x00007ffb1a454000 	C:\WINDOWS\SYSTEM32\DBGHELP.DLL
0x00007ffb13f40000 - 0x00007ffb13f74000 	C:\WINDOWS\SYSTEM32\dbgcore.DLL
0x00007ffb23bb0000 - 0x00007ffb23c32000 	C:\WINDOWS\System32\bcryptPrimitives.dll
0x00007ffb1e1a0000 - 0x00007ffb1e1ae000 	C:\Program Files\Android\Android Studio\jbr\bin\instrument.dll
0x00007ffb11aa0000 - 0x00007ffb11ac5000 	C:\Program Files\Android\Android Studio\jbr\bin\java.dll
0x00007ffb0a7a0000 - 0x00007ffb0a7b8000 	C:\Program Files\Android\Android Studio\jbr\bin\zip.dll
0x00007ffb24030000 - 0x00007ffb2479b000 	C:\WINDOWS\System32\SHELL32.dll
0x00007ffb21350000 - 0x00007ffb21aee000 	C:\WINDOWS\SYSTEM32\windows.storage.dll
0x00007ffb24860000 - 0x00007ffb24bb3000 	C:\WINDOWS\System32\combase.dll
0x00007ffb22cf0000 - 0x00007ffb22d1e000 	C:\WINDOWS\SYSTEM32\Wldp.dll
0x00007ffb251b0000 - 0x00007ffb2527d000 	C:\WINDOWS\System32\OLEAUT32.dll
0x00007ffb25470000 - 0x00007ffb2551d000 	C:\WINDOWS\System32\SHCORE.dll
0x00007ffb23f00000 - 0x00007ffb23f55000 	C:\WINDOWS\System32\shlwapi.dll
0x00007ffb231f0000 - 0x00007ffb23213000 	C:\WINDOWS\SYSTEM32\profapi.dll
0x00007ffb09a50000 - 0x00007ffb09a69000 	C:\Program Files\Android\Android Studio\jbr\bin\net.dll
0x00007ffb1c860000 - 0x00007ffb1c96a000 	C:\WINDOWS\SYSTEM32\WINHTTP.dll
0x00007ffb22a50000 - 0x00007ffb22aba000 	C:\WINDOWS\system32\mswsock.dll
0x00007ffb097a0000 - 0x00007ffb097b6000 	C:\Program Files\Android\Android Studio\jbr\bin\nio.dll
0x00007ffb09cc0000 - 0x00007ffb09cd0000 	C:\Program Files\Android\Android Studio\jbr\bin\verify.dll
0x00007ffb1c7d0000 - 0x00007ffb1c7f7000 	C:\Users\Jose Martins\.gradle\native\c067742578af261105cb4f569cf0c3c89f3d7b1fecec35dd04571415982c5e48\windows-amd64\native-platform.dll
0x00007ffb00000000 - 0x00007ffb00144000 	C:\Users\Jose Martins\.gradle\native\38dada09dfb8b06ba9b0570ebf7e218e3eb74d4ef43ca46872605cf95ebc2f47\windows-amd64\native-platform-file-events.dll
0x00007ffb0a970000 - 0x00007ffb0a979000 	C:\Program Files\Android\Android Studio\jbr\bin\management.dll
0x00007ffb09d50000 - 0x00007ffb09d5b000 	C:\Program Files\Android\Android Studio\jbr\bin\management_ext.dll
0x00007ffb24bc0000 - 0x00007ffb24bc8000 	C:\WINDOWS\System32\PSAPI.DLL
0x00007ffb22c40000 - 0x00007ffb22c58000 	C:\WINDOWS\SYSTEM32\CRYPTSP.dll
0x00007ffb22300000 - 0x00007ffb22334000 	C:\WINDOWS\system32\rsaenh.dll
0x00007ffb231b0000 - 0x00007ffb231de000 	C:\WINDOWS\SYSTEM32\USERENV.dll
0x00007ffb22c60000 - 0x00007ffb22c6c000 	C:\WINDOWS\SYSTEM32\CRYPTBASE.dll
0x00007ffb226e0000 - 0x00007ffb2271b000 	C:\WINDOWS\SYSTEM32\IPHLPAPI.DLL
0x00007ffb24850000 - 0x00007ffb24858000 	C:\WINDOWS\System32\NSI.dll
0x00007ffb1cd60000 - 0x00007ffb1cd77000 	C:\WINDOWS\SYSTEM32\dhcpcsvc6.DLL
0x00007ffb1da30000 - 0x00007ffb1da4d000 	C:\WINDOWS\SYSTEM32\dhcpcsvc.DLL
0x00007ffb22720000 - 0x00007ffb227eb000 	C:\WINDOWS\SYSTEM32\DNSAPI.dll
0x00007ffb1ece0000 - 0x00007ffb1ece7000 	C:\WINDOWS\system32\wshunix.dll

dbghelp: loaded successfully - version: 4.0.5 - missing functions: none
symbol engine: initialized successfully - sym options: 0x614 - pdb path: .;C:\Program Files\Android\Android Studio\jbr\bin;C:\WINDOWS\SYSTEM32;C:\WINDOWS\WinSxS\amd64_microsoft.windows.common-controls_6595b64144ccf1df_6.0.19041.3636_none_60b6a03d71f818d5;C:\Program Files\Android\Android Studio\jbr\bin\server;C:\Users\Jose Martins\.gradle\native\c067742578af261105cb4f569cf0c3c89f3d7b1fecec35dd04571415982c5e48\windows-amd64;C:\Users\Jose Martins\.gradle\native\38dada09dfb8b06ba9b0570ebf7e218e3eb74d4ef43ca46872605cf95ebc2f47\windows-amd64

VM Arguments:
jvm_args: --add-opens=java.base/java.util=ALL-UNNAMED --add-opens=java.base/java.lang=ALL-UNNAMED --add-opens=java.base/java.lang.invoke=ALL-UNNAMED --add-opens=java.prefs/java.util.prefs=ALL-UNNAMED --add-opens=java.base/java.nio.charset=ALL-UNNAMED --add-opens=java.base/java.net=ALL-UNNAMED --add-opens=java.base/java.util.concurrent.atomic=ALL-UNNAMED -Xmx2048m -Dfile.encoding=UTF-8 -Duser.country=PT -Duser.language=pt -Duser.variant -javaagent:C:\Users\Jose Martins\.gradle\wrapper\dists\gradle-8.4-bin\1w5dpkrfk8irigvoxmyhowfim\gradle-8.4\lib\agents\gradle-instrumentation-agent-8.4.jar 
java_command: org.gradle.launcher.daemon.bootstrap.GradleDaemon 8.4
java_class_path (initial): C:\Users\Jose Martins\.gradle\wrapper\dists\gradle-8.4-bin\1w5dpkrfk8irigvoxmyhowfim\gradle-8.4\lib\gradle-launcher-8.4.jar
Launcher Type: SUN_STANDARD

[Global flags]
     intx CICompilerCount                          = 3                                         {product} {ergonomic}
     uint ConcGCThreads                            = 1                                         {product} {ergonomic}
     uint G1ConcRefinementThreads                  = 4                                         {product} {ergonomic}
   size_t G1HeapRegionSize                         = 1048576                                   {product} {ergonomic}
    uintx GCDrainStackTargetSize                   = 64                                        {product} {ergonomic}
   size_t InitialHeapSize                          = 134217728                                 {product} {ergonomic}
   size_t MarkStackSize                            = 4194304                                   {product} {ergonomic}
   size_t MaxHeapSize                              = 2147483648                                {product} {command line}
   size_t MaxNewSize                               = 1287651328                                {product} {ergonomic}
   size_t MinHeapDeltaBytes                        = 1048576                                   {product} {ergonomic}
   size_t MinHeapSize                              = 8388608                                   {product} {ergonomic}
    uintx NonNMethodCodeHeapSize                   = 5832780                                {pd product} {ergonomic}
    uintx NonProfiledCodeHeapSize                  = 122912730                              {pd product} {ergonomic}
    uintx ProfiledCodeHeapSize                     = 122912730                              {pd product} {ergonomic}
    uintx ReservedCodeCacheSize                    = 251658240                              {pd product} {ergonomic}
     bool SegmentedCodeCache                       = true                                      {product} {ergonomic}
   size_t SoftMaxHeapSize                          = 2147483648                             {manageable} {ergonomic}
     bool UseCompressedClassPointers               = true                           {product lp64_product} {ergonomic}
     bool UseCompressedOops                        = true                           {product lp64_product} {ergonomic}
     bool UseG1GC                                  = true                                      {product} {ergonomic}
     bool UseLargePagesIndividualAllocation        = false                                  {pd product} {ergonomic}

Logging:
Log output configuration:
 #0: stdout all=warning uptime,level,tags
 #1: stderr all=off uptime,level,tags

Environment Variables:
PATH=C:\Python312\Scripts\;C:\Python312\;C:\ProgramData\Oracle\Java\javapath;C:\WINDOWS\system32;C:\WINDOWS;C:\WINDOWS\System32\Wbem;C:\WINDOWS\System32\WindowsPowerShell\v1.0\;C:\WINDOWS\System32\OpenSSH\;C:\Program Files\NVIDIA Corporation\NVIDIA NvDLISR;C:\WINDOWS\system32;C:\WINDOWS;C:\WINDOWS\System32\Wbem;C:\WINDOWS\System32\WindowsPowerShell\v1.0\;C:\WINDOWS\System32\OpenSSH\;C:\Program Files (x86)\NVIDIA Corporation\PhysX\Common;C:\Program Files\nodejs\;C:\ProgramData\chocolatey\bin;C:\Program Files\Git\cmd;C:\Users\Jose Martins\AppData\Local\Microsoft\WindowsApps;C:\Users\Jose Martins\AppData\Roaming\npm
USERNAME=Jose Martins
OS=Windows_NT
PROCESSOR_IDENTIFIER=Intel64 Family 6 Model 158 Stepping 9, GenuineIntel
TMP=C:\Users\JOSEMA~1\AppData\Local\Temp
TEMP=C:\Users\JOSEMA~1\AppData\Local\Temp



Periodic native trim disabled

JNI global refs:
JNI global refs: 25, weak refs: 0

JNI global refs memory usage: 843, weak refs: 841

OOME stack traces (most recent first):
Classloader memory used:
Loader org.gradle.internal.classloader.VisitableURLClassLoader                         : 3654K
Loader bootstrap                                                                       : 2471K
Loader org.gradle.initialization.MixInLegacyTypesClassLoader                           : 1044K
Loader org.gradle.internal.classloader.VisitableURLClassLoader$InstrumentingVisitableURLClassLoader: 222K
Loader jdk.internal.loader.ClassLoaders$PlatformClassLoader                            : 68190B
Loader jdk.internal.loader.ClassLoaders$AppClassLoader                                 : 28453B
Loader jdk.internal.reflect.DelegatingClassLoader                                      : 21752B
Loader org.gradle.internal.classloader.VisitableURLClassLoader                         : 13751B
Loader org.gradle.groovy.scripts.internal.DefaultScriptCompilationHandler$ScriptClassLoader: 9170B
Loader org.codehaus.groovy.runtime.callsite.CallSiteClassLoader                        : 1270B

Classes loaded by more than one classloader:
Class Program                                                                         : loaded 4 times (x 72B)
Class com.google.common.collect.SingletonImmutableList                                : loaded 2 times (x 167B)
Class org.gradle.internal.classpath.ClassPath                                         : loaded 2 times (x 68B)
Class org.gradle.api.internal.classpath.DefaultModuleRegistry                         : loaded 2 times (x 84B)
Class Settings_gradle$1$1                                                             : loaded 2 times (x 72B)
Class com.google.common.collect.ListMultimap                                          : loaded 2 times (x 68B)
Class com.google.common.base.CharMatcher$JavaDigit                                    : loaded 2 times (x 109B)
Class com.google.common.base.CharMatcher$Digit                                        : loaded 2 times (x 110B)
Class com.google.common.collect.AbstractMultimap                                      : loaded 2 times (x 121B)
Class org.gradle.api.Action                                                           : loaded 2 times (x 68B)
Class com.google.common.collect.Lists$StringAsImmutableList                           : loaded 2 times (x 167B)
Class com.google.common.base.CharMatcher                                              : loaded 2 times (x 109B)
Class com.google.common.base.CharMatcher$IsNot                                        : loaded 2 times (x 109B)
Class com.google.common.base.Splitter                                                 : loaded 2 times (x 70B)
Class org.gradle.api.internal.DefaultClassPathProvider                                : loaded 2 times (x 74B)
Class org.gradle.internal.installation.GradleInstallation$1                           : loaded 2 times (x 73B)
Class com.google.common.base.CharMatcher$BitSetMatcher                                : loaded 2 times (x 110B)
Class com.google.common.collect.ImmutableMap$IteratorBasedImmutableMap                : loaded 2 times (x 123B)
Class com.google.common.collect.ImmutableMap                                          : loaded 2 times (x 118B)
Class com.google.common.base.Converter                                                : loaded 2 times (x 88B)
Class com.google.common.base.Predicate                                                : loaded 2 times (x 68B)
Class org.gradle.internal.classloader.FilteringClassLoader                            : loaded 2 times (x 103B)
Class org.gradle.internal.classpath.DefaultClassPath$ImmutableUniqueList$Builder      : loaded 2 times (x 73B)
Class com.google.common.collect.Maps$8                                                : loaded 2 times (x 80B)
Class com.google.common.base.PatternCompiler                                          : loaded 2 times (x 68B)
Class com.google.common.base.CharMatcher$InRange                                      : loaded 2 times (x 109B)
Class com.google.common.collect.BiMap                                                 : loaded 2 times (x 68B)
Class com.google.common.collect.Lists                                                 : loaded 2 times (x 69B)
Class org.gradle.internal.classloader.ClassLoaderVisitor                              : loaded 2 times (x 74B)
Class org.gradle.internal.service.DefaultServiceLocator                               : loaded 2 times (x 81B)
Class org.gradle.internal.service.UnknownServiceException                             : loaded 2 times (x 81B)
Class com.google.common.collect.ArrayListMultimap                                     : loaded 2 times (x 170B)
Class com.google.common.base.Strings                                                  : loaded 2 times (x 69B)
Class org.gradle.internal.classloader.DefaultClassLoaderFactory                       : loaded 2 times (x 80B)
Class com.google.common.collect.UnmodifiableIterator                                  : loaded 2 times (x 78B)
Class com.google.common.base.Platform$JdkPatternCompiler                              : loaded 2 times (x 73B)
Class com.google.common.base.CharMatcher$SingleWidth                                  : loaded 2 times (x 110B)
Class com.google.common.base.JdkPattern                                               : loaded 2 times (x 73B)
Class com.google.common.collect.Multimap                                              : loaded 2 times (x 68B)
Class org.gradle.internal.classloader.VisitableURLClassLoader$Spec                    : loaded 2 times (x 72B)
Class org.gradle.api.GradleException                                                  : loaded 2 times (x 80B)
Class com.google.common.base.CharMatcher$JavaLetterOrDigit                            : loaded 2 times (x 109B)
Class org.gradle.api.internal.classpath.ModuleRegistry                                : loaded 2 times (x 68B)
Class com.google.common.collect.ImmutableCollection                                   : loaded 2 times (x 123B)
Class org.gradle.api.internal.ClassPathProvider                                       : loaded 2 times (x 68B)
Class org.gradle.internal.classloader.ClasspathUtil$1                                 : loaded 2 times (x 74B)
Class com.google.common.collect.ImmutableEnumMap                                      : loaded 2 times (x 123B)
Class com.google.common.collect.ImmutableList$ReverseImmutableList                    : loaded 2 times (x 168B)
Class org.gradle.internal.classloader.ClassLoaderFactory                              : loaded 2 times (x 68B)
Class com.google.common.collect.ObjectArrays                                          : loaded 2 times (x 69B)
Class com.google.common.collect.ImmutableList                                         : loaded 2 times (x 166B)
Class org.gradle.api.internal.classpath.ManifestUtil                                  : loaded 2 times (x 69B)
Class org.gradle.api.specs.Spec                                                       : loaded 2 times (x 68B)
Class com.google.common.base.CharMatcher$Whitespace                                   : loaded 2 times (x 110B)
Class com.google.common.base.Preconditions                                            : loaded 2 times (x 69B)
Class com.google.common.base.Function                                                 : loaded 2 times (x 68B)
Class org.gradle.internal.IoActions                                                   : loaded 2 times (x 69B)
Class com.google.common.collect.CollectPreconditions                                  : loaded 2 times (x 69B)
Class com.google.common.collect.Maps                                                  : loaded 2 times (x 69B)
Class com.google.common.collect.AbstractIndexedListIterator                           : loaded 2 times (x 94B)
Class com.google.common.base.CharMatcher$None                                         : loaded 2 times (x 110B)
Class org.gradle.api.internal.classpath.EffectiveClassPath                            : loaded 2 times (x 88B)
Class com.google.common.collect.UnmodifiableListIterator                              : loaded 2 times (x 93B)
Class com.google.common.collect.ImmutableList$1                                       : loaded 2 times (x 95B)
Class com.google.common.base.Splitter$Strategy                                        : loaded 2 times (x 68B)
Class org.gradle.internal.installation.CurrentGradleInstallation                      : loaded 2 times (x 71B)
Class org.gradle.internal.agents.InstrumentingClassLoader                             : loaded 2 times (x 68B)
Class org.gradle.internal.installation.CurrentGradleInstallationLocator               : loaded 2 times (x 69B)
Class org.gradle.api.internal.classpath.Module                                        : loaded 2 times (x 68B)
Class com.google.common.base.Splitter$1$1                                             : loaded 2 times (x 84B)
Class org.gradle.internal.service.CachingServiceLocator                               : loaded 2 times (x 80B)
Class org.gradle.internal.classpath.DefaultClassPath                                  : loaded 2 times (x 88B)
Class com.google.common.base.Splitter$SplittingIterator                               : loaded 2 times (x 82B)
Class Build_gradle$1                                                                  : loaded 2 times (x 76B)
Class com.google.common.base.CharMatcher$Is                                           : loaded 2 times (x 109B)
Class com.google.common.base.Platform                                                 : loaded 2 times (x 69B)
Class com.google.common.collect.RegularImmutableAsList                                : loaded 2 times (x 176B)
Class org.gradle.internal.classloader.SystemClassLoaderSpec                           : loaded 2 times (x 69B)
Class [Lcom.google.common.base.AbstractIterator$State;                                : loaded 2 times (x 67B)
Class com.google.common.base.AbstractIterator                                         : loaded 2 times (x 78B)
Class com.google.common.base.AbstractIterator$1                                       : loaded 2 times (x 69B)
Class com.google.common.base.CharMatcher$Ascii                                        : loaded 2 times (x 110B)
Class com.google.common.base.CharMatcher$1                                            : loaded 2 times (x 111B)
Class org.gradle.api.UncheckedIOException                                             : loaded 2 times (x 80B)
Class com.google.common.base.CharMatcher$And                                          : loaded 2 times (x 110B)
Class com.google.common.collect.AbstractListMultimap                                  : loaded 2 times (x 170B)
Class com.google.common.base.CharMatcher$Any                                          : loaded 2 times (x 110B)
Class org.gradle.internal.installation.GradleInstallation                             : loaded 2 times (x 73B)
Class com.google.common.collect.ArrayListMultimapGwtSerializationDependencies         : loaded 2 times (x 170B)
Class com.google.common.base.CharMatcher$RangesMatcher                                : loaded 2 times (x 110B)
Class com.google.common.collect.ImmutableList$SubList                                 : loaded 2 times (x 168B)
Class org.gradle.internal.classloader.ClasspathUtil                                   : loaded 2 times (x 69B)
Class com.google.common.base.Splitter$1                                               : loaded 2 times (x 75B)
Class com.google.common.collect.Maps$BiMapConverter                                   : loaded 2 times (x 88B)
Class org.gradle.api.internal.DefaultClassPathRegistry                                : loaded 2 times (x 74B)
Class org.gradle.api.internal.classpath.DefaultModuleRegistry$DefaultModule           : loaded 2 times (x 84B)
Class com.google.common.base.CharMatcher$JavaIsoControl                               : loaded 2 times (x 110B)
Class com.google.common.base.CharMatcher$Or                                           : loaded 2 times (x 110B)
Class org.gradle.kotlin.dsl.VersionCatalogAccessorsKt                                 : loaded 2 times (x 69B)
Class com.google.common.base.CharMatcher$JavaLowerCase                                : loaded 2 times (x 109B)
Class org.gradle.api.internal.classpath.UnknownModuleException                        : loaded 2 times (x 80B)
Class com.google.common.collect.Maps$EntryTransformer                                 : loaded 2 times (x 68B)
Class com.google.common.base.CommonPattern                                            : loaded 2 times (x 72B)
Class org.gradle.internal.service.ServiceLookupException                              : loaded 2 times (x 80B)
Class org.gradle.cache.GlobalCache                                                    : loaded 2 times (x 68B)
Class com.google.common.base.CharMatcher$NegatedFastMatcher                           : loaded 2 times (x 111B)
Class [Lorg.gradle.api.internal.ClassPathProvider;                                    : loaded 2 times (x 67B)
Class org.gradle.util.internal.GUtil                                                  : loaded 2 times (x 69B)
Class org.gradle.internal.classloader.ClassLoaderSpec                                 : loaded 2 times (x 69B)
Class com.google.common.base.NullnessCasts                                            : loaded 2 times (x 69B)
Class com.google.common.base.CharMatcher$Negated                                      : loaded 2 times (x 111B)
Class com.google.common.base.CharMatcher$ForPredicate                                 : loaded 2 times (x 110B)
Class com.google.common.collect.SortedMapDifference                                   : loaded 2 times (x 68B)
Class org.gradle.internal.classloader.VisitableURLClassLoader                         : loaded 2 times (x 115B)
Class org.gradle.internal.Cast                                                        : loaded 2 times (x 69B)
Class Build_gradle                                                                    : loaded 2 times (x 70B)
Class org.gradle.api.internal.ClassPathRegistry                                       : loaded 2 times (x 68B)
Class org.gradle.internal.classloader.VisitableURLClassLoader$InstrumentingVisitableURLClassLoader: loaded 2 times (x 121B)
Class org.gradle.internal.classloader.ClassLoaderHierarchy                            : loaded 2 times (x 68B)
Class com.google.common.base.AbstractIterator$State                                   : loaded 2 times (x 77B)
Class com.google.common.base.CharMatcher$NamedFastMatcher                             : loaded 2 times (x 110B)
Class org.gradle.internal.InternalTransformer                                         : loaded 2 times (x 68B)
Class org.gradle.internal.service.ServiceLocator                                      : loaded 2 times (x 68B)
Class Settings_gradle$1                                                               : loaded 2 times (x 72B)
Class com.google.common.base.CharMatcher$Invisible                                    : loaded 2 times (x 110B)
Class com.google.common.base.CharMatcher$FastMatcher                                  : loaded 2 times (x 109B)
Class org.gradle.internal.classpath.DefaultClassPath$ImmutableUniqueList              : loaded 2 times (x 159B)
Class com.google.common.base.CharMatcher$JavaLetter                                   : loaded 2 times (x 109B)
Class org.gradle.internal.classpath.TransformedClassPath                              : loaded 2 times (x 94B)
Class com.google.common.collect.MapDifference                                         : loaded 2 times (x 68B)
Class Settings_gradle                                                                 : loaded 2 times (x 126B)
Class com.google.common.collect.Platform                                              : loaded 2 times (x 69B)
Class com.google.common.collect.ImmutableAsList                                       : loaded 2 times (x 169B)
Class com.google.common.base.CharMatcher$AnyOf                                        : loaded 2 times (x 110B)
Class com.google.common.base.CharMatcher$IsEither                                     : loaded 2 times (x 109B)
Class com.google.common.collect.RegularImmutableList                                  : loaded 2 times (x 172B)
Class com.google.common.base.CharMatcher$JavaUpperCase                                : loaded 2 times (x 109B)
Class com.google.common.collect.Multiset                                              : loaded 2 times (x 68B)
Class com.google.common.collect.AbstractMapBasedMultimap                              : loaded 2 times (x 137B)


---------------  S Y S T E M  ---------------

OS:
 Windows 10 , 64 bit Build 19041 (10.0.19041.3636)
OS uptime: 0 days 0:43 hours

CPU: total 4 (initial active 4) (4 cores per cpu, 1 threads per core) family 6 model 158 stepping 9 microcode 0xb4, cx8, cmov, fxsr, mmx, 3dnowpref, sse, sse2, sse3, ssse3, sse4.1, sse4.2, popcnt, lzcnt, tsc, tscinvbit, avx, avx2, aes, erms, clmul, bmi1, bmi2, rtm, adx, fma, vzeroupper, clflush, clflushopt
Processor Information for all 4 processors :
  Max Mhz: 3501, Current Mhz: 3501, Mhz Limit: 3501

Memory: 4k page, system-wide physical 8123M (610M free)
TotalPageFile size 10171M (AvailPageFile size 21M)
current process WorkingSet (physical memory assigned to process): 269M, peak: 269M
current process commit charge ("private bytes"): 337M, peak: 432M

vm_info: OpenJDK 64-Bit Server VM (17.0.9+0--11185874) for windows-amd64 JRE (17.0.9+0--11185874), built on Dec  6 2023 18:57:44 by "androidbuild" with MS VC++ 16.10 / 16.11 (VS2019)

END.
