#
# There is insufficient memory for the Java Runtime Environment to continue.
# Native memory allocation (mmap) failed to map 51380224 bytes for G1 virtual space
# Possible reasons:
#   The system is out of physical RAM or swap space
#   The process is running with CompressedOops enabled, and the Java Heap may be blocking the growth of the native heap
# Possible solutions:
#   Reduce memory load on the system
#   Increase physical memory or swap space
#   Check if swap backing store is full
#   Decrease Java heap size (-Xmx/-Xms)
#   Decrease number of Java threads
#   Decrease Java thread stack sizes (-Xss)
#   Set larger code cache with -XX:ReservedCodeCacheSize=
#   JVM is running with Unscaled Compressed Oops mode in which the Java heap is
#     placed in the first 4GB address space. The Java Heap base address is the
#     maximum limit for the native heap growth. Please use -XX:HeapBaseMinAddress
#     to set the Java Heap base and to place the Java Heap above 4GB virtual address.
# This output file may be truncated or incomplete.
#
#  Out of Memory Error (os_windows.cpp:3825), pid=19840, tid=4032
#
# JRE version: OpenJDK Runtime Environment (17.0.9) (build 17.0.9+0--11185874)
# Java VM: OpenJDK 64-Bit Server VM (17.0.9+0--11185874, mixed mode, tiered, compressed oops, compressed class ptrs, g1 gc, windows-amd64)
# No core dump will be written. Minidumps are not enabled by default on client versions of Windows
#

---------------  S U M M A R Y ------------

Command Line: --add-opens=java.base/java.util=ALL-UNNAMED --add-opens=java.base/java.lang=ALL-UNNAMED --add-opens=java.base/java.lang.invoke=ALL-UNNAMED --add-opens=java.prefs/java.util.prefs=ALL-UNNAMED --add-opens=java.base/java.nio.charset=ALL-UNNAMED --add-opens=java.base/java.net=ALL-UNNAMED --add-opens=java.base/java.util.concurrent.atomic=ALL-UNNAMED -Xmx2048m -Dfile.encoding=UTF-8 -Duser.country=PT -Duser.language=pt -Duser.variant -javaagent:C:\Users\Jose Martins\.gradle\wrapper\dists\gradle-8.4-bin\1w5dpkrfk8irigvoxmyhowfim\gradle-8.4\lib\agents\gradle-instrumentation-agent-8.4.jar org.gradle.launcher.daemon.bootstrap.GradleDaemon 8.4

Host: Intel(R) Core(TM) i5-7600 CPU @ 3.50GHz, 4 cores, 7G,  Windows 10 , 64 bit Build 19041 (10.0.19041.3636)
Time: Wed May  1 18:36:55 2024 Hora de Verão de GMT elapsed time: 7.172414 seconds (0d 0h 0m 7s)

---------------  T H R E A D  ---------------

Current thread (0x000001a67fbaad20):  VMThread "VM Thread" [stack: 0x0000002a2cf00000,0x0000002a2d000000] [id=4032]

Stack: [0x0000002a2cf00000,0x0000002a2d000000]
Native frames: (J=compiled Java code, j=interpreted, Vv=VM code, C=native code)
V  [jvm.dll+0x6886e9]
V  [jvm.dll+0x841e4a]
V  [jvm.dll+0x843a8e]
V  [jvm.dll+0x8440f3]
V  [jvm.dll+0x24c14f]
V  [jvm.dll+0x685499]
V  [jvm.dll+0x679c2a]
V  [jvm.dll+0x30cf9b]
V  [jvm.dll+0x314446]
V  [jvm.dll+0x36425e]
V  [jvm.dll+0x36448f]
V  [jvm.dll+0x2e2d68]
V  [jvm.dll+0x2e0f44]
V  [jvm.dll+0x2e054c]
V  [jvm.dll+0x3253fb]
V  [jvm.dll+0x8487eb]
V  [jvm.dll+0x849531]
V  [jvm.dll+0x849a4d]
V  [jvm.dll+0x849e24]
V  [jvm.dll+0x849ef0]
V  [jvm.dll+0x7f06aa]
V  [jvm.dll+0x687565]
C  [ucrtbase.dll+0x21bb2]
C  [KERNEL32.DLL+0x17344]
C  [ntdll.dll+0x526b1]

VM_Operation (0x0000002a2e6efb80): G1CollectForAllocation, mode: safepoint, requested by thread 0x000001a60568e7a0


---------------  P R O C E S S  ---------------

Threads class SMR info:
_java_thread_list=0x000001a608e7f310, length=45, elements={
0x000001a6665e0740, 0x000001a67fbae0f0, 0x000001a67fbaf620, 0x000001a67fbee730,
0x000001a60401c800, 0x000001a60401d870, 0x000001a60401e140, 0x000001a60401f150,
0x000001a604022210, 0x000001a604028f70, 0x000001a67fb47fb0, 0x000001a6042b0e80,
0x000001a6042dfc30, 0x000001a606219010, 0x000001a605b19180, 0x000001a605c692e0,
0x000001a607154630, 0x000001a607154b10, 0x000001a60568fbe0, 0x000001a60568e7a0,
0x000001a60568d870, 0x000001a60568e290, 0x000001a60568dd80, 0x000001a60568ecb0,
0x000001a60568d360, 0x000001a60568c940, 0x000001a60568f1c0, 0x000001a60568f6d0,
0x000001a60568c430, 0x000001a606698820, 0x000001a60669bac0, 0x000001a606696ed0,
0x000001a60669a680, 0x000001a606699750, 0x000001a60669ab90, 0x000001a60669bfd0,
0x000001a606695070, 0x000001a60669c4e0, 0x000001a6066973e0, 0x000001a6066978f0,
0x000001a606698d30, 0x000001a606698310, 0x000001a606699c60, 0x000001a606695580,
0x000001a60669a170
}

Java Threads: ( => current thread )
  0x000001a6665e0740 JavaThread "main" [_thread_blocked, id=20280, stack(0x0000002a2c900000,0x0000002a2ca00000)]
  0x000001a67fbae0f0 JavaThread "Reference Handler" daemon [_thread_blocked, id=8704, stack(0x0000002a2d000000,0x0000002a2d100000)]
  0x000001a67fbaf620 JavaThread "Finalizer" daemon [_thread_blocked, id=5132, stack(0x0000002a2d100000,0x0000002a2d200000)]
  0x000001a67fbee730 JavaThread "Signal Dispatcher" daemon [_thread_blocked, id=7488, stack(0x0000002a2d200000,0x0000002a2d300000)]
  0x000001a60401c800 JavaThread "Attach Listener" daemon [_thread_blocked, id=9824, stack(0x0000002a2d300000,0x0000002a2d400000)]
  0x000001a60401d870 JavaThread "Service Thread" daemon [_thread_blocked, id=16228, stack(0x0000002a2d400000,0x0000002a2d500000)]
  0x000001a60401e140 JavaThread "Monitor Deflation Thread" daemon [_thread_blocked, id=272, stack(0x0000002a2d500000,0x0000002a2d600000)]
  0x000001a60401f150 JavaThread "C2 CompilerThread0" daemon [_thread_in_native, id=16912, stack(0x0000002a2d600000,0x0000002a2d700000)]
  0x000001a604022210 JavaThread "C1 CompilerThread0" daemon [_thread_blocked, id=4620, stack(0x0000002a2d700000,0x0000002a2d800000)]
  0x000001a604028f70 JavaThread "Sweeper thread" daemon [_thread_blocked, id=1456, stack(0x0000002a2d800000,0x0000002a2d900000)]
  0x000001a67fb47fb0 JavaThread "Common-Cleaner" daemon [_thread_blocked, id=15916, stack(0x0000002a2d900000,0x0000002a2da00000)]
  0x000001a6042b0e80 JavaThread "Notification Thread" daemon [_thread_blocked, id=12500, stack(0x0000002a2da00000,0x0000002a2db00000)]
  0x000001a6042dfc30 JavaThread "C2 CompilerThread1" daemon [_thread_blocked, id=11504, stack(0x0000002a2dc00000,0x0000002a2dd00000)]
  0x000001a606219010 JavaThread "Daemon health stats" [_thread_blocked, id=16172, stack(0x0000002a2e000000,0x0000002a2e100000)]
  0x000001a605b19180 JavaThread "Incoming local TCP Connector on port 52845" [_thread_in_native, id=19048, stack(0x0000002a2e100000,0x0000002a2e200000)]
  0x000001a605c692e0 JavaThread "Daemon periodic checks" [_thread_blocked, id=18788, stack(0x0000002a2e200000,0x0000002a2e300000)]
  0x000001a607154630 JavaThread "Daemon" [_thread_blocked, id=5724, stack(0x0000002a2e300000,0x0000002a2e400000)]
  0x000001a607154b10 JavaThread "Handler for socket connection from /127.0.0.1:52845 to /127.0.0.1:52846" [_thread_in_native, id=19756, stack(0x0000002a2e400000,0x0000002a2e500000)]
  0x000001a60568fbe0 JavaThread "Cancel handler" [_thread_blocked, id=20000, stack(0x0000002a2e500000,0x0000002a2e600000)]
  0x000001a60568e7a0 JavaThread "Daemon worker" [_thread_blocked, id=7756, stack(0x0000002a2e600000,0x0000002a2e700000)]
  0x000001a60568d870 JavaThread "Asynchronous log dispatcher for DefaultDaemonConnection: socket connection from /127.0.0.1:52845 to /127.0.0.1:52846" [_thread_blocked, id=7872, stack(0x0000002a2e700000,0x0000002a2e800000)]
  0x000001a60568e290 JavaThread "Stdin handler" [_thread_blocked, id=18932, stack(0x0000002a2e800000,0x0000002a2e900000)]
  0x000001a60568dd80 JavaThread "Daemon client event forwarder" [_thread_blocked, id=20100, stack(0x0000002a2e900000,0x0000002a2ea00000)]
  0x000001a60568ecb0 JavaThread "Cache worker for journal cache (C:\Users\Jose Martins\.gradle\caches\journal-1)" [_thread_blocked, id=13112, stack(0x0000002a2ea00000,0x0000002a2eb00000)]
  0x000001a60568d360 JavaThread "File lock request listener" [_thread_in_native, id=5428, stack(0x0000002a2eb00000,0x0000002a2ec00000)]
  0x000001a60568c940 JavaThread "Cache worker for file hash cache (C:\Users\Jose Martins\.gradle\caches\8.4\fileHashes)" [_thread_blocked, id=13012, stack(0x0000002a2ec00000,0x0000002a2ed00000)]
  0x000001a60568f1c0 JavaThread "File watcher server" daemon [_thread_blocked, id=13176, stack(0x0000002a2ed00000,0x0000002a2ee00000)]
  0x000001a60568f6d0 JavaThread "File watcher consumer" daemon [_thread_blocked, id=972, stack(0x0000002a2ee00000,0x0000002a2ef00000)]
  0x000001a60568c430 JavaThread "Cache worker for checksums cache (C:\developer\projects\github\carris\projeto_2\.gradle\8.4\checksums)" [_thread_blocked, id=3368, stack(0x0000002a2ef00000,0x0000002a2f000000)]
  0x000001a606698820 JavaThread "Cache worker for file hash cache (C:\developer\projects\github\carris\projeto_2\.gradle\8.4\fileHashes)" [_thread_blocked, id=3364, stack(0x0000002a2f000000,0x0000002a2f100000)]
  0x000001a60669bac0 JavaThread "Cache worker for cache directory md-supplier (C:\Users\Jose Martins\.gradle\caches\8.4\md-supplier)" [_thread_blocked, id=15844, stack(0x0000002a2f100000,0x0000002a2f200000)]
  0x000001a606696ed0 JavaThread "Cache worker for file content cache (C:\Users\Jose Martins\.gradle\caches\8.4\fileContent)" [_thread_blocked, id=3332, stack(0x0000002a2f200000,0x0000002a2f300000)]
  0x000001a60669a680 JavaThread "Cache worker for cache directory md-rule (C:\Users\Jose Martins\.gradle\caches\8.4\md-rule)" [_thread_blocked, id=3012, stack(0x0000002a2f300000,0x0000002a2f400000)]
  0x000001a606699750 JavaThread "Cache worker for execution history cache (C:\Users\Jose Martins\.gradle\caches\8.4\executionHistory)" [_thread_blocked, id=3236, stack(0x0000002a2f400000,0x0000002a2f500000)]
  0x000001a60669ab90 JavaThread "jar transforms" [_thread_blocked, id=2148, stack(0x0000002a2f600000,0x0000002a2f700000)]
  0x000001a60669bfd0 JavaThread "jar transforms Thread 2" [_thread_blocked, id=4924, stack(0x0000002a2f700000,0x0000002a2f800000)]
  0x000001a606695070 JavaThread "jar transforms Thread 3" [_thread_blocked, id=12324, stack(0x0000002a2f800000,0x0000002a2f900000)]
  0x000001a60669c4e0 JavaThread "jar transforms Thread 4" [_thread_blocked, id=11720, stack(0x0000002a2f900000,0x0000002a2fa00000)]
  0x000001a6066973e0 JavaThread "Cache worker for kotlin-dsl (C:\Users\Jose Martins\.gradle\caches\8.4\kotlin-dsl)" [_thread_blocked, id=4616, stack(0x0000002a2fa00000,0x0000002a2fb00000)]
  0x000001a6066978f0 JavaThread "Cache worker for dependencies-accessors (C:\developer\projects\github\carris\projeto_2\.gradle\8.4\dependencies-accessors)" [_thread_blocked, id=10764, stack(0x0000002a2fb00000,0x0000002a2fc00000)]
  0x000001a606698d30 JavaThread "Cache worker for Build Output Cleanup Cache (C:\developer\projects\github\carris\projeto_2\.gradle\buildOutputCleanup)" [_thread_blocked, id=18708, stack(0x0000002a2fc00000,0x0000002a2fd00000)]
  0x000001a606698310 JavaThread "Unconstrained build operations" [_thread_blocked, id=2520, stack(0x0000002a2fd00000,0x0000002a2fe00000)]
  0x000001a606699c60 JavaThread "Unconstrained build operations Thread 2" [_thread_blocked, id=17872, stack(0x0000002a2fe00000,0x0000002a2ff00000)]
  0x000001a606695580 JavaThread "Unconstrained build operations Thread 3" [_thread_blocked, id=14264, stack(0x0000002a2ff00000,0x0000002a30000000)]
  0x000001a60669a170 JavaThread "build event listener" [_thread_blocked, id=5872, stack(0x0000002a30000000,0x0000002a30100000)]

Other Threads:
=>0x000001a67fbaad20 VMThread "VM Thread" [stack: 0x0000002a2cf00000,0x0000002a2d000000] [id=4032]
  0x000001a6665e1610 WatcherThread [stack: 0x0000002a2db00000,0x0000002a2dc00000] [id=20672]
  0x000001a66663ad40 GCTaskThread "GC Thread#0" [stack: 0x0000002a2ca00000,0x0000002a2cb00000] [id=13072]
  0x000001a604809d00 GCTaskThread "GC Thread#1" [stack: 0x0000002a2dd00000,0x0000002a2de00000] [id=12576]
  0x000001a6042df6e0 GCTaskThread "GC Thread#2" [stack: 0x0000002a2de00000,0x0000002a2df00000] [id=4296]
  0x000001a60469cfa0 GCTaskThread "GC Thread#3" [stack: 0x0000002a2df00000,0x0000002a2e000000] [id=5308]
  0x000001a66664bba0 ConcurrentGCThread "G1 Main Marker" [stack: 0x0000002a2cb00000,0x0000002a2cc00000] [id=19208]
  0x000001a66664cc70 ConcurrentGCThread "G1 Conc#0" [stack: 0x0000002a2cc00000,0x0000002a2cd00000] [id=19444]
  0x000001a66669dc40 ConcurrentGCThread "G1 Refine#0" [stack: 0x0000002a2cd00000,0x0000002a2ce00000] [id=17584]
  0x000001a607432090 ConcurrentGCThread "G1 Refine#1" [stack: 0x0000002a2f500000,0x0000002a2f600000] [id=21308]
  0x000001a66669e580 ConcurrentGCThread "G1 Service" [stack: 0x0000002a2ce00000,0x0000002a2cf00000] [id=9488]

Threads with active compile tasks:
C2 CompilerThread0     7191 6888       4       org.objectweb.asm.Frame::execute (2318 bytes)

VM state: at safepoint (normal execution)

VM Mutex/Monitor currently owned by a thread:  ([mutex/lock_event])
[0x000001a6665dc540] Threads_lock - owner thread: 0x000001a67fbaad20
[0x000001a6665dc780] Heap_lock - owner thread: 0x000001a60568e7a0

Heap address: 0x0000000080000000, size: 2048 MB, Compressed Oops mode: 32-bit

CDS archive(s) not mapped
Compressed class space mapped at: 0x0000000100000000-0x0000000140000000, reserved size: 1073741824
Narrow klass base: 0x0000000000000000, Narrow klass shift: 3, Narrow klass range: 0x140000000

GC Precious Log:
 CPUs: 4 total, 4 available
 Memory: 8123M
 Large Page Support: Disabled
 NUMA Support: Disabled
 Compressed Oops: Enabled (32-bit)
 Heap Region Size: 1M
 Heap Min Capacity: 8M
 Heap Initial Capacity: 128M
 Heap Max Capacity: 2G
 Pre-touch: Disabled
 Parallel Workers: 4
 Concurrent Workers: 1
 Concurrent Refinement Workers: 4
 Periodic GC: Disabled

Heap:
 garbage-first heap   total 131072K, used 65351K [0x0000000080000000, 0x0000000100000000)
  region size 1024K, 1 young (1024K), 1 survivors (1024K)
 Metaspace       used 64078K, committed 64704K, reserved 1114112K
  class space    used 8611K, committed 8896K, reserved 1048576K

Heap Regions: E=young(eden), S=young(survivor), O=old, HS=humongous(starts), HC=humongous(continues), CS=collection set, F=free, OA=open archive, CA=closed archive, TAMS=top-at-mark-start (previous, next)
|   0|0x0000000080000000, 0x0000000080100000, 0x0000000080100000|100%| O|  |TAMS 0x0000000080100000, 0x0000000080000000| Untracked 
|   1|0x0000000080100000, 0x0000000080200000, 0x0000000080200000|100%| O|  |TAMS 0x0000000080200000, 0x0000000080100000| Untracked 
|   2|0x0000000080200000, 0x0000000080300000, 0x0000000080300000|100%|HS|  |TAMS 0x0000000080300000, 0x0000000080200000| Complete 
|   3|0x0000000080300000, 0x0000000080400000, 0x0000000080400000|100%|HC|  |TAMS 0x0000000080400000, 0x0000000080300000| Complete 
|   4|0x0000000080400000, 0x0000000080500000, 0x0000000080500000|100%|HC|  |TAMS 0x0000000080500000, 0x0000000080400000| Complete 
|   5|0x0000000080500000, 0x0000000080600000, 0x0000000080600000|100%|HC|  |TAMS 0x0000000080600000, 0x0000000080500000| Complete 
|   6|0x0000000080600000, 0x0000000080700000, 0x0000000080700000|100%| O|  |TAMS 0x0000000080700000, 0x0000000080600000| Untracked 
|   7|0x0000000080700000, 0x0000000080800000, 0x0000000080800000|100%| O|  |TAMS 0x0000000080800000, 0x0000000080700000| Untracked 
|   8|0x0000000080800000, 0x0000000080900000, 0x0000000080900000|100%| O|  |TAMS 0x0000000080900000, 0x0000000080800000| Untracked 
|   9|0x0000000080900000, 0x0000000080a00000, 0x0000000080a00000|100%| O|  |TAMS 0x0000000080a00000, 0x0000000080900000| Untracked 
|  10|0x0000000080a00000, 0x0000000080a00000, 0x0000000080b00000|  0%| F|  |TAMS 0x0000000080a00000, 0x0000000080a00000| Untracked 
|  11|0x0000000080b00000, 0x0000000080c00000, 0x0000000080c00000|100%| O|  |TAMS 0x0000000080c00000, 0x0000000080b00000| Untracked 
|  12|0x0000000080c00000, 0x0000000080d00000, 0x0000000080d00000|100%| O|  |TAMS 0x0000000080d00000, 0x0000000080c00000| Untracked 
|  13|0x0000000080d00000, 0x0000000080e00000, 0x0000000080e00000|100%| O|  |TAMS 0x0000000080e00000, 0x0000000080d00000| Untracked 
|  14|0x0000000080e00000, 0x0000000080f00000, 0x0000000080f00000|100%| O|  |TAMS 0x0000000080f00000, 0x0000000080e00000| Untracked 
|  15|0x0000000080f00000, 0x0000000081000000, 0x0000000081000000|100%| O|  |TAMS 0x0000000081000000, 0x0000000080f00000| Untracked 
|  16|0x0000000081000000, 0x0000000081100000, 0x0000000081100000|100%| O|  |TAMS 0x0000000081100000, 0x0000000081000000| Untracked 
|  17|0x0000000081100000, 0x0000000081200000, 0x0000000081200000|100%| O|  |TAMS 0x0000000081200000, 0x0000000081100000| Untracked 
|  18|0x0000000081200000, 0x0000000081300000, 0x0000000081300000|100%| O|  |TAMS 0x0000000081300000, 0x0000000081200000| Untracked 
|  19|0x0000000081300000, 0x0000000081400000, 0x0000000081400000|100%| O|  |TAMS 0x0000000081400000, 0x0000000081300000| Untracked 
|  20|0x0000000081400000, 0x0000000081500000, 0x0000000081500000|100%| O|  |TAMS 0x0000000081500000, 0x0000000081400000| Untracked 
|  21|0x0000000081500000, 0x0000000081600000, 0x0000000081600000|100%| O|  |TAMS 0x0000000081600000, 0x0000000081500000| Untracked 
|  22|0x0000000081600000, 0x0000000081693e00, 0x0000000081700000| 57%| O|  |TAMS 0x0000000081600000, 0x0000000081600000| Untracked 
|  23|0x0000000081700000, 0x0000000081800000, 0x0000000081800000|100%| O|  |TAMS 0x0000000081800000, 0x0000000081700000| Untracked 
|  24|0x0000000081800000, 0x0000000081900000, 0x0000000081900000|100%| O|  |TAMS 0x0000000081900000, 0x0000000081800000| Untracked 
|  25|0x0000000081900000, 0x0000000081a00000, 0x0000000081a00000|100%| O|  |TAMS 0x0000000081a00000, 0x0000000081900000| Untracked 
|  26|0x0000000081a00000, 0x0000000081b00000, 0x0000000081b00000|100%| O|  |TAMS 0x0000000081b00000, 0x0000000081a00000| Untracked 
|  27|0x0000000081b00000, 0x0000000081c00000, 0x0000000081c00000|100%| O|  |TAMS 0x0000000081c00000, 0x0000000081b00000| Untracked 
|  28|0x0000000081c00000, 0x0000000081d00000, 0x0000000081d00000|100%| O|  |TAMS 0x0000000081d00000, 0x0000000081c00000| Untracked 
|  29|0x0000000081d00000, 0x0000000081e00000, 0x0000000081e00000|100%| O|  |TAMS 0x0000000081e00000, 0x0000000081d00000| Untracked 
|  30|0x0000000081e00000, 0x0000000081f00000, 0x0000000081f00000|100%| O|  |TAMS 0x0000000081f00000, 0x0000000081e00000| Untracked 
|  31|0x0000000081f00000, 0x0000000082000000, 0x0000000082000000|100%| O|  |TAMS 0x0000000082000000, 0x0000000081f00000| Untracked 
|  32|0x0000000082000000, 0x0000000082100000, 0x0000000082100000|100%| O|  |TAMS 0x0000000082100000, 0x0000000082000000| Untracked 
|  33|0x0000000082100000, 0x0000000082200000, 0x0000000082200000|100%| O|  |TAMS 0x0000000082200000, 0x0000000082100000| Untracked 
|  34|0x0000000082200000, 0x0000000082300000, 0x0000000082300000|100%| O|  |TAMS 0x0000000082300000, 0x0000000082200000| Untracked 
|  35|0x0000000082300000, 0x0000000082400000, 0x0000000082400000|100%| O|  |TAMS 0x0000000082400000, 0x0000000082300000| Untracked 
|  36|0x0000000082400000, 0x0000000082500000, 0x0000000082500000|100%|HS|  |TAMS 0x0000000082500000, 0x0000000082400000| Complete 
|  37|0x0000000082500000, 0x0000000082600000, 0x0000000082600000|100%|HS|  |TAMS 0x0000000082600000, 0x0000000082500000| Complete 
|  38|0x0000000082600000, 0x0000000082700000, 0x0000000082700000|100%| O|  |TAMS 0x0000000082700000, 0x0000000082600000| Untracked 
|  39|0x0000000082700000, 0x0000000082800000, 0x0000000082800000|100%| O|  |TAMS 0x0000000082800000, 0x0000000082700000| Untracked 
|  40|0x0000000082800000, 0x0000000082900000, 0x0000000082900000|100%| O|  |TAMS 0x0000000082900000, 0x0000000082800000| Untracked 
|  41|0x0000000082900000, 0x0000000082a00000, 0x0000000082a00000|100%| O|  |TAMS 0x0000000082a00000, 0x0000000082900000| Untracked 
|  42|0x0000000082a00000, 0x0000000082b00000, 0x0000000082b00000|100%| O|  |TAMS 0x0000000082b00000, 0x0000000082a00000| Untracked 
|  43|0x0000000082b00000, 0x0000000082c00000, 0x0000000082c00000|100%|HS|  |TAMS 0x0000000082c00000, 0x0000000082b00000| Complete 
|  44|0x0000000082c00000, 0x0000000082d00000, 0x0000000082d00000|100%|HC|  |TAMS 0x0000000082d00000, 0x0000000082c00000| Complete 
|  45|0x0000000082d00000, 0x0000000082e00000, 0x0000000082e00000|100%| O|  |TAMS 0x0000000082e00000, 0x0000000082d00000| Untracked 
|  46|0x0000000082e00000, 0x0000000082f00000, 0x0000000082f00000|100%| O|  |TAMS 0x0000000082f00000, 0x0000000082e00000| Untracked 
|  47|0x0000000082f00000, 0x0000000083000000, 0x0000000083000000|100%| O|  |TAMS 0x0000000083000000, 0x0000000082f00000| Untracked 
|  48|0x0000000083000000, 0x0000000083100000, 0x0000000083100000|100%|HS|  |TAMS 0x0000000083100000, 0x0000000083000000| Complete 
|  49|0x0000000083100000, 0x0000000083200000, 0x0000000083200000|100%|HC|  |TAMS 0x0000000083200000, 0x0000000083100000| Complete 
|  50|0x0000000083200000, 0x0000000083300000, 0x0000000083300000|100%|HS|  |TAMS 0x0000000083300000, 0x0000000083200000| Complete 
|  51|0x0000000083300000, 0x0000000083400000, 0x0000000083400000|100%|HS|  |TAMS 0x0000000083400000, 0x0000000083300000| Complete 
|  52|0x0000000083400000, 0x0000000083500000, 0x0000000083500000|100%|HC|  |TAMS 0x0000000083500000, 0x0000000083400000| Complete 
|  53|0x0000000083500000, 0x0000000083600000, 0x0000000083600000|100%|HC|  |TAMS 0x0000000083600000, 0x0000000083500000| Complete 
|  54|0x0000000083600000, 0x0000000083700000, 0x0000000083700000|100%|HC|  |TAMS 0x0000000083700000, 0x0000000083600000| Complete 
|  55|0x0000000083700000, 0x0000000083800000, 0x0000000083800000|100%| O|  |TAMS 0x0000000083800000, 0x0000000083700000| Untracked 
|  56|0x0000000083800000, 0x0000000083900000, 0x0000000083900000|100%|HS|  |TAMS 0x0000000083900000, 0x0000000083800000| Complete 
|  57|0x0000000083900000, 0x0000000083a00000, 0x0000000083a00000|100%|HS|  |TAMS 0x0000000083a00000, 0x0000000083900000| Complete 
|  58|0x0000000083a00000, 0x0000000083b00000, 0x0000000083b00000|100%| O|  |TAMS 0x0000000083b00000, 0x0000000083a00000| Untracked 
|  59|0x0000000083b00000, 0x0000000083c00000, 0x0000000083c00000|100%| O|  |TAMS 0x0000000083c00000, 0x0000000083b00000| Untracked 
|  60|0x0000000083c00000, 0x0000000083d00000, 0x0000000083d00000|100%| O|  |TAMS 0x0000000083d00000, 0x0000000083c00000| Untracked 
|  61|0x0000000083d00000, 0x0000000083e00000, 0x0000000083e00000|100%| O|  |TAMS 0x0000000083e00000, 0x0000000083d00000| Untracked 
|  62|0x0000000083e00000, 0x0000000083f00000, 0x0000000083f00000|100%| O|  |TAMS 0x0000000083f00000, 0x0000000083e00000| Untracked 
|  63|0x0000000083f00000, 0x0000000084000000, 0x0000000084000000|100%| O|  |TAMS 0x0000000084000000, 0x0000000083f00000| Untracked 
|  64|0x0000000084000000, 0x0000000084100000, 0x0000000084100000|100%| O|  |TAMS 0x0000000084016200, 0x0000000084000000| Untracked 
|  65|0x0000000084100000, 0x0000000084100000, 0x0000000084200000|  0%| F|  |TAMS 0x0000000084100000, 0x0000000084100000| Untracked 
|  66|0x0000000084200000, 0x0000000084200000, 0x0000000084300000|  0%| F|  |TAMS 0x0000000084200000, 0x0000000084200000| Untracked 
|  67|0x0000000084300000, 0x0000000084300000, 0x0000000084400000|  0%| F|  |TAMS 0x0000000084300000, 0x0000000084300000| Untracked 
|  68|0x0000000084400000, 0x0000000084400000, 0x0000000084500000|  0%| F|  |TAMS 0x0000000084400000, 0x0000000084400000| Untracked 
|  69|0x0000000084500000, 0x0000000084500000, 0x0000000084600000|  0%| F|  |TAMS 0x0000000084500000, 0x0000000084500000| Untracked 
|  70|0x0000000084600000, 0x0000000084600000, 0x0000000084700000|  0%| F|  |TAMS 0x0000000084600000, 0x0000000084600000| Untracked 
|  71|0x0000000084700000, 0x0000000084700000, 0x0000000084800000|  0%| F|  |TAMS 0x0000000084700000, 0x0000000084700000| Untracked 
|  72|0x0000000084800000, 0x0000000084800000, 0x0000000084900000|  0%| F|  |TAMS 0x0000000084800000, 0x0000000084800000| Untracked 
|  73|0x0000000084900000, 0x0000000084900000, 0x0000000084a00000|  0%| F|  |TAMS 0x0000000084900000, 0x0000000084900000| Untracked 
|  74|0x0000000084a00000, 0x0000000084a00000, 0x0000000084b00000|  0%| F|  |TAMS 0x0000000084a00000, 0x0000000084a00000| Untracked 
|  75|0x0000000084b00000, 0x0000000084b00000, 0x0000000084c00000|  0%| F|  |TAMS 0x0000000084b00000, 0x0000000084b00000| Untracked 
|  76|0x0000000084c00000, 0x0000000084c00000, 0x0000000084d00000|  0%| F|  |TAMS 0x0000000084c00000, 0x0000000084c00000| Untracked 
|  77|0x0000000084d00000, 0x0000000084d00000, 0x0000000084e00000|  0%| F|  |TAMS 0x0000000084d00000, 0x0000000084d00000| Untracked 
|  78|0x0000000084e00000, 0x0000000084e00000, 0x0000000084f00000|  0%| F|  |TAMS 0x0000000084e00000, 0x0000000084e00000| Untracked 
|  79|0x0000000084f00000, 0x0000000084f00000, 0x0000000085000000|  0%| F|  |TAMS 0x0000000084f00000, 0x0000000084f00000| Untracked 
|  80|0x0000000085000000, 0x0000000085000000, 0x0000000085100000|  0%| F|  |TAMS 0x0000000085000000, 0x0000000085000000| Untracked 
|  81|0x0000000085100000, 0x0000000085100000, 0x0000000085200000|  0%| F|  |TAMS 0x0000000085100000, 0x0000000085100000| Untracked 
|  82|0x0000000085200000, 0x0000000085200000, 0x0000000085300000|  0%| F|  |TAMS 0x0000000085200000, 0x0000000085200000| Untracked 
|  83|0x0000000085300000, 0x0000000085300000, 0x0000000085400000|  0%| F|  |TAMS 0x0000000085300000, 0x0000000085300000| Untracked 
|  84|0x0000000085400000, 0x0000000085400000, 0x0000000085500000|  0%| F|  |TAMS 0x0000000085400000, 0x0000000085400000| Untracked 
|  85|0x0000000085500000, 0x0000000085500000, 0x0000000085600000|  0%| F|  |TAMS 0x0000000085500000, 0x0000000085500000| Untracked 
|  86|0x0000000085600000, 0x0000000085600000, 0x0000000085700000|  0%| F|  |TAMS 0x0000000085600000, 0x0000000085600000| Untracked 
|  87|0x0000000085700000, 0x0000000085700000, 0x0000000085800000|  0%| F|  |TAMS 0x0000000085700000, 0x0000000085700000| Untracked 
|  88|0x0000000085800000, 0x0000000085800000, 0x0000000085900000|  0%| F|  |TAMS 0x0000000085800000, 0x0000000085800000| Untracked 
|  89|0x0000000085900000, 0x0000000085900000, 0x0000000085a00000|  0%| F|  |TAMS 0x0000000085900000, 0x0000000085900000| Untracked 
|  90|0x0000000085a00000, 0x0000000085a00000, 0x0000000085b00000|  0%| F|  |TAMS 0x0000000085a00000, 0x0000000085a00000| Untracked 
|  91|0x0000000085b00000, 0x0000000085b00000, 0x0000000085c00000|  0%| F|  |TAMS 0x0000000085b00000, 0x0000000085b00000| Untracked 
|  92|0x0000000085c00000, 0x0000000085c00000, 0x0000000085d00000|  0%| F|  |TAMS 0x0000000085c00000, 0x0000000085c00000| Untracked 
|  93|0x0000000085d00000, 0x0000000085d00000, 0x0000000085e00000|  0%| F|  |TAMS 0x0000000085d00000, 0x0000000085d00000| Untracked 
|  94|0x0000000085e00000, 0x0000000085e00000, 0x0000000085f00000|  0%| F|  |TAMS 0x0000000085e00000, 0x0000000085e00000| Untracked 
|  95|0x0000000085f00000, 0x0000000085f00000, 0x0000000086000000|  0%| F|  |TAMS 0x0000000085f00000, 0x0000000085f00000| Untracked 
|  96|0x0000000086000000, 0x0000000086000000, 0x0000000086100000|  0%| F|  |TAMS 0x0000000086000000, 0x0000000086000000| Untracked 
|  97|0x0000000086100000, 0x0000000086100000, 0x0000000086200000|  0%| F|  |TAMS 0x0000000086100000, 0x0000000086100000| Untracked 
|  98|0x0000000086200000, 0x0000000086200000, 0x0000000086300000|  0%| F|  |TAMS 0x0000000086200000, 0x0000000086200000| Untracked 
|  99|0x0000000086300000, 0x0000000086300000, 0x0000000086400000|  0%| F|  |TAMS 0x0000000086300000, 0x0000000086300000| Untracked 
| 100|0x0000000086400000, 0x0000000086400000, 0x0000000086500000|  0%| F|  |TAMS 0x0000000086400000, 0x0000000086400000| Untracked 
| 101|0x0000000086500000, 0x0000000086500000, 0x0000000086600000|  0%| F|  |TAMS 0x0000000086500000, 0x0000000086500000| Untracked 
| 102|0x0000000086600000, 0x0000000086600000, 0x0000000086700000|  0%| F|  |TAMS 0x0000000086600000, 0x0000000086600000| Untracked 
| 103|0x0000000086700000, 0x0000000086700000, 0x0000000086800000|  0%| F|  |TAMS 0x0000000086700000, 0x0000000086700000| Untracked 
| 104|0x0000000086800000, 0x0000000086800000, 0x0000000086900000|  0%| F|  |TAMS 0x0000000086800000, 0x0000000086800000| Untracked 
| 105|0x0000000086900000, 0x0000000086900000, 0x0000000086a00000|  0%| F|  |TAMS 0x0000000086900000, 0x0000000086900000| Untracked 
| 106|0x0000000086a00000, 0x0000000086a00000, 0x0000000086b00000|  0%| F|  |TAMS 0x0000000086a00000, 0x0000000086a00000| Untracked 
| 107|0x0000000086b00000, 0x0000000086b00000, 0x0000000086c00000|  0%| F|  |TAMS 0x0000000086b00000, 0x0000000086b00000| Untracked 
| 108|0x0000000086c00000, 0x0000000086c00000, 0x0000000086d00000|  0%| F|  |TAMS 0x0000000086c00000, 0x0000000086c00000| Untracked 
| 109|0x0000000086d00000, 0x0000000086d00000, 0x0000000086e00000|  0%| F|  |TAMS 0x0000000086d00000, 0x0000000086d00000| Untracked 
| 110|0x0000000086e00000, 0x0000000086e3ded8, 0x0000000086f00000| 24%| S|CS|TAMS 0x0000000086e00000, 0x0000000086e00000| Complete 
| 111|0x0000000086f00000, 0x0000000086f00000, 0x0000000087000000|  0%| F|  |TAMS 0x0000000086f00000, 0x0000000086f00000| Untracked 
| 112|0x0000000087000000, 0x0000000087000000, 0x0000000087100000|  0%| F|  |TAMS 0x0000000087000000, 0x0000000087000000| Untracked 
| 113|0x0000000087100000, 0x0000000087100000, 0x0000000087200000|  0%| F|  |TAMS 0x0000000087100000, 0x0000000087100000| Untracked 
| 114|0x0000000087200000, 0x0000000087200000, 0x0000000087300000|  0%| F|  |TAMS 0x0000000087200000, 0x0000000087200000| Untracked 
| 115|0x0000000087300000, 0x0000000087300000, 0x0000000087400000|  0%| F|  |TAMS 0x0000000087300000, 0x0000000087300000| Untracked 
| 116|0x0000000087400000, 0x0000000087400000, 0x0000000087500000|  0%| F|  |TAMS 0x0000000087400000, 0x0000000087400000| Untracked 
| 117|0x0000000087500000, 0x0000000087500000, 0x0000000087600000|  0%| F|  |TAMS 0x0000000087500000, 0x0000000087500000| Untracked 
| 118|0x0000000087600000, 0x0000000087600000, 0x0000000087700000|  0%| F|  |TAMS 0x0000000087600000, 0x0000000087600000| Untracked 
| 119|0x0000000087700000, 0x0000000087700000, 0x0000000087800000|  0%| F|  |TAMS 0x0000000087700000, 0x0000000087700000| Untracked 
| 120|0x0000000087800000, 0x0000000087800000, 0x0000000087900000|  0%| F|  |TAMS 0x0000000087800000, 0x0000000087800000| Untracked 
| 121|0x0000000087900000, 0x0000000087900000, 0x0000000087a00000|  0%| F|  |TAMS 0x0000000087900000, 0x0000000087900000| Untracked 
| 122|0x0000000087a00000, 0x0000000087a00000, 0x0000000087b00000|  0%| F|  |TAMS 0x0000000087a00000, 0x0000000087a00000| Untracked 
| 123|0x0000000087b00000, 0x0000000087b00000, 0x0000000087c00000|  0%| F|  |TAMS 0x0000000087b00000, 0x0000000087b00000| Untracked 
| 124|0x0000000087c00000, 0x0000000087c00000, 0x0000000087d00000|  0%| F|  |TAMS 0x0000000087c00000, 0x0000000087c00000| Untracked 
| 125|0x0000000087d00000, 0x0000000087d00000, 0x0000000087e00000|  0%| F|  |TAMS 0x0000000087d00000, 0x0000000087d00000| Untracked 
| 126|0x0000000087e00000, 0x0000000087e00000, 0x0000000087f00000|  0%| F|  |TAMS 0x0000000087e00000, 0x0000000087e00000| Untracked 
| 127|0x0000000087f00000, 0x0000000087f00000, 0x0000000088000000|  0%| F|  |TAMS 0x0000000087f00000, 0x0000000087f00000| Untracked 

Card table byte_map: [0x000001a678ec0000,0x000001a6792c0000] _byte_map_base: 0x000001a678ac0000

Marking Bits (Prev, Next): (CMBitMap*) 0x000001a66663b270, (CMBitMap*) 0x000001a66663b2b0
 Prev Bits: [0x000001a6796c0000, 0x000001a67b6c0000)
 Next Bits: [0x000001a67b6c0000, 0x000001a67d6c0000)

Polling page: 0x000001a6644c0000

Metaspace:

Usage:
  Non-class:     54.17 MB used.
      Class:      8.41 MB used.
       Both:     62.58 MB used.

Virtual space:
  Non-class space:       64.00 MB reserved,      54.50 MB ( 85%) committed,  1 nodes.
      Class space:        1.00 GB reserved,       8.69 MB ( <1%) committed,  1 nodes.
             Both:        1.06 GB reserved,      63.19 MB (  6%) committed. 

Chunk freelists:
   Non-Class:  8.64 MB
       Class:  7.20 MB
        Both:  15.84 MB

MaxMetaspaceSize: unlimited
CompressedClassSpaceSize: 1.00 GB
Initial GC threshold: 21.00 MB
Current GC threshold: 101.88 MB
CDS: off
MetaspaceReclaimPolicy: balanced
 - commit_granule_bytes: 65536.
 - commit_granule_words: 8192.
 - virtual_space_node_default_size: 8388608.
 - enlarge_chunks_in_place: 1.
 - new_chunks_are_fully_committed: 0.
 - uncommit_free_chunks: 1.
 - use_allocation_guard: 0.
 - handle_deallocations: 1.


Internal statistics:

num_allocs_failed_limit: 6.
num_arena_births: 736.
num_arena_deaths: 0.
num_vsnodes_births: 2.
num_vsnodes_deaths: 0.
num_space_committed: 1011.
num_space_uncommitted: 0.
num_chunks_returned_to_freelist: 6.
num_chunks_taken_from_freelist: 2956.
num_chunk_merges: 6.
num_chunk_splits: 1952.
num_chunks_enlarged: 1323.
num_inconsistent_stats: 0.

CodeHeap 'non-profiled nmethods': size=120000Kb used=3252Kb max_used=3352Kb free=116747Kb
 bounds [0x000001a671590000, 0x000001a6718f0000, 0x000001a678ac0000]
CodeHeap 'profiled nmethods': size=120000Kb used=11393Kb max_used=11393Kb free=108606Kb
 bounds [0x000001a669ac0000, 0x000001a66a5f0000, 0x000001a670ff0000]
CodeHeap 'non-nmethods': size=5760Kb used=2330Kb max_used=2407Kb free=3429Kb
 bounds [0x000001a670ff0000, 0x000001a671260000, 0x000001a671590000]
 total_blobs=6957 nmethods=6105 adapters=763
 compilation: enabled
              stopped_count=0, restarted_count=0
 full_count=0

Compilation events (20 events):
Event: 7.063 Thread 0x000001a60401f150 6879       4       org.objectweb.asm.Frame::merge (322 bytes)
Event: 7.065 Thread 0x000001a60401f150 nmethod 6879 0x000001a6716b4710 code [0x000001a6716b48a0, 0x000001a6716b4b08]
Event: 7.065 Thread 0x000001a60401f150 6886       4       org.gradle.internal.reflect.MethodSet$MethodKey::<init> (6 bytes)
Event: 7.065 Thread 0x000001a604022210 6887       3       org.gradle.internal.instantiation.generator.AbstractClassGenerator$InjectionAnnotationValidator::validateMethod (166 bytes)
Event: 7.066 Thread 0x000001a604022210 nmethod 6887 0x000001a66a5d5d90 code [0x000001a66a5d6100, 0x000001a66a5d7788]
Event: 7.067 Thread 0x000001a60401f150 nmethod 6886 0x000001a6716b4090 code [0x000001a6716b4220, 0x000001a6716b4578]
Event: 7.067 Thread 0x000001a60401f150 6888       4       org.objectweb.asm.Frame::execute (2318 bytes)
Event: 7.080 Thread 0x000001a604022210 6889       3       org.gradle.internal.instantiation.generator.AsmBackedClassGenerator$ClassBuilderImpl::access$4300 (4 bytes)
Event: 7.080 Thread 0x000001a604022210 nmethod 6889 0x000001a66a5d7e90 code [0x000001a66a5d8020, 0x000001a66a5d8118]
Event: 7.080 Thread 0x000001a604022210 6890       3       org.objectweb.asm.Frame::addInitializedType (77 bytes)
Event: 7.080 Thread 0x000001a604022210 nmethod 6890 0x000001a66a5d8190 code [0x000001a66a5d8360, 0x000001a66a5d8888]
Event: 7.096 Thread 0x000001a604022210 6892       3       sun.reflect.generics.reflectiveObjects.WildcardTypeImpl::getLowerBounds (34 bytes)
Event: 7.097 Thread 0x000001a604022210 nmethod 6892 0x000001a66a5d8a10 code [0x000001a66a5d8be0, 0x000001a66a5d9218]
Event: 7.097 Thread 0x000001a604022210 6893 %     3       org.gradle.internal.instantiation.generator.AbstractClassGenerator::inspectType @ 77 (560 bytes)
Event: 7.099 Thread 0x000001a604022210 nmethod 6893% 0x000001a66a5d9310 code [0x000001a66a5d9ae0, 0x000001a66a5de8c8]
Event: 7.110 Thread 0x000001a6042dfc30 nmethod 6860 0x000001a6716df710 code [0x000001a6716dfae0, 0x000001a6716e2930]
Event: 7.111 Thread 0x000001a6042dfc30 6891       4       java.lang.invoke.MemberName::initResolved (53 bytes)
Event: 7.111 Thread 0x000001a6042dfc30 nmethod 6891 0x000001a6716b3d90 code [0x000001a6716b3f00, 0x000001a6716b3fd8]
Event: 7.162 Thread 0x000001a604022210 6894       3       java.util.Collections$SingletonSet::contains (9 bytes)
Event: 7.162 Thread 0x000001a604022210 nmethod 6894 0x000001a66a5e0210 code [0x000001a66a5e03c0, 0x000001a66a5e06a8]

GC Heap History (20 events):
Event: 4.245 GC heap after
{Heap after GC invocations=13 (full 0):
 garbage-first heap   total 86016K, used 34227K [0x0000000080000000, 0x0000000100000000)
  region size 1024K, 3 young (3072K), 3 survivors (3072K)
 Metaspace       used 47158K, committed 47616K, reserved 1114112K
  class space    used 6169K, committed 6400K, reserved 1048576K
}
Event: 4.794 GC heap before
{Heap before GC invocations=13 (full 0):
 garbage-first heap   total 86016K, used 65971K [0x0000000080000000, 0x0000000100000000)
  region size 1024K, 34 young (34816K), 3 survivors (3072K)
 Metaspace       used 50969K, committed 51392K, reserved 1114112K
  class space    used 6782K, committed 6976K, reserved 1048576K
}
Event: 4.801 GC heap after
{Heap after GC invocations=14 (full 0):
 garbage-first heap   total 86016K, used 35172K [0x0000000080000000, 0x0000000100000000)
  region size 1024K, 4 young (4096K), 4 survivors (4096K)
 Metaspace       used 50969K, committed 51392K, reserved 1114112K
  class space    used 6782K, committed 6976K, reserved 1048576K
}
Event: 5.463 GC heap before
{Heap before GC invocations=14 (full 0):
 garbage-first heap   total 86016K, used 66916K [0x0000000080000000, 0x0000000100000000)
  region size 1024K, 35 young (35840K), 4 survivors (4096K)
 Metaspace       used 55058K, committed 55552K, reserved 1114112K
  class space    used 7459K, committed 7680K, reserved 1048576K
}
Event: 5.467 GC heap after
{Heap after GC invocations=15 (full 0):
 garbage-first heap   total 86016K, used 37156K [0x0000000080000000, 0x0000000100000000)
  region size 1024K, 4 young (4096K), 4 survivors (4096K)
 Metaspace       used 55058K, committed 55552K, reserved 1114112K
  class space    used 7459K, committed 7680K, reserved 1048576K
}
Event: 6.145 GC heap before
{Heap before GC invocations=15 (full 0):
 garbage-first heap   total 86016K, used 67876K [0x0000000080000000, 0x0000000100000000)
  region size 1024K, 34 young (34816K), 4 survivors (4096K)
 Metaspace       used 57743K, committed 58304K, reserved 1114112K
  class space    used 7828K, committed 8128K, reserved 1048576K
}
Event: 6.153 GC heap after
{Heap after GC invocations=16 (full 0):
 garbage-first heap   total 86016K, used 40712K [0x0000000080000000, 0x0000000100000000)
  region size 1024K, 5 young (5120K), 5 survivors (5120K)
 Metaspace       used 57743K, committed 58304K, reserved 1114112K
  class space    used 7828K, committed 8128K, reserved 1048576K
}
Event: 6.524 GC heap before
{Heap before GC invocations=16 (full 0):
 garbage-first heap   total 86016K, used 62216K [0x0000000080000000, 0x0000000100000000)
  region size 1024K, 26 young (26624K), 5 survivors (5120K)
 Metaspace       used 58340K, committed 58944K, reserved 1114112K
  class space    used 7883K, committed 8192K, reserved 1048576K
}
Event: 6.529 GC heap after
{Heap after GC invocations=17 (full 0):
 garbage-first heap   total 103424K, used 46475K [0x0000000080000000, 0x0000000100000000)
  region size 1024K, 4 young (4096K), 4 survivors (4096K)
 Metaspace       used 58340K, committed 58944K, reserved 1114112K
  class space    used 7883K, committed 8192K, reserved 1048576K
}
Event: 6.536 GC heap before
{Heap before GC invocations=17 (full 0):
 garbage-first heap   total 103424K, used 48523K [0x0000000080000000, 0x0000000100000000)
  region size 1024K, 5 young (5120K), 4 survivors (4096K)
 Metaspace       used 58348K, committed 58944K, reserved 1114112K
  class space    used 7885K, committed 8192K, reserved 1048576K
}
Event: 6.539 GC heap after
{Heap after GC invocations=18 (full 0):
 garbage-first heap   total 103424K, used 49207K [0x0000000080000000, 0x0000000100000000)
  region size 1024K, 1 young (1024K), 1 survivors (1024K)
 Metaspace       used 58348K, committed 58944K, reserved 1114112K
  class space    used 7885K, committed 8192K, reserved 1048576K
}
Event: 6.764 GC heap before
{Heap before GC invocations=19 (full 0):
 garbage-first heap   total 107520K, used 88119K [0x0000000080000000, 0x0000000100000000)
  region size 1024K, 30 young (30720K), 1 survivors (1024K)
 Metaspace       used 59870K, committed 60416K, reserved 1114112K
  class space    used 8094K, committed 8384K, reserved 1048576K
}
Event: 6.767 GC heap after
{Heap after GC invocations=20 (full 0):
 garbage-first heap   total 107520K, used 64990K [0x0000000080000000, 0x0000000100000000)
  region size 1024K, 4 young (4096K), 4 survivors (4096K)
 Metaspace       used 59870K, committed 60416K, reserved 1114112K
  class space    used 8094K, committed 8384K, reserved 1048576K
}
Event: 6.775 GC heap before
{Heap before GC invocations=20 (full 0):
 garbage-first heap   total 107520K, used 64990K [0x0000000080000000, 0x0000000100000000)
  region size 1024K, 5 young (5120K), 4 survivors (4096K)
 Metaspace       used 59925K, committed 60480K, reserved 1114112K
  class space    used 8102K, committed 8384K, reserved 1048576K
}
Event: 6.777 GC heap after
{Heap after GC invocations=21 (full 0):
 garbage-first heap   total 107520K, used 64467K [0x0000000080000000, 0x0000000100000000)
  region size 1024K, 1 young (1024K), 1 survivors (1024K)
 Metaspace       used 59925K, committed 60480K, reserved 1114112K
  class space    used 8102K, committed 8384K, reserved 1048576K
}
Event: 6.930 GC heap before
{Heap before GC invocations=21 (full 0):
 garbage-first heap   total 107520K, used 85971K [0x0000000080000000, 0x0000000100000000)
  region size 1024K, 22 young (22528K), 1 survivors (1024K)
 Metaspace       used 61649K, committed 62272K, reserved 1114112K
  class space    used 8339K, committed 8640K, reserved 1048576K
}
Event: 6.933 GC heap after
{Heap after GC invocations=22 (full 0):
 garbage-first heap   total 107520K, used 64736K [0x0000000080000000, 0x0000000100000000)
  region size 1024K, 1 young (1024K), 1 survivors (1024K)
 Metaspace       used 61649K, committed 62272K, reserved 1114112K
  class space    used 8339K, committed 8640K, reserved 1048576K
}
Event: 7.148 GC heap before
{Heap before GC invocations=23 (full 0):
 garbage-first heap   total 116736K, used 85216K [0x0000000080000000, 0x0000000100000000)
  region size 1024K, 22 young (22528K), 1 survivors (1024K)
 Metaspace       used 63735K, committed 64448K, reserved 1114112K
  class space    used 8574K, committed 8896K, reserved 1048576K
}
Event: 7.150 GC heap after
{Heap after GC invocations=24 (full 0):
 garbage-first heap   total 116736K, used 65398K [0x0000000080000000, 0x0000000100000000)
  region size 1024K, 2 young (2048K), 2 survivors (2048K)
 Metaspace       used 63735K, committed 64448K, reserved 1114112K
  class space    used 8574K, committed 8896K, reserved 1048576K
}
Event: 7.169 GC heap before
{Heap before GC invocations=24 (full 0):
 garbage-first heap   total 116736K, used 67446K [0x0000000080000000, 0x0000000100000000)
  region size 1024K, 5 young (5120K), 2 survivors (2048K)
 Metaspace       used 64078K, committed 64704K, reserved 1114112K
  class space    used 8611K, committed 8896K, reserved 1048576K
}

Dll operation events (3 events):
Event: 0.005 Loaded shared library C:\Program Files\Android\Android Studio\jbr\bin\java.dll
Event: 0.096 Loaded shared library C:\Program Files\Android\Android Studio\jbr\bin\zip.dll
Event: 0.323 Loaded shared library C:\Program Files\Android\Android Studio\jbr\bin\verify.dll

Deoptimization events (20 events):
Event: 6.997 Thread 0x000001a60568e7a0 Uncommon trap: trap_request=0xffffffde fr.pc=0x000001a67173cf80 relative=0x00000000000001c0
Event: 6.997 Thread 0x000001a60568e7a0 Uncommon trap: reason=class_check action=maybe_recompile pc=0x000001a67173cf80 method=java.io.BufferedInputStream.read1([BII)I @ 39 c2
Event: 6.998 Thread 0x000001a60568e7a0 DEOPT PACKING pc=0x000001a67173cf80 sp=0x0000002a2e6f7600
Event: 6.998 Thread 0x000001a60568e7a0 DEOPT UNPACKING pc=0x000001a6710469a3 sp=0x0000002a2e6f75a8 mode 2
Event: 7.029 Thread 0x000001a60568e7a0 Uncommon trap: trap_request=0xffffffde fr.pc=0x000001a6718824a8 relative=0x0000000000002908
Event: 7.029 Thread 0x000001a60568e7a0 Uncommon trap: reason=class_check action=maybe_recompile pc=0x000001a6718824a8 method=java.util.jar.JarFile.getManifestFromReference()Ljava/util/jar/Manifest; @ 152 c2
Event: 7.029 Thread 0x000001a60568e7a0 DEOPT PACKING pc=0x000001a6718824a8 sp=0x0000002a2e6f6b80
Event: 7.029 Thread 0x000001a60568e7a0 DEOPT UNPACKING pc=0x000001a6710469a3 sp=0x0000002a2e6f6af0 mode 2
Event: 7.041 Thread 0x000001a60568e7a0 Uncommon trap: trap_request=0xffffffde fr.pc=0x000001a671775880 relative=0x00000000000003a0
Event: 7.041 Thread 0x000001a60568e7a0 Uncommon trap: reason=class_check action=maybe_recompile pc=0x000001a671775880 method=java.util.stream.AbstractPipeline.copyIntoWithCancel(Ljava/util/stream/Sink;Ljava/util/Spliterator;)Z @ 32 c2
Event: 7.041 Thread 0x000001a60568e7a0 DEOPT PACKING pc=0x000001a671775880 sp=0x0000002a2e6f65f0
Event: 7.041 Thread 0x000001a60568e7a0 DEOPT UNPACKING pc=0x000001a6710469a3 sp=0x0000002a2e6f64b0 mode 2
Event: 7.041 Thread 0x000001a60568e7a0 Uncommon trap: trap_request=0xffffffde fr.pc=0x000001a671775880 relative=0x00000000000003a0
Event: 7.041 Thread 0x000001a60568e7a0 Uncommon trap: reason=class_check action=maybe_recompile pc=0x000001a671775880 method=java.util.stream.AbstractPipeline.copyIntoWithCancel(Ljava/util/stream/Sink;Ljava/util/Spliterator;)Z @ 32 c2
Event: 7.041 Thread 0x000001a60568e7a0 DEOPT PACKING pc=0x000001a671775880 sp=0x0000002a2e6f65f0
Event: 7.041 Thread 0x000001a60568e7a0 DEOPT UNPACKING pc=0x000001a6710469a3 sp=0x0000002a2e6f64b0 mode 2
Event: 7.041 Thread 0x000001a60568e7a0 Uncommon trap: trap_request=0xffffffde fr.pc=0x000001a671775880 relative=0x00000000000003a0
Event: 7.041 Thread 0x000001a60568e7a0 Uncommon trap: reason=class_check action=maybe_recompile pc=0x000001a671775880 method=java.util.stream.AbstractPipeline.copyIntoWithCancel(Ljava/util/stream/Sink;Ljava/util/Spliterator;)Z @ 32 c2
Event: 7.041 Thread 0x000001a60568e7a0 DEOPT PACKING pc=0x000001a671775880 sp=0x0000002a2e6f65f0
Event: 7.041 Thread 0x000001a60568e7a0 DEOPT UNPACKING pc=0x000001a6710469a3 sp=0x0000002a2e6f64b0 mode 2

Classes unloaded (0 events):
No events

Classes redefined (0 events):
No events

Internal exceptions (20 events):
Event: 5.645 Thread 0x000001a60568e7a0 Exception <a 'java/lang/NoSuchMethodError'{0x0000000084748ff0}: 'int java.lang.invoke.DirectMethodHandle$Holder.invokeSpecialIFC(java.lang.Object, java.lang.Object, java.lang.Object)'> (0x0000000084748ff0) 
thrown [s\src\hotspot\share\interpreter\linkResolver.cpp, line 771]
Event: 5.687 Thread 0x000001a60568e7a0 Exception <a 'java/lang/NoSuchMethodError'{0x00000000844e94f8}: 'java.lang.Object java.lang.invoke.DirectMethodHandle$Holder.newInvokeSpecial(java.lang.Object, java.lang.Object, java.lang.Object, java.lang.Object, java.lang.Object, int)'> (0x00000000844e94f8) 
thrown [s\src\hotspot\share\interpreter\linkResolver.cpp, line 771]
Event: 5.688 Thread 0x000001a60568e7a0 Exception <a 'java/lang/NoSuchMethodError'{0x00000000844ee908}: 'java.lang.Object java.lang.invoke.DirectMethodHandle$Holder.invokeSpecial(java.lang.Object, java.lang.Object, java.lang.Object, java.lang.Object, java.lang.Object, java.lang.Object, int)'> (0x00000000844ee908) 
thrown [s\src\hotspot\share\interpreter\linkResolver.cpp, line 771]
Event: 5.691 Thread 0x000001a60568e7a0 Exception <a 'java/lang/NoSuchMethodError'{0x0000000084324318}: 'java.lang.Object java.lang.invoke.DirectMethodHandle$Holder.invokeSpecial(java.lang.Object, java.lang.Object, java.lang.Object, java.lang.Object, java.lang.Object, long)'> (0x0000000084324318) 
thrown [s\src\hotspot\share\interpreter\linkResolver.cpp, line 771]
Event: 5.692 Thread 0x000001a60568e7a0 Exception <a 'java/lang/NoSuchMethodError'{0x0000000084345f80}: 'void java.lang.invoke.DirectMethodHandle$Holder.invokeStatic(java.lang.Object, java.lang.Object, java.lang.Object, int, java.lang.Object)'> (0x0000000084345f80) 
thrown [s\src\hotspot\share\interpreter\linkResolver.cpp, line 771]
Event: 6.431 Thread 0x000001a60568e7a0 Exception <a 'java/lang/NoSuchMethodError'{0x000000008459f230}: 'long java.lang.invoke.DirectMethodHandle$Holder.invokeVirtual(java.lang.Object, java.lang.Object)'> (0x000000008459f230) 
thrown [s\src\hotspot\share\interpreter\linkResolver.cpp, line 771]
Event: 6.435 Thread 0x000001a60568dd80 Exception <a 'java/lang/NoSuchMethodError'{0x00000000845f00b8}: static Lorg/gradle/internal/build/event/types/DefaultOperationFinishedProgressEvent;.<clinit>()V> (0x00000000845f00b8) 
thrown [s\src\hotspot\share\prims\jni.cpp, line 1108]
Event: 6.440 Thread 0x000001a60568dd80 Exception <a 'java/lang/NoSuchMethodError'{0x00000000844190a8}: static Lorg/gradle/internal/build/event/types/DefaultProjectConfigurationSuccessResult;.<clinit>()V> (0x00000000844190a8) 
thrown [s\src\hotspot\share\prims\jni.cpp, line 1108]
Event: 6.441 Thread 0x000001a60568dd80 Exception <a 'java/lang/NoSuchMethodError'{0x000000008441d8a8}: static Lorg/gradle/internal/build/event/types/AbstractProjectConfigurationResult;.<clinit>()V> (0x000000008441d8a8) 
thrown [s\src\hotspot\share\prims\jni.cpp, line 1108]
Event: 6.441 Thread 0x000001a60568dd80 Exception <a 'java/lang/NoSuchMethodError'{0x000000008441edf0}: static Lorg/gradle/internal/build/event/types/AbstractOperationResult;.<clinit>()V> (0x000000008441edf0) 
thrown [s\src\hotspot\share\prims\jni.cpp, line 1108]
Event: 6.441 Thread 0x000001a60568dd80 Exception <a 'java/lang/NoSuchMethodError'{0x0000000084420000}: static Lorg/gradle/internal/build/event/types/AbstractResult;.<clinit>()V> (0x0000000084420000) 
thrown [s\src\hotspot\share\prims\jni.cpp, line 1108]
Event: 6.443 Thread 0x000001a60568dd80 Exception <a 'java/lang/NoSuchMethodError'{0x0000000084437aa8}: static Lorg/gradle/internal/build/event/types/DefaultPluginApplicationResult;.<clinit>()V> (0x0000000084437aa8) 
thrown [s\src\hotspot\share\prims\jni.cpp, line 1108]
Event: 6.443 Thread 0x000001a60568dd80 Exception <a 'java/lang/NoSuchMethodError'{0x00000000844c1da8}: static Lorg/gradle/internal/build/event/types/DefaultBinaryPluginIdentifier;.<clinit>()V> (0x00000000844c1da8) 
thrown [s\src\hotspot\share\prims\jni.cpp, line 1108]
Event: 6.454 Thread 0x000001a60568dd80 Exception <a 'java/lang/NoSuchMethodError'{0x00000000844daa18}: static Lorg/gradle/internal/build/event/types/DefaultScriptPluginIdentifier;.<clinit>()V> (0x00000000844daa18) 
thrown [s\src\hotspot\share\prims\jni.cpp, line 1108]
Event: 6.506 Thread 0x000001a60568e7a0 Implicit null exception at 0x000001a6715c4512 to 0x000001a6715c4c44
Event: 6.506 Thread 0x000001a60568e7a0 Implicit null exception at 0x000001a671686294 to 0x000001a67168695c
Event: 6.614 Thread 0x000001a60568e7a0 Exception <a 'java/lang/ClassNotFoundException'{0x00000000865d4170}: sun/misc/SharedSecrets> (0x00000000865d4170) 
thrown [s\src\hotspot\share\classfile\systemDictionary.cpp, line 256]
Event: 6.614 Thread 0x000001a60568e7a0 Exception <a 'java/lang/ClassNotFoundException'{0x00000000865d5748}: org/gradle/api/internal/plugins/DefaultObjectConfigurationActionBeanInfo> (0x00000000865d5748) 
thrown [s\src\hotspot\share\classfile\systemDictionary.cpp, line 256]
Event: 6.615 Thread 0x000001a60568e7a0 Exception <a 'java/lang/ClassNotFoundException'{0x00000000865ec1c8}: org/gradle/api/internal/plugins/DefaultObjectConfigurationActionCustomizer> (0x00000000865ec1c8) 
thrown [s\src\hotspot\share\classfile\systemDictionary.cpp, line 256]
Event: 6.972 Thread 0x000001a60568e7a0 Exception <a 'java/lang/NoSuchMethodError'{0x00000000867ad668}: 'int java.lang.invoke.DirectMethodHandle$Holder.invokeInterface(java.lang.Object, java.lang.Object, java.lang.Object, java.lang.Object)'> (0x00000000867ad668) 
thrown [s\src\hotspot\share\interpreter\linkResolver.cpp, line 771]

VM Operations (20 events):
Event: 6.586 Executing VM operation: G1PauseRemark done
Event: 6.608 Executing VM operation: G1PauseCleanup
Event: 6.608 Executing VM operation: G1PauseCleanup done
Event: 6.764 Executing VM operation: G1CollectForAllocation
Event: 6.767 Executing VM operation: G1CollectForAllocation done
Event: 6.775 Executing VM operation: G1CollectForAllocation
Event: 6.777 Executing VM operation: G1CollectForAllocation done
Event: 6.930 Executing VM operation: G1CollectForAllocation
Event: 6.933 Executing VM operation: G1CollectForAllocation done
Event: 6.969 Executing VM operation: HandshakeAllThreads
Event: 6.969 Executing VM operation: HandshakeAllThreads done
Event: 6.971 Executing VM operation: HandshakeAllThreads
Event: 6.971 Executing VM operation: HandshakeAllThreads done
Event: 6.984 Executing VM operation: G1PauseRemark
Event: 6.987 Executing VM operation: G1PauseRemark done
Event: 7.012 Executing VM operation: G1PauseCleanup
Event: 7.012 Executing VM operation: G1PauseCleanup done
Event: 7.148 Executing VM operation: G1CollectForAllocation
Event: 7.150 Executing VM operation: G1CollectForAllocation done
Event: 7.169 Executing VM operation: G1CollectForAllocation

Events (20 events):
Event: 6.791 loading class java/util/regex/Pattern$1 done
Event: 6.890 loading class java/util/concurrent/atomic/AtomicIntegerArray
Event: 6.890 loading class java/util/concurrent/atomic/AtomicIntegerArray done
Event: 6.892 loading class java/util/Currency
Event: 6.892 loading class java/util/Currency done
Event: 6.904 loading class java/util/concurrent/atomic/AtomicLongArray
Event: 6.904 loading class java/util/concurrent/atomic/AtomicLongArray done
Event: 7.041 loading class sun/text/resources/cldr/FormatData_en
Event: 7.041 loading class sun/text/resources/cldr/FormatData_en done
Event: 7.041 loading class sun/text/resources/cldr/FormatData_en_US
Event: 7.041 loading class sun/text/resources/cldr/FormatData_en_US done
Event: 7.077 Thread 0x000001a60669a170 Thread added: 0x000001a60669a170
Event: 7.162 loading class java/util/stream/ReduceOps$2
Event: 7.162 loading class java/util/stream/ReduceOps$2 done
Event: 7.162 loading class java/util/stream/ReduceOps$2ReducingSink
Event: 7.162 loading class java/util/stream/ReduceOps$2ReducingSink done
Event: 7.162 loading class java/lang/management/ClassLoadingMXBean
Event: 7.162 loading class java/lang/management/ClassLoadingMXBean done
Event: 7.162 loading class sun/management/ClassLoadingImpl
Event: 7.162 loading class sun/management/ClassLoadingImpl done


Dynamic libraries:
0x00007ff68ae20000 - 0x00007ff68ae2a000 	C:\Program Files\Android\Android Studio\jbr\bin\java.exe
0x00007ffb25c10000 - 0x00007ffb25e08000 	C:\WINDOWS\SYSTEM32\ntdll.dll
0x00007ffb24bd0000 - 0x00007ffb24c8d000 	C:\WINDOWS\System32\KERNEL32.DLL
0x00007ffb23330000 - 0x00007ffb23626000 	C:\WINDOWS\System32\KERNELBASE.dll
0x00007ffb23830000 - 0x00007ffb23930000 	C:\WINDOWS\System32\ucrtbase.dll
0x00007ffb09660000 - 0x00007ffb09677000 	C:\Program Files\Android\Android Studio\jbr\bin\jli.dll
0x00007ffb1e180000 - 0x00007ffb1e19b000 	C:\Program Files\Android\Android Studio\jbr\bin\VCRUNTIME140.dll
0x00007ffb25520000 - 0x00007ffb256bf000 	C:\WINDOWS\System32\USER32.dll
0x00007ffb23630000 - 0x00007ffb23652000 	C:\WINDOWS\System32\win32u.dll
0x00007ffb18c10000 - 0x00007ffb18eaa000 	C:\WINDOWS\WinSxS\amd64_microsoft.windows.common-controls_6595b64144ccf1df_6.0.19041.3636_none_60b6a03d71f818d5\COMCTL32.dll
0x00007ffb23f60000 - 0x00007ffb23f8b000 	C:\WINDOWS\System32\GDI32.dll
0x00007ffb24f60000 - 0x00007ffb24ffe000 	C:\WINDOWS\System32\msvcrt.dll
0x00007ffb23a90000 - 0x00007ffb23ba7000 	C:\WINDOWS\System32\gdi32full.dll
0x00007ffb23790000 - 0x00007ffb2382d000 	C:\WINDOWS\System32\msvcp_win.dll
0x00007ffb24db0000 - 0x00007ffb24de2000 	C:\WINDOWS\System32\IMM32.DLL
0x00007ffb0a7f0000 - 0x00007ffb0a7fc000 	C:\Program Files\Android\Android Studio\jbr\bin\vcruntime140_1.dll
0x00007ffb099a0000 - 0x00007ffb09a2d000 	C:\Program Files\Android\Android Studio\jbr\bin\msvcp140.dll
0x00007ffad48e0000 - 0x00007ffad5563000 	C:\Program Files\Android\Android Studio\jbr\bin\server\jvm.dll
0x00007ffb23c40000 - 0x00007ffb23cf0000 	C:\WINDOWS\System32\ADVAPI32.dll
0x00007ffb23f90000 - 0x00007ffb24030000 	C:\WINDOWS\System32\sechost.dll
0x00007ffb23dd0000 - 0x00007ffb23ef3000 	C:\WINDOWS\System32\RPCRT4.dll
0x00007ffb236b0000 - 0x00007ffb236d7000 	C:\WINDOWS\System32\bcrypt.dll
0x00007ffb22850000 - 0x00007ffb2289b000 	C:\WINDOWS\SYSTEM32\POWRPROF.dll
0x00007ffb015f0000 - 0x00007ffb015f9000 	C:\WINDOWS\SYSTEM32\WSOCK32.dll
0x00007ffb1a550000 - 0x00007ffb1a577000 	C:\WINDOWS\SYSTEM32\WINMM.dll
0x00007ffb24e90000 - 0x00007ffb24efb000 	C:\WINDOWS\System32\WS2_32.dll
0x00007ffb1e560000 - 0x00007ffb1e56a000 	C:\WINDOWS\SYSTEM32\VERSION.dll
0x00007ffb226c0000 - 0x00007ffb226d2000 	C:\WINDOWS\SYSTEM32\UMPDC.dll
0x00007ffb21150000 - 0x00007ffb21162000 	C:\WINDOWS\SYSTEM32\kernel.appcore.dll
0x00007ffb1e1b0000 - 0x00007ffb1e1ba000 	C:\Program Files\Android\Android Studio\jbr\bin\jimage.dll
0x00007ffb1a270000 - 0x00007ffb1a454000 	C:\WINDOWS\SYSTEM32\DBGHELP.DLL
0x00007ffb13f40000 - 0x00007ffb13f74000 	C:\WINDOWS\SYSTEM32\dbgcore.DLL
0x00007ffb23bb0000 - 0x00007ffb23c32000 	C:\WINDOWS\System32\bcryptPrimitives.dll
0x00007ffb1e1a0000 - 0x00007ffb1e1ae000 	C:\Program Files\Android\Android Studio\jbr\bin\instrument.dll
0x00007ffb11aa0000 - 0x00007ffb11ac5000 	C:\Program Files\Android\Android Studio\jbr\bin\java.dll
0x00007ffb0a7a0000 - 0x00007ffb0a7b8000 	C:\Program Files\Android\Android Studio\jbr\bin\zip.dll
0x00007ffb24030000 - 0x00007ffb2479b000 	C:\WINDOWS\System32\SHELL32.dll
0x00007ffb21350000 - 0x00007ffb21aee000 	C:\WINDOWS\SYSTEM32\windows.storage.dll
0x00007ffb24860000 - 0x00007ffb24bb3000 	C:\WINDOWS\System32\combase.dll
0x00007ffb22cf0000 - 0x00007ffb22d1e000 	C:\WINDOWS\SYSTEM32\Wldp.dll
0x00007ffb251b0000 - 0x00007ffb2527d000 	C:\WINDOWS\System32\OLEAUT32.dll
0x00007ffb25470000 - 0x00007ffb2551d000 	C:\WINDOWS\System32\SHCORE.dll
0x00007ffb23f00000 - 0x00007ffb23f55000 	C:\WINDOWS\System32\shlwapi.dll
0x00007ffb231f0000 - 0x00007ffb23213000 	C:\WINDOWS\SYSTEM32\profapi.dll
0x00007ffb09a50000 - 0x00007ffb09a69000 	C:\Program Files\Android\Android Studio\jbr\bin\net.dll
0x00007ffb1c860000 - 0x00007ffb1c96a000 	C:\WINDOWS\SYSTEM32\WINHTTP.dll
0x00007ffb22a50000 - 0x00007ffb22aba000 	C:\WINDOWS\system32\mswsock.dll
0x00007ffb097a0000 - 0x00007ffb097b6000 	C:\Program Files\Android\Android Studio\jbr\bin\nio.dll
0x00007ffb09cc0000 - 0x00007ffb09cd0000 	C:\Program Files\Android\Android Studio\jbr\bin\verify.dll
0x00007ffb1c7d0000 - 0x00007ffb1c7f7000 	C:\Users\Jose Martins\.gradle\native\c067742578af261105cb4f569cf0c3c89f3d7b1fecec35dd04571415982c5e48\windows-amd64\native-platform.dll
0x00007ffb00000000 - 0x00007ffb00144000 	C:\Users\Jose Martins\.gradle\native\38dada09dfb8b06ba9b0570ebf7e218e3eb74d4ef43ca46872605cf95ebc2f47\windows-amd64\native-platform-file-events.dll
0x00007ffb0a970000 - 0x00007ffb0a979000 	C:\Program Files\Android\Android Studio\jbr\bin\management.dll
0x00007ffb09d50000 - 0x00007ffb09d5b000 	C:\Program Files\Android\Android Studio\jbr\bin\management_ext.dll
0x00007ffb24bc0000 - 0x00007ffb24bc8000 	C:\WINDOWS\System32\PSAPI.DLL
0x00007ffb22c40000 - 0x00007ffb22c58000 	C:\WINDOWS\SYSTEM32\CRYPTSP.dll
0x00007ffb22300000 - 0x00007ffb22334000 	C:\WINDOWS\system32\rsaenh.dll
0x00007ffb231b0000 - 0x00007ffb231de000 	C:\WINDOWS\SYSTEM32\USERENV.dll
0x00007ffb22c60000 - 0x00007ffb22c6c000 	C:\WINDOWS\SYSTEM32\CRYPTBASE.dll
0x00007ffb226e0000 - 0x00007ffb2271b000 	C:\WINDOWS\SYSTEM32\IPHLPAPI.DLL
0x00007ffb24850000 - 0x00007ffb24858000 	C:\WINDOWS\System32\NSI.dll
0x00007ffb1cd60000 - 0x00007ffb1cd77000 	C:\WINDOWS\SYSTEM32\dhcpcsvc6.DLL
0x00007ffb1da30000 - 0x00007ffb1da4d000 	C:\WINDOWS\SYSTEM32\dhcpcsvc.DLL
0x00007ffb22720000 - 0x00007ffb227eb000 	C:\WINDOWS\SYSTEM32\DNSAPI.dll
0x00007ffb1ece0000 - 0x00007ffb1ece7000 	C:\WINDOWS\system32\wshunix.dll

dbghelp: loaded successfully - version: 4.0.5 - missing functions: none
symbol engine: initialized successfully - sym options: 0x614 - pdb path: .;C:\Program Files\Android\Android Studio\jbr\bin;C:\WINDOWS\SYSTEM32;C:\WINDOWS\WinSxS\amd64_microsoft.windows.common-controls_6595b64144ccf1df_6.0.19041.3636_none_60b6a03d71f818d5;C:\Program Files\Android\Android Studio\jbr\bin\server;C:\Users\Jose Martins\.gradle\native\c067742578af261105cb4f569cf0c3c89f3d7b1fecec35dd04571415982c5e48\windows-amd64;C:\Users\Jose Martins\.gradle\native\38dada09dfb8b06ba9b0570ebf7e218e3eb74d4ef43ca46872605cf95ebc2f47\windows-amd64

VM Arguments:
jvm_args: --add-opens=java.base/java.util=ALL-UNNAMED --add-opens=java.base/java.lang=ALL-UNNAMED --add-opens=java.base/java.lang.invoke=ALL-UNNAMED --add-opens=java.prefs/java.util.prefs=ALL-UNNAMED --add-opens=java.base/java.nio.charset=ALL-UNNAMED --add-opens=java.base/java.net=ALL-UNNAMED --add-opens=java.base/java.util.concurrent.atomic=ALL-UNNAMED -Xmx2048m -Dfile.encoding=UTF-8 -Duser.country=PT -Duser.language=pt -Duser.variant -javaagent:C:\Users\Jose Martins\.gradle\wrapper\dists\gradle-8.4-bin\1w5dpkrfk8irigvoxmyhowfim\gradle-8.4\lib\agents\gradle-instrumentation-agent-8.4.jar 
java_command: org.gradle.launcher.daemon.bootstrap.GradleDaemon 8.4
java_class_path (initial): C:\Users\Jose Martins\.gradle\wrapper\dists\gradle-8.4-bin\1w5dpkrfk8irigvoxmyhowfim\gradle-8.4\lib\gradle-launcher-8.4.jar
Launcher Type: SUN_STANDARD

[Global flags]
     intx CICompilerCount                          = 3                                         {product} {ergonomic}
     uint ConcGCThreads                            = 1                                         {product} {ergonomic}
     uint G1ConcRefinementThreads                  = 4                                         {product} {ergonomic}
   size_t G1HeapRegionSize                         = 1048576                                   {product} {ergonomic}
    uintx GCDrainStackTargetSize                   = 64                                        {product} {ergonomic}
   size_t InitialHeapSize                          = 134217728                                 {product} {ergonomic}
   size_t MarkStackSize                            = 4194304                                   {product} {ergonomic}
   size_t MaxHeapSize                              = 2147483648                                {product} {command line}
   size_t MaxNewSize                               = 1287651328                                {product} {ergonomic}
   size_t MinHeapDeltaBytes                        = 1048576                                   {product} {ergonomic}
   size_t MinHeapSize                              = 8388608                                   {product} {ergonomic}
    uintx NonNMethodCodeHeapSize                   = 5832780                                {pd product} {ergonomic}
    uintx NonProfiledCodeHeapSize                  = 122912730                              {pd product} {ergonomic}
    uintx ProfiledCodeHeapSize                     = 122912730                              {pd product} {ergonomic}
    uintx ReservedCodeCacheSize                    = 251658240                              {pd product} {ergonomic}
     bool SegmentedCodeCache                       = true                                      {product} {ergonomic}
   size_t SoftMaxHeapSize                          = 2147483648                             {manageable} {ergonomic}
     bool UseCompressedClassPointers               = true                           {product lp64_product} {ergonomic}
     bool UseCompressedOops                        = true                           {product lp64_product} {ergonomic}
     bool UseG1GC                                  = true                                      {product} {ergonomic}
     bool UseLargePagesIndividualAllocation        = false                                  {pd product} {ergonomic}

Logging:
Log output configuration:
 #0: stdout all=warning uptime,level,tags
 #1: stderr all=off uptime,level,tags

Environment Variables:
PATH=C:\Python312\Scripts\;C:\Python312\;C:\ProgramData\Oracle\Java\javapath;C:\WINDOWS\system32;C:\WINDOWS;C:\WINDOWS\System32\Wbem;C:\WINDOWS\System32\WindowsPowerShell\v1.0\;C:\WINDOWS\System32\OpenSSH\;C:\Program Files\NVIDIA Corporation\NVIDIA NvDLISR;C:\WINDOWS\system32;C:\WINDOWS;C:\WINDOWS\System32\Wbem;C:\WINDOWS\System32\WindowsPowerShell\v1.0\;C:\WINDOWS\System32\OpenSSH\;C:\Program Files (x86)\NVIDIA Corporation\PhysX\Common;C:\Program Files\nodejs\;C:\ProgramData\chocolatey\bin;C:\Program Files\Git\cmd;C:\Users\Jose Martins\AppData\Local\Microsoft\WindowsApps;C:\Users\Jose Martins\AppData\Roaming\npm
USERNAME=Jose Martins
OS=Windows_NT
PROCESSOR_IDENTIFIER=Intel64 Family 6 Model 158 Stepping 9, GenuineIntel
TMP=C:\Users\JOSEMA~1\AppData\Local\Temp
TEMP=C:\Users\JOSEMA~1\AppData\Local\Temp



Periodic native trim disabled

JNI global refs:
JNI global refs: 26, weak refs: 0

JNI global refs memory usage: 843, weak refs: 841

OOME stack traces (most recent first):
Classloader memory used:
Loader org.gradle.internal.classloader.VisitableURLClassLoader                         : 3715K
Loader bootstrap                                                                       : 2484K
Loader org.gradle.initialization.MixInLegacyTypesClassLoader                           : 1057K
Loader org.gradle.internal.classloader.VisitableURLClassLoader$InstrumentingVisitableURLClassLoader: 606K
Loader jdk.internal.loader.ClassLoaders$PlatformClassLoader                            : 70075B
Loader jdk.internal.loader.ClassLoaders$AppClassLoader                                 : 28453B
Loader jdk.internal.reflect.DelegatingClassLoader                                      : 27862B
Loader org.gradle.internal.classloader.VisitableURLClassLoader                         : 13647B
Loader org.gradle.groovy.scripts.internal.DefaultScriptCompilationHandler$ScriptClassLoader: 9062B
Loader org.codehaus.groovy.runtime.callsite.CallSiteClassLoader                        : 1270B

Classes loaded by more than one classloader:
Class Program                                                                         : loaded 4 times (x 72B)
Class com.google.common.collect.Iterators$MergingIterator                             : loaded 2 times (x 79B)
Class [Lcom.google.common.collect.AbstractMapEntry;                                   : loaded 2 times (x 67B)
Class com.google.common.collect.SingletonImmutableList                                : loaded 2 times (x 167B)
Class com.google.common.cache.CacheLoader$SupplierToCacheLoader                       : loaded 2 times (x 73B)
Class org.gradle.internal.classpath.ClassPath                                         : loaded 2 times (x 68B)
Class com.google.common.cache.RemovalListener                                         : loaded 2 times (x 68B)
Class org.gradle.api.internal.classpath.DefaultModuleRegistry                         : loaded 2 times (x 84B)
Class Settings_gradle$1$1                                                             : loaded 2 times (x 72B)
Class com.google.common.collect.ListMultimap                                          : loaded 2 times (x 68B)
Class com.google.common.base.CharMatcher$JavaDigit                                    : loaded 2 times (x 109B)
Class com.google.common.base.CharMatcher$Digit                                        : loaded 2 times (x 110B)
Class com.google.common.collect.AbstractMultimap                                      : loaded 2 times (x 121B)
Class com.google.common.cache.CacheBuilder$OneWeigher                                 : loaded 2 times (x 80B)
Class org.gradle.api.Action                                                           : loaded 2 times (x 68B)
Class com.google.common.collect.ImmutableEntry                                        : loaded 2 times (x 80B)
Class com.google.common.collect.Lists$StringAsImmutableList                           : loaded 2 times (x 167B)
Class com.google.common.base.CharMatcher                                              : loaded 2 times (x 109B)
Class com.google.common.base.CharMatcher$IsNot                                        : loaded 2 times (x 109B)
Class com.google.common.base.Splitter                                                 : loaded 2 times (x 70B)
Class [Lcom.google.common.cache.Weigher;                                              : loaded 2 times (x 67B)
Class com.google.common.collect.Iterators$ArrayItr                                    : loaded 2 times (x 95B)
Class com.google.common.cache.LocalCache$Segment                                      : loaded 2 times (x 152B)
Class org.gradle.api.internal.DefaultClassPathProvider                                : loaded 2 times (x 74B)
Class org.gradle.internal.installation.GradleInstallation$1                           : loaded 2 times (x 73B)
Class com.google.common.base.CharMatcher$BitSetMatcher                                : loaded 2 times (x 110B)
Class com.google.common.collect.ImmutableMap$IteratorBasedImmutableMap                : loaded 2 times (x 123B)
Class com.google.common.collect.ImmutableMap                                          : loaded 2 times (x 118B)
Class com.google.common.base.Converter                                                : loaded 2 times (x 88B)
Class com.google.common.collect.ImmutableSet$EmptySetBuilderImpl                      : loaded 2 times (x 74B)
Class com.google.common.base.Equivalence                                              : loaded 2 times (x 80B)
Class com.google.common.cache.LocalCache$EntryFactory$1                               : loaded 2 times (x 81B)
Class com.google.common.cache.LocalCache$EntryFactory$2                               : loaded 2 times (x 81B)
Class com.google.common.cache.LocalCache$EntryFactory$3                               : loaded 2 times (x 81B)
Class com.google.common.cache.LocalCache$EntryFactory$4                               : loaded 2 times (x 81B)
Class com.google.common.cache.LocalCache$EntryFactory$5                               : loaded 2 times (x 81B)
Class com.google.common.cache.LocalCache$EntryFactory$6                               : loaded 2 times (x 81B)
Class com.google.common.cache.LocalCache$EntryFactory$7                               : loaded 2 times (x 81B)
Class com.google.common.cache.LocalCache$EntryFactory$8                               : loaded 2 times (x 81B)
Class com.google.common.base.Predicate                                                : loaded 2 times (x 68B)
Class org.gradle.internal.classloader.FilteringClassLoader                            : loaded 2 times (x 103B)
Class com.google.common.collect.RegularImmutableSet                                   : loaded 2 times (x 146B)
Class [Lcom.google.common.cache.LocalCache$Strength;                                  : loaded 2 times (x 67B)
Class org.gradle.internal.classpath.DefaultClassPath$ImmutableUniqueList$Builder      : loaded 2 times (x 73B)
Class com.google.common.collect.Maps$8                                                : loaded 2 times (x 80B)
Class [Lcom.google.common.cache.CacheBuilder$NullListener;                            : loaded 2 times (x 67B)
Class com.google.common.base.PatternCompiler                                          : loaded 2 times (x 68B)
Class com.google.common.base.CharMatcher$InRange                                      : loaded 2 times (x 109B)
Class com.google.common.collect.BiMap                                                 : loaded 2 times (x 68B)
Class com.google.common.collect.Lists                                                 : loaded 2 times (x 69B)
Class com.google.common.math.IntMath$1                                                : loaded 2 times (x 69B)
Class org.gradle.internal.classloader.ClassLoaderVisitor                              : loaded 2 times (x 74B)
Class com.google.common.cache.CacheBuilder$NullListener                               : loaded 2 times (x 80B)
Class com.google.common.math.MathPreconditions                                        : loaded 2 times (x 69B)
Class org.gradle.internal.service.DefaultServiceLocator                               : loaded 2 times (x 81B)
Class org.gradle.internal.service.UnknownServiceException                             : loaded 2 times (x 81B)
Class com.google.common.collect.ArrayListMultimap                                     : loaded 2 times (x 170B)
Class com.google.common.base.Strings                                                  : loaded 2 times (x 69B)
Class com.google.common.cache.CacheLoader$InvalidCacheLoadException                   : loaded 2 times (x 80B)
Class org.gradle.internal.classloader.DefaultClassLoaderFactory                       : loaded 2 times (x 80B)
Class com.google.common.collect.UnmodifiableIterator                                  : loaded 2 times (x 78B)
Class com.google.common.base.Platform$JdkPatternCompiler                              : loaded 2 times (x 73B)
Class com.google.common.cache.LocalCache$LoadingValueReference                        : loaded 2 times (x 94B)
Class com.google.common.base.CharMatcher$SingleWidth                                  : loaded 2 times (x 110B)
Class com.google.common.collect.Hashing                                               : loaded 2 times (x 69B)
Class com.google.common.base.JdkPattern                                               : loaded 2 times (x 73B)
Class com.google.common.collect.Multimap                                              : loaded 2 times (x 68B)
Class com.google.common.base.FunctionalEquivalence                                    : loaded 2 times (x 81B)
Class com.google.common.cache.LocalCache$1                                            : loaded 2 times (x 87B)
Class com.google.common.cache.LocalCache$2                                            : loaded 2 times (x 140B)
Class org.gradle.internal.classloader.VisitableURLClassLoader$Spec                    : loaded 2 times (x 72B)
Class org.gradle.api.GradleException                                                  : loaded 2 times (x 80B)
Class com.google.common.base.CharMatcher$JavaLetterOrDigit                            : loaded 2 times (x 109B)
Class org.gradle.api.internal.classpath.ModuleRegistry                                : loaded 2 times (x 68B)
Class com.google.common.cache.CacheBuilder                                            : loaded 2 times (x 70B)
Class com.google.common.collect.ImmutableCollection                                   : loaded 2 times (x 123B)
Class com.google.common.base.PairwiseEquivalence                                      : loaded 2 times (x 81B)
Class com.google.common.base.Ticker                                                   : loaded 2 times (x 70B)
Class org.gradle.api.internal.ClassPathProvider                                       : loaded 2 times (x 68B)
Class com.google.common.collect.RegularImmutableMap$Values                            : loaded 2 times (x 167B)
Class org.gradle.internal.classloader.ClasspathUtil$1                                 : loaded 2 times (x 74B)
Class com.google.common.collect.ImmutableEnumMap                                      : loaded 2 times (x 123B)
Class com.google.common.collect.ImmutableList$ReverseImmutableList                    : loaded 2 times (x 168B)
Class com.google.common.cache.AbstractCache$StatsCounter                              : loaded 2 times (x 68B)
Class com.google.common.cache.LocalCache$Strength$1                                   : loaded 2 times (x 79B)
Class com.google.common.cache.LocalCache$Strength$2                                   : loaded 2 times (x 79B)
Class com.google.common.cache.LocalCache$Strength$3                                   : loaded 2 times (x 79B)
Class org.gradle.internal.classloader.ClassLoaderFactory                              : loaded 2 times (x 68B)
Class com.google.common.collect.ObjectArrays                                          : loaded 2 times (x 69B)
Class com.google.common.collect.Iterators$10                                          : loaded 2 times (x 79B)
Class com.google.common.collect.ImmutableList                                         : loaded 2 times (x 166B)
Class org.gradle.api.internal.classpath.ManifestUtil                                  : loaded 2 times (x 69B)
Class org.gradle.api.specs.Spec                                                       : loaded 2 times (x 68B)
Class com.google.common.cache.CacheLoader$UnsupportedLoadingOperationException        : loaded 2 times (x 80B)
Class com.google.common.base.CharMatcher$Whitespace                                   : loaded 2 times (x 110B)
Class com.google.common.collect.Iterators$1                                           : loaded 2 times (x 79B)
Class com.google.common.collect.Iterators$4                                           : loaded 2 times (x 80B)
Class com.google.common.collect.RegularImmutableMap$BucketOverflowException           : loaded 2 times (x 80B)
Class com.google.common.collect.Iterators$5                                           : loaded 2 times (x 80B)
Class com.google.common.base.Equivalence$Equals                                       : loaded 2 times (x 80B)
Class com.google.common.base.Preconditions                                            : loaded 2 times (x 69B)
Class com.google.common.base.Function                                                 : loaded 2 times (x 68B)
Class com.google.common.collect.Iterators$9                                           : loaded 2 times (x 79B)
Class org.gradle.internal.IoActions                                                   : loaded 2 times (x 69B)
Class com.google.common.cache.ReferenceEntry                                          : loaded 2 times (x 68B)
Class com.google.common.collect.RegularImmutableMap$KeySet                            : loaded 2 times (x 148B)
Class com.google.common.collect.CollectPreconditions                                  : loaded 2 times (x 69B)
Class com.google.common.collect.Maps                                                  : loaded 2 times (x 69B)
Class com.google.common.collect.RegularImmutableMap                                   : loaded 2 times (x 119B)
Class com.google.common.collect.AbstractIndexedListIterator                           : loaded 2 times (x 94B)
Class com.google.common.base.CharMatcher$None                                         : loaded 2 times (x 110B)
Class org.gradle.api.internal.classpath.EffectiveClassPath                            : loaded 2 times (x 88B)
Class com.google.common.collect.UnmodifiableListIterator                              : loaded 2 times (x 93B)
Class com.google.common.cache.CacheLoader$FunctionToCacheLoader                       : loaded 2 times (x 73B)
Class com.google.common.cache.CacheBuilder$1                                          : loaded 2 times (x 83B)
Class com.google.common.cache.CacheBuilder$2                                          : loaded 2 times (x 70B)
Class com.google.common.collect.ImmutableList$1                                       : loaded 2 times (x 95B)
Class com.google.common.base.Splitter$Strategy                                        : loaded 2 times (x 68B)
Class com.google.common.collect.ImmutableMapEntrySet$RegularEntrySet                  : loaded 2 times (x 149B)
Class [Lcom.google.common.cache.RemovalListener;                                      : loaded 2 times (x 67B)
Class [Lcom.google.common.collect.ImmutableMapEntry;                                  : loaded 2 times (x 67B)
Class org.gradle.internal.installation.CurrentGradleInstallation                      : loaded 2 times (x 71B)
Class org.gradle.internal.agents.InstrumentingClassLoader                             : loaded 2 times (x 68B)
Class org.gradle.internal.installation.CurrentGradleInstallationLocator               : loaded 2 times (x 69B)
Class [Lcom.google.common.cache.LocalCache$Segment;                                   : loaded 2 times (x 67B)
Class org.gradle.api.internal.classpath.Module                                        : loaded 2 times (x 68B)
Class com.google.common.base.Splitter$1$1                                             : loaded 2 times (x 84B)
Class com.google.common.collect.ImmutableSet$JdkBackedSetBuilderImpl                  : loaded 2 times (x 74B)
Class com.google.common.collect.ImmutableSet$RegularSetBuilderImpl                    : loaded 2 times (x 75B)
Class org.gradle.internal.service.CachingServiceLocator                               : loaded 2 times (x 80B)
Class [Lcom.google.common.collect.ImmutableEntry;                                     : loaded 2 times (x 67B)
Class org.gradle.internal.classpath.DefaultClassPath                                  : loaded 2 times (x 88B)
Class com.google.common.base.Splitter$SplittingIterator                               : loaded 2 times (x 82B)
Class com.google.common.cache.LocalCache$LocalManualCache$1                           : loaded 2 times (x 73B)
Class Build_gradle$1                                                                  : loaded 2 times (x 76B)
Class [Lcom.google.common.cache.LocalCache$EntryFactory;                              : loaded 2 times (x 67B)
Class com.google.common.base.CharMatcher$Is                                           : loaded 2 times (x 109B)
Class com.google.common.base.Platform                                                 : loaded 2 times (x 69B)
Class com.google.common.collect.RegularImmutableAsList                                : loaded 2 times (x 176B)
Class com.google.common.collect.PeekingIterator                                       : loaded 2 times (x 68B)
Class com.google.common.collect.ImmutableMapEntrySet                                  : loaded 2 times (x 149B)
Class com.google.common.cache.CacheLoader                                             : loaded 2 times (x 72B)
Class com.google.common.collect.ImmutableBiMapFauxverideShim                          : loaded 2 times (x 118B)
Class com.google.common.cache.Cache                                                   : loaded 2 times (x 68B)
Class org.gradle.internal.classloader.SystemClassLoaderSpec                           : loaded 2 times (x 69B)
Class com.google.common.collect.SingletonImmutableSet                                 : loaded 2 times (x 144B)
Class [Lcom.google.common.base.AbstractIterator$State;                                : loaded 2 times (x 67B)
Class com.google.common.collect.ImmutableMap$Builder                                  : loaded 2 times (x 80B)
Class com.google.common.base.AbstractIterator                                         : loaded 2 times (x 78B)
Class com.google.common.base.AbstractIterator$1                                       : loaded 2 times (x 69B)
Class [Lcom.google.common.cache.CacheBuilder$OneWeigher;                              : loaded 2 times (x 67B)
Class com.google.common.collect.Iterators                                             : loaded 2 times (x 69B)
Class com.google.common.base.CharMatcher$Ascii                                        : loaded 2 times (x 110B)
Class com.google.common.base.CharMatcher$1                                            : loaded 2 times (x 111B)
Class com.google.common.cache.LocalCache$ComputingValueReference                      : loaded 2 times (x 94B)
Class org.gradle.api.UncheckedIOException                                             : loaded 2 times (x 80B)
Class com.google.common.base.CharMatcher$And                                          : loaded 2 times (x 110B)
Class com.google.common.collect.IndexedImmutableSet                                   : loaded 2 times (x 148B)
Class com.google.common.collect.AbstractListMultimap                                  : loaded 2 times (x 170B)
Class com.google.common.base.CharMatcher$Any                                          : loaded 2 times (x 110B)
Class org.gradle.internal.installation.GradleInstallation                             : loaded 2 times (x 73B)
Class com.google.common.cache.LocalCache$Strength                                     : loaded 2 times (x 79B)
Class com.google.common.collect.ArrayListMultimapGwtSerializationDependencies         : loaded 2 times (x 170B)
Class com.google.common.base.CharMatcher$RangesMatcher                                : loaded 2 times (x 110B)
Class com.google.common.collect.ImmutableList$SubList                                 : loaded 2 times (x 168B)
Class com.google.common.cache.LocalCache$ValueReference                               : loaded 2 times (x 68B)
Class org.gradle.internal.classloader.ClasspathUtil                                   : loaded 2 times (x 69B)
Class com.google.common.base.Splitter$1                                               : loaded 2 times (x 75B)
Class com.google.common.base.Ticker$1                                                 : loaded 2 times (x 70B)
Class com.google.common.collect.Maps$BiMapConverter                                   : loaded 2 times (x 88B)
Class org.gradle.api.internal.DefaultClassPathRegistry                                : loaded 2 times (x 74B)
Class com.google.common.collect.ImmutableSet$SetBuilderImpl                           : loaded 2 times (x 74B)
Class org.gradle.api.internal.classpath.DefaultModuleRegistry$DefaultModule           : loaded 2 times (x 84B)
Class com.google.common.base.CharMatcher$JavaIsoControl                               : loaded 2 times (x 110B)
Class com.google.common.collect.ImmutableMap$1                                        : loaded 2 times (x 79B)
Class com.google.common.base.CharMatcher$Or                                           : loaded 2 times (x 110B)
Class org.gradle.kotlin.dsl.VersionCatalogAccessorsKt                                 : loaded 2 times (x 69B)
Class com.google.common.base.Suppliers$SupplierOfInstance                             : loaded 2 times (x 77B)
Class com.google.common.collect.Iterables                                             : loaded 2 times (x 69B)
Class com.google.common.base.CharMatcher$JavaLowerCase                                : loaded 2 times (x 109B)
Class org.gradle.api.internal.classpath.UnknownModuleException                        : loaded 2 times (x 80B)
Class com.google.common.collect.Maps$EntryTransformer                                 : loaded 2 times (x 68B)
Class com.google.common.collect.ImmutableCollection$Builder                           : loaded 2 times (x 74B)
Class com.google.common.base.CommonPattern                                            : loaded 2 times (x 72B)
Class com.google.common.base.Suppliers                                                : loaded 2 times (x 69B)
Class com.google.common.cache.LoadingCache                                            : loaded 2 times (x 68B)
Class org.gradle.internal.service.ServiceLookupException                              : loaded 2 times (x 80B)
Class org.gradle.cache.GlobalCache                                                    : loaded 2 times (x 68B)
Class com.google.common.base.CharMatcher$NegatedFastMatcher                           : loaded 2 times (x 111B)
Class [Lorg.gradle.api.internal.ClassPathProvider;                                    : loaded 2 times (x 67B)
Class org.gradle.util.internal.GUtil                                                  : loaded 2 times (x 69B)
Class com.google.common.math.IntMath                                                  : loaded 2 times (x 69B)
Class com.google.common.collect.AbstractIterator                                      : loaded 2 times (x 80B)
Class org.gradle.internal.classloader.ClassLoaderSpec                                 : loaded 2 times (x 69B)
Class com.google.common.base.NullnessCasts                                            : loaded 2 times (x 69B)
Class com.google.common.cache.LocalCache$LocalManualCache                             : loaded 2 times (x 97B)
Class com.google.common.collect.AbstractMapEntry                                      : loaded 2 times (x 79B)
Class com.google.common.base.CharMatcher$Negated                                      : loaded 2 times (x 111B)
Class com.google.common.cache.CacheLoader$1                                           : loaded 2 times (x 73B)
Class com.google.common.collect.ImmutableSet$Builder                                  : loaded 2 times (x 83B)
Class com.google.common.base.CharMatcher$ForPredicate                                 : loaded 2 times (x 110B)
Class com.google.common.collect.ImmutableMap$MapViewOfValuesAsSingletonSets           : loaded 2 times (x 123B)
Class com.google.common.base.MoreObjects                                              : loaded 2 times (x 69B)
Class com.google.common.collect.SortedMapDifference                                   : loaded 2 times (x 68B)
Class com.google.common.cache.CacheStats                                              : loaded 2 times (x 69B)
Class org.gradle.internal.classloader.VisitableURLClassLoader                         : loaded 2 times (x 115B)
Class com.google.common.cache.LocalCache$LocalLoadingCache                            : loaded 2 times (x 132B)
Class com.google.common.base.Supplier                                                 : loaded 2 times (x 68B)
Class com.google.common.collect.ImmutableBiMap                                        : loaded 2 times (x 141B)
Class org.gradle.internal.Cast                                                        : loaded 2 times (x 69B)
Class Build_gradle                                                                    : loaded 2 times (x 70B)
Class org.gradle.api.internal.ClassPathRegistry                                       : loaded 2 times (x 68B)
Class com.google.common.cache.LocalCache$EntryFactory                                 : loaded 2 times (x 81B)
Class com.google.common.util.concurrent.UncheckedExecutionException                   : loaded 2 times (x 80B)
Class com.google.common.collect.ImmutableSet                                          : loaded 2 times (x 143B)
Class org.gradle.internal.classloader.VisitableURLClassLoader$InstrumentingVisitableURLClassLoader: loaded 2 times (x 121B)
Class org.gradle.internal.classloader.ClassLoaderHierarchy                            : loaded 2 times (x 68B)
Class com.google.common.base.AbstractIterator$State                                   : loaded 2 times (x 77B)
Class com.google.common.cache.Weigher                                                 : loaded 2 times (x 68B)
Class com.google.common.base.CharMatcher$NamedFastMatcher                             : loaded 2 times (x 110B)
Class org.gradle.internal.InternalTransformer                                         : loaded 2 times (x 68B)
Class org.gradle.internal.service.ServiceLocator                                      : loaded 2 times (x 68B)
Class Settings_gradle$1                                                               : loaded 2 times (x 72B)
Class com.google.common.collect.ImmutableMapEntry                                     : loaded 2 times (x 83B)
Class com.google.common.base.CharMatcher$Invisible                                    : loaded 2 times (x 110B)
Class com.google.common.base.CharMatcher$FastMatcher                                  : loaded 2 times (x 109B)
Class org.gradle.internal.classpath.DefaultClassPath$ImmutableUniqueList              : loaded 2 times (x 159B)
Class com.google.common.base.CharMatcher$JavaLetter                                   : loaded 2 times (x 109B)
Class org.gradle.internal.classpath.TransformedClassPath                              : loaded 2 times (x 94B)
Class com.google.common.collect.MapDifference                                         : loaded 2 times (x 68B)
Class Settings_gradle                                                                 : loaded 2 times (x 126B)
Class com.google.common.collect.Platform                                              : loaded 2 times (x 69B)
Class com.google.common.collect.ImmutableAsList                                       : loaded 2 times (x 169B)
Class com.google.common.util.concurrent.ExecutionError                                : loaded 2 times (x 80B)
Class com.google.common.base.Equivalence$Identity                                     : loaded 2 times (x 80B)
Class com.google.common.base.CharMatcher$AnyOf                                        : loaded 2 times (x 110B)
Class com.google.common.base.CharMatcher$IsEither                                     : loaded 2 times (x 109B)
Class com.google.common.cache.LocalCache                                              : loaded 2 times (x 185B)
Class com.google.common.collect.RegularImmutableList                                  : loaded 2 times (x 172B)
Class com.google.common.base.CharMatcher$JavaUpperCase                                : loaded 2 times (x 109B)
Class com.google.common.collect.Multiset                                              : loaded 2 times (x 68B)
Class com.google.common.collect.ImmutableSet$CachingAsList                            : loaded 2 times (x 145B)
Class com.google.common.collect.ImmutableMapEntry$NonTerminalImmutableMapEntry        : loaded 2 times (x 83B)
Class com.google.common.collect.AbstractMapBasedMultimap                              : loaded 2 times (x 137B)


---------------  S Y S T E M  ---------------

OS:
 Windows 10 , 64 bit Build 19041 (10.0.19041.3636)
OS uptime: 0 days 0:44 hours

CPU: total 4 (initial active 4) (4 cores per cpu, 1 threads per core) family 6 model 158 stepping 9 microcode 0xb4, cx8, cmov, fxsr, mmx, 3dnowpref, sse, sse2, sse3, ssse3, sse4.1, sse4.2, popcnt, lzcnt, tsc, tscinvbit, avx, avx2, aes, erms, clmul, bmi1, bmi2, rtm, adx, fma, vzeroupper, clflush, clflushopt
Processor Information for all 4 processors :
  Max Mhz: 3501, Current Mhz: 3501, Mhz Limit: 3501

Memory: 4k page, system-wide physical 8123M (602M free)
TotalPageFile size 10171M (AvailPageFile size 14M)
current process WorkingSet (physical memory assigned to process): 306M, peak: 307M
current process commit charge ("private bytes"): 346M, peak: 395M

vm_info: OpenJDK 64-Bit Server VM (17.0.9+0--11185874) for windows-amd64 JRE (17.0.9+0--11185874), built on Dec  6 2023 18:57:44 by "androidbuild" with MS VC++ 16.10 / 16.11 (VS2019)

END.
