#
# There is insufficient memory for the Java Runtime Environment to continue.
# Native memory allocation (mmap) failed to map 99614720 bytes for G1 virtual space
# Possible reasons:
#   The system is out of physical RAM or swap space
#   The process is running with CompressedOops enabled, and the Java Heap may be blocking the growth of the native heap
# Possible solutions:
#   Reduce memory load on the system
#   Increase physical memory or swap space
#   Check if swap backing store is full
#   Decrease Java heap size (-Xmx/-Xms)
#   Decrease number of Java threads
#   Decrease Java thread stack sizes (-Xss)
#   Set larger code cache with -XX:ReservedCodeCacheSize=
#   JVM is running with Unscaled Compressed Oops mode in which the Java heap is
#     placed in the first 4GB address space. The Java Heap base address is the
#     maximum limit for the native heap growth. Please use -XX:HeapBaseMinAddress
#     to set the Java Heap base and to place the Java Heap above 4GB virtual address.
# This output file may be truncated or incomplete.
#
#  Out of Memory Error (os_windows.cpp:3825), pid=20784, tid=4892
#
# JRE version: OpenJDK Runtime Environment (17.0.9) (build 17.0.9+0--11185874)
# Java VM: OpenJDK 64-Bit Server VM (17.0.9+0--11185874, mixed mode, tiered, compressed oops, compressed class ptrs, g1 gc, windows-amd64)
# No core dump will be written. Minidumps are not enabled by default on client versions of Windows
#

---------------  S U M M A R Y ------------

Command Line: --add-opens=java.base/java.util=ALL-UNNAMED --add-opens=java.base/java.lang=ALL-UNNAMED --add-opens=java.base/java.lang.invoke=ALL-UNNAMED --add-opens=java.prefs/java.util.prefs=ALL-UNNAMED --add-opens=java.base/java.nio.charset=ALL-UNNAMED --add-opens=java.base/java.net=ALL-UNNAMED --add-opens=java.base/java.util.concurrent.atomic=ALL-UNNAMED -Xmx2048m -Dfile.encoding=UTF-8 -Duser.country=PT -Duser.language=pt -Duser.variant -javaagent:C:\Users\Jose Martins\.gradle\wrapper\dists\gradle-8.4-bin\1w5dpkrfk8irigvoxmyhowfim\gradle-8.4\lib\agents\gradle-instrumentation-agent-8.4.jar org.gradle.launcher.daemon.bootstrap.GradleDaemon 8.4

Host: Intel(R) Core(TM) i5-7600 CPU @ 3.50GHz, 4 cores, 7G,  Windows 10 , 64 bit Build 19041 (10.0.19041.3636)
Time: Wed May  1 18:40:07 2024 Hora de Verão de GMT elapsed time: 9.210123 seconds (0d 0h 0m 9s)

---------------  T H R E A D  ---------------

Current thread (0x000001ffd573bcb0):  VMThread "VM Thread" [stack: 0x000000c251500000,0x000000c251600000] [id=4892]

Stack: [0x000000c251500000,0x000000c251600000]
Native frames: (J=compiled Java code, j=interpreted, Vv=VM code, C=native code)
V  [jvm.dll+0x6886e9]
V  [jvm.dll+0x841e4a]
V  [jvm.dll+0x843a8e]
V  [jvm.dll+0x8440f3]
V  [jvm.dll+0x24c14f]
V  [jvm.dll+0x685499]
V  [jvm.dll+0x679c2a]
V  [jvm.dll+0x30cf9b]
V  [jvm.dll+0x314446]
V  [jvm.dll+0x36425e]
V  [jvm.dll+0x36448f]
V  [jvm.dll+0x2e2d68]
V  [jvm.dll+0x2e0f44]
V  [jvm.dll+0x2e054c]
V  [jvm.dll+0x3253fb]
V  [jvm.dll+0x8487eb]
V  [jvm.dll+0x849531]
V  [jvm.dll+0x849a4d]
V  [jvm.dll+0x849e24]
V  [jvm.dll+0x849ef0]
V  [jvm.dll+0x7f06aa]
V  [jvm.dll+0x687565]
C  [ucrtbase.dll+0x21bb2]
C  [KERNEL32.DLL+0x17344]
C  [ntdll.dll+0x526b1]

VM_Operation (0x000000c252cf4970): G1CollectForAllocation, mode: safepoint, requested by thread 0x000001ffdb8d72c0


---------------  P R O C E S S  ---------------

Threads class SMR info:
_java_thread_list=0x000001ffdeb20710, length=43, elements={
0x000001ffbc1559f0, 0x000001ffd573f800, 0x000001ffd5740fb0, 0x000001ffd59de470,
0x000001ffd59d34b0, 0x000001ffd59d5d90, 0x000001ffd59d6e00, 0x000001ffd59d7e00,
0x000001ffd59e67c0, 0x000001ffd59e90e0, 0x000001ffd5b6e6b0, 0x000001ffd5c4b2f0,
0x000001ffdb1565b0, 0x000001ffdb2925d0, 0x000001ffdba4a350, 0x000001ffdbb0de60,
0x000001ffdb0c73a0, 0x000001ffdb8d7ce0, 0x000001ffdb8d72c0, 0x000001ffdb8d8c10,
0x000001ffdb8da050, 0x000001ffdb8d81f0, 0x000001ffdb8d9630, 0x000001ffdb8d8700,
0x000001ffdb8d77d0, 0x000001ffdb8d68a0, 0x000001ffdb8d9b40, 0x000001ffdb8d6db0,
0x000001ffdd439980, 0x000001ffdd43e060, 0x000001ffdd43f4a0, 0x000001ffdd439e90,
0x000001ffdd43c710, 0x000001ffdd43ef90, 0x000001ffdd43f9b0, 0x000001ffdd43fec0,
0x000001ffdd43db50, 0x000001ffdd43cc20, 0x000001ffdd43ea80, 0x000001ffdd43c200,
0x000001ffdd438f60, 0x000001ffdd43d130, 0x000001ffdd438a50
}

Java Threads: ( => current thread )
  0x000001ffbc1559f0 JavaThread "main" [_thread_blocked, id=9212, stack(0x000000c250f00000,0x000000c251000000)]
  0x000001ffd573f800 JavaThread "Reference Handler" daemon [_thread_blocked, id=6716, stack(0x000000c251600000,0x000000c251700000)]
  0x000001ffd5740fb0 JavaThread "Finalizer" daemon [_thread_blocked, id=17720, stack(0x000000c251700000,0x000000c251800000)]
  0x000001ffd59de470 JavaThread "Signal Dispatcher" daemon [_thread_blocked, id=9800, stack(0x000000c251800000,0x000000c251900000)]
  0x000001ffd59d34b0 JavaThread "Attach Listener" daemon [_thread_blocked, id=16296, stack(0x000000c251900000,0x000000c251a00000)]
  0x000001ffd59d5d90 JavaThread "Service Thread" daemon [_thread_blocked, id=20788, stack(0x000000c251a00000,0x000000c251b00000)]
  0x000001ffd59d6e00 JavaThread "Monitor Deflation Thread" daemon [_thread_blocked, id=4396, stack(0x000000c251b00000,0x000000c251c00000)]
  0x000001ffd59d7e00 JavaThread "C2 CompilerThread0" daemon [_thread_blocked, id=10540, stack(0x000000c251c00000,0x000000c251d00000)]
  0x000001ffd59e67c0 JavaThread "C1 CompilerThread0" daemon [_thread_blocked, id=18344, stack(0x000000c251d00000,0x000000c251e00000)]
  0x000001ffd59e90e0 JavaThread "Sweeper thread" daemon [_thread_blocked, id=5616, stack(0x000000c251e00000,0x000000c251f00000)]
  0x000001ffd5b6e6b0 JavaThread "Common-Cleaner" daemon [_thread_blocked, id=18208, stack(0x000000c251f00000,0x000000c252000000)]
  0x000001ffd5c4b2f0 JavaThread "Notification Thread" daemon [_thread_blocked, id=6644, stack(0x000000c252000000,0x000000c252100000)]
  0x000001ffdb1565b0 JavaThread "Daemon health stats" [_thread_blocked, id=20556, stack(0x000000c252600000,0x000000c252700000)]
  0x000001ffdb2925d0 JavaThread "Incoming local TCP Connector on port 53054" [_thread_in_native, id=5464, stack(0x000000c252700000,0x000000c252800000)]
  0x000001ffdba4a350 JavaThread "Daemon periodic checks" [_thread_blocked, id=4380, stack(0x000000c252800000,0x000000c252900000)]
  0x000001ffdbb0de60 JavaThread "Daemon" [_thread_blocked, id=11772, stack(0x000000c252900000,0x000000c252a00000)]
  0x000001ffdb0c73a0 JavaThread "Handler for socket connection from /127.0.0.1:53054 to /127.0.0.1:53055" [_thread_in_native, id=9420, stack(0x000000c252a00000,0x000000c252b00000)]
  0x000001ffdb8d7ce0 JavaThread "Cancel handler" [_thread_blocked, id=20156, stack(0x000000c252b00000,0x000000c252c00000)]
  0x000001ffdb8d72c0 JavaThread "Daemon worker" [_thread_blocked, id=19436, stack(0x000000c252c00000,0x000000c252d00000)]
  0x000001ffdb8d8c10 JavaThread "Asynchronous log dispatcher for DefaultDaemonConnection: socket connection from /127.0.0.1:53054 to /127.0.0.1:53055" [_thread_blocked, id=18296, stack(0x000000c252d00000,0x000000c252e00000)]
  0x000001ffdb8da050 JavaThread "Stdin handler" [_thread_blocked, id=20900, stack(0x000000c252e00000,0x000000c252f00000)]
  0x000001ffdb8d81f0 JavaThread "Daemon client event forwarder" [_thread_blocked, id=2416, stack(0x000000c252f00000,0x000000c253000000)]
  0x000001ffdb8d9630 JavaThread "Cache worker for journal cache (C:\Users\Jose Martins\.gradle\caches\journal-1)" [_thread_blocked, id=19068, stack(0x000000c253000000,0x000000c253100000)]
  0x000001ffdb8d8700 JavaThread "File lock request listener" [_thread_in_native, id=18216, stack(0x000000c253100000,0x000000c253200000)]
  0x000001ffdb8d77d0 JavaThread "Cache worker for file hash cache (C:\Users\Jose Martins\.gradle\caches\8.4\fileHashes)" [_thread_blocked, id=18588, stack(0x000000c252200000,0x000000c252300000)]
  0x000001ffdb8d68a0 JavaThread "File watcher server" daemon [_thread_blocked, id=12256, stack(0x000000c253300000,0x000000c253400000)]
  0x000001ffdb8d9b40 JavaThread "File watcher consumer" daemon [_thread_blocked, id=9256, stack(0x000000c253400000,0x000000c253500000)]
  0x000001ffdb8d6db0 JavaThread "Cache worker for checksums cache (C:\developer\projects\github\carris\projeto_2\.gradle\8.4\checksums)" [_thread_blocked, id=2120, stack(0x000000c253500000,0x000000c253600000)]
  0x000001ffdd439980 JavaThread "Cache worker for file hash cache (C:\developer\projects\github\carris\projeto_2\.gradle\8.4\fileHashes)" [_thread_blocked, id=12776, stack(0x000000c253600000,0x000000c253700000)]
  0x000001ffdd43e060 JavaThread "Cache worker for cache directory md-supplier (C:\Users\Jose Martins\.gradle\caches\8.4\md-supplier)" [_thread_blocked, id=19696, stack(0x000000c253700000,0x000000c253800000)]
  0x000001ffdd43f4a0 JavaThread "Cache worker for file content cache (C:\Users\Jose Martins\.gradle\caches\8.4\fileContent)" [_thread_blocked, id=21232, stack(0x000000c253800000,0x000000c253900000)]
  0x000001ffdd439e90 JavaThread "Cache worker for cache directory md-rule (C:\Users\Jose Martins\.gradle\caches\8.4\md-rule)" [_thread_blocked, id=21380, stack(0x000000c253900000,0x000000c253a00000)]
  0x000001ffdd43c710 JavaThread "Cache worker for execution history cache (C:\Users\Jose Martins\.gradle\caches\8.4\executionHistory)" [_thread_blocked, id=5780, stack(0x000000c253a00000,0x000000c253b00000)]
  0x000001ffdd43ef90 JavaThread "jar transforms" [_thread_blocked, id=7408, stack(0x000000c253c00000,0x000000c253d00000)]
  0x000001ffdd43f9b0 JavaThread "jar transforms Thread 2" [_thread_blocked, id=18084, stack(0x000000c253d00000,0x000000c253e00000)]
  0x000001ffdd43fec0 JavaThread "jar transforms Thread 3" [_thread_blocked, id=19200, stack(0x000000c253e00000,0x000000c253f00000)]
  0x000001ffdd43db50 JavaThread "jar transforms Thread 4" [_thread_blocked, id=17072, stack(0x000000c253f00000,0x000000c254000000)]
  0x000001ffdd43cc20 JavaThread "Cache worker for kotlin-dsl (C:\Users\Jose Martins\.gradle\caches\8.4\kotlin-dsl)" [_thread_blocked, id=16176, stack(0x000000c254000000,0x000000c254100000)]
  0x000001ffdd43ea80 JavaThread "Cache worker for dependencies-accessors (C:\developer\projects\github\carris\projeto_2\.gradle\8.4\dependencies-accessors)" [_thread_blocked, id=7100, stack(0x000000c254100000,0x000000c254200000)]
  0x000001ffdd43c200 JavaThread "Cache worker for Build Output Cleanup Cache (C:\developer\projects\github\carris\projeto_2\.gradle\buildOutputCleanup)" [_thread_blocked, id=4184, stack(0x000000c254200000,0x000000c254300000)]
  0x000001ffdd438f60 JavaThread "Unconstrained build operations" [_thread_blocked, id=7856, stack(0x000000c254300000,0x000000c254400000)]
  0x000001ffdd43d130 JavaThread "Unconstrained build operations Thread 2" [_thread_blocked, id=5144, stack(0x000000c254400000,0x000000c254500000)]
  0x000001ffdd438a50 JavaThread "Unconstrained build operations Thread 3" [_thread_blocked, id=4252, stack(0x000000c254500000,0x000000c254600000)]

Other Threads:
=>0x000001ffd573bcb0 VMThread "VM Thread" [stack: 0x000000c251500000,0x000000c251600000] [id=4892]
  0x000001ffd5d3a630 WatcherThread [stack: 0x000000c252100000,0x000000c252200000] [id=13756]
  0x000001ffba04e810 GCTaskThread "GC Thread#0" [stack: 0x000000c251000000,0x000000c251100000] [id=19328]
  0x000001ffda0b0e40 GCTaskThread "GC Thread#1" [stack: 0x000000c252300000,0x000000c252400000] [id=10252]
  0x000001ffd5dbdac0 GCTaskThread "GC Thread#2" [stack: 0x000000c252400000,0x000000c252500000] [id=13692]
  0x000001ffda9ed780 GCTaskThread "GC Thread#3" [stack: 0x000000c252500000,0x000000c252600000] [id=20368]
  0x000001ffbc1bb830 ConcurrentGCThread "G1 Main Marker" [stack: 0x000000c251100000,0x000000c251200000] [id=12124]
  0x000001ffbc1bc900 ConcurrentGCThread "G1 Conc#0" [stack: 0x000000c251200000,0x000000c251300000] [id=11716]
  0x000001ffbc20e0f0 ConcurrentGCThread "G1 Refine#0" [stack: 0x000000c251300000,0x000000c251400000] [id=3928]
  0x000001ffdcad1a50 ConcurrentGCThread "G1 Refine#1" [stack: 0x000000c253b00000,0x000000c253c00000] [id=11916]
  0x000001ffbc20ea30 ConcurrentGCThread "G1 Service" [stack: 0x000000c251400000,0x000000c251500000] [id=2888]

Threads with active compile tasks:

VM state: at safepoint (normal execution)

VM Mutex/Monitor currently owned by a thread:  ([mutex/lock_event])
[0x000001ffbc151840] Threads_lock - owner thread: 0x000001ffd573bcb0
[0x000001ffbc152920] Heap_lock - owner thread: 0x000001ffdb8d72c0

Heap address: 0x0000000080000000, size: 2048 MB, Compressed Oops mode: 32-bit

CDS archive(s) not mapped
Compressed class space mapped at: 0x0000000100000000-0x0000000140000000, reserved size: 1073741824
Narrow klass base: 0x0000000000000000, Narrow klass shift: 3, Narrow klass range: 0x140000000

GC Precious Log:
 CPUs: 4 total, 4 available
 Memory: 8123M
 Large Page Support: Disabled
 NUMA Support: Disabled
 Compressed Oops: Enabled (32-bit)
 Heap Region Size: 1M
 Heap Min Capacity: 8M
 Heap Initial Capacity: 128M
 Heap Max Capacity: 2G
 Pre-touch: Disabled
 Parallel Workers: 4
 Concurrent Workers: 1
 Concurrent Refinement Workers: 4
 Periodic GC: Disabled

Heap:
 garbage-first heap   total 136192K, used 63468K [0x0000000080000000, 0x0000000100000000)
  region size 1024K, 1 young (1024K), 1 survivors (1024K)
 Metaspace       used 60946K, committed 61568K, reserved 1114112K
  class space    used 8238K, committed 8512K, reserved 1048576K

Heap Regions: E=young(eden), S=young(survivor), O=old, HS=humongous(starts), HC=humongous(continues), CS=collection set, F=free, OA=open archive, CA=closed archive, TAMS=top-at-mark-start (previous, next)
|   0|0x0000000080000000, 0x0000000080100000, 0x0000000080100000|100%| O|  |TAMS 0x0000000080100000, 0x0000000080000000| Untracked 
|   1|0x0000000080100000, 0x0000000080200000, 0x0000000080200000|100%| O|  |TAMS 0x0000000080200000, 0x0000000080100000| Untracked 
|   2|0x0000000080200000, 0x0000000080300000, 0x0000000080300000|100%|HS|  |TAMS 0x0000000080300000, 0x0000000080200000| Complete 
|   3|0x0000000080300000, 0x0000000080400000, 0x0000000080400000|100%|HC|  |TAMS 0x0000000080400000, 0x0000000080300000| Complete 
|   4|0x0000000080400000, 0x0000000080500000, 0x0000000080500000|100%|HC|  |TAMS 0x0000000080500000, 0x0000000080400000| Complete 
|   5|0x0000000080500000, 0x0000000080600000, 0x0000000080600000|100%|HC|  |TAMS 0x0000000080600000, 0x0000000080500000| Complete 
|   6|0x0000000080600000, 0x0000000080700000, 0x0000000080700000|100%| O|  |TAMS 0x0000000080700000, 0x0000000080600000| Untracked 
|   7|0x0000000080700000, 0x0000000080800000, 0x0000000080800000|100%| O|  |TAMS 0x0000000080800000, 0x0000000080700000| Untracked 
|   8|0x0000000080800000, 0x0000000080900000, 0x0000000080900000|100%| O|  |TAMS 0x0000000080900000, 0x0000000080800000| Untracked 
|   9|0x0000000080900000, 0x0000000080a00000, 0x0000000080a00000|100%| O|  |TAMS 0x0000000080a00000, 0x0000000080900000| Untracked 
|  10|0x0000000080a00000, 0x0000000080ada200, 0x0000000080b00000| 85%| O|  |TAMS 0x0000000080ada200, 0x0000000080a00000| Untracked 
|  11|0x0000000080b00000, 0x0000000080c00000, 0x0000000080c00000|100%| O|  |TAMS 0x0000000080c00000, 0x0000000080b00000| Untracked 
|  12|0x0000000080c00000, 0x0000000080d00000, 0x0000000080d00000|100%| O|  |TAMS 0x0000000080d00000, 0x0000000080c00000| Untracked 
|  13|0x0000000080d00000, 0x0000000080e00000, 0x0000000080e00000|100%| O|  |TAMS 0x0000000080e00000, 0x0000000080d00000| Untracked 
|  14|0x0000000080e00000, 0x0000000080f00000, 0x0000000080f00000|100%| O|  |TAMS 0x0000000080f00000, 0x0000000080e00000| Untracked 
|  15|0x0000000080f00000, 0x0000000081000000, 0x0000000081000000|100%| O|  |TAMS 0x0000000081000000, 0x0000000080f00000| Untracked 
|  16|0x0000000081000000, 0x0000000081100000, 0x0000000081100000|100%| O|  |TAMS 0x0000000081100000, 0x0000000081000000| Untracked 
|  17|0x0000000081100000, 0x0000000081200000, 0x0000000081200000|100%| O|  |TAMS 0x0000000081200000, 0x0000000081100000| Untracked 
|  18|0x0000000081200000, 0x0000000081300000, 0x0000000081300000|100%| O|  |TAMS 0x0000000081300000, 0x0000000081200000| Untracked 
|  19|0x0000000081300000, 0x0000000081400000, 0x0000000081400000|100%| O|  |TAMS 0x0000000081400000, 0x0000000081300000| Untracked 
|  20|0x0000000081400000, 0x0000000081500000, 0x0000000081500000|100%| O|  |TAMS 0x0000000081500000, 0x0000000081400000| Untracked 
|  21|0x0000000081500000, 0x0000000081600000, 0x0000000081600000|100%| O|  |TAMS 0x0000000081600000, 0x0000000081500000| Untracked 
|  22|0x0000000081600000, 0x0000000081700000, 0x0000000081700000|100%| O|  |TAMS 0x0000000081700000, 0x0000000081600000| Untracked 
|  23|0x0000000081700000, 0x0000000081800000, 0x0000000081800000|100%|HS|  |TAMS 0x0000000081700000, 0x0000000081700000| Complete 
|  24|0x0000000081800000, 0x0000000081900000, 0x0000000081900000|100%| O|  |TAMS 0x0000000081900000, 0x0000000081800000| Untracked 
|  25|0x0000000081900000, 0x0000000081a00000, 0x0000000081a00000|100%| O|  |TAMS 0x0000000081a00000, 0x0000000081900000| Untracked 
|  26|0x0000000081a00000, 0x0000000081b00000, 0x0000000081b00000|100%| O|  |TAMS 0x0000000081b00000, 0x0000000081a00000| Untracked 
|  27|0x0000000081b00000, 0x0000000081c00000, 0x0000000081c00000|100%| O|  |TAMS 0x0000000081c00000, 0x0000000081b00000| Untracked 
|  28|0x0000000081c00000, 0x0000000081d00000, 0x0000000081d00000|100%| O|  |TAMS 0x0000000081d00000, 0x0000000081c00000| Untracked 
|  29|0x0000000081d00000, 0x0000000081e00000, 0x0000000081e00000|100%| O|  |TAMS 0x0000000081e00000, 0x0000000081d00000| Untracked 
|  30|0x0000000081e00000, 0x0000000081f00000, 0x0000000081f00000|100%| O|  |TAMS 0x0000000081f00000, 0x0000000081e00000| Untracked 
|  31|0x0000000081f00000, 0x0000000082000000, 0x0000000082000000|100%| O|  |TAMS 0x0000000082000000, 0x0000000081f00000| Untracked 
|  32|0x0000000082000000, 0x0000000082100000, 0x0000000082100000|100%| O|  |TAMS 0x0000000082100000, 0x0000000082000000| Untracked 
|  33|0x0000000082100000, 0x0000000082200000, 0x0000000082200000|100%| O|  |TAMS 0x0000000082200000, 0x0000000082100000| Untracked 
|  34|0x0000000082200000, 0x0000000082300000, 0x0000000082300000|100%| O|  |TAMS 0x0000000082300000, 0x0000000082200000| Untracked 
|  35|0x0000000082300000, 0x0000000082400000, 0x0000000082400000|100%| O|  |TAMS 0x0000000082400000, 0x0000000082300000| Untracked 
|  36|0x0000000082400000, 0x0000000082500000, 0x0000000082500000|100%| O|  |TAMS 0x0000000082500000, 0x0000000082400000| Untracked 
|  37|0x0000000082500000, 0x0000000082600000, 0x0000000082600000|100%|HS|  |TAMS 0x0000000082600000, 0x0000000082500000| Complete 
|  38|0x0000000082600000, 0x0000000082700000, 0x0000000082700000|100%| O|  |TAMS 0x0000000082700000, 0x0000000082600000| Untracked 
|  39|0x0000000082700000, 0x0000000082800000, 0x0000000082800000|100%| O|  |TAMS 0x0000000082800000, 0x0000000082700000| Untracked 
|  40|0x0000000082800000, 0x0000000082900000, 0x0000000082900000|100%| O|  |TAMS 0x0000000082900000, 0x0000000082800000| Untracked 
|  41|0x0000000082900000, 0x0000000082a00000, 0x0000000082a00000|100%| O|  |TAMS 0x0000000082a00000, 0x0000000082900000| Untracked 
|  42|0x0000000082a00000, 0x0000000082b00000, 0x0000000082b00000|100%|HS|  |TAMS 0x0000000082b00000, 0x0000000082a00000| Complete 
|  43|0x0000000082b00000, 0x0000000082c00000, 0x0000000082c00000|100%|HS|  |TAMS 0x0000000082c00000, 0x0000000082b00000| Complete 
|  44|0x0000000082c00000, 0x0000000082d00000, 0x0000000082d00000|100%|HC|  |TAMS 0x0000000082d00000, 0x0000000082c00000| Complete 
|  45|0x0000000082d00000, 0x0000000082e00000, 0x0000000082e00000|100%|HS|  |TAMS 0x0000000082e00000, 0x0000000082d00000| Complete 
|  46|0x0000000082e00000, 0x0000000082f00000, 0x0000000082f00000|100%|HC|  |TAMS 0x0000000082f00000, 0x0000000082e00000| Complete 
|  47|0x0000000082f00000, 0x0000000083000000, 0x0000000083000000|100%|HS|  |TAMS 0x0000000083000000, 0x0000000082f00000| Complete 
|  48|0x0000000083000000, 0x0000000083100000, 0x0000000083100000|100%|HS|  |TAMS 0x0000000083100000, 0x0000000083000000| Complete 
|  49|0x0000000083100000, 0x0000000083200000, 0x0000000083200000|100%|HC|  |TAMS 0x0000000083200000, 0x0000000083100000| Complete 
|  50|0x0000000083200000, 0x0000000083300000, 0x0000000083300000|100%|HC|  |TAMS 0x0000000083300000, 0x0000000083200000| Complete 
|  51|0x0000000083300000, 0x0000000083400000, 0x0000000083400000|100%|HC|  |TAMS 0x0000000083400000, 0x0000000083300000| Complete 
|  52|0x0000000083400000, 0x0000000083500000, 0x0000000083500000|100%| O|  |TAMS 0x0000000083500000, 0x0000000083400000| Untracked 
|  53|0x0000000083500000, 0x0000000083600000, 0x0000000083600000|100%|HS|  |TAMS 0x0000000083600000, 0x0000000083500000| Complete 
|  54|0x0000000083600000, 0x00000000836d5200, 0x0000000083700000| 83%| O|  |TAMS 0x0000000083600000, 0x0000000083600000| Untracked 
|  55|0x0000000083700000, 0x0000000083700000, 0x0000000083800000|  0%| F|  |TAMS 0x0000000083700000, 0x0000000083700000| Untracked 
|  56|0x0000000083800000, 0x0000000083800000, 0x0000000083900000|  0%| F|  |TAMS 0x0000000083800000, 0x0000000083800000| Untracked 
|  57|0x0000000083900000, 0x0000000083900000, 0x0000000083a00000|  0%| F|  |TAMS 0x0000000083900000, 0x0000000083900000| Untracked 
|  58|0x0000000083a00000, 0x0000000083b00000, 0x0000000083b00000|100%| O|  |TAMS 0x0000000083b00000, 0x0000000083a00000| Untracked 
|  59|0x0000000083b00000, 0x0000000083c00000, 0x0000000083c00000|100%| O|  |TAMS 0x0000000083c00000, 0x0000000083b00000| Untracked 
|  60|0x0000000083c00000, 0x0000000083d00000, 0x0000000083d00000|100%| O|  |TAMS 0x0000000083ccb600, 0x0000000083c00000| Untracked 
|  61|0x0000000083d00000, 0x0000000083d00000, 0x0000000083e00000|  0%| F|  |TAMS 0x0000000083d00000, 0x0000000083d00000| Untracked 
|  62|0x0000000083e00000, 0x0000000083e00000, 0x0000000083f00000|  0%| F|  |TAMS 0x0000000083e00000, 0x0000000083e00000| Untracked 
|  63|0x0000000083f00000, 0x0000000083f00000, 0x0000000084000000|  0%| F|  |TAMS 0x0000000083f00000, 0x0000000083f00000| Untracked 
|  64|0x0000000084000000, 0x0000000084000000, 0x0000000084100000|  0%| F|  |TAMS 0x0000000084000000, 0x0000000084000000| Untracked 
|  65|0x0000000084100000, 0x0000000084100000, 0x0000000084200000|  0%| F|  |TAMS 0x0000000084100000, 0x0000000084100000| Untracked 
|  66|0x0000000084200000, 0x0000000084200000, 0x0000000084300000|  0%| F|  |TAMS 0x0000000084200000, 0x0000000084200000| Untracked 
|  67|0x0000000084300000, 0x0000000084300000, 0x0000000084400000|  0%| F|  |TAMS 0x0000000084300000, 0x0000000084300000| Untracked 
|  68|0x0000000084400000, 0x0000000084400000, 0x0000000084500000|  0%| F|  |TAMS 0x0000000084400000, 0x0000000084400000| Untracked 
|  69|0x0000000084500000, 0x0000000084500000, 0x0000000084600000|  0%| F|  |TAMS 0x0000000084500000, 0x0000000084500000| Untracked 
|  70|0x0000000084600000, 0x0000000084600000, 0x0000000084700000|  0%| F|  |TAMS 0x0000000084600000, 0x0000000084600000| Untracked 
|  71|0x0000000084700000, 0x0000000084700000, 0x0000000084800000|  0%| F|  |TAMS 0x0000000084700000, 0x0000000084700000| Untracked 
|  72|0x0000000084800000, 0x0000000084800000, 0x0000000084900000|  0%| F|  |TAMS 0x0000000084800000, 0x0000000084800000| Untracked 
|  73|0x0000000084900000, 0x0000000084900000, 0x0000000084a00000|  0%| F|  |TAMS 0x0000000084900000, 0x0000000084900000| Untracked 
|  74|0x0000000084a00000, 0x0000000084a00000, 0x0000000084b00000|  0%| F|  |TAMS 0x0000000084a00000, 0x0000000084a00000| Untracked 
|  75|0x0000000084b00000, 0x0000000084b00000, 0x0000000084c00000|  0%| F|  |TAMS 0x0000000084b00000, 0x0000000084b00000| Untracked 
|  76|0x0000000084c00000, 0x0000000084c00000, 0x0000000084d00000|  0%| F|  |TAMS 0x0000000084c00000, 0x0000000084c00000| Untracked 
|  77|0x0000000084d00000, 0x0000000084d00000, 0x0000000084e00000|  0%| F|  |TAMS 0x0000000084d00000, 0x0000000084d00000| Untracked 
|  78|0x0000000084e00000, 0x0000000084e00000, 0x0000000084f00000|  0%| F|  |TAMS 0x0000000084e00000, 0x0000000084e00000| Untracked 
|  79|0x0000000084f00000, 0x0000000084f00000, 0x0000000085000000|  0%| F|  |TAMS 0x0000000084f00000, 0x0000000084f00000| Untracked 
|  80|0x0000000085000000, 0x0000000085000000, 0x0000000085100000|  0%| F|  |TAMS 0x0000000085000000, 0x0000000085000000| Untracked 
|  81|0x0000000085100000, 0x0000000085100000, 0x0000000085200000|  0%| F|  |TAMS 0x0000000085100000, 0x0000000085100000| Untracked 
|  82|0x0000000085200000, 0x0000000085200000, 0x0000000085300000|  0%| F|  |TAMS 0x0000000085200000, 0x0000000085200000| Untracked 
|  83|0x0000000085300000, 0x0000000085300000, 0x0000000085400000|  0%| F|  |TAMS 0x0000000085300000, 0x0000000085300000| Untracked 
|  84|0x0000000085400000, 0x0000000085400000, 0x0000000085500000|  0%| F|  |TAMS 0x0000000085400000, 0x0000000085400000| Untracked 
|  85|0x0000000085500000, 0x0000000085500000, 0x0000000085600000|  0%| F|  |TAMS 0x0000000085500000, 0x0000000085500000| Untracked 
|  86|0x0000000085600000, 0x0000000085600000, 0x0000000085700000|  0%| F|  |TAMS 0x0000000085600000, 0x0000000085600000| Untracked 
|  87|0x0000000085700000, 0x0000000085700000, 0x0000000085800000|  0%| F|  |TAMS 0x0000000085700000, 0x0000000085700000| Untracked 
|  88|0x0000000085800000, 0x0000000085800000, 0x0000000085900000|  0%| F|  |TAMS 0x0000000085800000, 0x0000000085800000| Untracked 
|  89|0x0000000085900000, 0x0000000085900000, 0x0000000085a00000|  0%| F|  |TAMS 0x0000000085900000, 0x0000000085900000| Untracked 
|  90|0x0000000085a00000, 0x0000000085a00000, 0x0000000085b00000|  0%| F|  |TAMS 0x0000000085a00000, 0x0000000085a00000| Untracked 
|  91|0x0000000085b00000, 0x0000000085b00000, 0x0000000085c00000|  0%| F|  |TAMS 0x0000000085b00000, 0x0000000085b00000| Untracked 
|  92|0x0000000085c00000, 0x0000000085c00000, 0x0000000085d00000|  0%| F|  |TAMS 0x0000000085c00000, 0x0000000085c00000| Untracked 
|  93|0x0000000085d00000, 0x0000000085d00000, 0x0000000085e00000|  0%| F|  |TAMS 0x0000000085d00000, 0x0000000085d00000| Untracked 
|  94|0x0000000085e00000, 0x0000000085e00000, 0x0000000085f00000|  0%| F|  |TAMS 0x0000000085e00000, 0x0000000085e00000| Untracked 
|  95|0x0000000085f00000, 0x0000000085f00000, 0x0000000086000000|  0%| F|  |TAMS 0x0000000085f00000, 0x0000000085f00000| Untracked 
|  96|0x0000000086000000, 0x0000000086000000, 0x0000000086100000|  0%| F|  |TAMS 0x0000000086000000, 0x0000000086000000| Untracked 
|  97|0x0000000086100000, 0x0000000086100000, 0x0000000086200000|  0%| F|  |TAMS 0x0000000086100000, 0x0000000086100000| Untracked 
|  98|0x0000000086200000, 0x0000000086200000, 0x0000000086300000|  0%| F|  |TAMS 0x0000000086200000, 0x0000000086200000| Untracked 
|  99|0x0000000086300000, 0x0000000086300000, 0x0000000086400000|  0%| F|  |TAMS 0x0000000086300000, 0x0000000086300000| Untracked 
| 100|0x0000000086400000, 0x0000000086400000, 0x0000000086500000|  0%| F|  |TAMS 0x0000000086400000, 0x0000000086400000| Untracked 
| 101|0x0000000086500000, 0x0000000086500000, 0x0000000086600000|  0%| F|  |TAMS 0x0000000086500000, 0x0000000086500000| Untracked 
| 102|0x0000000086600000, 0x000000008664be30, 0x0000000086700000| 29%| S|CS|TAMS 0x0000000086600000, 0x0000000086600000| Complete 
| 103|0x0000000086700000, 0x0000000086700000, 0x0000000086800000|  0%| F|  |TAMS 0x0000000086700000, 0x0000000086700000| Untracked 
| 104|0x0000000086800000, 0x0000000086800000, 0x0000000086900000|  0%| F|  |TAMS 0x0000000086800000, 0x0000000086800000| Untracked 
| 105|0x0000000086900000, 0x0000000086900000, 0x0000000086a00000|  0%| F|  |TAMS 0x0000000086900000, 0x0000000086900000| Untracked 
| 106|0x0000000086a00000, 0x0000000086a00000, 0x0000000086b00000|  0%| F|  |TAMS 0x0000000086a00000, 0x0000000086a00000| Untracked 
| 107|0x0000000086b00000, 0x0000000086b00000, 0x0000000086c00000|  0%| F|  |TAMS 0x0000000086b00000, 0x0000000086b00000| Untracked 
| 108|0x0000000086c00000, 0x0000000086c00000, 0x0000000086d00000|  0%| F|  |TAMS 0x0000000086c00000, 0x0000000086c00000| Untracked 
| 109|0x0000000086d00000, 0x0000000086d00000, 0x0000000086e00000|  0%| F|  |TAMS 0x0000000086d00000, 0x0000000086d00000| Untracked 
| 110|0x0000000086e00000, 0x0000000086e00000, 0x0000000086f00000|  0%| F|  |TAMS 0x0000000086e00000, 0x0000000086e00000| Untracked 
| 111|0x0000000086f00000, 0x0000000086f00000, 0x0000000087000000|  0%| F|  |TAMS 0x0000000086f00000, 0x0000000086f00000| Untracked 
| 112|0x0000000087000000, 0x0000000087000000, 0x0000000087100000|  0%| F|  |TAMS 0x0000000087000000, 0x0000000087000000| Untracked 
| 113|0x0000000087100000, 0x0000000087100000, 0x0000000087200000|  0%| F|  |TAMS 0x0000000087100000, 0x0000000087100000| Untracked 
| 114|0x0000000087200000, 0x0000000087200000, 0x0000000087300000|  0%| F|  |TAMS 0x0000000087200000, 0x0000000087200000| Untracked 
| 115|0x0000000087300000, 0x0000000087300000, 0x0000000087400000|  0%| F|  |TAMS 0x0000000087300000, 0x0000000087300000| Untracked 
| 116|0x0000000087400000, 0x0000000087400000, 0x0000000087500000|  0%| F|  |TAMS 0x0000000087400000, 0x0000000087400000| Untracked 
| 117|0x0000000087500000, 0x0000000087500000, 0x0000000087600000|  0%| F|  |TAMS 0x0000000087500000, 0x0000000087500000| Untracked 
| 118|0x0000000087600000, 0x0000000087600000, 0x0000000087700000|  0%| F|  |TAMS 0x0000000087600000, 0x0000000087600000| Untracked 
| 119|0x0000000087700000, 0x0000000087700000, 0x0000000087800000|  0%| F|  |TAMS 0x0000000087700000, 0x0000000087700000| Untracked 
| 120|0x0000000087800000, 0x0000000087800000, 0x0000000087900000|  0%| F|  |TAMS 0x0000000087800000, 0x0000000087800000| Untracked 
| 121|0x0000000087900000, 0x0000000087900000, 0x0000000087a00000|  0%| F|  |TAMS 0x0000000087900000, 0x0000000087900000| Untracked 
| 122|0x0000000087a00000, 0x0000000087a00000, 0x0000000087b00000|  0%| F|  |TAMS 0x0000000087a00000, 0x0000000087a00000| Untracked 
| 123|0x0000000087b00000, 0x0000000087b00000, 0x0000000087c00000|  0%| F|  |TAMS 0x0000000087b00000, 0x0000000087b00000| Untracked 
| 124|0x0000000087c00000, 0x0000000087c00000, 0x0000000087d00000|  0%| F|  |TAMS 0x0000000087c00000, 0x0000000087c00000| Untracked 
| 125|0x0000000087d00000, 0x0000000087d00000, 0x0000000087e00000|  0%| F|  |TAMS 0x0000000087d00000, 0x0000000087d00000| Untracked 
| 126|0x0000000087e00000, 0x0000000087e00000, 0x0000000087f00000|  0%| F|  |TAMS 0x0000000087e00000, 0x0000000087e00000| Untracked 
| 127|0x0000000087f00000, 0x0000000087f00000, 0x0000000088000000|  0%| F|  |TAMS 0x0000000087f00000, 0x0000000087f00000| Untracked 
|2043|0x00000000ffb00000, 0x00000000ffb00000, 0x00000000ffc00000|  0%| F|  |TAMS 0x00000000ffb00000, 0x00000000ffb00000| Untracked 
|2044|0x00000000ffc00000, 0x00000000ffd00000, 0x00000000ffd00000|100%| O|  |TAMS 0x00000000ffd00000, 0x00000000ffc00000| Untracked 
|2045|0x00000000ffd00000, 0x00000000ffe00000, 0x00000000ffe00000|100%| O|  |TAMS 0x00000000ffe00000, 0x00000000ffd00000| Untracked 
|2046|0x00000000ffe00000, 0x00000000fff00000, 0x00000000fff00000|100%| O|  |TAMS 0x00000000fff00000, 0x00000000ffe00000| Untracked 
|2047|0x00000000fff00000, 0x0000000100000000, 0x0000000100000000|100%| O|  |TAMS 0x0000000100000000, 0x00000000fff00000| Untracked 

Card table byte_map: [0x000001ffcea30000,0x000001ffcee30000] _byte_map_base: 0x000001ffce630000

Marking Bits (Prev, Next): (CMBitMap*) 0x000001ffbc1ab180, (CMBitMap*) 0x000001ffbc1ab140
 Prev Bits: [0x000001ffd1230000, 0x000001ffd3230000)
 Next Bits: [0x000001ffcf230000, 0x000001ffd1230000)

Polling page: 0x000001ffba0c0000

Metaspace:

Usage:
  Non-class:     51.47 MB used.
      Class:      8.04 MB used.
       Both:     59.52 MB used.

Virtual space:
  Non-class space:       64.00 MB reserved,      51.81 MB ( 81%) committed,  1 nodes.
      Class space:        1.00 GB reserved,       8.31 MB ( <1%) committed,  1 nodes.
             Both:        1.06 GB reserved,      60.12 MB (  6%) committed. 

Chunk freelists:
   Non-Class:  12.03 MB
       Class:  7.60 MB
        Both:  19.63 MB

MaxMetaspaceSize: unlimited
CompressedClassSpaceSize: 1.00 GB
Initial GC threshold: 21.00 MB
Current GC threshold: 98.25 MB
CDS: off
MetaspaceReclaimPolicy: balanced
 - commit_granule_bytes: 65536.
 - commit_granule_words: 8192.
 - virtual_space_node_default_size: 8388608.
 - enlarge_chunks_in_place: 1.
 - new_chunks_are_fully_committed: 0.
 - uncommit_free_chunks: 1.
 - use_allocation_guard: 0.
 - handle_deallocations: 1.


Internal statistics:

num_allocs_failed_limit: 6.
num_arena_births: 700.
num_arena_deaths: 0.
num_vsnodes_births: 2.
num_vsnodes_deaths: 0.
num_space_committed: 962.
num_space_uncommitted: 0.
num_chunks_returned_to_freelist: 6.
num_chunks_taken_from_freelist: 2776.
num_chunk_merges: 3.
num_chunk_splits: 1834.
num_chunks_enlarged: 1249.
num_inconsistent_stats: 0.

CodeHeap 'non-profiled nmethods': size=120000Kb used=3127Kb max_used=3127Kb free=116872Kb
 bounds [0x000001ffc7100000, 0x000001ffc7430000, 0x000001ffce630000]
CodeHeap 'profiled nmethods': size=120000Kb used=11226Kb max_used=11226Kb free=108773Kb
 bounds [0x000001ffbf630000, 0x000001ffc0130000, 0x000001ffc6b60000]
CodeHeap 'non-nmethods': size=5760Kb used=2324Kb max_used=2422Kb free=3435Kb
 bounds [0x000001ffc6b60000, 0x000001ffc6dd0000, 0x000001ffc7100000]
 total_blobs=6852 nmethods=6008 adapters=756
 compilation: enabled
              stopped_count=0, restarted_count=0
 full_count=0

Compilation events (20 events):
Event: 9.185 Thread 0x000001ffd59e67c0 6767       3       org.gradle.internal.io.StreamByteBuffer::readFully (27 bytes)
Event: 9.185 Thread 0x000001ffd59e67c0 nmethod 6767 0x000001ffc0125910 code [0x000001ffc0125ac0, 0x000001ffc0125d18]
Event: 9.185 Thread 0x000001ffd59e67c0 6768       3       com.google.common.collect.ImmutableMapEntry::<init> (12 bytes)
Event: 9.185 Thread 0x000001ffd59e67c0 nmethod 6768 0x000001ffc0125e90 code [0x000001ffc0126040, 0x000001ffc0126348]
Event: 9.185 Thread 0x000001ffd59e67c0 6769       3       com.google.common.collect.ImmutableEntry::<init> (15 bytes)
Event: 9.185 Thread 0x000001ffd59e67c0 nmethod 6769 0x000001ffc0126490 code [0x000001ffc0126640, 0x000001ffc01268b8]
Event: 9.185 Thread 0x000001ffd59e67c0 6770       1       com.google.common.collect.ImmutableMapEntry::isReusable (2 bytes)
Event: 9.185 Thread 0x000001ffd59e67c0 nmethod 6770 0x000001ffc7263e10 code [0x000001ffc7263fa0, 0x000001ffc7264078]
Event: 9.187 Thread 0x000001ffd59d7e00 6771       4       java.lang.String::indexOf (64 bytes)
Event: 9.188 Thread 0x000001ffd59d7e00 nmethod 6771 0x000001ffc7263990 code [0x000001ffc7263b00, 0x000001ffc7263d58]
Event: 9.189 Thread 0x000001ffd59e67c0 6772       3       com.google.common.collect.Hashing::smear (19 bytes)
Event: 9.189 Thread 0x000001ffd59e67c0 nmethod 6772 0x000001ffc0126990 code [0x000001ffc0126b20, 0x000001ffc0126c98]
Event: 9.189 Thread 0x000001ffd59e67c0 6773       3       java.lang.invoke.Invokers::maybeCustomize (5 bytes)
Event: 9.189 Thread 0x000001ffd59e67c0 nmethod 6773 0x000001ffc0126d90 code [0x000001ffc0126f20, 0x000001ffc01270c8]
Event: 9.189 Thread 0x000001ffd59e67c0 6774       3       java.lang.invoke.MethodHandle::maybeCustomize (38 bytes)
Event: 9.190 Thread 0x000001ffd59e67c0 nmethod 6774 0x000001ffc0127190 code [0x000001ffc0127360, 0x000001ffc0127828]
Event: 9.190 Thread 0x000001ffd59e67c0 6775       3       org.gradle.api.internal.provider.AbstractMinimalProvider::<init> (5 bytes)
Event: 9.190 Thread 0x000001ffd59e67c0 nmethod 6775 0x000001ffc0127990 code [0x000001ffc0127b20, 0x000001ffc0127c78]
Event: 9.194 Thread 0x000001ffd59d7e00 6776       4       jdk.internal.loader.Resource::getByteBuffer (24 bytes)
Event: 9.197 Thread 0x000001ffd59d7e00 nmethod 6776 0x000001ffc7263190 code [0x000001ffc7263320, 0x000001ffc72637a8]

GC Heap History (20 events):
Event: 6.071 GC heap after
{Heap after GC invocations=14 (full 0):
 garbage-first heap   total 86016K, used 34858K [0x0000000080000000, 0x0000000100000000)
  region size 1024K, 3 young (3072K), 3 survivors (3072K)
 Metaspace       used 48530K, committed 49024K, reserved 1114112K
  class space    used 6397K, committed 6656K, reserved 1048576K
}
Event: 6.739 GC heap before
{Heap before GC invocations=15 (full 0):
 garbage-first heap   total 86016K, used 65578K [0x0000000080000000, 0x0000000100000000)
  region size 1024K, 34 young (34816K), 3 survivors (3072K)
 Metaspace       used 52647K, committed 53120K, reserved 1114112K
  class space    used 7038K, committed 7232K, reserved 1048576K
}
Event: 6.742 GC heap after
{Heap after GC invocations=16 (full 0):
 garbage-first heap   total 86016K, used 36608K [0x0000000080000000, 0x0000000100000000)
  region size 1024K, 5 young (5120K), 5 survivors (5120K)
 Metaspace       used 52647K, committed 53120K, reserved 1114112K
  class space    used 7038K, committed 7232K, reserved 1048576K
}
Event: 6.755 GC heap before
{Heap before GC invocations=16 (full 0):
 garbage-first heap   total 86016K, used 37632K [0x0000000080000000, 0x0000000100000000)
  region size 1024K, 6 young (6144K), 5 survivors (5120K)
 Metaspace       used 52742K, committed 53184K, reserved 1114112K
  class space    used 7052K, committed 7232K, reserved 1048576K
}
Event: 6.759 GC heap after
{Heap after GC invocations=17 (full 0):
 garbage-first heap   total 86016K, used 36846K [0x0000000080000000, 0x0000000100000000)
  region size 1024K, 1 young (1024K), 1 survivors (1024K)
 Metaspace       used 52742K, committed 53184K, reserved 1114112K
  class space    used 7052K, committed 7232K, reserved 1048576K
}
Event: 7.523 GC heap before
{Heap before GC invocations=17 (full 0):
 garbage-first heap   total 86016K, used 67566K [0x0000000080000000, 0x0000000100000000)
  region size 1024K, 31 young (31744K), 1 survivors (1024K)
 Metaspace       used 56328K, committed 56832K, reserved 1114112K
  class space    used 7639K, committed 7872K, reserved 1048576K
}
Event: 7.525 GC heap after
{Heap after GC invocations=18 (full 0):
 garbage-first heap   total 86016K, used 37913K [0x0000000080000000, 0x0000000100000000)
  region size 1024K, 2 young (2048K), 2 survivors (2048K)
 Metaspace       used 56328K, committed 56832K, reserved 1114112K
  class space    used 7639K, committed 7872K, reserved 1048576K
}
Event: 8.385 GC heap before
{Heap before GC invocations=18 (full 0):
 garbage-first heap   total 86016K, used 68633K [0x0000000080000000, 0x0000000100000000)
  region size 1024K, 32 young (32768K), 2 survivors (2048K)
 Metaspace       used 58012K, committed 58560K, reserved 1114112K
  class space    used 7834K, committed 8064K, reserved 1048576K
}
Event: 8.391 GC heap after
{Heap after GC invocations=19 (full 0):
 garbage-first heap   total 86016K, used 41650K [0x0000000080000000, 0x0000000100000000)
  region size 1024K, 4 young (4096K), 4 survivors (4096K)
 Metaspace       used 58012K, committed 58560K, reserved 1114112K
  class space    used 7834K, committed 8064K, reserved 1048576K
}
Event: 8.527 GC heap before
{Heap before GC invocations=19 (full 0):
 garbage-first heap   total 86016K, used 49842K [0x0000000080000000, 0x0000000100000000)
  region size 1024K, 13 young (13312K), 4 survivors (4096K)
 Metaspace       used 58283K, committed 58816K, reserved 1114112K
  class space    used 7869K, committed 8128K, reserved 1048576K
}
Event: 8.532 GC heap after
{Heap after GC invocations=20 (full 0):
 garbage-first heap   total 86016K, used 43559K [0x0000000080000000, 0x0000000100000000)
  region size 1024K, 1 young (1024K), 1 survivors (1024K)
 Metaspace       used 58283K, committed 58816K, reserved 1114112K
  class space    used 7869K, committed 8128K, reserved 1048576K
}
Event: 8.954 GC heap before
{Heap before GC invocations=21 (full 0):
 garbage-first heap   total 86016K, used 79399K [0x0000000080000000, 0x0000000100000000)
  region size 1024K, 26 young (26624K), 1 survivors (1024K)
 Metaspace       used 59452K, committed 59968K, reserved 1114112K
  class space    used 8029K, committed 8256K, reserved 1048576K
}
Event: 8.958 GC heap after
{Heap after GC invocations=22 (full 0):
 garbage-first heap   total 91136K, used 62809K [0x0000000080000000, 0x0000000100000000)
  region size 1024K, 4 young (4096K), 4 survivors (4096K)
 Metaspace       used 59452K, committed 59968K, reserved 1114112K
  class space    used 8029K, committed 8256K, reserved 1048576K
}
Event: 8.967 GC heap before
{Heap before GC invocations=22 (full 0):
 garbage-first heap   total 91136K, used 62809K [0x0000000080000000, 0x0000000100000000)
  region size 1024K, 5 young (5120K), 4 survivors (4096K)
 Metaspace       used 59498K, committed 60032K, reserved 1114112K
  class space    used 8033K, committed 8256K, reserved 1048576K
}
Event: 8.970 GC heap after
{Heap after GC invocations=23 (full 0):
 garbage-first heap   total 91136K, used 62367K [0x0000000080000000, 0x0000000100000000)
  region size 1024K, 1 young (1024K), 1 survivors (1024K)
 Metaspace       used 59498K, committed 60032K, reserved 1114112K
  class space    used 8033K, committed 8256K, reserved 1048576K
}
Event: 8.978 GC heap before
{Heap before GC invocations=23 (full 0):
 garbage-first heap   total 91136K, used 62367K [0x0000000080000000, 0x0000000100000000)
  region size 1024K, 2 young (2048K), 1 survivors (1024K)
 Metaspace       used 59556K, committed 60096K, reserved 1114112K
  class space    used 8035K, committed 8256K, reserved 1048576K
}
Event: 8.979 GC heap after
{Heap after GC invocations=24 (full 0):
 garbage-first heap   total 91136K, used 62216K [0x0000000080000000, 0x0000000100000000)
  region size 1024K, 1 young (1024K), 1 survivors (1024K)
 Metaspace       used 59556K, committed 60096K, reserved 1114112K
  class space    used 8035K, committed 8256K, reserved 1048576K
}
Event: 9.162 GC heap before
{Heap before GC invocations=25 (full 0):
 garbage-first heap   total 114688K, used 77576K [0x0000000080000000, 0x0000000100000000)
  region size 1024K, 15 young (15360K), 1 survivors (1024K)
 Metaspace       used 60637K, committed 61248K, reserved 1114112K
  class space    used 8185K, committed 8448K, reserved 1048576K
}
Event: 9.164 GC heap after
{Heap after GC invocations=26 (full 0):
 garbage-first heap   total 114688K, used 63726K [0x0000000080000000, 0x0000000100000000)
  region size 1024K, 1 young (1024K), 1 survivors (1024K)
 Metaspace       used 60637K, committed 61248K, reserved 1114112K
  class space    used 8185K, committed 8448K, reserved 1048576K
}
Event: 9.206 GC heap before
{Heap before GC invocations=26 (full 0):
 garbage-first heap   total 114688K, used 67822K [0x0000000080000000, 0x0000000100000000)
  region size 1024K, 5 young (5120K), 1 survivors (1024K)
 Metaspace       used 60946K, committed 61568K, reserved 1114112K
  class space    used 8238K, committed 8512K, reserved 1048576K
}

Dll operation events (3 events):
Event: 0.008 Loaded shared library C:\Program Files\Android\Android Studio\jbr\bin\java.dll
Event: 0.131 Loaded shared library C:\Program Files\Android\Android Studio\jbr\bin\zip.dll
Event: 0.451 Loaded shared library C:\Program Files\Android\Android Studio\jbr\bin\verify.dll

Deoptimization events (20 events):
Event: 8.883 Thread 0x000001ffdb8d72c0 DEOPT PACKING pc=0x000001ffc73d68c8 sp=0x000000c252cf6ef0
Event: 8.883 Thread 0x000001ffdb8d72c0 DEOPT UNPACKING pc=0x000001ffc6bb69a3 sp=0x000000c252cf6e60 mode 2
Event: 8.885 Thread 0x000001ffdb8d72c0 Uncommon trap: trap_request=0xffffffde fr.pc=0x000001ffc72bacac relative=0x0000000000000a2c
Event: 8.885 Thread 0x000001ffdb8d72c0 Uncommon trap: reason=class_check action=maybe_recompile pc=0x000001ffc72bacac method=java.io.BufferedInputStream.read1([BII)I @ 39 c2
Event: 8.885 Thread 0x000001ffdb8d72c0 DEOPT PACKING pc=0x000001ffc72bacac sp=0x000000c252cf6e80
Event: 8.885 Thread 0x000001ffdb8d72c0 DEOPT UNPACKING pc=0x000001ffc6bb69a3 sp=0x000000c252cf6d98 mode 2
Event: 8.885 Thread 0x000001ffdb8d72c0 Uncommon trap: trap_request=0xffffffde fr.pc=0x000001ffc72bacac relative=0x0000000000000a2c
Event: 8.885 Thread 0x000001ffdb8d72c0 Uncommon trap: reason=class_check action=maybe_recompile pc=0x000001ffc72bacac method=java.io.BufferedInputStream.read1([BII)I @ 39 c2
Event: 8.885 Thread 0x000001ffdb8d72c0 DEOPT PACKING pc=0x000001ffc72bacac sp=0x000000c252cf6e80
Event: 8.885 Thread 0x000001ffdb8d72c0 DEOPT UNPACKING pc=0x000001ffc6bb69a3 sp=0x000000c252cf6d98 mode 2
Event: 8.885 Thread 0x000001ffdb8d72c0 Uncommon trap: trap_request=0xffffffde fr.pc=0x000001ffc72bacac relative=0x0000000000000a2c
Event: 8.885 Thread 0x000001ffdb8d72c0 Uncommon trap: reason=class_check action=maybe_recompile pc=0x000001ffc72bacac method=java.io.BufferedInputStream.read1([BII)I @ 39 c2
Event: 8.885 Thread 0x000001ffdb8d72c0 DEOPT PACKING pc=0x000001ffc72bacac sp=0x000000c252cf6e80
Event: 8.885 Thread 0x000001ffdb8d72c0 DEOPT UNPACKING pc=0x000001ffc6bb69a3 sp=0x000000c252cf6d98 mode 2
Event: 8.942 Thread 0x000001ffdb8d72c0 Uncommon trap: trap_request=0xffffffde fr.pc=0x000001ffc73d68c8 relative=0x0000000000002928
Event: 8.942 Thread 0x000001ffdb8d72c0 Uncommon trap: reason=class_check action=maybe_recompile pc=0x000001ffc73d68c8 method=java.util.jar.JarFile.getManifestFromReference()Ljava/util/jar/Manifest; @ 152 c2
Event: 8.942 Thread 0x000001ffdb8d72c0 DEOPT PACKING pc=0x000001ffc73d68c8 sp=0x000000c252cf6790
Event: 8.942 Thread 0x000001ffdb8d72c0 DEOPT UNPACKING pc=0x000001ffc6bb69a3 sp=0x000000c252cf6700 mode 2
Event: 9.101 Thread 0x000001ffdb8d72c0 DEOPT PACKING pc=0x000001ffbfcbadce sp=0x000000c252cf7060
Event: 9.101 Thread 0x000001ffdb8d72c0 DEOPT UNPACKING pc=0x000001ffc6bb7143 sp=0x000000c252cf6528 mode 0

Classes unloaded (0 events):
No events

Classes redefined (0 events):
No events

Internal exceptions (20 events):
Event: 7.397 Thread 0x000001ffdb8d72c0 Exception <a 'java/lang/NoSuchMethodError'{0x00000000838b66c0}: 'void java.lang.invoke.DirectMethodHandle$Holder.invokeSpecial(java.lang.Object, java.lang.Object, java.lang.Object, int)'> (0x00000000838b66c0) 
thrown [s\src\hotspot\share\interpreter\linkResolver.cpp, line 771]
Event: 7.543 Thread 0x000001ffdb8d72c0 Exception <a 'java/lang/NoSuchMethodError'{0x0000000087fceb28}: 'int java.lang.invoke.DirectMethodHandle$Holder.invokeSpecialIFC(java.lang.Object, java.lang.Object, java.lang.Object)'> (0x0000000087fceb28) 
thrown [s\src\hotspot\share\interpreter\linkResolver.cpp, line 771]
Event: 7.602 Thread 0x000001ffdb8d72c0 Exception <a 'java/lang/NoSuchMethodError'{0x0000000084f6f9d8}: 'java.lang.Object java.lang.invoke.DirectMethodHandle$Holder.newInvokeSpecial(java.lang.Object, java.lang.Object, java.lang.Object, java.lang.Object, java.lang.Object, int)'> (0x0000000084f6f9d8) 
thrown [s\src\hotspot\share\interpreter\linkResolver.cpp, line 771]
Event: 7.603 Thread 0x000001ffdb8d72c0 Exception <a 'java/lang/NoSuchMethodError'{0x0000000084f74de8}: 'java.lang.Object java.lang.invoke.DirectMethodHandle$Holder.invokeSpecial(java.lang.Object, java.lang.Object, java.lang.Object, java.lang.Object, java.lang.Object, java.lang.Object, int)'> (0x0000000084f74de8) 
thrown [s\src\hotspot\share\interpreter\linkResolver.cpp, line 771]
Event: 7.607 Thread 0x000001ffdb8d72c0 Exception <a 'java/lang/NoSuchMethodError'{0x0000000084faa550}: 'java.lang.Object java.lang.invoke.DirectMethodHandle$Holder.invokeSpecial(java.lang.Object, java.lang.Object, java.lang.Object, java.lang.Object, java.lang.Object, long)'> (0x0000000084faa550) 
thrown [s\src\hotspot\share\interpreter\linkResolver.cpp, line 771]
Event: 7.609 Thread 0x000001ffdb8d72c0 Exception <a 'java/lang/NoSuchMethodError'{0x0000000084fcc1a0}: 'void java.lang.invoke.DirectMethodHandle$Holder.invokeStatic(java.lang.Object, java.lang.Object, java.lang.Object, int, java.lang.Object)'> (0x0000000084fcc1a0) 
thrown [s\src\hotspot\share\interpreter\linkResolver.cpp, line 771]
Event: 8.427 Thread 0x000001ffdb8d72c0 Exception <a 'java/lang/NoSuchMethodError'{0x0000000085090c50}: 'long java.lang.invoke.DirectMethodHandle$Holder.invokeVirtual(java.lang.Object, java.lang.Object)'> (0x0000000085090c50) 
thrown [s\src\hotspot\share\interpreter\linkResolver.cpp, line 771]
Event: 8.434 Thread 0x000001ffdb8d81f0 Exception <a 'java/lang/NoSuchMethodError'{0x00000000850d5468}: static Lorg/gradle/internal/build/event/types/DefaultOperationFinishedProgressEvent;.<clinit>()V> (0x00000000850d5468) 
thrown [s\src\hotspot\share\prims\jni.cpp, line 1108]
Event: 8.436 Thread 0x000001ffdb8d81f0 Exception <a 'java/lang/NoSuchMethodError'{0x0000000084f00370}: static Lorg/gradle/internal/build/event/types/DefaultProjectConfigurationSuccessResult;.<clinit>()V> (0x0000000084f00370) 
thrown [s\src\hotspot\share\prims\jni.cpp, line 1108]
Event: 8.437 Thread 0x000001ffdb8d81f0 Exception <a 'java/lang/NoSuchMethodError'{0x0000000084f04fa8}: static Lorg/gradle/internal/build/event/types/AbstractProjectConfigurationResult;.<clinit>()V> (0x0000000084f04fa8) 
thrown [s\src\hotspot\share\prims\jni.cpp, line 1108]
Event: 8.437 Thread 0x000001ffdb8d81f0 Exception <a 'java/lang/NoSuchMethodError'{0x0000000084f066e8}: static Lorg/gradle/internal/build/event/types/AbstractOperationResult;.<clinit>()V> (0x0000000084f066e8) 
thrown [s\src\hotspot\share\prims\jni.cpp, line 1108]
Event: 8.437 Thread 0x000001ffdb8d81f0 Exception <a 'java/lang/NoSuchMethodError'{0x0000000084f07b58}: static Lorg/gradle/internal/build/event/types/AbstractResult;.<clinit>()V> (0x0000000084f07b58) 
thrown [s\src\hotspot\share\prims\jni.cpp, line 1108]
Event: 8.439 Thread 0x000001ffdb8d81f0 Exception <a 'java/lang/NoSuchMethodError'{0x0000000084f95a08}: static Lorg/gradle/internal/build/event/types/DefaultPluginApplicationResult;.<clinit>()V> (0x0000000084f95a08) 
thrown [s\src\hotspot\share\prims\jni.cpp, line 1108]
Event: 8.440 Thread 0x000001ffdb8d81f0 Exception <a 'java/lang/NoSuchMethodError'{0x0000000084fa2420}: static Lorg/gradle/internal/build/event/types/DefaultBinaryPluginIdentifier;.<clinit>()V> (0x0000000084fa2420) 
thrown [s\src\hotspot\share\prims\jni.cpp, line 1108]
Event: 8.441 Thread 0x000001ffdb8d81f0 Exception <a 'java/lang/NoSuchMethodError'{0x0000000084fbc508}: static Lorg/gradle/internal/build/event/types/DefaultScriptPluginIdentifier;.<clinit>()V> (0x0000000084fbc508) 
thrown [s\src\hotspot\share\prims\jni.cpp, line 1108]
Event: 8.504 Thread 0x000001ffdb8d72c0 Implicit null exception at 0x000001ffc7174812 to 0x000001ffc7174eb0
Event: 8.505 Thread 0x000001ffdb8d72c0 Implicit null exception at 0x000001ffc72e9994 to 0x000001ffc72ea038
Event: 8.777 Thread 0x000001ffdb8d72c0 Exception <a 'java/lang/ClassNotFoundException'{0x00000000848974f0}: sun/misc/SharedSecrets> (0x00000000848974f0) 
thrown [s\src\hotspot\share\classfile\systemDictionary.cpp, line 256]
Event: 8.777 Thread 0x000001ffdb8d72c0 Exception <a 'java/lang/ClassNotFoundException'{0x0000000084898ac8}: org/gradle/api/internal/plugins/DefaultObjectConfigurationActionBeanInfo> (0x0000000084898ac8) 
thrown [s\src\hotspot\share\classfile\systemDictionary.cpp, line 256]
Event: 8.778 Thread 0x000001ffdb8d72c0 Exception <a 'java/lang/ClassNotFoundException'{0x00000000848af2b0}: org/gradle/api/internal/plugins/DefaultObjectConfigurationActionCustomizer> (0x00000000848af2b0) 
thrown [s\src\hotspot\share\classfile\systemDictionary.cpp, line 256]

VM Operations (20 events):
Event: 8.391 Executing VM operation: G1CollectForAllocation done
Event: 8.527 Executing VM operation: G1TryInitiateConcMark
Event: 8.533 Executing VM operation: G1TryInitiateConcMark done
Event: 8.575 Executing VM operation: G1PauseRemark
Event: 8.577 Executing VM operation: G1PauseRemark done
Event: 8.599 Executing VM operation: G1PauseCleanup
Event: 8.599 Executing VM operation: G1PauseCleanup done
Event: 8.953 Executing VM operation: G1CollectForAllocation
Event: 8.958 Executing VM operation: G1CollectForAllocation done
Event: 8.967 Executing VM operation: G1CollectForAllocation
Event: 8.970 Executing VM operation: G1CollectForAllocation done
Event: 8.978 Executing VM operation: G1TryInitiateConcMark
Event: 8.979 Executing VM operation: G1TryInitiateConcMark done
Event: 9.032 Executing VM operation: G1PauseRemark
Event: 9.036 Executing VM operation: G1PauseRemark done
Event: 9.060 Executing VM operation: G1PauseCleanup
Event: 9.060 Executing VM operation: G1PauseCleanup done
Event: 9.162 Executing VM operation: G1CollectForAllocation
Event: 9.164 Executing VM operation: G1CollectForAllocation done
Event: 9.206 Executing VM operation: G1CollectForAllocation

Events (20 events):
Event: 7.700 loading class java/util/Collections$2
Event: 7.700 loading class java/util/Collections$2 done
Event: 8.026 loading class java/util/Collections$ReverseComparator
Event: 8.026 loading class java/util/Collections$ReverseComparator done
Event: 8.026 loading class java/util/Collections$ReverseComparator2
Event: 8.026 loading class java/util/Collections$ReverseComparator2 done
Event: 8.157 Thread 0x000001ffdd438f60 Thread added: 0x000001ffdd438f60
Event: 8.157 Thread 0x000001ffdd43d130 Thread added: 0x000001ffdd43d130
Event: 8.157 Thread 0x000001ffdd438a50 Thread added: 0x000001ffdd438a50
Event: 8.430 loading class java/util/stream/SortedOps$RefSortingSink
Event: 8.431 loading class java/util/stream/SortedOps$RefSortingSink done
Event: 8.441 loading class java/time/Ser
Event: 8.441 loading class java/time/Ser done
Event: 8.472 loading class jdk/internal/access/foreign/MemorySegmentProxy
Event: 8.472 loading class jdk/internal/access/foreign/MemorySegmentProxy done
Event: 8.677 Thread 0x000001ffdc1c5950 Thread exited: 0x000001ffdc1c5950
Event: 8.777 loading class sun/misc/SharedSecrets
Event: 8.777 loading class sun/misc/SharedSecrets done
Event: 9.077 loading class java/util/regex/Pattern$1
Event: 9.077 loading class java/util/regex/Pattern$1 done


Dynamic libraries:
0x00007ff68ae20000 - 0x00007ff68ae2a000 	C:\Program Files\Android\Android Studio\jbr\bin\java.exe
0x00007ffb25c10000 - 0x00007ffb25e08000 	C:\WINDOWS\SYSTEM32\ntdll.dll
0x00007ffb24bd0000 - 0x00007ffb24c8d000 	C:\WINDOWS\System32\KERNEL32.DLL
0x00007ffb23330000 - 0x00007ffb23626000 	C:\WINDOWS\System32\KERNELBASE.dll
0x00007ffb23830000 - 0x00007ffb23930000 	C:\WINDOWS\System32\ucrtbase.dll
0x00007ffb1e180000 - 0x00007ffb1e19b000 	C:\Program Files\Android\Android Studio\jbr\bin\VCRUNTIME140.dll
0x00007ffb09660000 - 0x00007ffb09677000 	C:\Program Files\Android\Android Studio\jbr\bin\jli.dll
0x00007ffb25520000 - 0x00007ffb256bf000 	C:\WINDOWS\System32\USER32.dll
0x00007ffb23630000 - 0x00007ffb23652000 	C:\WINDOWS\System32\win32u.dll
0x00007ffb18c10000 - 0x00007ffb18eaa000 	C:\WINDOWS\WinSxS\amd64_microsoft.windows.common-controls_6595b64144ccf1df_6.0.19041.3636_none_60b6a03d71f818d5\COMCTL32.dll
0x00007ffb23f60000 - 0x00007ffb23f8b000 	C:\WINDOWS\System32\GDI32.dll
0x00007ffb24f60000 - 0x00007ffb24ffe000 	C:\WINDOWS\System32\msvcrt.dll
0x00007ffb23a90000 - 0x00007ffb23ba7000 	C:\WINDOWS\System32\gdi32full.dll
0x00007ffb23790000 - 0x00007ffb2382d000 	C:\WINDOWS\System32\msvcp_win.dll
0x00007ffb24db0000 - 0x00007ffb24de2000 	C:\WINDOWS\System32\IMM32.DLL
0x00007ffb0a7f0000 - 0x00007ffb0a7fc000 	C:\Program Files\Android\Android Studio\jbr\bin\vcruntime140_1.dll
0x00007ffb099a0000 - 0x00007ffb09a2d000 	C:\Program Files\Android\Android Studio\jbr\bin\msvcp140.dll
0x00007ffad48e0000 - 0x00007ffad5563000 	C:\Program Files\Android\Android Studio\jbr\bin\server\jvm.dll
0x00007ffb23c40000 - 0x00007ffb23cf0000 	C:\WINDOWS\System32\ADVAPI32.dll
0x00007ffb23f90000 - 0x00007ffb24030000 	C:\WINDOWS\System32\sechost.dll
0x00007ffb23dd0000 - 0x00007ffb23ef3000 	C:\WINDOWS\System32\RPCRT4.dll
0x00007ffb236b0000 - 0x00007ffb236d7000 	C:\WINDOWS\System32\bcrypt.dll
0x00007ffb22850000 - 0x00007ffb2289b000 	C:\WINDOWS\SYSTEM32\POWRPROF.dll
0x00007ffb015f0000 - 0x00007ffb015f9000 	C:\WINDOWS\SYSTEM32\WSOCK32.dll
0x00007ffb1e560000 - 0x00007ffb1e56a000 	C:\WINDOWS\SYSTEM32\VERSION.dll
0x00007ffb1a550000 - 0x00007ffb1a577000 	C:\WINDOWS\SYSTEM32\WINMM.dll
0x00007ffb24e90000 - 0x00007ffb24efb000 	C:\WINDOWS\System32\WS2_32.dll
0x00007ffb226c0000 - 0x00007ffb226d2000 	C:\WINDOWS\SYSTEM32\UMPDC.dll
0x00007ffb21150000 - 0x00007ffb21162000 	C:\WINDOWS\SYSTEM32\kernel.appcore.dll
0x00007ffb1e1b0000 - 0x00007ffb1e1ba000 	C:\Program Files\Android\Android Studio\jbr\bin\jimage.dll
0x00007ffb1a270000 - 0x00007ffb1a454000 	C:\WINDOWS\SYSTEM32\DBGHELP.DLL
0x00007ffb13f40000 - 0x00007ffb13f74000 	C:\WINDOWS\SYSTEM32\dbgcore.DLL
0x00007ffb23bb0000 - 0x00007ffb23c32000 	C:\WINDOWS\System32\bcryptPrimitives.dll
0x00007ffb1e1a0000 - 0x00007ffb1e1ae000 	C:\Program Files\Android\Android Studio\jbr\bin\instrument.dll
0x00007ffb11aa0000 - 0x00007ffb11ac5000 	C:\Program Files\Android\Android Studio\jbr\bin\java.dll
0x00007ffb0a7a0000 - 0x00007ffb0a7b8000 	C:\Program Files\Android\Android Studio\jbr\bin\zip.dll
0x00007ffb24030000 - 0x00007ffb2479b000 	C:\WINDOWS\System32\SHELL32.dll
0x00007ffb21350000 - 0x00007ffb21aee000 	C:\WINDOWS\SYSTEM32\windows.storage.dll
0x00007ffb24860000 - 0x00007ffb24bb3000 	C:\WINDOWS\System32\combase.dll
0x00007ffb22cf0000 - 0x00007ffb22d1e000 	C:\WINDOWS\SYSTEM32\Wldp.dll
0x00007ffb251b0000 - 0x00007ffb2527d000 	C:\WINDOWS\System32\OLEAUT32.dll
0x00007ffb25470000 - 0x00007ffb2551d000 	C:\WINDOWS\System32\SHCORE.dll
0x00007ffb23f00000 - 0x00007ffb23f55000 	C:\WINDOWS\System32\shlwapi.dll
0x00007ffb231f0000 - 0x00007ffb23213000 	C:\WINDOWS\SYSTEM32\profapi.dll
0x00007ffb09a50000 - 0x00007ffb09a69000 	C:\Program Files\Android\Android Studio\jbr\bin\net.dll
0x00007ffb1c860000 - 0x00007ffb1c96a000 	C:\WINDOWS\SYSTEM32\WINHTTP.dll
0x00007ffb22a50000 - 0x00007ffb22aba000 	C:\WINDOWS\system32\mswsock.dll
0x00007ffb097a0000 - 0x00007ffb097b6000 	C:\Program Files\Android\Android Studio\jbr\bin\nio.dll
0x00007ffb09cc0000 - 0x00007ffb09cd0000 	C:\Program Files\Android\Android Studio\jbr\bin\verify.dll
0x00007ffb1c7d0000 - 0x00007ffb1c7f7000 	C:\Users\Jose Martins\.gradle\native\c067742578af261105cb4f569cf0c3c89f3d7b1fecec35dd04571415982c5e48\windows-amd64\native-platform.dll
0x00007ffae8700000 - 0x00007ffae8844000 	C:\Users\Jose Martins\.gradle\native\38dada09dfb8b06ba9b0570ebf7e218e3eb74d4ef43ca46872605cf95ebc2f47\windows-amd64\native-platform-file-events.dll
0x00007ffb0a970000 - 0x00007ffb0a979000 	C:\Program Files\Android\Android Studio\jbr\bin\management.dll
0x00007ffb09d50000 - 0x00007ffb09d5b000 	C:\Program Files\Android\Android Studio\jbr\bin\management_ext.dll
0x00007ffb24bc0000 - 0x00007ffb24bc8000 	C:\WINDOWS\System32\PSAPI.DLL
0x00007ffb22c40000 - 0x00007ffb22c58000 	C:\WINDOWS\SYSTEM32\CRYPTSP.dll
0x00007ffb22300000 - 0x00007ffb22334000 	C:\WINDOWS\system32\rsaenh.dll
0x00007ffb231b0000 - 0x00007ffb231de000 	C:\WINDOWS\SYSTEM32\USERENV.dll
0x00007ffb22c60000 - 0x00007ffb22c6c000 	C:\WINDOWS\SYSTEM32\CRYPTBASE.dll
0x00007ffb226e0000 - 0x00007ffb2271b000 	C:\WINDOWS\SYSTEM32\IPHLPAPI.DLL
0x00007ffb24850000 - 0x00007ffb24858000 	C:\WINDOWS\System32\NSI.dll
0x00007ffb1cd60000 - 0x00007ffb1cd77000 	C:\WINDOWS\SYSTEM32\dhcpcsvc6.DLL
0x00007ffb1da30000 - 0x00007ffb1da4d000 	C:\WINDOWS\SYSTEM32\dhcpcsvc.DLL
0x00007ffb22720000 - 0x00007ffb227eb000 	C:\WINDOWS\SYSTEM32\DNSAPI.dll
0x00007ffb1ece0000 - 0x00007ffb1ece7000 	C:\WINDOWS\system32\wshunix.dll

dbghelp: loaded successfully - version: 4.0.5 - missing functions: none
symbol engine: initialized successfully - sym options: 0x614 - pdb path: .;C:\Program Files\Android\Android Studio\jbr\bin;C:\WINDOWS\SYSTEM32;C:\WINDOWS\WinSxS\amd64_microsoft.windows.common-controls_6595b64144ccf1df_6.0.19041.3636_none_60b6a03d71f818d5;C:\Program Files\Android\Android Studio\jbr\bin\server;C:\Users\Jose Martins\.gradle\native\c067742578af261105cb4f569cf0c3c89f3d7b1fecec35dd04571415982c5e48\windows-amd64;C:\Users\Jose Martins\.gradle\native\38dada09dfb8b06ba9b0570ebf7e218e3eb74d4ef43ca46872605cf95ebc2f47\windows-amd64

VM Arguments:
jvm_args: --add-opens=java.base/java.util=ALL-UNNAMED --add-opens=java.base/java.lang=ALL-UNNAMED --add-opens=java.base/java.lang.invoke=ALL-UNNAMED --add-opens=java.prefs/java.util.prefs=ALL-UNNAMED --add-opens=java.base/java.nio.charset=ALL-UNNAMED --add-opens=java.base/java.net=ALL-UNNAMED --add-opens=java.base/java.util.concurrent.atomic=ALL-UNNAMED -Xmx2048m -Dfile.encoding=UTF-8 -Duser.country=PT -Duser.language=pt -Duser.variant -javaagent:C:\Users\Jose Martins\.gradle\wrapper\dists\gradle-8.4-bin\1w5dpkrfk8irigvoxmyhowfim\gradle-8.4\lib\agents\gradle-instrumentation-agent-8.4.jar 
java_command: org.gradle.launcher.daemon.bootstrap.GradleDaemon 8.4
java_class_path (initial): C:\Users\Jose Martins\.gradle\wrapper\dists\gradle-8.4-bin\1w5dpkrfk8irigvoxmyhowfim\gradle-8.4\lib\gradle-launcher-8.4.jar
Launcher Type: SUN_STANDARD

[Global flags]
     intx CICompilerCount                          = 3                                         {product} {ergonomic}
     uint ConcGCThreads                            = 1                                         {product} {ergonomic}
     uint G1ConcRefinementThreads                  = 4                                         {product} {ergonomic}
   size_t G1HeapRegionSize                         = 1048576                                   {product} {ergonomic}
    uintx GCDrainStackTargetSize                   = 64                                        {product} {ergonomic}
   size_t InitialHeapSize                          = 134217728                                 {product} {ergonomic}
   size_t MarkStackSize                            = 4194304                                   {product} {ergonomic}
   size_t MaxHeapSize                              = 2147483648                                {product} {command line}
   size_t MaxNewSize                               = 1287651328                                {product} {ergonomic}
   size_t MinHeapDeltaBytes                        = 1048576                                   {product} {ergonomic}
   size_t MinHeapSize                              = 8388608                                   {product} {ergonomic}
    uintx NonNMethodCodeHeapSize                   = 5832780                                {pd product} {ergonomic}
    uintx NonProfiledCodeHeapSize                  = 122912730                              {pd product} {ergonomic}
    uintx ProfiledCodeHeapSize                     = 122912730                              {pd product} {ergonomic}
    uintx ReservedCodeCacheSize                    = 251658240                              {pd product} {ergonomic}
     bool SegmentedCodeCache                       = true                                      {product} {ergonomic}
   size_t SoftMaxHeapSize                          = 2147483648                             {manageable} {ergonomic}
     bool UseCompressedClassPointers               = true                           {product lp64_product} {ergonomic}
     bool UseCompressedOops                        = true                           {product lp64_product} {ergonomic}
     bool UseG1GC                                  = true                                      {product} {ergonomic}
     bool UseLargePagesIndividualAllocation        = false                                  {pd product} {ergonomic}

Logging:
Log output configuration:
 #0: stdout all=warning uptime,level,tags
 #1: stderr all=off uptime,level,tags

Environment Variables:
PATH=C:\Python312\Scripts\;C:\Python312\;C:\ProgramData\Oracle\Java\javapath;C:\WINDOWS\system32;C:\WINDOWS;C:\WINDOWS\System32\Wbem;C:\WINDOWS\System32\WindowsPowerShell\v1.0\;C:\WINDOWS\System32\OpenSSH\;C:\Program Files\NVIDIA Corporation\NVIDIA NvDLISR;C:\WINDOWS\system32;C:\WINDOWS;C:\WINDOWS\System32\Wbem;C:\WINDOWS\System32\WindowsPowerShell\v1.0\;C:\WINDOWS\System32\OpenSSH\;C:\Program Files (x86)\NVIDIA Corporation\PhysX\Common;C:\Program Files\nodejs\;C:\ProgramData\chocolatey\bin;C:\Program Files\Git\cmd;C:\Users\Jose Martins\AppData\Local\Microsoft\WindowsApps;C:\Users\Jose Martins\AppData\Roaming\npm
USERNAME=Jose Martins
OS=Windows_NT
PROCESSOR_IDENTIFIER=Intel64 Family 6 Model 158 Stepping 9, GenuineIntel
TMP=C:\Users\JOSEMA~1\AppData\Local\Temp
TEMP=C:\Users\JOSEMA~1\AppData\Local\Temp



Periodic native trim disabled

JNI global refs:
JNI global refs: 25, weak refs: 0

JNI global refs memory usage: 843, weak refs: 841

OOME stack traces (most recent first):
Classloader memory used:
Loader org.gradle.internal.classloader.VisitableURLClassLoader                         : 3671K
Loader bootstrap                                                                       : 2473K
Loader org.gradle.initialization.MixInLegacyTypesClassLoader                           : 1047K
Loader org.gradle.internal.classloader.VisitableURLClassLoader$InstrumentingVisitableURLClassLoader: 284K
Loader jdk.internal.loader.ClassLoaders$PlatformClassLoader                            : 68897B
Loader jdk.internal.loader.ClassLoaders$AppClassLoader                                 : 28453B
Loader jdk.internal.reflect.DelegatingClassLoader                                      : 23034B
Loader org.gradle.internal.classloader.VisitableURLClassLoader                         : 13649B
Loader org.gradle.groovy.scripts.internal.DefaultScriptCompilationHandler$ScriptClassLoader: 9064B
Loader org.codehaus.groovy.runtime.callsite.CallSiteClassLoader                        : 1270B

Classes loaded by more than one classloader:
Class Program                                                                         : loaded 4 times (x 72B)
Class com.google.common.collect.Iterators$MergingIterator                             : loaded 2 times (x 79B)
Class [Lcom.google.common.collect.AbstractMapEntry;                                   : loaded 2 times (x 67B)
Class com.google.common.collect.SingletonImmutableList                                : loaded 2 times (x 167B)
Class org.gradle.internal.classpath.ClassPath                                         : loaded 2 times (x 68B)
Class org.gradle.api.internal.classpath.DefaultModuleRegistry                         : loaded 2 times (x 84B)
Class Settings_gradle$1$1                                                             : loaded 2 times (x 72B)
Class com.google.common.collect.ListMultimap                                          : loaded 2 times (x 68B)
Class com.google.common.base.CharMatcher$JavaDigit                                    : loaded 2 times (x 109B)
Class com.google.common.base.CharMatcher$Digit                                        : loaded 2 times (x 110B)
Class com.google.common.collect.AbstractMultimap                                      : loaded 2 times (x 121B)
Class org.gradle.api.Action                                                           : loaded 2 times (x 68B)
Class com.google.common.collect.ImmutableEntry                                        : loaded 2 times (x 80B)
Class com.google.common.collect.Lists$StringAsImmutableList                           : loaded 2 times (x 167B)
Class com.google.common.base.CharMatcher                                              : loaded 2 times (x 109B)
Class com.google.common.base.CharMatcher$IsNot                                        : loaded 2 times (x 109B)
Class com.google.common.base.Splitter                                                 : loaded 2 times (x 70B)
Class com.google.common.collect.Iterators$ArrayItr                                    : loaded 2 times (x 95B)
Class org.gradle.api.internal.DefaultClassPathProvider                                : loaded 2 times (x 74B)
Class org.gradle.internal.installation.GradleInstallation$1                           : loaded 2 times (x 73B)
Class com.google.common.base.CharMatcher$BitSetMatcher                                : loaded 2 times (x 110B)
Class com.google.common.collect.ImmutableMap$IteratorBasedImmutableMap                : loaded 2 times (x 123B)
Class com.google.common.collect.ImmutableMap                                          : loaded 2 times (x 118B)
Class com.google.common.base.Converter                                                : loaded 2 times (x 88B)
Class com.google.common.collect.ImmutableSet$EmptySetBuilderImpl                      : loaded 2 times (x 74B)
Class com.google.common.base.Predicate                                                : loaded 2 times (x 68B)
Class org.gradle.internal.classloader.FilteringClassLoader                            : loaded 2 times (x 103B)
Class com.google.common.collect.RegularImmutableSet                                   : loaded 2 times (x 146B)
Class org.gradle.internal.classpath.DefaultClassPath$ImmutableUniqueList$Builder      : loaded 2 times (x 73B)
Class com.google.common.collect.Maps$8                                                : loaded 2 times (x 80B)
Class com.google.common.base.PatternCompiler                                          : loaded 2 times (x 68B)
Class com.google.common.base.CharMatcher$InRange                                      : loaded 2 times (x 109B)
Class com.google.common.collect.BiMap                                                 : loaded 2 times (x 68B)
Class com.google.common.collect.Lists                                                 : loaded 2 times (x 69B)
Class com.google.common.math.IntMath$1                                                : loaded 2 times (x 69B)
Class org.gradle.internal.classloader.ClassLoaderVisitor                              : loaded 2 times (x 74B)
Class com.google.common.math.MathPreconditions                                        : loaded 2 times (x 69B)
Class org.gradle.internal.service.DefaultServiceLocator                               : loaded 2 times (x 81B)
Class org.gradle.internal.service.UnknownServiceException                             : loaded 2 times (x 81B)
Class com.google.common.collect.ArrayListMultimap                                     : loaded 2 times (x 170B)
Class com.google.common.base.Strings                                                  : loaded 2 times (x 69B)
Class org.gradle.internal.classloader.DefaultClassLoaderFactory                       : loaded 2 times (x 80B)
Class com.google.common.collect.UnmodifiableIterator                                  : loaded 2 times (x 78B)
Class com.google.common.base.Platform$JdkPatternCompiler                              : loaded 2 times (x 73B)
Class com.google.common.base.CharMatcher$SingleWidth                                  : loaded 2 times (x 110B)
Class com.google.common.collect.Hashing                                               : loaded 2 times (x 69B)
Class com.google.common.base.JdkPattern                                               : loaded 2 times (x 73B)
Class com.google.common.collect.Multimap                                              : loaded 2 times (x 68B)
Class org.gradle.internal.classloader.VisitableURLClassLoader$Spec                    : loaded 2 times (x 72B)
Class org.gradle.api.GradleException                                                  : loaded 2 times (x 80B)
Class com.google.common.base.CharMatcher$JavaLetterOrDigit                            : loaded 2 times (x 109B)
Class org.gradle.api.internal.classpath.ModuleRegistry                                : loaded 2 times (x 68B)
Class com.google.common.collect.ImmutableCollection                                   : loaded 2 times (x 123B)
Class org.gradle.api.internal.ClassPathProvider                                       : loaded 2 times (x 68B)
Class com.google.common.collect.RegularImmutableMap$Values                            : loaded 2 times (x 167B)
Class org.gradle.internal.classloader.ClasspathUtil$1                                 : loaded 2 times (x 74B)
Class com.google.common.collect.ImmutableEnumMap                                      : loaded 2 times (x 123B)
Class com.google.common.collect.ImmutableList$ReverseImmutableList                    : loaded 2 times (x 168B)
Class org.gradle.internal.classloader.ClassLoaderFactory                              : loaded 2 times (x 68B)
Class com.google.common.collect.ObjectArrays                                          : loaded 2 times (x 69B)
Class com.google.common.collect.Iterators$10                                          : loaded 2 times (x 79B)
Class com.google.common.collect.ImmutableList                                         : loaded 2 times (x 166B)
Class org.gradle.api.internal.classpath.ManifestUtil                                  : loaded 2 times (x 69B)
Class org.gradle.api.specs.Spec                                                       : loaded 2 times (x 68B)
Class com.google.common.base.CharMatcher$Whitespace                                   : loaded 2 times (x 110B)
Class com.google.common.collect.Iterators$1                                           : loaded 2 times (x 79B)
Class com.google.common.collect.Iterators$4                                           : loaded 2 times (x 80B)
Class com.google.common.collect.RegularImmutableMap$BucketOverflowException           : loaded 2 times (x 80B)
Class com.google.common.collect.Iterators$5                                           : loaded 2 times (x 80B)
Class com.google.common.base.Preconditions                                            : loaded 2 times (x 69B)
Class com.google.common.base.Function                                                 : loaded 2 times (x 68B)
Class com.google.common.collect.Iterators$9                                           : loaded 2 times (x 79B)
Class org.gradle.internal.IoActions                                                   : loaded 2 times (x 69B)
Class com.google.common.collect.RegularImmutableMap$KeySet                            : loaded 2 times (x 148B)
Class com.google.common.collect.CollectPreconditions                                  : loaded 2 times (x 69B)
Class com.google.common.collect.Maps                                                  : loaded 2 times (x 69B)
Class com.google.common.collect.RegularImmutableMap                                   : loaded 2 times (x 119B)
Class com.google.common.collect.AbstractIndexedListIterator                           : loaded 2 times (x 94B)
Class com.google.common.base.CharMatcher$None                                         : loaded 2 times (x 110B)
Class org.gradle.api.internal.classpath.EffectiveClassPath                            : loaded 2 times (x 88B)
Class com.google.common.collect.UnmodifiableListIterator                              : loaded 2 times (x 93B)
Class com.google.common.collect.ImmutableList$1                                       : loaded 2 times (x 95B)
Class com.google.common.base.Splitter$Strategy                                        : loaded 2 times (x 68B)
Class com.google.common.collect.ImmutableMapEntrySet$RegularEntrySet                  : loaded 2 times (x 149B)
Class [Lcom.google.common.collect.ImmutableMapEntry;                                  : loaded 2 times (x 67B)
Class org.gradle.internal.installation.CurrentGradleInstallation                      : loaded 2 times (x 71B)
Class org.gradle.internal.agents.InstrumentingClassLoader                             : loaded 2 times (x 68B)
Class org.gradle.internal.installation.CurrentGradleInstallationLocator               : loaded 2 times (x 69B)
Class org.gradle.api.internal.classpath.Module                                        : loaded 2 times (x 68B)
Class com.google.common.base.Splitter$1$1                                             : loaded 2 times (x 84B)
Class com.google.common.collect.ImmutableSet$JdkBackedSetBuilderImpl                  : loaded 2 times (x 74B)
Class com.google.common.collect.ImmutableSet$RegularSetBuilderImpl                    : loaded 2 times (x 75B)
Class org.gradle.internal.service.CachingServiceLocator                               : loaded 2 times (x 80B)
Class [Lcom.google.common.collect.ImmutableEntry;                                     : loaded 2 times (x 67B)
Class org.gradle.internal.classpath.DefaultClassPath                                  : loaded 2 times (x 88B)
Class com.google.common.base.Splitter$SplittingIterator                               : loaded 2 times (x 82B)
Class Build_gradle$1                                                                  : loaded 2 times (x 76B)
Class com.google.common.base.CharMatcher$Is                                           : loaded 2 times (x 109B)
Class com.google.common.base.Platform                                                 : loaded 2 times (x 69B)
Class com.google.common.collect.RegularImmutableAsList                                : loaded 2 times (x 176B)
Class com.google.common.collect.PeekingIterator                                       : loaded 2 times (x 68B)
Class com.google.common.collect.ImmutableMapEntrySet                                  : loaded 2 times (x 149B)
Class com.google.common.collect.ImmutableBiMapFauxverideShim                          : loaded 2 times (x 118B)
Class org.gradle.internal.classloader.SystemClassLoaderSpec                           : loaded 2 times (x 69B)
Class com.google.common.collect.SingletonImmutableSet                                 : loaded 2 times (x 144B)
Class [Lcom.google.common.base.AbstractIterator$State;                                : loaded 2 times (x 67B)
Class com.google.common.collect.ImmutableMap$Builder                                  : loaded 2 times (x 80B)
Class com.google.common.base.AbstractIterator                                         : loaded 2 times (x 78B)
Class com.google.common.base.AbstractIterator$1                                       : loaded 2 times (x 69B)
Class com.google.common.collect.Iterators                                             : loaded 2 times (x 69B)
Class com.google.common.base.CharMatcher$1                                            : loaded 2 times (x 111B)
Class com.google.common.base.CharMatcher$Ascii                                        : loaded 2 times (x 110B)
Class org.gradle.api.UncheckedIOException                                             : loaded 2 times (x 80B)
Class com.google.common.base.CharMatcher$And                                          : loaded 2 times (x 110B)
Class com.google.common.collect.IndexedImmutableSet                                   : loaded 2 times (x 148B)
Class com.google.common.collect.AbstractListMultimap                                  : loaded 2 times (x 170B)
Class com.google.common.base.CharMatcher$Any                                          : loaded 2 times (x 110B)
Class org.gradle.internal.installation.GradleInstallation                             : loaded 2 times (x 73B)
Class com.google.common.collect.ArrayListMultimapGwtSerializationDependencies         : loaded 2 times (x 170B)
Class com.google.common.base.CharMatcher$RangesMatcher                                : loaded 2 times (x 110B)
Class com.google.common.collect.ImmutableList$SubList                                 : loaded 2 times (x 168B)
Class org.gradle.internal.classloader.ClasspathUtil                                   : loaded 2 times (x 69B)
Class com.google.common.base.Splitter$1                                               : loaded 2 times (x 75B)
Class com.google.common.collect.Maps$BiMapConverter                                   : loaded 2 times (x 88B)
Class org.gradle.api.internal.DefaultClassPathRegistry                                : loaded 2 times (x 74B)
Class com.google.common.collect.ImmutableSet$SetBuilderImpl                           : loaded 2 times (x 74B)
Class org.gradle.api.internal.classpath.DefaultModuleRegistry$DefaultModule           : loaded 2 times (x 84B)
Class com.google.common.base.CharMatcher$JavaIsoControl                               : loaded 2 times (x 110B)
Class com.google.common.collect.ImmutableMap$1                                        : loaded 2 times (x 79B)
Class com.google.common.base.CharMatcher$Or                                           : loaded 2 times (x 110B)
Class org.gradle.kotlin.dsl.VersionCatalogAccessorsKt                                 : loaded 2 times (x 69B)
Class com.google.common.collect.Iterables                                             : loaded 2 times (x 69B)
Class com.google.common.base.CharMatcher$JavaLowerCase                                : loaded 2 times (x 109B)
Class org.gradle.api.internal.classpath.UnknownModuleException                        : loaded 2 times (x 80B)
Class com.google.common.collect.Maps$EntryTransformer                                 : loaded 2 times (x 68B)
Class com.google.common.collect.ImmutableCollection$Builder                           : loaded 2 times (x 74B)
Class com.google.common.base.CommonPattern                                            : loaded 2 times (x 72B)
Class org.gradle.internal.service.ServiceLookupException                              : loaded 2 times (x 80B)
Class org.gradle.cache.GlobalCache                                                    : loaded 2 times (x 68B)
Class com.google.common.base.CharMatcher$NegatedFastMatcher                           : loaded 2 times (x 111B)
Class [Lorg.gradle.api.internal.ClassPathProvider;                                    : loaded 2 times (x 67B)
Class org.gradle.util.internal.GUtil                                                  : loaded 2 times (x 69B)
Class com.google.common.math.IntMath                                                  : loaded 2 times (x 69B)
Class com.google.common.collect.AbstractIterator                                      : loaded 2 times (x 80B)
Class org.gradle.internal.classloader.ClassLoaderSpec                                 : loaded 2 times (x 69B)
Class com.google.common.base.NullnessCasts                                            : loaded 2 times (x 69B)
Class com.google.common.collect.AbstractMapEntry                                      : loaded 2 times (x 79B)
Class com.google.common.base.CharMatcher$Negated                                      : loaded 2 times (x 111B)
Class com.google.common.collect.ImmutableSet$Builder                                  : loaded 2 times (x 83B)
Class com.google.common.base.CharMatcher$ForPredicate                                 : loaded 2 times (x 110B)
Class com.google.common.collect.ImmutableMap$MapViewOfValuesAsSingletonSets           : loaded 2 times (x 123B)
Class com.google.common.collect.SortedMapDifference                                   : loaded 2 times (x 68B)
Class org.gradle.internal.classloader.VisitableURLClassLoader                         : loaded 2 times (x 115B)
Class com.google.common.collect.ImmutableBiMap                                        : loaded 2 times (x 141B)
Class org.gradle.internal.Cast                                                        : loaded 2 times (x 69B)
Class Build_gradle                                                                    : loaded 2 times (x 70B)
Class org.gradle.api.internal.ClassPathRegistry                                       : loaded 2 times (x 68B)
Class com.google.common.collect.ImmutableSet                                          : loaded 2 times (x 143B)
Class org.gradle.internal.classloader.VisitableURLClassLoader$InstrumentingVisitableURLClassLoader: loaded 2 times (x 121B)
Class org.gradle.internal.classloader.ClassLoaderHierarchy                            : loaded 2 times (x 68B)
Class com.google.common.base.AbstractIterator$State                                   : loaded 2 times (x 77B)
Class com.google.common.base.CharMatcher$NamedFastMatcher                             : loaded 2 times (x 110B)
Class org.gradle.internal.InternalTransformer                                         : loaded 2 times (x 68B)
Class org.gradle.internal.service.ServiceLocator                                      : loaded 2 times (x 68B)
Class Settings_gradle$1                                                               : loaded 2 times (x 72B)
Class com.google.common.collect.ImmutableMapEntry                                     : loaded 2 times (x 83B)
Class com.google.common.base.CharMatcher$Invisible                                    : loaded 2 times (x 110B)
Class com.google.common.base.CharMatcher$FastMatcher                                  : loaded 2 times (x 109B)
Class org.gradle.internal.classpath.DefaultClassPath$ImmutableUniqueList              : loaded 2 times (x 159B)
Class com.google.common.base.CharMatcher$JavaLetter                                   : loaded 2 times (x 109B)
Class org.gradle.internal.classpath.TransformedClassPath                              : loaded 2 times (x 94B)
Class com.google.common.collect.MapDifference                                         : loaded 2 times (x 68B)
Class Settings_gradle                                                                 : loaded 2 times (x 126B)
Class com.google.common.collect.Platform                                              : loaded 2 times (x 69B)
Class com.google.common.collect.ImmutableAsList                                       : loaded 2 times (x 169B)
Class com.google.common.base.CharMatcher$AnyOf                                        : loaded 2 times (x 110B)
Class com.google.common.base.CharMatcher$IsEither                                     : loaded 2 times (x 109B)
Class com.google.common.collect.RegularImmutableList                                  : loaded 2 times (x 172B)
Class com.google.common.base.CharMatcher$JavaUpperCase                                : loaded 2 times (x 109B)
Class com.google.common.collect.Multiset                                              : loaded 2 times (x 68B)
Class com.google.common.collect.ImmutableSet$CachingAsList                            : loaded 2 times (x 145B)
Class com.google.common.collect.ImmutableMapEntry$NonTerminalImmutableMapEntry        : loaded 2 times (x 83B)
Class com.google.common.collect.AbstractMapBasedMultimap                              : loaded 2 times (x 137B)


---------------  S Y S T E M  ---------------

OS:
 Windows 10 , 64 bit Build 19041 (10.0.19041.3636)
OS uptime: 0 days 0:47 hours

CPU: total 4 (initial active 4) (4 cores per cpu, 1 threads per core) family 6 model 158 stepping 9 microcode 0xb4, cx8, cmov, fxsr, mmx, 3dnowpref, sse, sse2, sse3, ssse3, sse4.1, sse4.2, popcnt, lzcnt, tsc, tscinvbit, avx, avx2, aes, erms, clmul, bmi1, bmi2, rtm, adx, fma, vzeroupper, clflush, clflushopt
Processor Information for all 4 processors :
  Max Mhz: 3501, Current Mhz: 3501, Mhz Limit: 3501

Memory: 4k page, system-wide physical 8123M (593M free)
TotalPageFile size 10171M (AvailPageFile size 36M)
current process WorkingSet (physical memory assigned to process): 290M, peak: 290M
current process commit charge ("private bytes"): 350M, peak: 446M

vm_info: OpenJDK 64-Bit Server VM (17.0.9+0--11185874) for windows-amd64 JRE (17.0.9+0--11185874), built on Dec  6 2023 18:57:44 by "androidbuild" with MS VC++ 16.10 / 16.11 (VS2019)

END.
