#
# There is insufficient memory for the Java Runtime Environment to continue.
# Native memory allocation (malloc) failed to allocate 707536 bytes for Chunk::new
# Possible reasons:
#   The system is out of physical RAM or swap space
#   The process is running with CompressedOops enabled, and the Java Heap may be blocking the growth of the native heap
# Possible solutions:
#   Reduce memory load on the system
#   Increase physical memory or swap space
#   Check if swap backing store is full
#   Decrease Java heap size (-Xmx/-Xms)
#   Decrease number of Java threads
#   Decrease Java thread stack sizes (-Xss)
#   Set larger code cache with -XX:ReservedCodeCacheSize=
#   JVM is running with Unscaled Compressed Oops mode in which the Java heap is
#     placed in the first 4GB address space. The Java Heap base address is the
#     maximum limit for the native heap growth. Please use -XX:HeapBaseMinAddress
#     to set the Java Heap base and to place the Java Heap above 4GB virtual address.
# This output file may be truncated or incomplete.
#
#  Out of Memory Error (arena.cpp:191), pid=20892, tid=20476
#
# JRE version: OpenJDK Runtime Environment (17.0.9) (build 17.0.9+0--11185874)
# Java VM: OpenJDK 64-Bit Server VM (17.0.9+0--11185874, mixed mode, tiered, compressed oops, compressed class ptrs, g1 gc, windows-amd64)
# No core dump will be written. Minidumps are not enabled by default on client versions of Windows
#

---------------  S U M M A R Y ------------

Command Line: --add-opens=java.base/java.util=ALL-UNNAMED --add-opens=java.base/java.lang=ALL-UNNAMED --add-opens=java.base/java.lang.invoke=ALL-UNNAMED --add-opens=java.prefs/java.util.prefs=ALL-UNNAMED --add-opens=java.base/java.nio.charset=ALL-UNNAMED --add-opens=java.base/java.net=ALL-UNNAMED --add-opens=java.base/java.util.concurrent.atomic=ALL-UNNAMED -Xmx2048m -Dfile.encoding=UTF-8 -Duser.country=PT -Duser.language=pt -Duser.variant -javaagent:C:\Users\Jose Martins\.gradle\wrapper\dists\gradle-8.4-bin\1w5dpkrfk8irigvoxmyhowfim\gradle-8.4\lib\agents\gradle-instrumentation-agent-8.4.jar org.gradle.launcher.daemon.bootstrap.GradleDaemon 8.4

Host: Intel(R) Core(TM) i5-7600 CPU @ 3.50GHz, 4 cores, 7G,  Windows 10 , 64 bit Build 19041 (10.0.19041.3636)
Time: Wed May  1 18:37:09 2024 Hora de Verão de GMT elapsed time: 7.194952 seconds (0d 0h 0m 7s)

---------------  T H R E A D  ---------------

Current thread (0x00000191b701f080):  JavaThread "C2 CompilerThread0" daemon [_thread_in_native, id=20476, stack(0x00000058d1d00000,0x00000058d1e00000)]


Current CompileTask:
C2:   7195 8001       4       java.util.zip.ZipFile$Source::initCEN (591 bytes)

Stack: [0x00000058d1d00000,0x00000058d1e00000]
Native frames: (J=compiled Java code, j=interpreted, Vv=VM code, C=native code)
V  [jvm.dll+0x6886e9]
V  [jvm.dll+0x841e4a]
V  [jvm.dll+0x843a8e]
V  [jvm.dll+0x8440f3]
V  [jvm.dll+0x24c14f]
V  [jvm.dll+0xac44c]
V  [jvm.dll+0xaca9c]
V  [jvm.dll+0x36c1a2]
V  [jvm.dll+0x1be6a2]
V  [jvm.dll+0x21df09]
V  [jvm.dll+0x21d1d1]
V  [jvm.dll+0x1a674d]
V  [jvm.dll+0x22d088]
V  [jvm.dll+0x22b1c0]
V  [jvm.dll+0x7f62f7]
V  [jvm.dll+0x7f06aa]
V  [jvm.dll+0x687565]
C  [ucrtbase.dll+0x21bb2]
C  [KERNEL32.DLL+0x17344]
C  [ntdll.dll+0x526b1]


---------------  P R O C E S S  ---------------

Threads class SMR info:
_java_thread_list=0x00000191bbd18830, length=44, elements={
0x00000191996ee1d0, 0x00000191b2d03260, 0x00000191b2d04790, 0x00000191b2cef3f0,
0x00000191b2cefec0, 0x00000191b701d410, 0x00000191b701e480, 0x00000191b701f080,
0x00000191b70201e0, 0x00000191b7026000, 0x00000191b2c695f0, 0x00000191b72f7020,
0x00000191b73fe390, 0x00000191b83c0430, 0x00000191b9b98aa0, 0x00000191b880cde0,
0x00000191b86fa840, 0x00000191b8e1f440, 0x00000191b8104180, 0x00000191b8107420,
0x00000191b8107930, 0x00000191b8104ba0, 0x00000191b8106f10, 0x00000191b8104690,
0x00000191b81055c0, 0x00000191b8105ad0, 0x00000191b8105fe0, 0x00000191b81064f0,
0x00000191b8106a00, 0x00000191ba319810, 0x00000191ba31a740, 0x00000191ba31d4d0,
0x00000191ba316570, 0x00000191ba316060, 0x00000191ba318df0, 0x00000191ba316a80,
0x00000191ba31cab0, 0x00000191ba319300, 0x00000191ba319d20, 0x00000191ba31b670,
0x00000191ba3188e0, 0x00000191ba31ac50, 0x00000191ba31c090, 0x00000191ba31b160
}

Java Threads: ( => current thread )
  0x00000191996ee1d0 JavaThread "main" [_thread_blocked, id=6728, stack(0x00000058d1000000,0x00000058d1100000)]
  0x00000191b2d03260 JavaThread "Reference Handler" daemon [_thread_blocked, id=21156, stack(0x00000058d1700000,0x00000058d1800000)]
  0x00000191b2d04790 JavaThread "Finalizer" daemon [_thread_blocked, id=5284, stack(0x00000058d1800000,0x00000058d1900000)]
  0x00000191b2cef3f0 JavaThread "Signal Dispatcher" daemon [_thread_blocked, id=17784, stack(0x00000058d1900000,0x00000058d1a00000)]
  0x00000191b2cefec0 JavaThread "Attach Listener" daemon [_thread_blocked, id=4532, stack(0x00000058d1a00000,0x00000058d1b00000)]
  0x00000191b701d410 JavaThread "Service Thread" daemon [_thread_blocked, id=19904, stack(0x00000058d1b00000,0x00000058d1c00000)]
  0x00000191b701e480 JavaThread "Monitor Deflation Thread" daemon [_thread_blocked, id=8044, stack(0x00000058d1c00000,0x00000058d1d00000)]
=>0x00000191b701f080 JavaThread "C2 CompilerThread0" daemon [_thread_in_native, id=20476, stack(0x00000058d1d00000,0x00000058d1e00000)]
  0x00000191b70201e0 JavaThread "C1 CompilerThread0" daemon [_thread_blocked, id=17752, stack(0x00000058d1e00000,0x00000058d1f00000)]
  0x00000191b7026000 JavaThread "Sweeper thread" daemon [_thread_blocked, id=4908, stack(0x00000058d1f00000,0x00000058d2000000)]
  0x00000191b2c695f0 JavaThread "Common-Cleaner" daemon [_thread_blocked, id=10300, stack(0x00000058d2000000,0x00000058d2100000)]
  0x00000191b72f7020 JavaThread "Notification Thread" daemon [_thread_blocked, id=6764, stack(0x00000058d2100000,0x00000058d2200000)]
  0x00000191b73fe390 JavaThread "C2 CompilerThread1" daemon [_thread_in_native, id=20620, stack(0x00000058d2300000,0x00000058d2400000)]
  0x00000191b83c0430 JavaThread "Daemon health stats" [_thread_blocked, id=13460, stack(0x00000058d2700000,0x00000058d2800000)]
  0x00000191b9b98aa0 JavaThread "Incoming local TCP Connector on port 52867" [_thread_in_native, id=14036, stack(0x00000058d2800000,0x00000058d2900000)]
  0x00000191b880cde0 JavaThread "Daemon periodic checks" [_thread_blocked, id=18836, stack(0x00000058d2900000,0x00000058d2a00000)]
  0x00000191b86fa840 JavaThread "Daemon" [_thread_blocked, id=12068, stack(0x00000058d2a00000,0x00000058d2b00000)]
  0x00000191b8e1f440 JavaThread "Handler for socket connection from /127.0.0.1:52867 to /127.0.0.1:52868" [_thread_in_native, id=10380, stack(0x00000058d2b00000,0x00000058d2c00000)]
  0x00000191b8104180 JavaThread "Cancel handler" [_thread_blocked, id=9408, stack(0x00000058d2c00000,0x00000058d2d00000)]
  0x00000191b8107420 JavaThread "Daemon worker" [_thread_in_native, id=6964, stack(0x00000058d2d00000,0x00000058d2e00000)]
  0x00000191b8107930 JavaThread "Asynchronous log dispatcher for DefaultDaemonConnection: socket connection from /127.0.0.1:52867 to /127.0.0.1:52868" [_thread_blocked, id=21076, stack(0x00000058d2e00000,0x00000058d2f00000)]
  0x00000191b8104ba0 JavaThread "Stdin handler" [_thread_blocked, id=20768, stack(0x00000058d2f00000,0x00000058d3000000)]
  0x00000191b8106f10 JavaThread "Daemon client event forwarder" [_thread_blocked, id=10972, stack(0x00000058d3000000,0x00000058d3100000)]
  0x00000191b8104690 JavaThread "Cache worker for journal cache (C:\Users\Jose Martins\.gradle\caches\journal-1)" [_thread_blocked, id=9752, stack(0x00000058d3100000,0x00000058d3200000)]
  0x00000191b81055c0 JavaThread "File lock request listener" [_thread_in_native, id=3164, stack(0x00000058d3200000,0x00000058d3300000)]
  0x00000191b8105ad0 JavaThread "Cache worker for file hash cache (C:\Users\Jose Martins\.gradle\caches\8.4\fileHashes)" [_thread_blocked, id=6576, stack(0x00000058d3300000,0x00000058d3400000)]
  0x00000191b8105fe0 JavaThread "File watcher server" daemon [_thread_in_native, id=18376, stack(0x00000058d3400000,0x00000058d3500000)]
  0x00000191b81064f0 JavaThread "File watcher consumer" daemon [_thread_blocked, id=16464, stack(0x00000058d3500000,0x00000058d3600000)]
  0x00000191b8106a00 JavaThread "Cache worker for checksums cache (C:\developer\projects\github\carris\projeto_2\.gradle\8.4\checksums)" [_thread_blocked, id=6792, stack(0x00000058d3600000,0x00000058d3700000)]
  0x00000191ba319810 JavaThread "Cache worker for file hash cache (C:\developer\projects\github\carris\projeto_2\.gradle\8.4\fileHashes)" [_thread_blocked, id=19460, stack(0x00000058d3700000,0x00000058d3800000)]
  0x00000191ba31a740 JavaThread "Cache worker for cache directory md-supplier (C:\Users\Jose Martins\.gradle\caches\8.4\md-supplier)" [_thread_blocked, id=5808, stack(0x00000058d3800000,0x00000058d3900000)]
  0x00000191ba31d4d0 JavaThread "Cache worker for file content cache (C:\Users\Jose Martins\.gradle\caches\8.4\fileContent)" [_thread_blocked, id=908, stack(0x00000058d3900000,0x00000058d3a00000)]
  0x00000191ba316570 JavaThread "Cache worker for cache directory md-rule (C:\Users\Jose Martins\.gradle\caches\8.4\md-rule)" [_thread_blocked, id=16432, stack(0x00000058d3a00000,0x00000058d3b00000)]
  0x00000191ba316060 JavaThread "Cache worker for execution history cache (C:\Users\Jose Martins\.gradle\caches\8.4\executionHistory)" [_thread_blocked, id=20136, stack(0x00000058d3b00000,0x00000058d3c00000)]
  0x00000191ba318df0 JavaThread "jar transforms" [_thread_blocked, id=16632, stack(0x00000058d3d00000,0x00000058d3e00000)]
  0x00000191ba316a80 JavaThread "jar transforms Thread 2" [_thread_blocked, id=6496, stack(0x00000058d3e00000,0x00000058d3f00000)]
  0x00000191ba31cab0 JavaThread "jar transforms Thread 3" [_thread_blocked, id=18728, stack(0x00000058d3f00000,0x00000058d4000000)]
  0x00000191ba319300 JavaThread "jar transforms Thread 4" [_thread_blocked, id=20380, stack(0x00000058d4000000,0x00000058d4100000)]
  0x00000191ba319d20 JavaThread "Cache worker for kotlin-dsl (C:\Users\Jose Martins\.gradle\caches\8.4\kotlin-dsl)" [_thread_blocked, id=18772, stack(0x00000058d4100000,0x00000058d4200000)]
  0x00000191ba31b670 JavaThread "Cache worker for dependencies-accessors (C:\developer\projects\github\carris\projeto_2\.gradle\8.4\dependencies-accessors)" [_thread_blocked, id=19888, stack(0x00000058d4200000,0x00000058d4300000)]
  0x00000191ba3188e0 JavaThread "Cache worker for Build Output Cleanup Cache (C:\developer\projects\github\carris\projeto_2\.gradle\buildOutputCleanup)" [_thread_blocked, id=8252, stack(0x00000058d4300000,0x00000058d4400000)]
  0x00000191ba31ac50 JavaThread "Unconstrained build operations" [_thread_blocked, id=9088, stack(0x00000058d4400000,0x00000058d4500000)]
  0x00000191ba31c090 JavaThread "Unconstrained build operations Thread 2" [_thread_blocked, id=8236, stack(0x00000058d4500000,0x00000058d4600000)]
  0x00000191ba31b160 JavaThread "Unconstrained build operations Thread 3" [_thread_blocked, id=3752, stack(0x00000058d4600000,0x00000058d4700000)]

Other Threads:
  0x00000191b2ce0710 VMThread "VM Thread" [stack: 0x00000058d1600000,0x00000058d1700000] [id=5244]
  0x00000191b7244c50 WatcherThread [stack: 0x00000058d2200000,0x00000058d2300000] [id=16312]
  0x00000191997497e0 GCTaskThread "GC Thread#0" [stack: 0x00000058d1100000,0x00000058d1200000] [id=7152]
  0x00000191b2ceb110 GCTaskThread "GC Thread#1" [stack: 0x00000058d2400000,0x00000058d2500000] [id=19868]
  0x00000191b2cebed0 GCTaskThread "GC Thread#2" [stack: 0x00000058d2500000,0x00000058d2600000] [id=18040]
  0x00000191b2cea8d0 GCTaskThread "GC Thread#3" [stack: 0x00000058d2600000,0x00000058d2700000] [id=1864]
  0x000001919975a640 ConcurrentGCThread "G1 Main Marker" [stack: 0x00000058d1200000,0x00000058d1300000] [id=19772]
  0x000001919975b710 ConcurrentGCThread "G1 Conc#0" [stack: 0x00000058d1300000,0x00000058d1400000] [id=2316]
  0x00000191997ad470 ConcurrentGCThread "G1 Refine#0" [stack: 0x00000058d1400000,0x00000058d1500000] [id=19140]
  0x00000191bba9cb00 ConcurrentGCThread "G1 Refine#1" [stack: 0x00000058d3c00000,0x00000058d3d00000] [id=1884]
  0x00000191997addb0 ConcurrentGCThread "G1 Service" [stack: 0x00000058d1500000,0x00000058d1600000] [id=16640]

Threads with active compile tasks:
C2 CompilerThread0     7213 8001       4       java.util.zip.ZipFile$Source::initCEN (591 bytes)
C2 CompilerThread1     7213 8005       4       jdk.internal.org.objectweb.asm.MethodWriter::visitVarInsn (302 bytes)

VM state: not at safepoint (normal execution)

VM Mutex/Monitor currently owned by a thread: None

Heap address: 0x0000000080000000, size: 2048 MB, Compressed Oops mode: 32-bit

CDS archive(s) not mapped
Compressed class space mapped at: 0x0000000100000000-0x0000000140000000, reserved size: 1073741824
Narrow klass base: 0x0000000000000000, Narrow klass shift: 3, Narrow klass range: 0x140000000

GC Precious Log:
 CPUs: 4 total, 4 available
 Memory: 8123M
 Large Page Support: Disabled
 NUMA Support: Disabled
 Compressed Oops: Enabled (32-bit)
 Heap Region Size: 1M
 Heap Min Capacity: 8M
 Heap Initial Capacity: 128M
 Heap Max Capacity: 2G
 Pre-touch: Disabled
 Parallel Workers: 4
 Concurrent Workers: 1
 Concurrent Refinement Workers: 4
 Periodic GC: Disabled

Heap:
 garbage-first heap   total 128000K, used 91478K [0x0000000080000000, 0x0000000100000000)
  region size 1024K, 36 young (36864K), 8 survivors (8192K)
 Metaspace       used 65756K, committed 66304K, reserved 1114112K
  class space    used 8880K, committed 9088K, reserved 1048576K

Heap Regions: E=young(eden), S=young(survivor), O=old, HS=humongous(starts), HC=humongous(continues), CS=collection set, F=free, OA=open archive, CA=closed archive, TAMS=top-at-mark-start (previous, next)
|   0|0x0000000080000000, 0x0000000080100000, 0x0000000080100000|100%| O|  |TAMS 0x0000000080100000, 0x0000000080000000| Untracked 
|   1|0x0000000080100000, 0x0000000080200000, 0x0000000080200000|100%| O|  |TAMS 0x0000000080200000, 0x0000000080100000| Untracked 
|   2|0x0000000080200000, 0x0000000080300000, 0x0000000080300000|100%|HS|  |TAMS 0x0000000080300000, 0x0000000080200000| Complete 
|   3|0x0000000080300000, 0x0000000080400000, 0x0000000080400000|100%|HC|  |TAMS 0x0000000080400000, 0x0000000080300000| Complete 
|   4|0x0000000080400000, 0x0000000080500000, 0x0000000080500000|100%|HC|  |TAMS 0x0000000080500000, 0x0000000080400000| Complete 
|   5|0x0000000080500000, 0x0000000080600000, 0x0000000080600000|100%|HC|  |TAMS 0x0000000080600000, 0x0000000080500000| Complete 
|   6|0x0000000080600000, 0x0000000080700000, 0x0000000080700000|100%| O|  |TAMS 0x0000000080700000, 0x0000000080600000| Untracked 
|   7|0x0000000080700000, 0x0000000080800000, 0x0000000080800000|100%| O|  |TAMS 0x0000000080800000, 0x0000000080700000| Untracked 
|   8|0x0000000080800000, 0x0000000080900000, 0x0000000080900000|100%| O|  |TAMS 0x0000000080900000, 0x0000000080800000| Untracked 
|   9|0x0000000080900000, 0x0000000080a00000, 0x0000000080a00000|100%| O|  |TAMS 0x0000000080a00000, 0x0000000080900000| Untracked 
|  10|0x0000000080a00000, 0x0000000080ac9000, 0x0000000080b00000| 78%| O|  |TAMS 0x0000000080ac9000, 0x0000000080a00000| Untracked 
|  11|0x0000000080b00000, 0x0000000080c00000, 0x0000000080c00000|100%| O|  |TAMS 0x0000000080c00000, 0x0000000080b00000| Untracked 
|  12|0x0000000080c00000, 0x0000000080d00000, 0x0000000080d00000|100%| O|  |TAMS 0x0000000080d00000, 0x0000000080c00000| Untracked 
|  13|0x0000000080d00000, 0x0000000080e00000, 0x0000000080e00000|100%| O|  |TAMS 0x0000000080e00000, 0x0000000080d00000| Untracked 
|  14|0x0000000080e00000, 0x0000000080f00000, 0x0000000080f00000|100%| O|  |TAMS 0x0000000080f00000, 0x0000000080e00000| Untracked 
|  15|0x0000000080f00000, 0x0000000081000000, 0x0000000081000000|100%| O|  |TAMS 0x0000000081000000, 0x0000000080f00000| Untracked 
|  16|0x0000000081000000, 0x0000000081100000, 0x0000000081100000|100%| O|  |TAMS 0x0000000081100000, 0x0000000081000000| Untracked 
|  17|0x0000000081100000, 0x0000000081200000, 0x0000000081200000|100%| O|  |TAMS 0x0000000081200000, 0x0000000081100000| Untracked 
|  18|0x0000000081200000, 0x0000000081300000, 0x0000000081300000|100%| O|  |TAMS 0x0000000081300000, 0x0000000081200000| Untracked 
|  19|0x0000000081300000, 0x0000000081400000, 0x0000000081400000|100%| O|  |TAMS 0x0000000081400000, 0x0000000081300000| Untracked 
|  20|0x0000000081400000, 0x0000000081500000, 0x0000000081500000|100%| O|  |TAMS 0x0000000081500000, 0x0000000081400000| Untracked 
|  21|0x0000000081500000, 0x0000000081600000, 0x0000000081600000|100%| O|  |TAMS 0x0000000081600000, 0x0000000081500000| Untracked 
|  22|0x0000000081600000, 0x0000000081700000, 0x0000000081700000|100%| O|  |TAMS 0x0000000081700000, 0x0000000081600000| Untracked 
|  23|0x0000000081700000, 0x0000000081800000, 0x0000000081800000|100%| O|  |TAMS 0x0000000081800000, 0x0000000081700000| Untracked 
|  24|0x0000000081800000, 0x0000000081900000, 0x0000000081900000|100%| O|  |TAMS 0x0000000081900000, 0x0000000081800000| Untracked 
|  25|0x0000000081900000, 0x0000000081a00000, 0x0000000081a00000|100%| O|  |TAMS 0x0000000081a00000, 0x0000000081900000| Untracked 
|  26|0x0000000081a00000, 0x0000000081b00000, 0x0000000081b00000|100%| O|  |TAMS 0x0000000081b00000, 0x0000000081a00000| Untracked 
|  27|0x0000000081b00000, 0x0000000081c00000, 0x0000000081c00000|100%| O|  |TAMS 0x0000000081c00000, 0x0000000081b00000| Untracked 
|  28|0x0000000081c00000, 0x0000000081d00000, 0x0000000081d00000|100%| O|  |TAMS 0x0000000081d00000, 0x0000000081c00000| Untracked 
|  29|0x0000000081d00000, 0x0000000081e00000, 0x0000000081e00000|100%| O|  |TAMS 0x0000000081e00000, 0x0000000081d00000| Untracked 
|  30|0x0000000081e00000, 0x0000000081f00000, 0x0000000081f00000|100%| O|  |TAMS 0x0000000081f00000, 0x0000000081e00000| Untracked 
|  31|0x0000000081f00000, 0x0000000082000000, 0x0000000082000000|100%| O|  |TAMS 0x0000000082000000, 0x0000000081f00000| Untracked 
|  32|0x0000000082000000, 0x0000000082100000, 0x0000000082100000|100%| O|  |TAMS 0x0000000082100000, 0x0000000082000000| Untracked 
|  33|0x0000000082100000, 0x0000000082200000, 0x0000000082200000|100%| O|  |TAMS 0x0000000082200000, 0x0000000082100000| Untracked 
|  34|0x0000000082200000, 0x0000000082300000, 0x0000000082300000|100%| O|  |TAMS 0x0000000082300000, 0x0000000082200000| Untracked 
|  35|0x0000000082300000, 0x0000000082400000, 0x0000000082400000|100%| O|  |TAMS 0x0000000082400000, 0x0000000082300000| Untracked 
|  36|0x0000000082400000, 0x0000000082500000, 0x0000000082500000|100%| O|  |TAMS 0x0000000082400000, 0x0000000082400000| Untracked 
|  37|0x0000000082500000, 0x0000000082600000, 0x0000000082600000|100%| O|  |TAMS 0x0000000082500000, 0x0000000082500000| Untracked 
|  38|0x0000000082600000, 0x0000000082700000, 0x0000000082700000|100%| O|  |TAMS 0x0000000082700000, 0x0000000082600000| Untracked 
|  39|0x0000000082700000, 0x0000000082800000, 0x0000000082800000|100%| O|  |TAMS 0x0000000082800000, 0x0000000082700000| Untracked 
|  40|0x0000000082800000, 0x0000000082900000, 0x0000000082900000|100%| O|  |TAMS 0x0000000082839600, 0x0000000082800000| Untracked 
|  41|0x0000000082900000, 0x0000000082a00000, 0x0000000082a00000|100%| O|  |TAMS 0x0000000082900000, 0x0000000082900000| Untracked 
|  42|0x0000000082a00000, 0x0000000082a8c800, 0x0000000082b00000| 54%| O|  |TAMS 0x0000000082a00000, 0x0000000082a00000| Untracked 
|  43|0x0000000082b00000, 0x0000000082c00000, 0x0000000082c00000|100%|HS|  |TAMS 0x0000000082b00000, 0x0000000082b00000| Complete 
|  44|0x0000000082c00000, 0x0000000082d00000, 0x0000000082d00000|100%|HS|  |TAMS 0x0000000082c00000, 0x0000000082c00000| Complete 
|  45|0x0000000082d00000, 0x0000000082e00000, 0x0000000082e00000|100%|HS|  |TAMS 0x0000000082d00000, 0x0000000082d00000| Complete 
|  46|0x0000000082e00000, 0x0000000082f00000, 0x0000000082f00000|100%|HC|  |TAMS 0x0000000082e00000, 0x0000000082e00000| Complete 
|  47|0x0000000082f00000, 0x0000000083000000, 0x0000000083000000|100%|HS|  |TAMS 0x0000000082f00000, 0x0000000082f00000| Complete 
|  48|0x0000000083000000, 0x0000000083100000, 0x0000000083100000|100%|HC|  |TAMS 0x0000000083000000, 0x0000000083000000| Complete 
|  49|0x0000000083100000, 0x0000000083200000, 0x0000000083200000|100%|HS|  |TAMS 0x0000000083100000, 0x0000000083100000| Complete 
|  50|0x0000000083200000, 0x0000000083300000, 0x0000000083300000|100%|HS|  |TAMS 0x0000000083200000, 0x0000000083200000| Complete 
|  51|0x0000000083300000, 0x0000000083400000, 0x0000000083400000|100%|HC|  |TAMS 0x0000000083300000, 0x0000000083300000| Complete 
|  52|0x0000000083400000, 0x0000000083500000, 0x0000000083500000|100%|HC|  |TAMS 0x0000000083400000, 0x0000000083400000| Complete 
|  53|0x0000000083500000, 0x0000000083600000, 0x0000000083600000|100%|HC|  |TAMS 0x0000000083500000, 0x0000000083500000| Complete 
|  54|0x0000000083600000, 0x0000000083700000, 0x0000000083700000|100%|HS|  |TAMS 0x0000000083600000, 0x0000000083600000| Complete 
|  55|0x0000000083700000, 0x0000000083800000, 0x0000000083800000|100%|HS|  |TAMS 0x0000000083700000, 0x0000000083700000| Complete 
|  56|0x0000000083800000, 0x0000000083800000, 0x0000000083900000|  0%| F|  |TAMS 0x0000000083800000, 0x0000000083800000| Untracked 
|  57|0x0000000083900000, 0x0000000083a00000, 0x0000000083a00000|100%| S|CS|TAMS 0x0000000083900000, 0x0000000083900000| Complete 
|  58|0x0000000083a00000, 0x0000000083b00000, 0x0000000083b00000|100%| S|CS|TAMS 0x0000000083a00000, 0x0000000083a00000| Complete 
|  59|0x0000000083b00000, 0x0000000083c00000, 0x0000000083c00000|100%| S|CS|TAMS 0x0000000083b00000, 0x0000000083b00000| Complete 
|  60|0x0000000083c00000, 0x0000000083d00000, 0x0000000083d00000|100%| S|CS|TAMS 0x0000000083c00000, 0x0000000083c00000| Complete 
|  61|0x0000000083d00000, 0x0000000083e00000, 0x0000000083e00000|100%| S|CS|TAMS 0x0000000083d00000, 0x0000000083d00000| Complete 
|  62|0x0000000083e00000, 0x0000000083f00000, 0x0000000083f00000|100%| S|CS|TAMS 0x0000000083e00000, 0x0000000083e00000| Complete 
|  63|0x0000000083f00000, 0x0000000084000000, 0x0000000084000000|100%| S|CS|TAMS 0x0000000083f00000, 0x0000000083f00000| Complete 
|  64|0x0000000084000000, 0x0000000084100000, 0x0000000084100000|100%| S|CS|TAMS 0x0000000084000000, 0x0000000084000000| Complete 
|  65|0x0000000084100000, 0x0000000084100000, 0x0000000084200000|  0%| F|  |TAMS 0x0000000084100000, 0x0000000084100000| Untracked 
|  66|0x0000000084200000, 0x0000000084200000, 0x0000000084300000|  0%| F|  |TAMS 0x0000000084200000, 0x0000000084200000| Untracked 
|  67|0x0000000084300000, 0x0000000084300000, 0x0000000084400000|  0%| F|  |TAMS 0x0000000084300000, 0x0000000084300000| Untracked 
|  68|0x0000000084400000, 0x0000000084400000, 0x0000000084500000|  0%| F|  |TAMS 0x0000000084400000, 0x0000000084400000| Untracked 
|  69|0x0000000084500000, 0x0000000084500000, 0x0000000084600000|  0%| F|  |TAMS 0x0000000084500000, 0x0000000084500000| Untracked 
|  70|0x0000000084600000, 0x0000000084600000, 0x0000000084700000|  0%| F|  |TAMS 0x0000000084600000, 0x0000000084600000| Untracked 
|  71|0x0000000084700000, 0x0000000084700000, 0x0000000084800000|  0%| F|  |TAMS 0x0000000084700000, 0x0000000084700000| Untracked 
|  72|0x0000000084800000, 0x0000000084800000, 0x0000000084900000|  0%| F|  |TAMS 0x0000000084800000, 0x0000000084800000| Untracked 
|  73|0x0000000084900000, 0x0000000084900000, 0x0000000084a00000|  0%| F|  |TAMS 0x0000000084900000, 0x0000000084900000| Untracked 
|  74|0x0000000084a00000, 0x0000000084a00000, 0x0000000084b00000|  0%| F|  |TAMS 0x0000000084a00000, 0x0000000084a00000| Untracked 
|  75|0x0000000084b00000, 0x0000000084b00000, 0x0000000084c00000|  0%| F|  |TAMS 0x0000000084b00000, 0x0000000084b00000| Untracked 
|  76|0x0000000084c00000, 0x0000000084c00000, 0x0000000084d00000|  0%| F|  |TAMS 0x0000000084c00000, 0x0000000084c00000| Untracked 
|  77|0x0000000084d00000, 0x0000000084d00000, 0x0000000084e00000|  0%| F|  |TAMS 0x0000000084d00000, 0x0000000084d00000| Untracked 
|  78|0x0000000084e00000, 0x0000000084e00000, 0x0000000084f00000|  0%| F|  |TAMS 0x0000000084e00000, 0x0000000084e00000| Untracked 
|  79|0x0000000084f00000, 0x0000000084f00000, 0x0000000085000000|  0%| F|  |TAMS 0x0000000084f00000, 0x0000000084f00000| Untracked 
|  80|0x0000000085000000, 0x0000000085000000, 0x0000000085100000|  0%| F|  |TAMS 0x0000000085000000, 0x0000000085000000| Untracked 
|  81|0x0000000085100000, 0x0000000085100000, 0x0000000085200000|  0%| F|  |TAMS 0x0000000085100000, 0x0000000085100000| Untracked 
|  82|0x0000000085200000, 0x0000000085200000, 0x0000000085300000|  0%| F|  |TAMS 0x0000000085200000, 0x0000000085200000| Untracked 
|  83|0x0000000085300000, 0x0000000085300000, 0x0000000085400000|  0%| F|  |TAMS 0x0000000085300000, 0x0000000085300000| Untracked 
|  84|0x0000000085400000, 0x0000000085400000, 0x0000000085500000|  0%| F|  |TAMS 0x0000000085400000, 0x0000000085400000| Untracked 
|  85|0x0000000085500000, 0x0000000085500000, 0x0000000085600000|  0%| F|  |TAMS 0x0000000085500000, 0x0000000085500000| Untracked 
|  86|0x0000000085600000, 0x0000000085600000, 0x0000000085700000|  0%| F|  |TAMS 0x0000000085600000, 0x0000000085600000| Untracked 
|  87|0x0000000085700000, 0x0000000085700000, 0x0000000085800000|  0%| F|  |TAMS 0x0000000085700000, 0x0000000085700000| Untracked 
|  88|0x0000000085800000, 0x0000000085800000, 0x0000000085900000|  0%| F|  |TAMS 0x0000000085800000, 0x0000000085800000| Untracked 
|  89|0x0000000085900000, 0x0000000085900000, 0x0000000085a00000|  0%| F|  |TAMS 0x0000000085900000, 0x0000000085900000| Untracked 
|  90|0x0000000085a00000, 0x0000000085a00000, 0x0000000085b00000|  0%| F|  |TAMS 0x0000000085a00000, 0x0000000085a00000| Untracked 
|  91|0x0000000085b00000, 0x0000000085b00000, 0x0000000085c00000|  0%| F|  |TAMS 0x0000000085b00000, 0x0000000085b00000| Untracked 
|  92|0x0000000085c00000, 0x0000000085c00000, 0x0000000085d00000|  0%| F|  |TAMS 0x0000000085c00000, 0x0000000085c00000| Untracked 
|  93|0x0000000085d00000, 0x0000000085d00000, 0x0000000085e00000|  0%| F|  |TAMS 0x0000000085d00000, 0x0000000085d00000| Untracked 
|  94|0x0000000085e00000, 0x0000000085e00000, 0x0000000085f00000|  0%| F|  |TAMS 0x0000000085e00000, 0x0000000085e00000| Untracked 
|  95|0x0000000085f00000, 0x0000000085f00000, 0x0000000086000000|  0%| F|  |TAMS 0x0000000085f00000, 0x0000000085f00000| Untracked 
|  96|0x0000000086000000, 0x000000008608a3c0, 0x0000000086100000| 53%| E|  |TAMS 0x0000000086000000, 0x0000000086000000| Complete 
|  97|0x0000000086100000, 0x0000000086200000, 0x0000000086200000|100%| E|CS|TAMS 0x0000000086100000, 0x0000000086100000| Complete 
|  98|0x0000000086200000, 0x0000000086300000, 0x0000000086300000|100%| E|CS|TAMS 0x0000000086200000, 0x0000000086200000| Complete 
|  99|0x0000000086300000, 0x0000000086400000, 0x0000000086400000|100%| E|CS|TAMS 0x0000000086300000, 0x0000000086300000| Complete 
| 100|0x0000000086400000, 0x0000000086500000, 0x0000000086500000|100%| E|CS|TAMS 0x0000000086400000, 0x0000000086400000| Complete 
| 101|0x0000000086500000, 0x0000000086600000, 0x0000000086600000|100%| E|CS|TAMS 0x0000000086500000, 0x0000000086500000| Complete 
| 102|0x0000000086600000, 0x0000000086700000, 0x0000000086700000|100%| E|CS|TAMS 0x0000000086600000, 0x0000000086600000| Complete 
| 103|0x0000000086700000, 0x0000000086800000, 0x0000000086800000|100%| E|CS|TAMS 0x0000000086700000, 0x0000000086700000| Complete 
| 104|0x0000000086800000, 0x0000000086900000, 0x0000000086900000|100%| E|CS|TAMS 0x0000000086800000, 0x0000000086800000| Complete 
| 105|0x0000000086900000, 0x0000000086a00000, 0x0000000086a00000|100%| E|CS|TAMS 0x0000000086900000, 0x0000000086900000| Complete 
| 106|0x0000000086a00000, 0x0000000086b00000, 0x0000000086b00000|100%| E|CS|TAMS 0x0000000086a00000, 0x0000000086a00000| Complete 
| 107|0x0000000086b00000, 0x0000000086c00000, 0x0000000086c00000|100%| E|CS|TAMS 0x0000000086b00000, 0x0000000086b00000| Complete 
| 108|0x0000000086c00000, 0x0000000086d00000, 0x0000000086d00000|100%| E|CS|TAMS 0x0000000086c00000, 0x0000000086c00000| Complete 
| 109|0x0000000086d00000, 0x0000000086e00000, 0x0000000086e00000|100%| E|CS|TAMS 0x0000000086d00000, 0x0000000086d00000| Complete 
| 110|0x0000000086e00000, 0x0000000086f00000, 0x0000000086f00000|100%| E|CS|TAMS 0x0000000086e00000, 0x0000000086e00000| Complete 
| 111|0x0000000086f00000, 0x0000000087000000, 0x0000000087000000|100%| E|CS|TAMS 0x0000000086f00000, 0x0000000086f00000| Complete 
| 112|0x0000000087000000, 0x0000000087100000, 0x0000000087100000|100%| E|CS|TAMS 0x0000000087000000, 0x0000000087000000| Complete 
| 113|0x0000000087100000, 0x0000000087200000, 0x0000000087200000|100%| E|  |TAMS 0x0000000087100000, 0x0000000087100000| Complete 
| 114|0x0000000087200000, 0x0000000087300000, 0x0000000087300000|100%| E|CS|TAMS 0x0000000087200000, 0x0000000087200000| Complete 
| 115|0x0000000087300000, 0x0000000087400000, 0x0000000087400000|100%| E|CS|TAMS 0x0000000087300000, 0x0000000087300000| Complete 
| 116|0x0000000087400000, 0x0000000087500000, 0x0000000087500000|100%| E|CS|TAMS 0x0000000087400000, 0x0000000087400000| Complete 
| 117|0x0000000087500000, 0x0000000087600000, 0x0000000087600000|100%| E|CS|TAMS 0x0000000087500000, 0x0000000087500000| Complete 
| 118|0x0000000087600000, 0x0000000087700000, 0x0000000087700000|100%| E|CS|TAMS 0x0000000087600000, 0x0000000087600000| Complete 
| 119|0x0000000087700000, 0x0000000087800000, 0x0000000087800000|100%| E|CS|TAMS 0x0000000087700000, 0x0000000087700000| Complete 
| 120|0x0000000087800000, 0x0000000087900000, 0x0000000087900000|100%| E|CS|TAMS 0x0000000087800000, 0x0000000087800000| Complete 
| 121|0x0000000087900000, 0x0000000087a00000, 0x0000000087a00000|100%| E|CS|TAMS 0x0000000087900000, 0x0000000087900000| Complete 
| 122|0x0000000087a00000, 0x0000000087b00000, 0x0000000087b00000|100%| E|CS|TAMS 0x0000000087a00000, 0x0000000087a00000| Complete 
| 123|0x0000000087b00000, 0x0000000087c00000, 0x0000000087c00000|100%| E|CS|TAMS 0x0000000087b00000, 0x0000000087b00000| Complete 
| 127|0x0000000087f00000, 0x0000000088000000, 0x0000000088000000|100%| E|CS|TAMS 0x0000000087f00000, 0x0000000087f00000| Complete 

Card table byte_map: [0x00000191abfd0000,0x00000191ac3d0000] _byte_map_base: 0x00000191abbd0000

Marking Bits (Prev, Next): (CMBitMap*) 0x0000019199749d50, (CMBitMap*) 0x0000019199749d10
 Prev Bits: [0x00000191ae7d0000, 0x00000191b07d0000)
 Next Bits: [0x00000191ac7d0000, 0x00000191ae7d0000)

Polling page: 0x00000191976f0000

Metaspace:

Usage:
  Non-class:     55.59 MB used.
      Class:      8.68 MB used.
       Both:     64.27 MB used.

Virtual space:
  Non-class space:       64.00 MB reserved,      55.94 MB ( 87%) committed,  1 nodes.
      Class space:        1.00 GB reserved,       8.94 MB ( <1%) committed,  1 nodes.
             Both:        1.06 GB reserved,      64.88 MB (  6%) committed. 

Chunk freelists:
   Non-Class:  7.66 MB
       Class:  6.98 MB
        Both:  14.64 MB

MaxMetaspaceSize: unlimited
CompressedClassSpaceSize: 1.00 GB
Initial GC threshold: 21.00 MB
Current GC threshold: 99.38 MB
CDS: off
MetaspaceReclaimPolicy: balanced
 - commit_granule_bytes: 65536.
 - commit_granule_words: 8192.
 - virtual_space_node_default_size: 8388608.
 - enlarge_chunks_in_place: 1.
 - new_chunks_are_fully_committed: 0.
 - uncommit_free_chunks: 1.
 - use_allocation_guard: 0.
 - handle_deallocations: 1.


Internal statistics:

num_allocs_failed_limit: 9.
num_arena_births: 690.
num_arena_deaths: 0.
num_vsnodes_births: 2.
num_vsnodes_deaths: 0.
num_space_committed: 1038.
num_space_uncommitted: 0.
num_chunks_returned_to_freelist: 9.
num_chunks_taken_from_freelist: 2910.
num_chunk_merges: 9.
num_chunk_splits: 1966.
num_chunks_enlarged: 1391.
num_inconsistent_stats: 0.

CodeHeap 'non-profiled nmethods': size=120000Kb used=3565Kb max_used=3565Kb free=116434Kb
 bounds [0x00000191a46a0000, 0x00000191a4a20000, 0x00000191abbd0000]
CodeHeap 'profiled nmethods': size=120000Kb used=13159Kb max_used=13159Kb free=106840Kb
 bounds [0x000001919cbd0000, 0x000001919d8b0000, 0x00000191a4100000]
CodeHeap 'non-nmethods': size=5760Kb used=2338Kb max_used=2412Kb free=3422Kb
 bounds [0x00000191a4100000, 0x00000191a4370000, 0x00000191a46a0000]
 total_blobs=8087 nmethods=7226 adapters=773
 compilation: enabled
              stopped_count=0, restarted_count=0
 full_count=0

Compilation events (20 events):
Event: 7.177 Thread 0x00000191b70201e0 8035       3       com.google.common.reflect.TypeResolver$TypeTable::<init> (12 bytes)
Event: 7.177 Thread 0x00000191b70201e0 nmethod 8035 0x000001919d898d90 code [0x000001919d898f40, 0x000001919d899178]
Event: 7.177 Thread 0x00000191b70201e0 8037       3       org.objectweb.asm.ClassVisitor::<init> (94 bytes)
Event: 7.178 Thread 0x00000191b70201e0 nmethod 8037 0x000001919d899290 code [0x000001919d8994e0, 0x000001919d899de8]
Event: 7.178 Thread 0x00000191b70201e0 8038       3       sun.reflect.generics.reflectiveObjects.WildcardTypeImpl::getLowerBounds (34 bytes)
Event: 7.179 Thread 0x00000191b70201e0 nmethod 8038 0x000001919d89a090 code [0x000001919d89a260, 0x000001919d89a898]
Event: 7.179 Thread 0x00000191b70201e0 8039       3       sun.reflect.generics.tree.TypeVariableSignature::make (9 bytes)
Event: 7.179 Thread 0x00000191b70201e0 nmethod 8039 0x000001919d89a990 code [0x000001919d89ab40, 0x000001919d89ad98]
Event: 7.179 Thread 0x00000191b70201e0 8040       3       sun.reflect.generics.tree.TypeVariableSignature::<init> (10 bytes)
Event: 7.179 Thread 0x00000191b70201e0 nmethod 8040 0x000001919d89ae90 code [0x000001919d89b020, 0x000001919d89b1d8]
Event: 7.182 Thread 0x00000191b70201e0 8041       3       java.util.TreeMap::getFirstEntry (26 bytes)
Event: 7.182 Thread 0x00000191b70201e0 nmethod 8041 0x000001919d89b290 code [0x000001919d89b440, 0x000001919d89b638]
Event: 7.183 Thread 0x00000191b70201e0 8042       3       java.util.TreeMap$PrivateEntryIterator::<init> (28 bytes)
Event: 7.183 Thread 0x00000191b70201e0 nmethod 8042 0x000001919d89b710 code [0x000001919d89b8c0, 0x000001919d89bb18]
Event: 7.183 Thread 0x00000191b70201e0 8043       3       sun.reflect.generics.parser.SignatureParser::parseTypeVariableSignature (95 bytes)
Event: 7.183 Thread 0x00000191b70201e0 nmethod 8043 0x000001919d89bc10 code [0x000001919d89bee0, 0x000001919d89c9c8]
Event: 7.185 Thread 0x00000191b70201e0 8044       3       org.objectweb.asm.Type::getDescriptor (93 bytes)
Event: 7.185 Thread 0x00000191b70201e0 nmethod 8044 0x000001919d89ce10 code [0x000001919d89d080, 0x000001919d89d808]
Event: 7.192 Thread 0x00000191b70201e0 8046   !   3       jdk.internal.loader.URLClassPath::check (125 bytes)
Event: 7.193 Thread 0x00000191b70201e0 nmethod 8046 0x000001919d89db10 code [0x000001919d89ddc0, 0x000001919d89ed48]

GC Heap History (20 events):
Event: 3.709 GC heap before
{Heap before GC invocations=10 (full 0):
 garbage-first heap   total 86016K, used 63924K [0x0000000080000000, 0x0000000100000000)
  region size 1024K, 42 young (43008K), 2 survivors (2048K)
 Metaspace       used 42112K, committed 42432K, reserved 1114112K
  class space    used 5605K, committed 5760K, reserved 1048576K
}
Event: 3.714 GC heap after
{Heap after GC invocations=11 (full 0):
 garbage-first heap   total 86016K, used 28996K [0x0000000080000000, 0x0000000100000000)
  region size 1024K, 6 young (6144K), 6 survivors (6144K)
 Metaspace       used 42112K, committed 42432K, reserved 1114112K
  class space    used 5605K, committed 5760K, reserved 1048576K
}
Event: 4.135 GC heap before
{Heap before GC invocations=11 (full 0):
 garbage-first heap   total 86016K, used 70980K [0x0000000080000000, 0x0000000100000000)
  region size 1024K, 42 young (43008K), 6 survivors (6144K)
 Metaspace       used 46726K, committed 47104K, reserved 1114112K
  class space    used 6209K, committed 6336K, reserved 1048576K
}
Event: 4.143 GC heap after
{Heap after GC invocations=12 (full 0):
 garbage-first heap   total 86016K, used 31329K [0x0000000080000000, 0x0000000100000000)
  region size 1024K, 4 young (4096K), 4 survivors (4096K)
 Metaspace       used 46726K, committed 47104K, reserved 1114112K
  class space    used 6209K, committed 6336K, reserved 1048576K
}
Event: 4.277 GC heap before
{Heap before GC invocations=12 (full 0):
 garbage-first heap   total 86016K, used 65121K [0x0000000080000000, 0x0000000100000000)
  region size 1024K, 37 young (37888K), 4 survivors (4096K)
 Metaspace       used 46903K, committed 47232K, reserved 1114112K
  class space    used 6223K, committed 6336K, reserved 1048576K
}
Event: 4.282 GC heap after
{Heap after GC invocations=13 (full 0):
 garbage-first heap   total 86016K, used 33670K [0x0000000080000000, 0x0000000100000000)
  region size 1024K, 3 young (3072K), 3 survivors (3072K)
 Metaspace       used 46903K, committed 47232K, reserved 1114112K
  class space    used 6223K, committed 6336K, reserved 1048576K
}
Event: 4.391 GC heap before
{Heap before GC invocations=13 (full 0):
 garbage-first heap   total 86016K, used 67462K [0x0000000080000000, 0x0000000100000000)
  region size 1024K, 36 young (36864K), 3 survivors (3072K)
 Metaspace       used 46954K, committed 47296K, reserved 1114112K
  class space    used 6223K, committed 6336K, reserved 1048576K
}
Event: 4.396 GC heap after
{Heap after GC invocations=14 (full 0):
 garbage-first heap   total 86016K, used 35319K [0x0000000080000000, 0x0000000100000000)
  region size 1024K, 4 young (4096K), 4 survivors (4096K)
 Metaspace       used 46954K, committed 47296K, reserved 1114112K
  class space    used 6223K, committed 6336K, reserved 1048576K
}
Event: 4.491 GC heap before
{Heap before GC invocations=14 (full 0):
 garbage-first heap   total 86016K, used 68087K [0x0000000080000000, 0x0000000100000000)
  region size 1024K, 36 young (36864K), 4 survivors (4096K)
 Metaspace       used 46977K, committed 47296K, reserved 1114112K
  class space    used 6228K, committed 6336K, reserved 1048576K
}
Event: 4.496 GC heap after
{Heap after GC invocations=15 (full 0):
 garbage-first heap   total 105472K, used 36796K [0x0000000080000000, 0x0000000100000000)
  region size 1024K, 4 young (4096K), 4 survivors (4096K)
 Metaspace       used 46977K, committed 47296K, reserved 1114112K
  class space    used 6228K, committed 6336K, reserved 1048576K
}
Event: 4.695 GC heap before
{Heap before GC invocations=15 (full 0):
 garbage-first heap   total 105472K, used 83900K [0x0000000080000000, 0x0000000100000000)
  region size 1024K, 50 young (51200K), 4 survivors (4096K)
 Metaspace       used 47338K, committed 47744K, reserved 1114112K
  class space    used 6273K, committed 6464K, reserved 1048576K
}
Event: 4.700 GC heap after
{Heap after GC invocations=16 (full 0):
 garbage-first heap   total 105472K, used 38981K [0x0000000080000000, 0x0000000100000000)
  region size 1024K, 6 young (6144K), 6 survivors (6144K)
 Metaspace       used 47338K, committed 47744K, reserved 1114112K
  class space    used 6273K, committed 6464K, reserved 1048576K
}
Event: 5.351 GC heap before
{Heap before GC invocations=16 (full 0):
 garbage-first heap   total 105472K, used 84037K [0x0000000080000000, 0x0000000100000000)
  region size 1024K, 50 young (51200K), 6 survivors (6144K)
 Metaspace       used 52079K, committed 52544K, reserved 1114112K
  class space    used 6852K, committed 7040K, reserved 1048576K
}
Event: 5.359 GC heap after
{Heap after GC invocations=17 (full 0):
 garbage-first heap   total 105472K, used 42010K [0x0000000080000000, 0x0000000100000000)
  region size 1024K, 6 young (6144K), 6 survivors (6144K)
 Metaspace       used 52079K, committed 52544K, reserved 1114112K
  class space    used 6852K, committed 7040K, reserved 1048576K
}
Event: 5.796 GC heap before
{Heap before GC invocations=17 (full 0):
 garbage-first heap   total 105472K, used 85018K [0x0000000080000000, 0x0000000100000000)
  region size 1024K, 47 young (48128K), 6 survivors (6144K)
 Metaspace       used 56230K, committed 56640K, reserved 1114112K
  class space    used 7429K, committed 7616K, reserved 1048576K
}
Event: 5.802 GC heap after
{Heap after GC invocations=18 (full 0):
 garbage-first heap   total 105472K, used 44297K [0x0000000080000000, 0x0000000100000000)
  region size 1024K, 6 young (6144K), 6 survivors (6144K)
 Metaspace       used 56230K, committed 56640K, reserved 1114112K
  class space    used 7429K, committed 7616K, reserved 1048576K
}
Event: 6.225 GC heap before
{Heap before GC invocations=18 (full 0):
 garbage-first heap   total 105472K, used 76041K [0x0000000080000000, 0x0000000100000000)
  region size 1024K, 38 young (38912K), 6 survivors (6144K)
 Metaspace       used 60259K, committed 60736K, reserved 1114112K
  class space    used 8079K, committed 8320K, reserved 1048576K
}
Event: 6.231 GC heap after
{Heap after GC invocations=19 (full 0):
 garbage-first heap   total 128000K, used 46283K [0x0000000080000000, 0x0000000100000000)
  region size 1024K, 4 young (4096K), 4 survivors (4096K)
 Metaspace       used 60259K, committed 60736K, reserved 1114112K
  class space    used 8079K, committed 8320K, reserved 1048576K
}
Event: 6.973 GC heap before
{Heap before GC invocations=20 (full 0):
 garbage-first heap   total 128000K, used 103627K [0x0000000080000000, 0x0000000100000000)
  region size 1024K, 60 young (61440K), 4 survivors (4096K)
 Metaspace       used 64523K, committed 65024K, reserved 1114112K
  class space    used 8712K, committed 8960K, reserved 1048576K
}
Event: 6.979 GC heap after
{Heap after GC invocations=21 (full 0):
 garbage-first heap   total 128000K, used 51542K [0x0000000080000000, 0x0000000100000000)
  region size 1024K, 8 young (8192K), 8 survivors (8192K)
 Metaspace       used 64523K, committed 65024K, reserved 1114112K
  class space    used 8712K, committed 8960K, reserved 1048576K
}

Dll operation events (3 events):
Event: 0.009 Loaded shared library C:\Program Files\Android\Android Studio\jbr\bin\java.dll
Event: 0.185 Loaded shared library C:\Program Files\Android\Android Studio\jbr\bin\zip.dll
Event: 0.619 Loaded shared library C:\Program Files\Android\Android Studio\jbr\bin\verify.dll

Deoptimization events (20 events):
Event: 7.112 Thread 0x00000191b8107420 Uncommon trap: trap_request=0xffffffc6 fr.pc=0x00000191a49cc524 relative=0x0000000000000064
Event: 7.112 Thread 0x00000191b8107420 Uncommon trap: reason=bimorphic_or_optimized_type_check action=maybe_recompile pc=0x00000191a49cc524 method=com.google.common.collect.ImmutableList.copyOf(Ljava/util/Collection;)Lcom/google/common/collect/ImmutableList; @ 16 c2
Event: 7.112 Thread 0x00000191b8107420 DEOPT PACKING pc=0x00000191a49cc524 sp=0x00000058d2df8800
Event: 7.112 Thread 0x00000191b8107420 DEOPT UNPACKING pc=0x00000191a41569a3 sp=0x00000058d2df87a8 mode 2
Event: 7.118 Thread 0x00000191b8107420 Uncommon trap: trap_request=0xffffffbe fr.pc=0x00000191a4a0118c relative=0x0000000000000a0c
Event: 7.118 Thread 0x00000191b8107420 Uncommon trap: reason=profile_predicate action=maybe_recompile pc=0x00000191a4a0118c method=java.util.TimSort.binarySort([Ljava/lang/Object;IIILjava/util/Comparator;)V @ 73 c2
Event: 7.118 Thread 0x00000191b8107420 DEOPT PACKING pc=0x00000191a4a0118c sp=0x00000058d2df7e40
Event: 7.118 Thread 0x00000191b8107420 DEOPT UNPACKING pc=0x00000191a41569a3 sp=0x00000058d2df7df0 mode 2
Event: 7.118 Thread 0x00000191b8107420 Uncommon trap: trap_request=0xffffffbe fr.pc=0x00000191a49a0abc relative=0x000000000000305c
Event: 7.118 Thread 0x00000191b8107420 Uncommon trap: reason=profile_predicate action=maybe_recompile pc=0x00000191a49a0abc method=java.util.Arrays.binarySearch0([Ljava/lang/Object;IILjava/lang/Object;Ljava/util/Comparator;)I @ 25 c2
Event: 7.118 Thread 0x00000191b8107420 DEOPT PACKING pc=0x00000191a49a0abc sp=0x00000058d2df81f0
Event: 7.118 Thread 0x00000191b8107420 DEOPT UNPACKING pc=0x00000191a41569a3 sp=0x00000058d2df81a0 mode 2
Event: 7.123 Thread 0x00000191b8107420 DEOPT PACKING pc=0x000001919d86d269 sp=0x00000058d2df58f0
Event: 7.123 Thread 0x00000191b8107420 DEOPT UNPACKING pc=0x00000191a4157143 sp=0x00000058d2df4e70 mode 0
Event: 7.179 Thread 0x00000191b8107420 Uncommon trap: trap_request=0xffffffbe fr.pc=0x00000191a4a0118c relative=0x0000000000000a0c
Event: 7.179 Thread 0x00000191b8107420 Uncommon trap: reason=profile_predicate action=maybe_recompile pc=0x00000191a4a0118c method=java.util.TimSort.binarySort([Ljava/lang/Object;IIILjava/util/Comparator;)V @ 73 c2
Event: 7.179 Thread 0x00000191b8107420 DEOPT PACKING pc=0x00000191a4a0118c sp=0x00000058d2df5bd0
Event: 7.179 Thread 0x00000191b8107420 DEOPT UNPACKING pc=0x00000191a41569a3 sp=0x00000058d2df5b80 mode 2
Event: 7.192 Thread 0x00000191b8107420 DEOPT PACKING pc=0x000001919d1f48ce sp=0x00000058d2df6e30
Event: 7.192 Thread 0x00000191b8107420 DEOPT UNPACKING pc=0x00000191a4157143 sp=0x00000058d2df62f8 mode 0

Classes unloaded (0 events):
No events

Classes redefined (0 events):
No events

Internal exceptions (20 events):
Event: 6.589 Thread 0x00000191b8107420 Exception <a 'java/lang/NoSuchMethodError'{0x000000008645de08}: 'int java.lang.invoke.DirectMethodHandle$Holder.invokeSpecialIFC(java.lang.Object, java.lang.Object, java.lang.Object)'> (0x000000008645de08) 
thrown [s\src\hotspot\share\interpreter\linkResolver.cpp, line 771]
Event: 6.633 Thread 0x00000191b8107420 Exception <a 'java/lang/NoSuchMethodError'{0x00000000860182d0}: 'java.lang.Object java.lang.invoke.DirectMethodHandle$Holder.newInvokeSpecial(java.lang.Object, java.lang.Object, java.lang.Object, java.lang.Object, java.lang.Object, int)'> (0x00000000860182d0) 
thrown [s\src\hotspot\share\interpreter\linkResolver.cpp, line 771]
Event: 6.633 Thread 0x00000191b8107420 Exception <a 'java/lang/NoSuchMethodError'{0x000000008601d728}: 'java.lang.Object java.lang.invoke.DirectMethodHandle$Holder.invokeSpecial(java.lang.Object, java.lang.Object, java.lang.Object, java.lang.Object, java.lang.Object, java.lang.Object, int)'> (0x000000008601d728) 
thrown [s\src\hotspot\share\interpreter\linkResolver.cpp, line 771]
Event: 6.633 Thread 0x00000191b8107420 Exception <a 'java/lang/NoSuchMethodError'{0x0000000086022508}: 'java.lang.Object java.lang.invoke.Invokers$Holder.linkToTargetMethod(java.lang.Object, java.lang.Object, java.lang.Object, java.lang.Object, int, java.lang.Object)'> (0x0000000086022508) 
thrown [s\src\hotspot\share\interpreter\linkResolver.cpp, line 771]
Event: 6.636 Thread 0x00000191b8107420 Exception <a 'java/lang/NoSuchMethodError'{0x0000000086054b58}: 'java.lang.Object java.lang.invoke.DirectMethodHandle$Holder.invokeSpecial(java.lang.Object, java.lang.Object, java.lang.Object, java.lang.Object, java.lang.Object, long)'> (0x0000000086054b58) 
thrown [s\src\hotspot\share\interpreter\linkResolver.cpp, line 771]
Event: 6.638 Thread 0x00000191b8107420 Exception <a 'java/lang/NoSuchMethodError'{0x0000000086076ea0}: 'void java.lang.invoke.DirectMethodHandle$Holder.invokeStatic(java.lang.Object, java.lang.Object, java.lang.Object, int, java.lang.Object)'> (0x0000000086076ea0) 
thrown [s\src\hotspot\share\interpreter\linkResolver.cpp, line 771]
Event: 6.993 Thread 0x00000191b8107420 Exception <a 'java/lang/NoSuchMethodError'{0x0000000087b7e2b8}: 'long java.lang.invoke.DirectMethodHandle$Holder.invokeVirtual(java.lang.Object, java.lang.Object)'> (0x0000000087b7e2b8) 
thrown [s\src\hotspot\share\interpreter\linkResolver.cpp, line 771]
Event: 6.995 Thread 0x00000191b8106f10 Exception <a 'java/lang/NoSuchMethodError'{0x0000000087bd0240}: static Lorg/gradle/internal/build/event/types/DefaultOperationFinishedProgressEvent;.<clinit>()V> (0x0000000087bd0240) 
thrown [s\src\hotspot\share\prims\jni.cpp, line 1108]
Event: 7.004 Thread 0x00000191b8106f10 Exception <a 'java/lang/NoSuchMethodError'{0x0000000087a8f450}: static Lorg/gradle/internal/build/event/types/DefaultProjectConfigurationSuccessResult;.<clinit>()V> (0x0000000087a8f450) 
thrown [s\src\hotspot\share\prims\jni.cpp, line 1108]
Event: 7.006 Thread 0x00000191b8106f10 Exception <a 'java/lang/NoSuchMethodError'{0x0000000087a93c38}: static Lorg/gradle/internal/build/event/types/AbstractProjectConfigurationResult;.<clinit>()V> (0x0000000087a93c38) 
thrown [s\src\hotspot\share\prims\jni.cpp, line 1108]
Event: 7.006 Thread 0x00000191b8106f10 Exception <a 'java/lang/NoSuchMethodError'{0x0000000087a95390}: static Lorg/gradle/internal/build/event/types/AbstractOperationResult;.<clinit>()V> (0x0000000087a95390) 
thrown [s\src\hotspot\share\prims\jni.cpp, line 1108]
Event: 7.007 Thread 0x00000191b8106f10 Exception <a 'java/lang/NoSuchMethodError'{0x0000000087900e38}: static Lorg/gradle/internal/build/event/types/AbstractResult;.<clinit>()V> (0x0000000087900e38) 
thrown [s\src\hotspot\share\prims\jni.cpp, line 1108]
Event: 7.008 Thread 0x00000191b8106f10 Exception <a 'java/lang/NoSuchMethodError'{0x0000000087918b78}: static Lorg/gradle/internal/build/event/types/DefaultPluginApplicationResult;.<clinit>()V> (0x0000000087918b78) 
thrown [s\src\hotspot\share\prims\jni.cpp, line 1108]
Event: 7.008 Thread 0x00000191b8106f10 Exception <a 'java/lang/NoSuchMethodError'{0x0000000087925058}: static Lorg/gradle/internal/build/event/types/DefaultBinaryPluginIdentifier;.<clinit>()V> (0x0000000087925058) 
thrown [s\src\hotspot\share\prims\jni.cpp, line 1108]
Event: 7.010 Thread 0x00000191b8106f10 Exception <a 'java/lang/NoSuchMethodError'{0x000000008793e230}: static Lorg/gradle/internal/build/event/types/DefaultScriptPluginIdentifier;.<clinit>()V> (0x000000008793e230) 
thrown [s\src\hotspot\share\prims\jni.cpp, line 1108]
Event: 7.033 Thread 0x00000191b8107420 Implicit null exception at 0x00000191a48dc50f to 0x00000191a48dcbb0
Event: 7.033 Thread 0x00000191b8107420 Implicit null exception at 0x00000191a48db694 to 0x00000191a48dbd18
Event: 7.117 Thread 0x00000191b8107420 Exception <a 'java/lang/ClassNotFoundException'{0x0000000086cedc90}: sun/misc/SharedSecrets> (0x0000000086cedc90) 
thrown [s\src\hotspot\share\classfile\systemDictionary.cpp, line 256]
Event: 7.117 Thread 0x00000191b8107420 Exception <a 'java/lang/ClassNotFoundException'{0x0000000086cef268}: org/gradle/api/internal/plugins/DefaultObjectConfigurationActionBeanInfo> (0x0000000086cef268) 
thrown [s\src\hotspot\share\classfile\systemDictionary.cpp, line 256]
Event: 7.118 Thread 0x00000191b8107420 Exception <a 'java/lang/ClassNotFoundException'{0x0000000086b05f80}: org/gradle/api/internal/plugins/DefaultObjectConfigurationActionCustomizer> (0x0000000086b05f80) 
thrown [s\src\hotspot\share\classfile\systemDictionary.cpp, line 256]

VM Operations (20 events):
Event: 6.279 Executing VM operation: G1PauseRemark
Event: 6.281 Executing VM operation: G1PauseRemark done
Event: 6.301 Executing VM operation: G1PauseCleanup
Event: 6.301 Executing VM operation: G1PauseCleanup done
Event: 6.504 Executing VM operation: HandshakeAllThreads
Event: 6.504 Executing VM operation: HandshakeAllThreads done
Event: 6.530 Executing VM operation: HandshakeAllThreads
Event: 6.530 Executing VM operation: HandshakeAllThreads done
Event: 6.664 Executing VM operation: ICBufferFull
Event: 6.664 Executing VM operation: ICBufferFull done
Event: 6.787 Executing VM operation: ICBufferFull
Event: 6.787 Executing VM operation: ICBufferFull done
Event: 6.827 Executing VM operation: HandshakeAllThreads
Event: 6.827 Executing VM operation: HandshakeAllThreads done
Event: 6.884 Executing VM operation: ICBufferFull
Event: 6.884 Executing VM operation: ICBufferFull done
Event: 6.973 Executing VM operation: G1CollectForAllocation
Event: 6.980 Executing VM operation: G1CollectForAllocation done
Event: 7.056 Executing VM operation: ICBufferFull
Event: 7.057 Executing VM operation: ICBufferFull done

Events (20 events):
Event: 6.523 loading class java/io/ObjectInputStream$FieldValues done
Event: 6.529 loading class sun/reflect/ReflectionFactory
Event: 6.529 loading class sun/reflect/ReflectionFactory done
Event: 6.529 loading class sun/reflect/ReflectionFactory$1
Event: 6.529 loading class sun/reflect/ReflectionFactory$1 done
Event: 6.812 loading class java/util/Collections$ReverseComparator
Event: 6.812 loading class java/util/Collections$ReverseComparator done
Event: 6.812 loading class java/util/Collections$ReverseComparator2
Event: 6.812 loading class java/util/Collections$ReverseComparator2 done
Event: 6.877 Thread 0x00000191ba31ac50 Thread added: 0x00000191ba31ac50
Event: 6.877 Thread 0x00000191ba31c090 Thread added: 0x00000191ba31c090
Event: 6.877 Thread 0x00000191ba31b160 Thread added: 0x00000191ba31b160
Event: 6.957 loading class jdk/internal/access/foreign/MemorySegmentProxy
Event: 6.957 loading class jdk/internal/access/foreign/MemorySegmentProxy done
Event: 6.993 loading class java/util/stream/SortedOps$RefSortingSink
Event: 6.994 loading class java/util/stream/SortedOps$RefSortingSink done
Event: 7.009 loading class java/time/Ser
Event: 7.009 loading class java/time/Ser done
Event: 7.117 loading class sun/misc/SharedSecrets
Event: 7.117 loading class sun/misc/SharedSecrets done


Dynamic libraries:
0x00007ff68ae20000 - 0x00007ff68ae2a000 	C:\Program Files\Android\Android Studio\jbr\bin\java.exe
0x00007ffb25c10000 - 0x00007ffb25e08000 	C:\WINDOWS\SYSTEM32\ntdll.dll
0x00007ffb24bd0000 - 0x00007ffb24c8d000 	C:\WINDOWS\System32\KERNEL32.DLL
0x00007ffb23330000 - 0x00007ffb23626000 	C:\WINDOWS\System32\KERNELBASE.dll
0x00007ffb23830000 - 0x00007ffb23930000 	C:\WINDOWS\System32\ucrtbase.dll
0x00007ffb1e180000 - 0x00007ffb1e19b000 	C:\Program Files\Android\Android Studio\jbr\bin\VCRUNTIME140.dll
0x00007ffb09660000 - 0x00007ffb09677000 	C:\Program Files\Android\Android Studio\jbr\bin\jli.dll
0x00007ffb25520000 - 0x00007ffb256bf000 	C:\WINDOWS\System32\USER32.dll
0x00007ffb23630000 - 0x00007ffb23652000 	C:\WINDOWS\System32\win32u.dll
0x00007ffb23f60000 - 0x00007ffb23f8b000 	C:\WINDOWS\System32\GDI32.dll
0x00007ffb18c10000 - 0x00007ffb18eaa000 	C:\WINDOWS\WinSxS\amd64_microsoft.windows.common-controls_6595b64144ccf1df_6.0.19041.3636_none_60b6a03d71f818d5\COMCTL32.dll
0x00007ffb23a90000 - 0x00007ffb23ba7000 	C:\WINDOWS\System32\gdi32full.dll
0x00007ffb24f60000 - 0x00007ffb24ffe000 	C:\WINDOWS\System32\msvcrt.dll
0x00007ffb23790000 - 0x00007ffb2382d000 	C:\WINDOWS\System32\msvcp_win.dll
0x00007ffb24db0000 - 0x00007ffb24de2000 	C:\WINDOWS\System32\IMM32.DLL
0x00007ffb0a7f0000 - 0x00007ffb0a7fc000 	C:\Program Files\Android\Android Studio\jbr\bin\vcruntime140_1.dll
0x00007ffb099a0000 - 0x00007ffb09a2d000 	C:\Program Files\Android\Android Studio\jbr\bin\msvcp140.dll
0x00007ffad48e0000 - 0x00007ffad5563000 	C:\Program Files\Android\Android Studio\jbr\bin\server\jvm.dll
0x00007ffb23c40000 - 0x00007ffb23cf0000 	C:\WINDOWS\System32\ADVAPI32.dll
0x00007ffb23f90000 - 0x00007ffb24030000 	C:\WINDOWS\System32\sechost.dll
0x00007ffb23dd0000 - 0x00007ffb23ef3000 	C:\WINDOWS\System32\RPCRT4.dll
0x00007ffb236b0000 - 0x00007ffb236d7000 	C:\WINDOWS\System32\bcrypt.dll
0x00007ffb22850000 - 0x00007ffb2289b000 	C:\WINDOWS\SYSTEM32\POWRPROF.dll
0x00007ffb015f0000 - 0x00007ffb015f9000 	C:\WINDOWS\SYSTEM32\WSOCK32.dll
0x00007ffb24e90000 - 0x00007ffb24efb000 	C:\WINDOWS\System32\WS2_32.dll
0x00007ffb1a550000 - 0x00007ffb1a577000 	C:\WINDOWS\SYSTEM32\WINMM.dll
0x00007ffb1e560000 - 0x00007ffb1e56a000 	C:\WINDOWS\SYSTEM32\VERSION.dll
0x00007ffb226c0000 - 0x00007ffb226d2000 	C:\WINDOWS\SYSTEM32\UMPDC.dll
0x00007ffb21150000 - 0x00007ffb21162000 	C:\WINDOWS\SYSTEM32\kernel.appcore.dll
0x00007ffb1e1b0000 - 0x00007ffb1e1ba000 	C:\Program Files\Android\Android Studio\jbr\bin\jimage.dll
0x00007ffb1a270000 - 0x00007ffb1a454000 	C:\WINDOWS\SYSTEM32\DBGHELP.DLL
0x00007ffb13f40000 - 0x00007ffb13f74000 	C:\WINDOWS\SYSTEM32\dbgcore.DLL
0x00007ffb23bb0000 - 0x00007ffb23c32000 	C:\WINDOWS\System32\bcryptPrimitives.dll
0x00007ffb1e1a0000 - 0x00007ffb1e1ae000 	C:\Program Files\Android\Android Studio\jbr\bin\instrument.dll
0x00007ffb11aa0000 - 0x00007ffb11ac5000 	C:\Program Files\Android\Android Studio\jbr\bin\java.dll
0x00007ffb0a7a0000 - 0x00007ffb0a7b8000 	C:\Program Files\Android\Android Studio\jbr\bin\zip.dll
0x00007ffb24030000 - 0x00007ffb2479b000 	C:\WINDOWS\System32\SHELL32.dll
0x00007ffb21350000 - 0x00007ffb21aee000 	C:\WINDOWS\SYSTEM32\windows.storage.dll
0x00007ffb24860000 - 0x00007ffb24bb3000 	C:\WINDOWS\System32\combase.dll
0x00007ffb22cf0000 - 0x00007ffb22d1e000 	C:\WINDOWS\SYSTEM32\Wldp.dll
0x00007ffb251b0000 - 0x00007ffb2527d000 	C:\WINDOWS\System32\OLEAUT32.dll
0x00007ffb25470000 - 0x00007ffb2551d000 	C:\WINDOWS\System32\SHCORE.dll
0x00007ffb23f00000 - 0x00007ffb23f55000 	C:\WINDOWS\System32\shlwapi.dll
0x00007ffb231f0000 - 0x00007ffb23213000 	C:\WINDOWS\SYSTEM32\profapi.dll
0x00007ffb09a50000 - 0x00007ffb09a69000 	C:\Program Files\Android\Android Studio\jbr\bin\net.dll
0x00007ffb1c860000 - 0x00007ffb1c96a000 	C:\WINDOWS\SYSTEM32\WINHTTP.dll
0x00007ffb22a50000 - 0x00007ffb22aba000 	C:\WINDOWS\system32\mswsock.dll
0x00007ffb097a0000 - 0x00007ffb097b6000 	C:\Program Files\Android\Android Studio\jbr\bin\nio.dll
0x00007ffb09cc0000 - 0x00007ffb09cd0000 	C:\Program Files\Android\Android Studio\jbr\bin\verify.dll
0x00007ffb1c7d0000 - 0x00007ffb1c7f7000 	C:\Users\Jose Martins\.gradle\native\c067742578af261105cb4f569cf0c3c89f3d7b1fecec35dd04571415982c5e48\windows-amd64\native-platform.dll
0x00007ffb00000000 - 0x00007ffb00144000 	C:\Users\Jose Martins\.gradle\native\38dada09dfb8b06ba9b0570ebf7e218e3eb74d4ef43ca46872605cf95ebc2f47\windows-amd64\native-platform-file-events.dll
0x00007ffb0a970000 - 0x00007ffb0a979000 	C:\Program Files\Android\Android Studio\jbr\bin\management.dll
0x00007ffb09d50000 - 0x00007ffb09d5b000 	C:\Program Files\Android\Android Studio\jbr\bin\management_ext.dll
0x00007ffb24bc0000 - 0x00007ffb24bc8000 	C:\WINDOWS\System32\PSAPI.DLL
0x00007ffb22c40000 - 0x00007ffb22c58000 	C:\WINDOWS\SYSTEM32\CRYPTSP.dll
0x00007ffb22300000 - 0x00007ffb22334000 	C:\WINDOWS\system32\rsaenh.dll
0x00007ffb231b0000 - 0x00007ffb231de000 	C:\WINDOWS\SYSTEM32\USERENV.dll
0x00007ffb22c60000 - 0x00007ffb22c6c000 	C:\WINDOWS\SYSTEM32\CRYPTBASE.dll
0x00007ffb226e0000 - 0x00007ffb2271b000 	C:\WINDOWS\SYSTEM32\IPHLPAPI.DLL
0x00007ffb24850000 - 0x00007ffb24858000 	C:\WINDOWS\System32\NSI.dll
0x00007ffb1cd60000 - 0x00007ffb1cd77000 	C:\WINDOWS\SYSTEM32\dhcpcsvc6.DLL
0x00007ffb1da30000 - 0x00007ffb1da4d000 	C:\WINDOWS\SYSTEM32\dhcpcsvc.DLL
0x00007ffb22720000 - 0x00007ffb227eb000 	C:\WINDOWS\SYSTEM32\DNSAPI.dll
0x00007ffb1ece0000 - 0x00007ffb1ece7000 	C:\WINDOWS\system32\wshunix.dll

dbghelp: loaded successfully - version: 4.0.5 - missing functions: none
symbol engine: initialized successfully - sym options: 0x614 - pdb path: .;C:\Program Files\Android\Android Studio\jbr\bin;C:\WINDOWS\SYSTEM32;C:\WINDOWS\WinSxS\amd64_microsoft.windows.common-controls_6595b64144ccf1df_6.0.19041.3636_none_60b6a03d71f818d5;C:\Program Files\Android\Android Studio\jbr\bin\server;C:\Users\Jose Martins\.gradle\native\c067742578af261105cb4f569cf0c3c89f3d7b1fecec35dd04571415982c5e48\windows-amd64;C:\Users\Jose Martins\.gradle\native\38dada09dfb8b06ba9b0570ebf7e218e3eb74d4ef43ca46872605cf95ebc2f47\windows-amd64

VM Arguments:
jvm_args: --add-opens=java.base/java.util=ALL-UNNAMED --add-opens=java.base/java.lang=ALL-UNNAMED --add-opens=java.base/java.lang.invoke=ALL-UNNAMED --add-opens=java.prefs/java.util.prefs=ALL-UNNAMED --add-opens=java.base/java.nio.charset=ALL-UNNAMED --add-opens=java.base/java.net=ALL-UNNAMED --add-opens=java.base/java.util.concurrent.atomic=ALL-UNNAMED -Xmx2048m -Dfile.encoding=UTF-8 -Duser.country=PT -Duser.language=pt -Duser.variant -javaagent:C:\Users\Jose Martins\.gradle\wrapper\dists\gradle-8.4-bin\1w5dpkrfk8irigvoxmyhowfim\gradle-8.4\lib\agents\gradle-instrumentation-agent-8.4.jar 
java_command: org.gradle.launcher.daemon.bootstrap.GradleDaemon 8.4
java_class_path (initial): C:\Users\Jose Martins\.gradle\wrapper\dists\gradle-8.4-bin\1w5dpkrfk8irigvoxmyhowfim\gradle-8.4\lib\gradle-launcher-8.4.jar
Launcher Type: SUN_STANDARD

[Global flags]
     intx CICompilerCount                          = 3                                         {product} {ergonomic}
     uint ConcGCThreads                            = 1                                         {product} {ergonomic}
     uint G1ConcRefinementThreads                  = 4                                         {product} {ergonomic}
   size_t G1HeapRegionSize                         = 1048576                                   {product} {ergonomic}
    uintx GCDrainStackTargetSize                   = 64                                        {product} {ergonomic}
   size_t InitialHeapSize                          = 134217728                                 {product} {ergonomic}
   size_t MarkStackSize                            = 4194304                                   {product} {ergonomic}
   size_t MaxHeapSize                              = 2147483648                                {product} {command line}
   size_t MaxNewSize                               = 1287651328                                {product} {ergonomic}
   size_t MinHeapDeltaBytes                        = 1048576                                   {product} {ergonomic}
   size_t MinHeapSize                              = 8388608                                   {product} {ergonomic}
    uintx NonNMethodCodeHeapSize                   = 5832780                                {pd product} {ergonomic}
    uintx NonProfiledCodeHeapSize                  = 122912730                              {pd product} {ergonomic}
    uintx ProfiledCodeHeapSize                     = 122912730                              {pd product} {ergonomic}
    uintx ReservedCodeCacheSize                    = 251658240                              {pd product} {ergonomic}
     bool SegmentedCodeCache                       = true                                      {product} {ergonomic}
   size_t SoftMaxHeapSize                          = 2147483648                             {manageable} {ergonomic}
     bool UseCompressedClassPointers               = true                           {product lp64_product} {ergonomic}
     bool UseCompressedOops                        = true                           {product lp64_product} {ergonomic}
     bool UseG1GC                                  = true                                      {product} {ergonomic}
     bool UseLargePagesIndividualAllocation        = false                                  {pd product} {ergonomic}

Logging:
Log output configuration:
 #0: stdout all=warning uptime,level,tags
 #1: stderr all=off uptime,level,tags

Environment Variables:
PATH=C:\Python312\Scripts\;C:\Python312\;C:\ProgramData\Oracle\Java\javapath;C:\WINDOWS\system32;C:\WINDOWS;C:\WINDOWS\System32\Wbem;C:\WINDOWS\System32\WindowsPowerShell\v1.0\;C:\WINDOWS\System32\OpenSSH\;C:\Program Files\NVIDIA Corporation\NVIDIA NvDLISR;C:\WINDOWS\system32;C:\WINDOWS;C:\WINDOWS\System32\Wbem;C:\WINDOWS\System32\WindowsPowerShell\v1.0\;C:\WINDOWS\System32\OpenSSH\;C:\Program Files (x86)\NVIDIA Corporation\PhysX\Common;C:\Program Files\nodejs\;C:\ProgramData\chocolatey\bin;C:\Program Files\Git\cmd;C:\Users\Jose Martins\AppData\Local\Microsoft\WindowsApps;C:\Users\Jose Martins\AppData\Roaming\npm
USERNAME=Jose Martins
OS=Windows_NT
PROCESSOR_IDENTIFIER=Intel64 Family 6 Model 158 Stepping 9, GenuineIntel
TMP=C:\Users\JOSEMA~1\AppData\Local\Temp
TEMP=C:\Users\JOSEMA~1\AppData\Local\Temp



Periodic native trim disabled

JNI global refs:
JNI global refs: 26, weak refs: 2

JNI global refs memory usage: 843, weak refs: 841

OOME stack traces (most recent first):
Classloader memory used:
Loader org.gradle.internal.classloader.VisitableURLClassLoader                         : 4425K
Loader bootstrap                                                                       : 2505K
Loader org.gradle.initialization.MixInLegacyTypesClassLoader                           : 1045K
Loader org.gradle.internal.classloader.VisitableURLClassLoader$InstrumentingVisitableURLClassLoader: 114K
Loader jdk.internal.loader.ClassLoaders$PlatformClassLoader                            : 68108B
Loader jdk.internal.loader.ClassLoaders$AppClassLoader                                 : 28453B
Loader jdk.internal.reflect.DelegatingClassLoader                                      : 22388B
Loader org.gradle.internal.classloader.VisitableURLClassLoader                         : 13650B
Loader groovy.lang.GroovyClassLoader$InnerLoader                                       : 12263B
Loader org.gradle.groovy.scripts.internal.DefaultScriptCompilationHandler$ScriptClassLoader: 4361B
Loader org.codehaus.groovy.runtime.callsite.CallSiteClassLoader                        : 1270B

Classes loaded by more than one classloader:
Class Program                                                                         : loaded 4 times (x 72B)
Class com.google.common.collect.SingletonImmutableList                                : loaded 2 times (x 167B)
Class org.gradle.internal.classpath.ClassPath                                         : loaded 2 times (x 68B)
Class org.gradle.api.internal.classpath.DefaultModuleRegistry                         : loaded 2 times (x 84B)
Class Settings_gradle$1$1                                                             : loaded 2 times (x 72B)
Class com.google.common.base.CharMatcher$JavaDigit                                    : loaded 2 times (x 109B)
Class com.google.common.base.CharMatcher$Digit                                        : loaded 2 times (x 110B)
Class org.gradle.api.Action                                                           : loaded 2 times (x 68B)
Class com.google.common.collect.Lists$StringAsImmutableList                           : loaded 2 times (x 167B)
Class com.google.common.base.CharMatcher                                              : loaded 2 times (x 109B)
Class com.google.common.base.CharMatcher$IsNot                                        : loaded 2 times (x 109B)
Class com.google.common.base.Splitter                                                 : loaded 2 times (x 70B)
Class org.gradle.api.internal.DefaultClassPathProvider                                : loaded 2 times (x 74B)
Class org.gradle.internal.installation.GradleInstallation$1                           : loaded 2 times (x 73B)
Class com.google.common.base.CharMatcher$BitSetMatcher                                : loaded 2 times (x 110B)
Class com.google.common.base.Predicate                                                : loaded 2 times (x 68B)
Class org.gradle.internal.classloader.FilteringClassLoader                            : loaded 2 times (x 103B)
Class org.gradle.internal.classpath.DefaultClassPath$ImmutableUniqueList$Builder      : loaded 2 times (x 73B)
Class com.google.common.base.CharMatcher$InRange                                      : loaded 2 times (x 109B)
Class com.google.common.collect.Lists                                                 : loaded 2 times (x 69B)
Class org.gradle.internal.classloader.ClassLoaderVisitor                              : loaded 2 times (x 74B)
Class org.gradle.internal.service.DefaultServiceLocator                               : loaded 2 times (x 81B)
Class org.gradle.internal.service.UnknownServiceException                             : loaded 2 times (x 81B)
Class org.gradle.internal.classloader.DefaultClassLoaderFactory                       : loaded 2 times (x 80B)
Class com.google.common.collect.UnmodifiableIterator                                  : loaded 2 times (x 78B)
Class com.google.common.base.CharMatcher$SingleWidth                                  : loaded 2 times (x 110B)
Class com.google.common.base.JdkPattern                                               : loaded 2 times (x 73B)
Class org.gradle.internal.classloader.VisitableURLClassLoader$Spec                    : loaded 2 times (x 72B)
Class org.gradle.api.GradleException                                                  : loaded 2 times (x 80B)
Class com.google.common.base.CharMatcher$JavaLetterOrDigit                            : loaded 2 times (x 109B)
Class org.gradle.api.internal.classpath.ModuleRegistry                                : loaded 2 times (x 68B)
Class com.google.common.collect.ImmutableCollection                                   : loaded 2 times (x 123B)
Class org.gradle.api.internal.ClassPathProvider                                       : loaded 2 times (x 68B)
Class org.gradle.internal.classloader.ClasspathUtil$1                                 : loaded 2 times (x 74B)
Class com.google.common.collect.ImmutableList$ReverseImmutableList                    : loaded 2 times (x 168B)
Class org.gradle.internal.classloader.ClassLoaderFactory                              : loaded 2 times (x 68B)
Class com.google.common.collect.ObjectArrays                                          : loaded 2 times (x 69B)
Class com.google.common.collect.ImmutableList                                         : loaded 2 times (x 166B)
Class org.gradle.api.internal.classpath.ManifestUtil                                  : loaded 2 times (x 69B)
Class org.gradle.api.specs.Spec                                                       : loaded 2 times (x 68B)
Class com.google.common.base.CharMatcher$Whitespace                                   : loaded 2 times (x 110B)
Class com.google.common.base.Preconditions                                            : loaded 2 times (x 69B)
Class org.gradle.internal.IoActions                                                   : loaded 2 times (x 69B)
Class com.google.common.collect.CollectPreconditions                                  : loaded 2 times (x 69B)
Class com.google.common.collect.AbstractIndexedListIterator                           : loaded 2 times (x 94B)
Class com.google.common.base.CharMatcher$None                                         : loaded 2 times (x 110B)
Class org.gradle.api.internal.classpath.EffectiveClassPath                            : loaded 2 times (x 88B)
Class com.google.common.collect.UnmodifiableListIterator                              : loaded 2 times (x 93B)
Class com.google.common.collect.ImmutableList$1                                       : loaded 2 times (x 95B)
Class com.google.common.base.Splitter$Strategy                                        : loaded 2 times (x 68B)
Class org.gradle.internal.installation.CurrentGradleInstallation                      : loaded 2 times (x 71B)
Class org.gradle.internal.agents.InstrumentingClassLoader                             : loaded 2 times (x 68B)
Class org.gradle.internal.installation.CurrentGradleInstallationLocator               : loaded 2 times (x 69B)
Class org.gradle.api.internal.classpath.Module                                        : loaded 2 times (x 68B)
Class com.google.common.base.Splitter$1$1                                             : loaded 2 times (x 84B)
Class org.gradle.internal.service.CachingServiceLocator                               : loaded 2 times (x 80B)
Class org.gradle.internal.classpath.DefaultClassPath                                  : loaded 2 times (x 88B)
Class com.google.common.base.Splitter$SplittingIterator                               : loaded 2 times (x 82B)
Class Build_gradle$1                                                                  : loaded 2 times (x 76B)
Class com.google.common.base.CharMatcher$Is                                           : loaded 2 times (x 109B)
Class com.google.common.collect.RegularImmutableAsList                                : loaded 2 times (x 176B)
Class org.gradle.internal.classloader.SystemClassLoaderSpec                           : loaded 2 times (x 69B)
Class [Lcom.google.common.base.AbstractIterator$State;                                : loaded 2 times (x 67B)
Class com.google.common.base.AbstractIterator                                         : loaded 2 times (x 78B)
Class com.google.common.base.AbstractIterator$1                                       : loaded 2 times (x 69B)
Class com.google.common.base.CharMatcher$1                                            : loaded 2 times (x 111B)
Class com.google.common.base.CharMatcher$Ascii                                        : loaded 2 times (x 110B)
Class org.gradle.api.UncheckedIOException                                             : loaded 2 times (x 80B)
Class com.google.common.base.CharMatcher$And                                          : loaded 2 times (x 110B)
Class com.google.common.base.CharMatcher$Any                                          : loaded 2 times (x 110B)
Class org.gradle.internal.installation.GradleInstallation                             : loaded 2 times (x 73B)
Class com.google.common.base.CharMatcher$RangesMatcher                                : loaded 2 times (x 110B)
Class com.google.common.collect.ImmutableList$SubList                                 : loaded 2 times (x 168B)
Class org.gradle.internal.classloader.ClasspathUtil                                   : loaded 2 times (x 69B)
Class com.google.common.base.Splitter$1                                               : loaded 2 times (x 75B)
Class org.gradle.api.internal.DefaultClassPathRegistry                                : loaded 2 times (x 74B)
Class org.gradle.api.internal.classpath.DefaultModuleRegistry$DefaultModule           : loaded 2 times (x 84B)
Class com.google.common.base.CharMatcher$JavaIsoControl                               : loaded 2 times (x 110B)
Class com.google.common.base.CharMatcher$Or                                           : loaded 2 times (x 110B)
Class org.gradle.kotlin.dsl.VersionCatalogAccessorsKt                                 : loaded 2 times (x 69B)
Class com.google.common.base.CharMatcher$JavaLowerCase                                : loaded 2 times (x 109B)
Class org.gradle.api.internal.classpath.UnknownModuleException                        : loaded 2 times (x 80B)
Class com.google.common.base.CommonPattern                                            : loaded 2 times (x 72B)
Class org.gradle.internal.service.ServiceLookupException                              : loaded 2 times (x 80B)
Class org.gradle.cache.GlobalCache                                                    : loaded 2 times (x 68B)
Class com.google.common.base.CharMatcher$NegatedFastMatcher                           : loaded 2 times (x 111B)
Class [Lorg.gradle.api.internal.ClassPathProvider;                                    : loaded 2 times (x 67B)
Class org.gradle.util.internal.GUtil                                                  : loaded 2 times (x 69B)
Class org.gradle.internal.classloader.ClassLoaderSpec                                 : loaded 2 times (x 69B)
Class com.google.common.base.NullnessCasts                                            : loaded 2 times (x 69B)
Class com.google.common.base.CharMatcher$Negated                                      : loaded 2 times (x 111B)
Class com.google.common.base.CharMatcher$ForPredicate                                 : loaded 2 times (x 110B)
Class org.gradle.internal.classloader.VisitableURLClassLoader                         : loaded 2 times (x 115B)
Class org.gradle.internal.Cast                                                        : loaded 2 times (x 69B)
Class Build_gradle                                                                    : loaded 2 times (x 70B)
Class org.gradle.api.internal.ClassPathRegistry                                       : loaded 2 times (x 68B)
Class org.gradle.internal.classloader.VisitableURLClassLoader$InstrumentingVisitableURLClassLoader: loaded 2 times (x 121B)
Class org.gradle.internal.classloader.ClassLoaderHierarchy                            : loaded 2 times (x 68B)
Class SetupUtpTestResultListenerAction                                                : loaded 2 times (x 94B)
Class com.google.common.base.AbstractIterator$State                                   : loaded 2 times (x 77B)
Class com.google.common.base.CharMatcher$NamedFastMatcher                             : loaded 2 times (x 110B)
Class org.gradle.internal.InternalTransformer                                         : loaded 2 times (x 68B)
Class org.gradle.internal.service.ServiceLocator                                      : loaded 2 times (x 68B)
Class Settings_gradle$1                                                               : loaded 2 times (x 72B)
Class com.google.common.base.CharMatcher$Invisible                                    : loaded 2 times (x 110B)
Class com.google.common.base.CharMatcher$FastMatcher                                  : loaded 2 times (x 109B)
Class org.gradle.internal.classpath.DefaultClassPath$ImmutableUniqueList              : loaded 2 times (x 159B)
Class com.google.common.base.CharMatcher$JavaLetter                                   : loaded 2 times (x 109B)
Class org.gradle.internal.classpath.TransformedClassPath                              : loaded 2 times (x 94B)
Class Settings_gradle                                                                 : loaded 2 times (x 126B)
Class com.google.common.collect.ImmutableAsList                                       : loaded 2 times (x 169B)
Class com.google.common.base.CharMatcher$AnyOf                                        : loaded 2 times (x 110B)
Class com.google.common.base.CharMatcher$IsEither                                     : loaded 2 times (x 109B)
Class com.google.common.collect.RegularImmutableList                                  : loaded 2 times (x 172B)
Class com.google.common.base.CharMatcher$JavaUpperCase                                : loaded 2 times (x 109B)


---------------  S Y S T E M  ---------------

OS:
 Windows 10 , 64 bit Build 19041 (10.0.19041.3636)
OS uptime: 0 days 0:44 hours

CPU: total 4 (initial active 4) (4 cores per cpu, 1 threads per core) family 6 model 158 stepping 9 microcode 0xb4, cx8, cmov, fxsr, mmx, 3dnowpref, sse, sse2, sse3, ssse3, sse4.1, sse4.2, popcnt, lzcnt, tsc, tscinvbit, avx, avx2, aes, erms, clmul, bmi1, bmi2, rtm, adx, fma, vzeroupper, clflush, clflushopt
Processor Information for all 4 processors :
  Max Mhz: 3501, Current Mhz: 3501, Mhz Limit: 3501

Memory: 4k page, system-wide physical 8123M (560M free)
TotalPageFile size 10171M (AvailPageFile size 5M)
current process WorkingSet (physical memory assigned to process): 320M, peak: 321M
current process commit charge ("private bytes"): 346M, peak: 348M

vm_info: OpenJDK 64-Bit Server VM (17.0.9+0--11185874) for windows-amd64 JRE (17.0.9+0--11185874), built on Dec  6 2023 18:57:44 by "androidbuild" with MS VC++ 16.10 / 16.11 (VS2019)

END.
